2024-11-04 17:42:01.493031	[INFO]	orders_service.py	响应时间:495ms	北京市	海淀区	这里是日志信息......
2024-11-04 17:42:01.493031	[INFO]	event.py	响应时间:528ms	天津市	河西区	这里是日志信息......
2024-11-04 17:42:01.493031	[INFO]	orders_service.py	响应时间:759ms	江苏省	宿迁市	这里是日志信息......
2024-11-04 17:42:01.493031	[INFO]	base_network.py	响应时间:132ms	湖南省	益阳市	这里是日志信息......
2024-11-04 17:42:01.493031	[INFO]	event.py	响应时间:931ms	北京市	丰台区	这里是日志信息......
2024-11-04 17:42:01.493031	[INFO]	orders_service.py	响应时间:808ms	上海市	宝山区	这里是日志信息......
2024-11-04 17:42:01.493031	[INFO]	shop_manager.py	响应时间:497ms	天津市	武清区	这里是日志信息......
2024-11-04 17:42:01.493031	[INFO]	user_manager.py	响应时间:828ms	安徽省	铜陵市	这里是日志信息......
2024-11-04 17:42:01.493031	[INFO]	goods_manager.py	响应时间:904ms	湖北省	恩施土家族苗族自治州	这里是日志信息......
2024-11-04 17:42:01.493031	[INFO]	goods_manager.py	响应时间:870ms	江苏省	张家港市	这里是日志信息......
2024-11-04 17:42:01.493031	[INFO]	event.py	响应时间:807ms	重庆市	万州区	这里是日志信息......
2024-11-04 17:42:01.493031	[INFO]	orders_service.py	响应时间:199ms	安徽省	铜陵市	这里是日志信息......
2024-11-04 17:42:01.493031	[INFO]	base_network.py	响应时间:338ms	浙江省	杭州市	这里是日志信息......
2024-11-04 17:42:01.493031	[INFO]	goods_manager.py	响应时间:341ms	天津市	武清区	这里是日志信息......
2024-11-04 17:42:01.493031	[INFO]	event.py	响应时间:381ms	重庆市	南岸区	这里是日志信息......
2024-11-04 17:42:01.493031	[INFO]	orders_service.py	响应时间:222ms	安徽省	铜陵市	这里是日志信息......
2024-11-04 17:42:01.493031	[WARN]	user_manager.py	响应时间:200ms	浙江省	杭州市	这里是日志信息......
2024-11-04 17:42:01.493031	[WARN]	orders_service.py	响应时间:991ms	重庆市	涪陵区	这里是日志信息......
2024-11-04 17:42:01.493031	[INFO]	orders_service.py	响应时间:351ms	湖北省	武汉市	这里是日志信息......
2024-11-04 17:42:01.493031	[INFO]	goods_manager.py	响应时间:98ms	上海市	静安区	这里是日志信息......
2024-11-04 17:42:01.493031	[INFO]	goods_manager.py	响应时间:131ms	上海市	浦东新区	这里是日志信息......
2024-11-04 17:42:01.493031	[INFO]	orders_service.py	响应时间:902ms	北京市	怀柔区	这里是日志信息......
2024-11-04 17:42:01.493031	[INFO]	goods_manager.py	响应时间:885ms	上海市	浦东新区	这里是日志信息......
2024-11-04 17:42:01.493031	[WARN]	shop_manager.py	响应时间:449ms	天津市	河西区	这里是日志信息......
2024-11-04 17:42:01.493031	[INFO]	user_manager.py	响应时间:565ms	重庆市	万州区	这里是日志信息......
2024-11-04 17:42:01.493031	[INFO]	event.py	响应时间:485ms	上海市	徐汇区	这里是日志信息......
2024-11-04 17:42:01.493031	[INFO]	shop_manager.py	响应时间:42ms	天津市	河东区	这里是日志信息......
2024-11-04 17:42:01.493031	[INFO]	orders_service.py	响应时间:988ms	北京市	海淀区	这里是日志信息......
2024-11-04 17:42:01.493031	[INFO]	event.py	响应时间:880ms	天津市	河西区	这里是日志信息......
2024-11-04 17:42:01.493031	[INFO]	user_manager.py	响应时间:81ms	安徽省	池州市	这里是日志信息......
2024-11-04 17:42:01.493031	[INFO]	goods_manager.py	响应时间:805ms	天津市	河东区	这里是日志信息......
2024-11-04 17:42:01.493031	[WARN]	user_manager.py	响应时间:519ms	湖北省	荆州市	这里是日志信息......
2024-11-04 17:42:01.493031	[INFO]	orders_service.py	响应时间:887ms	上海市	徐汇区	这里是日志信息......
2024-11-04 17:42:01.493031	[INFO]	orders_service.py	响应时间:661ms	湖北省	恩施土家族苗族自治州	这里是日志信息......
2024-11-04 17:42:01.493031	[INFO]	orders_service.py	响应时间:651ms	湖南省	常德市	这里是日志信息......
2024-11-04 17:42:01.493031	[INFO]	event.py	响应时间:612ms	浙江省	舟山市	这里是日志信息......
2024-11-04 17:42:01.493031	[INFO]	shop_manager.py	响应时间:143ms	上海市	浦东新区	这里是日志信息......
2024-11-04 17:42:01.493031	[INFO]	event.py	响应时间:775ms	山东省	济南市	这里是日志信息......
2024-11-04 17:42:01.493031	[WARN]	shop_manager.py	响应时间:417ms	北京市	海淀区	这里是日志信息......
2024-11-04 17:42:01.493031	[WARN]	orders_service.py	响应时间:143ms	山东省	青岛市	这里是日志信息......
2024-11-04 17:42:01.493031	[INFO]	barcode_service.py	响应时间:665ms	湖南省	常德市	这里是日志信息......
2024-11-04 17:42:01.493031	[INFO]	orders_service.py	响应时间:422ms	北京市	怀柔区	这里是日志信息......
2024-11-04 17:42:01.493031	[INFO]	orders_service.py	响应时间:393ms	广东省	广州市	这里是日志信息......
2024-11-04 17:42:01.493031	[INFO]	event.py	响应时间:493ms	湖北省	武汉市	这里是日志信息......
2024-11-04 17:42:01.493031	[WARN]	user_manager.py	响应时间:375ms	湖北省	十堰市	这里是日志信息......
2024-11-04 17:42:01.493031	[INFO]	orders_service.py	响应时间:691ms	天津市	和平区	这里是日志信息......
2024-11-04 17:42:01.493031	[INFO]	barcode_service.py	响应时间:366ms	湖北省	恩施土家族苗族自治州	这里是日志信息......
2024-11-04 17:42:01.493031	[INFO]	shop_manager.py	响应时间:304ms	天津市	宝坻区	这里是日志信息......
2024-11-04 17:42:01.493031	[INFO]	goods_manager.py	响应时间:1000ms	北京市	昌平区	这里是日志信息......
2024-11-04 17:42:01.493031	[ERROR]	event.py	响应时间:459ms	浙江省	湖州市	这里是日志信息......
2024-11-04 17:42:01.493031	[INFO]	orders_service.py	响应时间:284ms	湖北省	恩施土家族苗族自治州	这里是日志信息......
2024-11-04 17:42:01.493031	[INFO]	shop_manager.py	响应时间:350ms	山东省	青岛市	这里是日志信息......
2024-11-04 17:42:01.493031	[INFO]	goods_manager.py	响应时间:299ms	重庆市	万州区	这里是日志信息......
2024-11-04 17:42:01.493031	[ERROR]	goods_manager.py	响应时间:574ms	浙江省	金华市	这里是日志信息......
2024-11-04 17:42:01.493031	[WARN]	event.py	响应时间:6ms	北京市	怀柔区	这里是日志信息......
2024-11-04 17:42:01.493031	[INFO]	goods_manager.py	响应时间:762ms	上海市	静安区	这里是日志信息......
2024-11-04 17:42:01.493031	[WARN]	goods_manager.py	响应时间:567ms	重庆市	南岸区	这里是日志信息......
2024-11-04 17:42:01.493031	[WARN]	barcode_service.py	响应时间:728ms	山东省	菏泽市	这里是日志信息......
2024-11-04 17:42:01.493031	[WARN]	orders_service.py	响应时间:899ms	江苏省	苏州市	这里是日志信息......
2024-11-04 17:42:01.493031	[ERROR]	barcode_service.py	响应时间:8779ms	湖北省	武汉市	这里是日志信息......
2024-11-04 17:42:01.493031	[INFO]	base_network.py	响应时间:543ms	广东省	广州市	这里是日志信息......
2024-11-04 17:42:01.493031	[INFO]	goods_manager.py	响应时间:949ms	湖北省	恩施土家族苗族自治州	这里是日志信息......
2024-11-04 17:42:01.493031	[INFO]	event.py	响应时间:394ms	北京市	朝阳区	这里是日志信息......
2024-11-04 17:42:01.493031	[ERROR]	user_manager.py	响应时间:70ms	天津市	和平区	这里是日志信息......
2024-11-04 17:42:01.493031	[INFO]	base_network.py	响应时间:838ms	湖北省	武汉市	这里是日志信息......
2024-11-04 17:42:01.493031	[INFO]	event.py	响应时间:345ms	江苏省	常州市	这里是日志信息......
2024-11-04 17:42:01.493031	[INFO]	goods_manager.py	响应时间:260ms	广东省	广州市	这里是日志信息......
2024-11-04 17:42:01.493031	[INFO]	orders_service.py	响应时间:975ms	湖北省	荆州市	这里是日志信息......
2024-11-04 17:42:01.493031	[INFO]	orders_service.py	响应时间:600ms	天津市	宝坻区	这里是日志信息......
2024-11-04 17:42:01.493031	[INFO]	goods_manager.py	响应时间:110ms	广东省	广州市	这里是日志信息......
2024-11-04 17:42:01.493031	[INFO]	orders_service.py	响应时间:651ms	天津市	河西区	这里是日志信息......
2024-11-04 17:42:01.493031	[INFO]	goods_manager.py	响应时间:167ms	上海市	杨浦区	这里是日志信息......
2024-11-04 17:42:01.493031	[ERROR]	orders_service.py	响应时间:2409ms	天津市	和平区	这里是日志信息......
2024-11-04 17:42:01.493031	[INFO]	event.py	响应时间:240ms	山东省	青岛市	这里是日志信息......
2024-11-04 17:42:01.493031	[INFO]	goods_manager.py	响应时间:841ms	广东省	珠海市	这里是日志信息......
2024-11-04 17:42:01.493031	[WARN]	orders_service.py	响应时间:402ms	江苏省	苏州市	这里是日志信息......
2024-11-04 17:42:01.493031	[INFO]	goods_manager.py	响应时间:830ms	浙江省	湖州市	这里是日志信息......
2024-11-04 17:42:01.493031	[INFO]	barcode_service.py	响应时间:43ms	天津市	和平区	这里是日志信息......
2024-11-04 17:42:01.493031	[ERROR]	event.py	响应时间:375ms	天津市	河西区	这里是日志信息......
2024-11-04 17:42:01.493031	[INFO]	goods_manager.py	响应时间:769ms	北京市	丰台区	这里是日志信息......
2024-11-04 17:42:01.493031	[INFO]	goods_manager.py	响应时间:622ms	浙江省	舟山市	这里是日志信息......
2024-11-04 17:42:01.493031	[INFO]	shop_manager.py	响应时间:421ms	广东省	珠海市	这里是日志信息......
2024-11-04 17:42:01.493031	[INFO]	goods_manager.py	响应时间:156ms	山东省	济南市	这里是日志信息......
2024-11-04 17:42:01.493031	[INFO]	shop_manager.py	响应时间:417ms	浙江省	嘉兴市	这里是日志信息......
2024-11-04 17:42:01.493031	[INFO]	goods_manager.py	响应时间:26ms	广东省	深圳市	这里是日志信息......
2024-11-04 17:42:01.493031	[INFO]	event.py	响应时间:417ms	浙江省	金华市	这里是日志信息......
2024-11-04 17:42:01.493031	[INFO]	orders_service.py	响应时间:822ms	北京市	丰台区	这里是日志信息......
2024-11-04 17:42:01.493031	[INFO]	user_manager.py	响应时间:526ms	浙江省	舟山市	这里是日志信息......
2024-11-04 17:42:01.493031	[INFO]	orders_service.py	响应时间:36ms	广东省	广州市	这里是日志信息......
2024-11-04 17:42:01.493031	[INFO]	orders_service.py	响应时间:874ms	湖南省	长沙市	这里是日志信息......
2024-11-04 17:42:01.494035	[INFO]	base_network.py	响应时间:992ms	江苏省	苏州市	这里是日志信息......
2024-11-04 17:42:01.494035	[INFO]	orders_service.py	响应时间:511ms	上海市	黄浦区	这里是日志信息......
2024-11-04 17:42:01.494035	[INFO]	base_network.py	响应时间:203ms	重庆市	万州区	这里是日志信息......
2024-11-04 17:42:01.494035	[INFO]	orders_service.py	响应时间:827ms	湖南省	长沙市	这里是日志信息......
2024-11-04 17:42:01.494035	[ERROR]	orders_service.py	响应时间:727ms	北京市	海淀区	这里是日志信息......
2024-11-04 17:42:01.494035	[INFO]	barcode_service.py	响应时间:971ms	湖北省	武汉市	这里是日志信息......
2024-11-04 17:42:01.494035	[INFO]	goods_manager.py	响应时间:816ms	北京市	丰台区	这里是日志信息......
2024-11-04 17:42:01.494035	[WARN]	base_network.py	响应时间:953ms	上海市	杨浦区	这里是日志信息......
2024-11-04 17:42:01.494035	[INFO]	event.py	响应时间:19ms	湖南省	益阳市	这里是日志信息......
2024-11-04 17:42:01.494035	[INFO]	base_network.py	响应时间:56ms	天津市	武清区	这里是日志信息......
2024-11-04 17:42:01.494035	[WARN]	event.py	响应时间:380ms	重庆市	九龙坡区	这里是日志信息......
2024-11-04 17:42:01.494035	[INFO]	orders_service.py	响应时间:930ms	广东省	广州市	这里是日志信息......
2024-11-04 17:42:01.494035	[INFO]	event.py	响应时间:879ms	重庆市	沙坪坝区	这里是日志信息......
2024-11-04 17:42:01.494035	[INFO]	event.py	响应时间:805ms	湖北省	恩施土家族苗族自治州	这里是日志信息......
2024-11-04 17:42:01.494035	[INFO]	shop_manager.py	响应时间:337ms	北京市	朝阳区	这里是日志信息......
2024-11-04 17:42:01.494035	[INFO]	goods_manager.py	响应时间:984ms	北京市	怀柔区	这里是日志信息......
2024-11-04 17:42:01.494035	[INFO]	goods_manager.py	响应时间:229ms	上海市	浦东新区	这里是日志信息......
2024-11-04 17:42:01.494035	[WARN]	orders_service.py	响应时间:177ms	湖北省	武汉市	这里是日志信息......
2024-11-04 17:42:01.494035	[INFO]	user_manager.py	响应时间:706ms	上海市	黄浦区	这里是日志信息......
2024-11-04 17:42:01.494035	[WARN]	goods_manager.py	响应时间:734ms	湖北省	武汉市	这里是日志信息......
2024-11-04 17:42:01.494035	[INFO]	orders_service.py	响应时间:926ms	安徽省	池州市	这里是日志信息......
2024-11-04 17:42:01.494035	[INFO]	orders_service.py	响应时间:858ms	安徽省	池州市	这里是日志信息......
2024-11-04 17:42:01.494035	[INFO]	event.py	响应时间:1787ms	湖北省	武汉市	这里是日志信息......
2024-11-04 17:42:01.494035	[INFO]	orders_service.py	响应时间:777ms	安徽省	铜陵市	这里是日志信息......
2024-11-04 17:42:01.494035	[INFO]	event.py	响应时间:307ms	江苏省	宿迁市	这里是日志信息......
2024-11-04 17:42:01.494035	[INFO]	orders_service.py	响应时间:540ms	安徽省	合肥市	这里是日志信息......
2024-11-04 17:42:01.494035	[INFO]	orders_service.py	响应时间:6126ms	天津市	武清区	这里是日志信息......
2024-11-04 17:42:01.494035	[INFO]	user_manager.py	响应时间:232ms	重庆市	万州区	这里是日志信息......
2024-11-04 17:42:01.494035	[INFO]	barcode_service.py	响应时间:773ms	天津市	河西区	这里是日志信息......
2024-11-04 17:42:01.494035	[INFO]	orders_service.py	响应时间:697ms	上海市	徐汇区	这里是日志信息......
2024-11-04 17:42:01.494035	[INFO]	event.py	响应时间:936ms	安徽省	池州市	这里是日志信息......
2024-11-04 17:42:01.494035	[WARN]	event.py	响应时间:812ms	天津市	武清区	这里是日志信息......
2024-11-04 17:42:01.494035	[INFO]	goods_manager.py	响应时间:618ms	天津市	河西区	这里是日志信息......
2024-11-04 17:42:01.494035	[INFO]	user_manager.py	响应时间:584ms	安徽省	合肥市	这里是日志信息......
2024-11-04 17:42:01.494035	[WARN]	user_manager.py	响应时间:583ms	广东省	广州市	这里是日志信息......
2024-11-04 17:42:01.494035	[WARN]	event.py	响应时间:309ms	湖南省	张家界市	这里是日志信息......
2024-11-04 17:42:01.494035	[INFO]	goods_manager.py	响应时间:336ms	重庆市	万州区	这里是日志信息......
2024-11-04 17:42:01.494035	[INFO]	goods_manager.py	响应时间:224ms	湖北省	十堰市	这里是日志信息......
2024-11-04 17:42:01.494035	[INFO]	orders_service.py	响应时间:419ms	山东省	济南市	这里是日志信息......
2024-11-04 17:42:01.494035	[INFO]	orders_service.py	响应时间:251ms	江苏省	宿迁市	这里是日志信息......
2024-11-04 17:42:01.494035	[INFO]	orders_service.py	响应时间:546ms	北京市	海淀区	这里是日志信息......
2024-11-04 17:42:01.494035	[INFO]	goods_manager.py	响应时间:7289ms	广东省	广州市	这里是日志信息......
2024-11-04 17:42:01.494035	[INFO]	base_network.py	响应时间:413ms	安徽省	六安市	这里是日志信息......
2024-11-04 17:42:01.494035	[INFO]	orders_service.py	响应时间:233ms	天津市	宝坻区	这里是日志信息......
2024-11-04 17:42:01.494035	[INFO]	base_network.py	响应时间:188ms	安徽省	池州市	这里是日志信息......
2024-11-04 17:42:01.494035	[INFO]	orders_service.py	响应时间:431ms	天津市	武清区	这里是日志信息......
2024-11-04 17:42:01.494035	[INFO]	event.py	响应时间:824ms	上海市	普陀区	这里是日志信息......
2024-11-04 17:42:01.494035	[INFO]	orders_service.py	响应时间:771ms	天津市	河东区	这里是日志信息......
2024-11-04 17:42:01.494035	[INFO]	barcode_service.py	响应时间:614ms	浙江省	嘉兴市	这里是日志信息......
2024-11-04 17:42:01.494035	[WARN]	event.py	响应时间:888ms	湖北省	武汉市	这里是日志信息......
2024-11-04 17:42:01.494035	[WARN]	base_network.py	响应时间:819ms	北京市	朝阳区	这里是日志信息......
2024-11-04 17:42:01.494035	[WARN]	barcode_service.py	响应时间:316ms	天津市	河东区	这里是日志信息......
2024-11-04 17:42:01.494035	[INFO]	barcode_service.py	响应时间:825ms	山东省	菏泽市	这里是日志信息......
2024-11-04 17:42:01.494035	[INFO]	event.py	响应时间:496ms	湖南省	常德市	这里是日志信息......
2024-11-04 17:42:01.494035	[INFO]	orders_service.py	响应时间:699ms	北京市	大兴区	这里是日志信息......
2024-11-04 17:42:01.494035	[INFO]	goods_manager.py	响应时间:968ms	安徽省	池州市	这里是日志信息......
2024-11-04 17:42:01.494035	[INFO]	goods_manager.py	响应时间:661ms	重庆市	渝中区	这里是日志信息......
2024-11-04 17:42:01.494035	[ERROR]	user_manager.py	响应时间:5846ms	天津市	武清区	这里是日志信息......
2024-11-04 17:42:01.494035	[INFO]	orders_service.py	响应时间:235ms	安徽省	阜阳市	这里是日志信息......
2024-11-04 17:42:01.494035	[INFO]	orders_service.py	响应时间:378ms	浙江省	舟山市	这里是日志信息......
2024-11-04 17:42:01.494035	[INFO]	event.py	响应时间:350ms	上海市	浦东新区	这里是日志信息......
2024-11-04 17:42:01.494035	[INFO]	goods_manager.py	响应时间:832ms	天津市	河东区	这里是日志信息......
2024-11-04 17:42:01.494035	[INFO]	goods_manager.py	响应时间:740ms	江苏省	常州市	这里是日志信息......
2024-11-04 17:42:01.494035	[INFO]	event.py	响应时间:4833ms	湖南省	张家界市	这里是日志信息......
2024-11-04 17:42:01.494035	[INFO]	goods_manager.py	响应时间:328ms	北京市	海淀区	这里是日志信息......
2024-11-04 17:42:01.494035	[WARN]	goods_manager.py	响应时间:114ms	上海市	杨浦区	这里是日志信息......
2024-11-04 17:42:01.494035	[INFO]	barcode_service.py	响应时间:304ms	上海市	黄浦区	这里是日志信息......
2024-11-04 17:42:01.494035	[INFO]	event.py	响应时间:997ms	重庆市	沙坪坝区	这里是日志信息......
2024-11-04 17:42:01.494035	[INFO]	base_network.py	响应时间:833ms	北京市	怀柔区	这里是日志信息......
2024-11-04 17:42:01.494035	[INFO]	shop_manager.py	响应时间:4978ms	天津市	武清区	这里是日志信息......
2024-11-04 17:42:01.494035	[INFO]	event.py	响应时间:150ms	安徽省	六安市	这里是日志信息......
2024-11-04 17:42:01.494035	[INFO]	orders_service.py	响应时间:202ms	北京市	大兴区	这里是日志信息......
2024-11-04 17:42:01.494035	[INFO]	event.py	响应时间:300ms	上海市	浦东新区	这里是日志信息......
2024-11-04 17:42:01.494035	[INFO]	event.py	响应时间:331ms	广东省	广州市	这里是日志信息......
2024-11-04 17:42:01.494035	[INFO]	goods_manager.py	响应时间:513ms	天津市	和平区	这里是日志信息......
2024-11-04 17:42:01.494035	[INFO]	event.py	响应时间:3867ms	江苏省	南京市	这里是日志信息......
2024-11-04 17:42:01.494035	[INFO]	shop_manager.py	响应时间:4591ms	湖南省	长沙市	这里是日志信息......
2024-11-04 17:42:01.494035	[INFO]	goods_manager.py	响应时间:550ms	山东省	青岛市	这里是日志信息......
2024-11-04 17:42:01.494035	[INFO]	goods_manager.py	响应时间:780ms	江苏省	南京市	这里是日志信息......
2024-11-04 17:42:01.494035	[INFO]	base_network.py	响应时间:597ms	湖南省	益阳市	这里是日志信息......
2024-11-04 17:42:01.494035	[WARN]	barcode_service.py	响应时间:643ms	重庆市	南岸区	这里是日志信息......
2024-11-04 17:42:01.494035	[INFO]	orders_service.py	响应时间:3701ms	浙江省	杭州市	这里是日志信息......
2024-11-04 17:42:01.494035	[INFO]	goods_manager.py	响应时间:673ms	山东省	济南市	这里是日志信息......
2024-11-04 17:42:01.494035	[INFO]	base_network.py	响应时间:400ms	浙江省	杭州市	这里是日志信息......
2024-11-04 17:42:01.494035	[INFO]	goods_manager.py	响应时间:269ms	安徽省	合肥市	这里是日志信息......
2024-11-04 17:42:01.494035	[WARN]	event.py	响应时间:645ms	湖南省	株洲市	这里是日志信息......
2024-11-04 17:42:01.494035	[INFO]	event.py	响应时间:521ms	天津市	宝坻区	这里是日志信息......
2024-11-04 17:42:01.494035	[INFO]	base_network.py	响应时间:580ms	湖北省	荆州市	这里是日志信息......
2024-11-04 17:42:01.494035	[WARN]	barcode_service.py	响应时间:533ms	江苏省	无锡市	这里是日志信息......
2024-11-04 17:42:01.494035	[INFO]	barcode_service.py	响应时间:859ms	北京市	丰台区	这里是日志信息......
2024-11-04 17:42:01.494035	[INFO]	barcode_service.py	响应时间:557ms	重庆市	万州区	这里是日志信息......
2024-11-04 17:42:01.494035	[INFO]	base_network.py	响应时间:408ms	北京市	昌平区	这里是日志信息......
2024-11-04 17:42:01.494035	[INFO]	orders_service.py	响应时间:155ms	湖南省	长沙市	这里是日志信息......
2024-11-04 17:42:01.494035	[INFO]	goods_manager.py	响应时间:9971ms	浙江省	舟山市	这里是日志信息......
2024-11-04 17:42:01.494035	[INFO]	event.py	响应时间:237ms	浙江省	绍兴市	这里是日志信息......
2024-11-04 17:42:01.494035	[INFO]	user_manager.py	响应时间:388ms	湖北省	恩施土家族苗族自治州	这里是日志信息......
2024-11-04 17:42:01.494035	[INFO]	base_network.py	响应时间:62ms	湖南省	株洲市	这里是日志信息......
2024-11-04 17:42:01.494035	[INFO]	orders_service.py	响应时间:655ms	湖南省	株洲市	这里是日志信息......
2024-11-04 17:42:01.494035	[INFO]	event.py	响应时间:503ms	江苏省	苏州市	这里是日志信息......
2024-11-04 17:42:01.494035	[INFO]	shop_manager.py	响应时间:515ms	天津市	宝坻区	这里是日志信息......
2024-11-04 17:42:01.494035	[INFO]	shop_manager.py	响应时间:499ms	湖南省	长沙市	这里是日志信息......
2024-11-04 17:42:01.494035	[INFO]	orders_service.py	响应时间:333ms	湖南省	长沙市	这里是日志信息......
2024-11-04 17:42:01.494035	[ERROR]	event.py	响应时间:7514ms	北京市	怀柔区	这里是日志信息......
2024-11-04 17:42:01.494035	[INFO]	goods_manager.py	响应时间:887ms	安徽省	合肥市	这里是日志信息......
2024-11-04 17:42:01.494035	[INFO]	event.py	响应时间:497ms	山东省	济南市	这里是日志信息......
2024-11-04 17:42:01.494035	[INFO]	orders_service.py	响应时间:667ms	山东省	青岛市	这里是日志信息......
2024-11-04 17:42:01.494035	[WARN]	shop_manager.py	响应时间:192ms	湖南省	株洲市	这里是日志信息......
2024-11-04 17:42:01.494035	[INFO]	barcode_service.py	响应时间:822ms	安徽省	合肥市	这里是日志信息......
2024-11-04 17:42:01.494035	[INFO]	goods_manager.py	响应时间:458ms	北京市	丰台区	这里是日志信息......
2024-11-04 17:42:01.494035	[INFO]	orders_service.py	响应时间:157ms	上海市	黄浦区	这里是日志信息......
2024-11-04 17:42:01.494035	[INFO]	user_manager.py	响应时间:643ms	江苏省	无锡市	这里是日志信息......
2024-11-04 17:42:01.494035	[INFO]	goods_manager.py	响应时间:632ms	山东省	青岛市	这里是日志信息......
2024-11-04 17:42:01.494035	[INFO]	barcode_service.py	响应时间:326ms	安徽省	合肥市	这里是日志信息......
2024-11-04 17:42:01.494035	[INFO]	orders_service.py	响应时间:233ms	上海市	静安区	这里是日志信息......
2024-11-04 17:42:01.494035	[INFO]	shop_manager.py	响应时间:964ms	山东省	济南市	这里是日志信息......
2024-11-04 17:42:01.494035	[INFO]	user_manager.py	响应时间:946ms	江苏省	苏州市	这里是日志信息......
2024-11-04 17:42:01.494035	[INFO]	user_manager.py	响应时间:766ms	浙江省	丽水市	这里是日志信息......
2024-11-04 17:42:01.494035	[INFO]	orders_service.py	响应时间:201ms	北京市	大兴区	这里是日志信息......
2024-11-04 17:42:01.494035	[INFO]	barcode_service.py	响应时间:446ms	天津市	河西区	这里是日志信息......
2024-11-04 17:42:01.494035	[INFO]	goods_manager.py	响应时间:998ms	重庆市	涪陵区	这里是日志信息......
2024-11-04 17:42:01.494035	[INFO]	orders_service.py	响应时间:250ms	天津市	河西区	这里是日志信息......
2024-11-04 17:42:01.494035	[INFO]	barcode_service.py	响应时间:800ms	北京市	丰台区	这里是日志信息......
2024-11-04 17:42:01.494035	[INFO]	orders_service.py	响应时间:4162ms	山东省	青岛市	这里是日志信息......
2024-11-04 17:42:01.494035	[INFO]	orders_service.py	响应时间:172ms	天津市	河西区	这里是日志信息......
2024-11-04 17:42:01.494035	[INFO]	orders_service.py	响应时间:819ms	浙江省	嘉兴市	这里是日志信息......
2024-11-04 17:42:01.494035	[ERROR]	event.py	响应时间:918ms	湖南省	长沙市	这里是日志信息......
2024-11-04 17:42:01.494035	[WARN]	goods_manager.py	响应时间:77ms	安徽省	合肥市	这里是日志信息......
2024-11-04 17:42:01.494035	[INFO]	orders_service.py	响应时间:569ms	山东省	青岛市	这里是日志信息......
2024-11-04 17:42:01.495035	[WARN]	orders_service.py	响应时间:241ms	上海市	徐汇区	这里是日志信息......
2024-11-04 17:42:01.495035	[INFO]	shop_manager.py	响应时间:991ms	山东省	济南市	这里是日志信息......
2024-11-04 17:42:01.495035	[INFO]	orders_service.py	响应时间:758ms	湖南省	株洲市	这里是日志信息......
2024-11-04 17:42:01.495035	[INFO]	orders_service.py	响应时间:783ms	天津市	河西区	这里是日志信息......
2024-11-04 17:42:01.495035	[INFO]	goods_manager.py	响应时间:4470ms	山东省	菏泽市	这里是日志信息......
2024-11-04 17:42:01.495035	[INFO]	barcode_service.py	响应时间:918ms	浙江省	丽水市	这里是日志信息......
2024-11-04 17:42:01.495035	[INFO]	event.py	响应时间:618ms	广东省	广州市	这里是日志信息......
2024-11-04 17:42:01.495035	[INFO]	goods_manager.py	响应时间:824ms	湖北省	荆州市	这里是日志信息......
2024-11-04 17:42:01.495035	[INFO]	event.py	响应时间:931ms	上海市	黄浦区	这里是日志信息......
2024-11-04 17:42:01.495035	[INFO]	barcode_service.py	响应时间:864ms	上海市	黄浦区	这里是日志信息......
2024-11-04 17:42:01.495035	[WARN]	shop_manager.py	响应时间:731ms	北京市	大兴区	这里是日志信息......
2024-11-04 17:42:01.495035	[INFO]	event.py	响应时间:770ms	北京市	大兴区	这里是日志信息......
2024-11-04 17:42:01.495035	[INFO]	orders_service.py	响应时间:507ms	重庆市	万州区	这里是日志信息......
2024-11-04 17:42:01.495035	[INFO]	goods_manager.py	响应时间:160ms	湖南省	常德市	这里是日志信息......
2024-11-04 17:42:01.495035	[WARN]	user_manager.py	响应时间:76ms	浙江省	杭州市	这里是日志信息......
2024-11-04 17:42:01.495035	[INFO]	event.py	响应时间:486ms	天津市	和平区	这里是日志信息......
2024-11-04 17:42:01.495035	[INFO]	goods_manager.py	响应时间:60ms	重庆市	涪陵区	这里是日志信息......
2024-11-04 17:42:01.495035	[INFO]	goods_manager.py	响应时间:328ms	山东省	济南市	这里是日志信息......
2024-11-04 17:42:01.495035	[INFO]	event.py	响应时间:46ms	浙江省	舟山市	这里是日志信息......
2024-11-04 17:42:01.495035	[INFO]	orders_service.py	响应时间:822ms	安徽省	阜阳市	这里是日志信息......
2024-11-04 17:42:01.495035	[INFO]	event.py	响应时间:751ms	安徽省	阜阳市	这里是日志信息......
2024-11-04 17:42:01.495035	[INFO]	orders_service.py	响应时间:7184ms	上海市	普陀区	这里是日志信息......
2024-11-04 17:42:01.495035	[INFO]	orders_service.py	响应时间:514ms	天津市	武清区	这里是日志信息......
2024-11-04 17:42:01.495035	[INFO]	goods_manager.py	响应时间:829ms	天津市	和平区	这里是日志信息......
2024-11-04 17:42:01.495035	[INFO]	event.py	响应时间:9165ms	湖南省	长沙市	这里是日志信息......
2024-11-04 17:42:01.495035	[INFO]	barcode_service.py	响应时间:96ms	天津市	河东区	这里是日志信息......
2024-11-04 17:42:01.495035	[INFO]	event.py	响应时间:540ms	江苏省	无锡市	这里是日志信息......
2024-11-04 17:42:01.495035	[INFO]	user_manager.py	响应时间:225ms	上海市	黄浦区	这里是日志信息......
2024-11-04 17:42:01.495035	[INFO]	event.py	响应时间:812ms	湖北省	荆州市	这里是日志信息......
2024-11-04 17:42:01.495035	[WARN]	shop_manager.py	响应时间:97ms	湖北省	十堰市	这里是日志信息......
2024-11-04 17:42:01.495035	[INFO]	goods_manager.py	响应时间:841ms	湖南省	长沙市	这里是日志信息......
2024-11-04 17:42:01.495035	[INFO]	goods_manager.py	响应时间:643ms	浙江省	嘉兴市	这里是日志信息......
2024-11-04 17:42:01.495035	[INFO]	shop_manager.py	响应时间:701ms	浙江省	舟山市	这里是日志信息......
2024-11-04 17:42:01.495035	[INFO]	event.py	响应时间:436ms	湖北省	荆州市	这里是日志信息......
2024-11-04 17:42:01.495035	[INFO]	orders_service.py	响应时间:481ms	湖北省	十堰市	这里是日志信息......
2024-11-04 17:42:01.495035	[INFO]	orders_service.py	响应时间:708ms	北京市	昌平区	这里是日志信息......
2024-11-04 17:42:01.495035	[INFO]	base_network.py	响应时间:928ms	江苏省	常州市	这里是日志信息......
2024-11-04 17:42:01.495035	[INFO]	barcode_service.py	响应时间:537ms	安徽省	合肥市	这里是日志信息......
2024-11-04 17:42:01.495035	[INFO]	goods_manager.py	响应时间:211ms	江苏省	苏州市	这里是日志信息......
2024-11-04 17:42:01.495035	[INFO]	goods_manager.py	响应时间:602ms	重庆市	万州区	这里是日志信息......
2024-11-04 17:42:01.495035	[INFO]	goods_manager.py	响应时间:224ms	重庆市	万州区	这里是日志信息......
2024-11-04 17:42:01.495035	[INFO]	goods_manager.py	响应时间:4ms	浙江省	杭州市	这里是日志信息......
2024-11-04 17:42:01.495035	[INFO]	orders_service.py	响应时间:679ms	天津市	河东区	这里是日志信息......
2024-11-04 17:42:01.495035	[INFO]	orders_service.py	响应时间:2129ms	浙江省	舟山市	这里是日志信息......
2024-11-04 17:42:01.495035	[WARN]	goods_manager.py	响应时间:899ms	安徽省	合肥市	这里是日志信息......
2024-11-04 17:42:01.495035	[WARN]	goods_manager.py	响应时间:218ms	浙江省	绍兴市	这里是日志信息......
2024-11-04 17:42:01.495035	[INFO]	base_network.py	响应时间:457ms	湖北省	荆州市	这里是日志信息......
2024-11-04 17:42:01.495035	[INFO]	event.py	响应时间:7ms	安徽省	芜湖市	这里是日志信息......
2024-11-04 17:42:01.495035	[INFO]	user_manager.py	响应时间:583ms	重庆市	涪陵区	这里是日志信息......
2024-11-04 17:42:01.495035	[ERROR]	orders_service.py	响应时间:786ms	上海市	徐汇区	这里是日志信息......
2024-11-04 17:42:01.495035	[WARN]	base_network.py	响应时间:201ms	浙江省	舟山市	这里是日志信息......
2024-11-04 17:42:01.495035	[INFO]	barcode_service.py	响应时间:488ms	北京市	大兴区	这里是日志信息......
2024-11-04 17:42:01.495035	[INFO]	event.py	响应时间:54ms	山东省	济南市	这里是日志信息......
2024-11-04 17:42:01.495035	[INFO]	goods_manager.py	响应时间:648ms	江苏省	苏州市	这里是日志信息......
2024-11-04 17:42:01.495035	[INFO]	event.py	响应时间:913ms	北京市	昌平区	这里是日志信息......
2024-11-04 17:42:01.495035	[INFO]	barcode_service.py	响应时间:752ms	北京市	海淀区	这里是日志信息......
2024-11-04 17:42:01.495035	[INFO]	goods_manager.py	响应时间:263ms	江苏省	宿迁市	这里是日志信息......
2024-11-04 17:42:01.495035	[INFO]	barcode_service.py	响应时间:178ms	江苏省	常州市	这里是日志信息......
2024-11-04 17:42:01.495035	[ERROR]	event.py	响应时间:49ms	广东省	深圳市	这里是日志信息......
2024-11-04 17:42:01.495035	[INFO]	user_manager.py	响应时间:700ms	重庆市	涪陵区	这里是日志信息......
2024-11-04 17:42:01.495035	[INFO]	event.py	响应时间:3493ms	广东省	珠海市	这里是日志信息......
2024-11-04 17:42:01.495035	[WARN]	shop_manager.py	响应时间:383ms	广东省	深圳市	这里是日志信息......
2024-11-04 17:42:01.495035	[INFO]	orders_service.py	响应时间:439ms	上海市	黄浦区	这里是日志信息......
2024-11-04 17:42:01.495035	[INFO]	base_network.py	响应时间:970ms	广东省	深圳市	这里是日志信息......
2024-11-04 17:42:01.495035	[INFO]	orders_service.py	响应时间:830ms	山东省	青岛市	这里是日志信息......
2024-11-04 17:42:01.495035	[INFO]	event.py	响应时间:724ms	山东省	青岛市	这里是日志信息......
2024-11-04 17:42:01.495035	[INFO]	base_network.py	响应时间:555ms	安徽省	阜阳市	这里是日志信息......
2024-11-04 17:42:01.495035	[ERROR]	event.py	响应时间:467ms	天津市	河西区	这里是日志信息......
2024-11-04 17:42:01.495035	[INFO]	goods_manager.py	响应时间:514ms	上海市	浦东新区	这里是日志信息......
2024-11-04 17:42:01.495035	[INFO]	user_manager.py	响应时间:573ms	湖北省	武汉市	这里是日志信息......
2024-11-04 17:42:01.495035	[INFO]	event.py	响应时间:731ms	山东省	济南市	这里是日志信息......
2024-11-04 17:42:01.495035	[INFO]	orders_service.py	响应时间:143ms	湖北省	武汉市	这里是日志信息......
2024-11-04 17:42:01.495035	[ERROR]	orders_service.py	响应时间:611ms	天津市	宝坻区	这里是日志信息......
2024-11-04 17:42:01.495035	[INFO]	barcode_service.py	响应时间:870ms	山东省	青岛市	这里是日志信息......
2024-11-04 17:42:01.495035	[INFO]	goods_manager.py	响应时间:717ms	山东省	济南市	这里是日志信息......
2024-11-04 17:42:01.495035	[INFO]	event.py	响应时间:176ms	山东省	青岛市	这里是日志信息......
2024-11-04 17:42:01.495035	[ERROR]	event.py	响应时间:8586ms	安徽省	六安市	这里是日志信息......
2024-11-04 17:42:01.495035	[INFO]	event.py	响应时间:356ms	安徽省	芜湖市	这里是日志信息......
2024-11-04 17:42:01.495035	[INFO]	event.py	响应时间:651ms	浙江省	金华市	这里是日志信息......
2024-11-04 17:42:01.495035	[INFO]	orders_service.py	响应时间:865ms	浙江省	金华市	这里是日志信息......
2024-11-04 17:42:01.495035	[INFO]	user_manager.py	响应时间:361ms	重庆市	九龙坡区	这里是日志信息......
2024-11-04 17:42:01.495035	[WARN]	shop_manager.py	响应时间:110ms	浙江省	绍兴市	这里是日志信息......
2024-11-04 17:42:01.495035	[INFO]	event.py	响应时间:985ms	江苏省	张家港市	这里是日志信息......
2024-11-04 17:42:01.495035	[INFO]	base_network.py	响应时间:848ms	天津市	河西区	这里是日志信息......
2024-11-04 17:42:01.495035	[WARN]	event.py	响应时间:817ms	安徽省	六安市	这里是日志信息......
2024-11-04 17:42:01.495035	[WARN]	goods_manager.py	响应时间:133ms	湖北省	武汉市	这里是日志信息......
2024-11-04 17:42:01.495035	[INFO]	orders_service.py	响应时间:274ms	广东省	深圳市	这里是日志信息......
2024-11-04 17:42:01.495035	[INFO]	event.py	响应时间:380ms	广东省	广州市	这里是日志信息......
2024-11-04 17:42:01.495035	[INFO]	event.py	响应时间:6778ms	重庆市	九龙坡区	这里是日志信息......
2024-11-04 17:42:01.495035	[WARN]	event.py	响应时间:27ms	山东省	济南市	这里是日志信息......
2024-11-04 17:42:01.495035	[INFO]	goods_manager.py	响应时间:386ms	安徽省	合肥市	这里是日志信息......
2024-11-04 17:42:01.495035	[INFO]	orders_service.py	响应时间:426ms	浙江省	绍兴市	这里是日志信息......
2024-11-04 17:42:01.495035	[INFO]	barcode_service.py	响应时间:397ms	天津市	宝坻区	这里是日志信息......
2024-11-04 17:42:01.495035	[INFO]	event.py	响应时间:109ms	重庆市	沙坪坝区	这里是日志信息......
2024-11-04 17:42:01.495035	[INFO]	event.py	响应时间:989ms	湖南省	株洲市	这里是日志信息......
2024-11-04 17:42:01.495035	[INFO]	orders_service.py	响应时间:518ms	广东省	广州市	这里是日志信息......
2024-11-04 17:42:01.495035	[INFO]	orders_service.py	响应时间:179ms	浙江省	湖州市	这里是日志信息......
2024-11-04 17:42:01.495035	[INFO]	goods_manager.py	响应时间:364ms	浙江省	舟山市	这里是日志信息......
2024-11-04 17:42:01.495035	[INFO]	shop_manager.py	响应时间:972ms	浙江省	金华市	这里是日志信息......
2024-11-04 17:42:01.495035	[ERROR]	goods_manager.py	响应时间:673ms	浙江省	丽水市	这里是日志信息......
2024-11-04 17:42:01.495035	[INFO]	base_network.py	响应时间:800ms	江苏省	南京市	这里是日志信息......
2024-11-04 17:42:01.495035	[INFO]	goods_manager.py	响应时间:346ms	北京市	大兴区	这里是日志信息......
2024-11-04 17:42:01.495035	[INFO]	orders_service.py	响应时间:245ms	安徽省	六安市	这里是日志信息......
2024-11-04 17:42:01.495035	[INFO]	barcode_service.py	响应时间:590ms	山东省	菏泽市	这里是日志信息......
2024-11-04 17:42:01.495035	[INFO]	event.py	响应时间:831ms	江苏省	南京市	这里是日志信息......
2024-11-04 17:42:01.495035	[INFO]	orders_service.py	响应时间:393ms	重庆市	南岸区	这里是日志信息......
2024-11-04 17:42:01.495035	[ERROR]	event.py	响应时间:4071ms	广东省	广州市	这里是日志信息......
2024-11-04 17:42:01.495035	[INFO]	event.py	响应时间:574ms	广东省	深圳市	这里是日志信息......
2024-11-04 17:42:01.495035	[INFO]	barcode_service.py	响应时间:758ms	山东省	菏泽市	这里是日志信息......
2024-11-04 17:42:01.495035	[INFO]	event.py	响应时间:477ms	浙江省	绍兴市	这里是日志信息......
2024-11-04 17:42:01.495035	[INFO]	goods_manager.py	响应时间:674ms	山东省	菏泽市	这里是日志信息......
2024-11-04 17:42:01.495035	[INFO]	shop_manager.py	响应时间:9730ms	江苏省	苏州市	这里是日志信息......
2024-11-04 17:42:01.495035	[WARN]	barcode_service.py	响应时间:7969ms	湖北省	十堰市	这里是日志信息......
2024-11-04 17:42:01.495035	[INFO]	user_manager.py	响应时间:854ms	重庆市	沙坪坝区	这里是日志信息......
2024-11-04 17:42:01.495035	[WARN]	orders_service.py	响应时间:501ms	江苏省	无锡市	这里是日志信息......
2024-11-04 17:42:01.495035	[INFO]	goods_manager.py	响应时间:975ms	北京市	朝阳区	这里是日志信息......
2024-11-04 17:42:01.495035	[INFO]	event.py	响应时间:258ms	广东省	广州市	这里是日志信息......
2024-11-04 17:42:01.495035	[INFO]	orders_service.py	响应时间:926ms	天津市	和平区	这里是日志信息......
2024-11-04 17:42:01.495035	[INFO]	orders_service.py	响应时间:446ms	重庆市	涪陵区	这里是日志信息......
2024-11-04 17:42:01.495035	[INFO]	barcode_service.py	响应时间:989ms	山东省	菏泽市	这里是日志信息......
2024-11-04 17:42:01.495035	[INFO]	event.py	响应时间:54ms	上海市	黄浦区	这里是日志信息......
2024-11-04 17:42:01.495035	[WARN]	user_manager.py	响应时间:88ms	北京市	昌平区	这里是日志信息......
2024-11-04 17:42:01.495035	[INFO]	shop_manager.py	响应时间:110ms	北京市	大兴区	这里是日志信息......
2024-11-04 17:42:01.495035	[INFO]	shop_manager.py	响应时间:545ms	上海市	杨浦区	这里是日志信息......
2024-11-04 17:42:01.495035	[INFO]	user_manager.py	响应时间:450ms	重庆市	渝中区	这里是日志信息......
2024-11-04 17:42:01.495035	[INFO]	orders_service.py	响应时间:695ms	广东省	深圳市	这里是日志信息......
2024-11-04 17:42:01.495035	[INFO]	base_network.py	响应时间:634ms	安徽省	铜陵市	这里是日志信息......
2024-11-04 17:42:01.495035	[INFO]	base_network.py	响应时间:695ms	广东省	深圳市	这里是日志信息......
2024-11-04 17:42:01.495035	[INFO]	goods_manager.py	响应时间:116ms	湖北省	武汉市	这里是日志信息......
2024-11-04 17:42:01.495035	[INFO]	orders_service.py	响应时间:727ms	重庆市	沙坪坝区	这里是日志信息......
2024-11-04 17:42:01.495035	[INFO]	barcode_service.py	响应时间:893ms	北京市	大兴区	这里是日志信息......
2024-11-04 17:42:01.495035	[INFO]	event.py	响应时间:891ms	北京市	海淀区	这里是日志信息......
2024-11-04 17:42:01.495035	[INFO]	barcode_service.py	响应时间:882ms	山东省	青岛市	这里是日志信息......
2024-11-04 17:42:01.495035	[INFO]	user_manager.py	响应时间:973ms	天津市	宝坻区	这里是日志信息......
2024-11-04 17:42:01.495035	[INFO]	goods_manager.py	响应时间:796ms	湖北省	荆州市	这里是日志信息......
2024-11-04 17:42:01.495035	[INFO]	base_network.py	响应时间:598ms	天津市	宝坻区	这里是日志信息......
2024-11-04 17:42:01.495035	[INFO]	event.py	响应时间:653ms	北京市	朝阳区	这里是日志信息......
2024-11-04 17:42:01.496034	[INFO]	orders_service.py	响应时间:429ms	山东省	青岛市	这里是日志信息......
2024-11-04 17:42:01.496034	[WARN]	goods_manager.py	响应时间:257ms	上海市	浦东新区	这里是日志信息......
2024-11-04 17:42:01.496034	[INFO]	event.py	响应时间:276ms	上海市	浦东新区	这里是日志信息......
2024-11-04 17:42:01.496034	[INFO]	orders_service.py	响应时间:581ms	江苏省	南京市	这里是日志信息......
2024-11-04 17:42:01.496034	[INFO]	event.py	响应时间:777ms	北京市	海淀区	这里是日志信息......
2024-11-04 17:42:01.496034	[INFO]	event.py	响应时间:750ms	重庆市	万州区	这里是日志信息......
2024-11-04 17:42:01.496034	[INFO]	orders_service.py	响应时间:747ms	江苏省	苏州市	这里是日志信息......
2024-11-04 17:42:01.496034	[WARN]	event.py	响应时间:247ms	安徽省	合肥市	这里是日志信息......
2024-11-04 17:42:01.496034	[INFO]	orders_service.py	响应时间:794ms	上海市	杨浦区	这里是日志信息......
2024-11-04 17:42:01.496034	[INFO]	user_manager.py	响应时间:929ms	湖北省	荆州市	这里是日志信息......
2024-11-04 17:42:01.496034	[INFO]	base_network.py	响应时间:838ms	安徽省	合肥市	这里是日志信息......
2024-11-04 17:42:01.496034	[INFO]	base_network.py	响应时间:267ms	北京市	丰台区	这里是日志信息......
2024-11-04 17:42:01.496034	[INFO]	barcode_service.py	响应时间:738ms	重庆市	南岸区	这里是日志信息......
2024-11-04 17:42:01.496034	[INFO]	base_network.py	响应时间:323ms	湖北省	十堰市	这里是日志信息......
2024-11-04 17:42:01.496034	[INFO]	event.py	响应时间:790ms	广东省	深圳市	这里是日志信息......
2024-11-04 17:42:01.496034	[WARN]	goods_manager.py	响应时间:25ms	浙江省	嘉兴市	这里是日志信息......
2024-11-04 17:42:01.496034	[INFO]	orders_service.py	响应时间:544ms	上海市	静安区	这里是日志信息......
2024-11-04 17:42:01.496034	[INFO]	event.py	响应时间:895ms	广东省	深圳市	这里是日志信息......
2024-11-04 17:42:01.496034	[INFO]	user_manager.py	响应时间:160ms	湖北省	荆州市	这里是日志信息......
2024-11-04 17:42:01.496034	[INFO]	event.py	响应时间:112ms	山东省	济南市	这里是日志信息......
2024-11-04 17:42:01.496034	[INFO]	event.py	响应时间:629ms	湖南省	长沙市	这里是日志信息......
2024-11-04 17:42:01.496034	[INFO]	goods_manager.py	响应时间:79ms	湖南省	张家界市	这里是日志信息......
2024-11-04 17:42:01.496034	[INFO]	event.py	响应时间:44ms	浙江省	嘉兴市	这里是日志信息......
2024-11-04 17:42:01.496034	[INFO]	event.py	响应时间:255ms	重庆市	九龙坡区	这里是日志信息......
2024-11-04 17:42:01.496034	[INFO]	base_network.py	响应时间:196ms	湖南省	张家界市	这里是日志信息......
2024-11-04 17:42:01.496034	[WARN]	orders_service.py	响应时间:900ms	浙江省	杭州市	这里是日志信息......
2024-11-04 17:42:01.496034	[INFO]	goods_manager.py	响应时间:615ms	上海市	浦东新区	这里是日志信息......
2024-11-04 17:42:01.496034	[INFO]	goods_manager.py	响应时间:43ms	湖北省	武汉市	这里是日志信息......
2024-11-04 17:42:01.496034	[INFO]	goods_manager.py	响应时间:25ms	江苏省	南京市	这里是日志信息......
2024-11-04 17:42:01.496034	[INFO]	event.py	响应时间:1489ms	北京市	海淀区	这里是日志信息......
2024-11-04 17:42:01.496034	[INFO]	orders_service.py	响应时间:461ms	湖南省	张家界市	这里是日志信息......
2024-11-04 17:42:01.496034	[INFO]	goods_manager.py	响应时间:993ms	天津市	河东区	这里是日志信息......
2024-11-04 17:42:01.496034	[WARN]	base_network.py	响应时间:892ms	广东省	广州市	这里是日志信息......
2024-11-04 17:42:01.496034	[INFO]	orders_service.py	响应时间:859ms	湖北省	武汉市	这里是日志信息......
2024-11-04 17:42:01.496034	[INFO]	event.py	响应时间:548ms	山东省	青岛市	这里是日志信息......
2024-11-04 17:42:01.496034	[WARN]	orders_service.py	响应时间:281ms	江苏省	苏州市	这里是日志信息......
2024-11-04 17:42:01.496034	[INFO]	user_manager.py	响应时间:7145ms	山东省	济南市	这里是日志信息......
2024-11-04 17:42:01.496034	[INFO]	goods_manager.py	响应时间:265ms	上海市	浦东新区	这里是日志信息......
2024-11-04 17:42:01.496034	[INFO]	user_manager.py	响应时间:764ms	江苏省	苏州市	这里是日志信息......
2024-11-04 17:42:01.496034	[ERROR]	orders_service.py	响应时间:5968ms	广东省	深圳市	这里是日志信息......
2024-11-04 17:42:01.496034	[INFO]	event.py	响应时间:679ms	重庆市	万州区	这里是日志信息......
2024-11-04 17:42:01.496034	[INFO]	barcode_service.py	响应时间:455ms	广东省	深圳市	这里是日志信息......
2024-11-04 17:42:01.496034	[INFO]	orders_service.py	响应时间:743ms	天津市	武清区	这里是日志信息......
2024-11-04 17:42:01.496034	[INFO]	shop_manager.py	响应时间:11ms	江苏省	南京市	这里是日志信息......
2024-11-04 17:42:01.496034	[INFO]	goods_manager.py	响应时间:430ms	江苏省	宿迁市	这里是日志信息......
2024-11-04 17:42:01.496034	[INFO]	event.py	响应时间:239ms	天津市	河东区	这里是日志信息......
2024-11-04 17:42:01.496034	[INFO]	base_network.py	响应时间:7428ms	北京市	丰台区	这里是日志信息......
2024-11-04 17:42:01.496034	[INFO]	event.py	响应时间:194ms	上海市	普陀区	这里是日志信息......
2024-11-04 17:42:01.496034	[INFO]	user_manager.py	响应时间:70ms	湖南省	张家界市	这里是日志信息......
2024-11-04 17:42:01.496034	[INFO]	orders_service.py	响应时间:572ms	重庆市	万州区	这里是日志信息......
2024-11-04 17:42:01.496034	[INFO]	event.py	响应时间:231ms	湖南省	长沙市	这里是日志信息......
2024-11-04 17:42:01.496034	[INFO]	orders_service.py	响应时间:648ms	江苏省	南京市	这里是日志信息......
2024-11-04 17:42:01.496034	[INFO]	user_manager.py	响应时间:126ms	浙江省	丽水市	这里是日志信息......
2024-11-04 17:42:01.496034	[INFO]	goods_manager.py	响应时间:851ms	湖南省	长沙市	这里是日志信息......
2024-11-04 17:42:01.496034	[INFO]	goods_manager.py	响应时间:286ms	安徽省	铜陵市	这里是日志信息......
2024-11-04 17:42:01.496034	[INFO]	goods_manager.py	响应时间:688ms	浙江省	金华市	这里是日志信息......
2024-11-04 17:42:01.496034	[INFO]	orders_service.py	响应时间:471ms	天津市	宝坻区	这里是日志信息......
2024-11-04 17:42:01.496034	[INFO]	user_manager.py	响应时间:30ms	广东省	广州市	这里是日志信息......
2024-11-04 17:42:01.496034	[INFO]	goods_manager.py	响应时间:447ms	北京市	海淀区	这里是日志信息......
2024-11-04 17:42:01.496034	[INFO]	event.py	响应时间:720ms	浙江省	金华市	这里是日志信息......
2024-11-04 17:42:01.496034	[INFO]	base_network.py	响应时间:882ms	浙江省	金华市	这里是日志信息......
2024-11-04 17:42:01.496034	[INFO]	event.py	响应时间:82ms	北京市	丰台区	这里是日志信息......
2024-11-04 17:42:01.496034	[INFO]	base_network.py	响应时间:596ms	湖北省	恩施土家族苗族自治州	这里是日志信息......
2024-11-04 17:42:01.496034	[INFO]	base_network.py	响应时间:937ms	北京市	大兴区	这里是日志信息......
2024-11-04 17:42:01.496034	[INFO]	event.py	响应时间:596ms	浙江省	丽水市	这里是日志信息......
2024-11-04 17:42:01.496034	[INFO]	event.py	响应时间:282ms	北京市	大兴区	这里是日志信息......
2024-11-04 17:42:01.496034	[INFO]	event.py	响应时间:154ms	广东省	深圳市	这里是日志信息......
2024-11-04 17:42:01.496034	[INFO]	event.py	响应时间:899ms	江苏省	苏州市	这里是日志信息......
2024-11-04 17:42:01.496034	[WARN]	shop_manager.py	响应时间:579ms	湖北省	武汉市	这里是日志信息......
2024-11-04 17:42:01.496034	[WARN]	orders_service.py	响应时间:559ms	湖南省	常德市	这里是日志信息......
2024-11-04 17:42:01.496034	[INFO]	event.py	响应时间:465ms	天津市	和平区	这里是日志信息......
2024-11-04 17:42:01.496034	[INFO]	goods_manager.py	响应时间:379ms	天津市	河东区	这里是日志信息......
2024-11-04 17:42:01.496034	[INFO]	goods_manager.py	响应时间:56ms	江苏省	宿迁市	这里是日志信息......
2024-11-04 17:42:01.496034	[INFO]	event.py	响应时间:333ms	广东省	广州市	这里是日志信息......
2024-11-04 17:42:01.496034	[INFO]	goods_manager.py	响应时间:7622ms	重庆市	九龙坡区	这里是日志信息......
2024-11-04 17:42:01.496034	[INFO]	user_manager.py	响应时间:935ms	湖北省	武汉市	这里是日志信息......
2024-11-04 17:42:01.496034	[INFO]	orders_service.py	响应时间:529ms	广东省	珠海市	这里是日志信息......
2024-11-04 17:42:01.496034	[INFO]	goods_manager.py	响应时间:518ms	湖北省	武汉市	这里是日志信息......
2024-11-04 17:42:01.496034	[INFO]	user_manager.py	响应时间:349ms	安徽省	阜阳市	这里是日志信息......
2024-11-04 17:42:01.496034	[INFO]	orders_service.py	响应时间:961ms	天津市	河西区	这里是日志信息......
2024-11-04 17:42:01.496034	[INFO]	user_manager.py	响应时间:270ms	重庆市	南岸区	这里是日志信息......
2024-11-04 17:42:01.496034	[INFO]	event.py	响应时间:58ms	天津市	宝坻区	这里是日志信息......
2024-11-04 17:42:01.496034	[INFO]	goods_manager.py	响应时间:735ms	湖北省	武汉市	这里是日志信息......
2024-11-04 17:42:01.496034	[INFO]	goods_manager.py	响应时间:557ms	江苏省	常州市	这里是日志信息......
2024-11-04 17:42:01.496034	[INFO]	event.py	响应时间:365ms	浙江省	绍兴市	这里是日志信息......
2024-11-04 17:42:01.496034	[WARN]	event.py	响应时间:425ms	重庆市	沙坪坝区	这里是日志信息......
2024-11-04 17:42:01.496034	[INFO]	event.py	响应时间:673ms	重庆市	渝中区	这里是日志信息......
2024-11-04 17:42:01.496034	[INFO]	event.py	响应时间:321ms	浙江省	丽水市	这里是日志信息......
2024-11-04 17:42:01.496034	[INFO]	shop_manager.py	响应时间:598ms	重庆市	万州区	这里是日志信息......
2024-11-04 17:42:01.496034	[INFO]	event.py	响应时间:509ms	浙江省	绍兴市	这里是日志信息......
2024-11-04 17:42:01.496034	[INFO]	shop_manager.py	响应时间:12ms	山东省	青岛市	这里是日志信息......
2024-11-04 17:42:01.496034	[INFO]	shop_manager.py	响应时间:861ms	湖南省	长沙市	这里是日志信息......
2024-11-04 17:42:01.496034	[INFO]	orders_service.py	响应时间:206ms	江苏省	南京市	这里是日志信息......
2024-11-04 17:42:01.496034	[INFO]	event.py	响应时间:57ms	江苏省	常州市	这里是日志信息......
2024-11-04 17:42:01.496034	[INFO]	orders_service.py	响应时间:750ms	湖北省	武汉市	这里是日志信息......
2024-11-04 17:42:01.496034	[INFO]	goods_manager.py	响应时间:194ms	天津市	宝坻区	这里是日志信息......
2024-11-04 17:42:01.496034	[INFO]	event.py	响应时间:86ms	天津市	武清区	这里是日志信息......
2024-11-04 17:42:01.496034	[INFO]	goods_manager.py	响应时间:990ms	山东省	济南市	这里是日志信息......
2024-11-04 17:42:01.496034	[INFO]	orders_service.py	响应时间:932ms	安徽省	阜阳市	这里是日志信息......
2024-11-04 17:42:01.496034	[INFO]	goods_manager.py	响应时间:639ms	北京市	昌平区	这里是日志信息......
2024-11-04 17:42:01.496034	[INFO]	orders_service.py	响应时间:703ms	湖北省	十堰市	这里是日志信息......
2024-11-04 17:42:01.496034	[INFO]	event.py	响应时间:440ms	浙江省	杭州市	这里是日志信息......
2024-11-04 17:42:01.496034	[ERROR]	base_network.py	响应时间:791ms	湖南省	长沙市	这里是日志信息......
2024-11-04 17:42:01.496034	[INFO]	orders_service.py	响应时间:935ms	浙江省	湖州市	这里是日志信息......
2024-11-04 17:42:01.496034	[INFO]	event.py	响应时间:208ms	浙江省	丽水市	这里是日志信息......
2024-11-04 17:42:01.496034	[INFO]	barcode_service.py	响应时间:692ms	湖北省	武汉市	这里是日志信息......
2024-11-04 17:42:01.496034	[WARN]	barcode_service.py	响应时间:280ms	江苏省	宿迁市	这里是日志信息......
2024-11-04 17:42:01.496034	[INFO]	barcode_service.py	响应时间:298ms	浙江省	杭州市	这里是日志信息......
2024-11-04 17:42:01.496034	[WARN]	orders_service.py	响应时间:964ms	北京市	朝阳区	这里是日志信息......
2024-11-04 17:42:01.496034	[INFO]	event.py	响应时间:488ms	重庆市	沙坪坝区	这里是日志信息......
2024-11-04 17:42:01.496034	[INFO]	goods_manager.py	响应时间:360ms	天津市	武清区	这里是日志信息......
2024-11-04 17:42:01.496034	[INFO]	orders_service.py	响应时间:748ms	安徽省	阜阳市	这里是日志信息......
2024-11-04 17:42:01.496034	[INFO]	orders_service.py	响应时间:779ms	广东省	深圳市	这里是日志信息......
2024-11-04 17:42:01.496034	[INFO]	goods_manager.py	响应时间:806ms	湖南省	株洲市	这里是日志信息......
2024-11-04 17:42:01.496034	[INFO]	orders_service.py	响应时间:267ms	北京市	昌平区	这里是日志信息......
2024-11-04 17:42:01.496034	[INFO]	orders_service.py	响应时间:321ms	山东省	青岛市	这里是日志信息......
2024-11-04 17:42:01.496034	[INFO]	user_manager.py	响应时间:677ms	上海市	杨浦区	这里是日志信息......
2024-11-04 17:42:01.496034	[INFO]	event.py	响应时间:6862ms	湖南省	长沙市	这里是日志信息......
2024-11-04 17:42:01.496034	[INFO]	event.py	响应时间:839ms	山东省	菏泽市	这里是日志信息......
2024-11-04 17:42:01.496034	[WARN]	event.py	响应时间:251ms	湖北省	十堰市	这里是日志信息......
2024-11-04 17:42:01.496034	[INFO]	event.py	响应时间:799ms	江苏省	南京市	这里是日志信息......
2024-11-04 17:42:01.496034	[INFO]	orders_service.py	响应时间:69ms	安徽省	合肥市	这里是日志信息......
2024-11-04 17:42:01.496034	[INFO]	orders_service.py	响应时间:780ms	重庆市	南岸区	这里是日志信息......
2024-11-04 17:42:01.496034	[INFO]	event.py	响应时间:306ms	广东省	广州市	这里是日志信息......
2024-11-04 17:42:01.496034	[WARN]	event.py	响应时间:684ms	江苏省	苏州市	这里是日志信息......
2024-11-04 17:42:01.496034	[INFO]	orders_service.py	响应时间:287ms	天津市	武清区	这里是日志信息......
2024-11-04 17:42:01.496034	[ERROR]	barcode_service.py	响应时间:465ms	重庆市	涪陵区	这里是日志信息......
2024-11-04 17:42:01.496034	[INFO]	base_network.py	响应时间:397ms	安徽省	池州市	这里是日志信息......
2024-11-04 17:42:01.496034	[INFO]	orders_service.py	响应时间:233ms	北京市	海淀区	这里是日志信息......
2024-11-04 17:42:01.496034	[INFO]	goods_manager.py	响应时间:370ms	天津市	河东区	这里是日志信息......
2024-11-04 17:42:01.496034	[INFO]	base_network.py	响应时间:848ms	北京市	海淀区	这里是日志信息......
2024-11-04 17:42:01.496034	[INFO]	barcode_service.py	响应时间:7648ms	湖南省	长沙市	这里是日志信息......
2024-11-04 17:42:01.496034	[WARN]	user_manager.py	响应时间:539ms	湖北省	武汉市	这里是日志信息......
2024-11-04 17:42:01.496034	[INFO]	barcode_service.py	响应时间:801ms	重庆市	涪陵区	这里是日志信息......
2024-11-04 17:42:01.496034	[WARN]	user_manager.py	响应时间:210ms	山东省	青岛市	这里是日志信息......
2024-11-04 17:42:01.496034	[INFO]	goods_manager.py	响应时间:466ms	广东省	珠海市	这里是日志信息......
2024-11-04 17:42:01.496034	[WARN]	orders_service.py	响应时间:298ms	浙江省	舟山市	这里是日志信息......
2024-11-04 17:42:01.496034	[INFO]	base_network.py	响应时间:413ms	湖北省	武汉市	这里是日志信息......
2024-11-04 17:42:01.496034	[INFO]	event.py	响应时间:773ms	湖北省	恩施土家族苗族自治州	这里是日志信息......
2024-11-04 17:42:01.496034	[INFO]	event.py	响应时间:334ms	湖南省	常德市	这里是日志信息......
2024-11-04 17:42:01.497034	[INFO]	event.py	响应时间:260ms	上海市	浦东新区	这里是日志信息......
2024-11-04 17:42:01.497034	[WARN]	goods_manager.py	响应时间:394ms	湖南省	长沙市	这里是日志信息......
2024-11-04 17:42:01.497034	[INFO]	barcode_service.py	响应时间:237ms	江苏省	南京市	这里是日志信息......
2024-11-04 17:42:01.497034	[INFO]	event.py	响应时间:266ms	湖南省	长沙市	这里是日志信息......
2024-11-04 17:42:01.497034	[INFO]	goods_manager.py	响应时间:452ms	湖北省	武汉市	这里是日志信息......
2024-11-04 17:42:01.497034	[INFO]	event.py	响应时间:473ms	安徽省	阜阳市	这里是日志信息......
2024-11-04 17:42:01.497034	[INFO]	orders_service.py	响应时间:579ms	天津市	宝坻区	这里是日志信息......
2024-11-04 17:42:01.497034	[INFO]	goods_manager.py	响应时间:112ms	湖南省	株洲市	这里是日志信息......
2024-11-04 17:42:01.497034	[INFO]	orders_service.py	响应时间:216ms	重庆市	万州区	这里是日志信息......
2024-11-04 17:42:01.497034	[INFO]	orders_service.py	响应时间:216ms	江苏省	常州市	这里是日志信息......
2024-11-04 17:42:01.497034	[ERROR]	event.py	响应时间:224ms	浙江省	湖州市	这里是日志信息......
2024-11-04 17:42:01.497034	[INFO]	event.py	响应时间:23ms	上海市	浦东新区	这里是日志信息......
2024-11-04 17:42:01.497034	[INFO]	barcode_service.py	响应时间:309ms	山东省	青岛市	这里是日志信息......
2024-11-04 17:42:01.497034	[INFO]	orders_service.py	响应时间:6282ms	上海市	浦东新区	这里是日志信息......
2024-11-04 17:42:01.497034	[INFO]	event.py	响应时间:335ms	广东省	深圳市	这里是日志信息......
2024-11-04 17:42:01.497034	[INFO]	shop_manager.py	响应时间:537ms	广东省	深圳市	这里是日志信息......
2024-11-04 17:42:01.497034	[INFO]	base_network.py	响应时间:402ms	重庆市	九龙坡区	这里是日志信息......
2024-11-04 17:42:01.497034	[INFO]	event.py	响应时间:396ms	广东省	广州市	这里是日志信息......
2024-11-04 17:42:01.497034	[INFO]	goods_manager.py	响应时间:47ms	北京市	丰台区	这里是日志信息......
2024-11-04 17:42:01.497034	[INFO]	user_manager.py	响应时间:633ms	天津市	和平区	这里是日志信息......
2024-11-04 17:42:01.497034	[INFO]	user_manager.py	响应时间:371ms	浙江省	湖州市	这里是日志信息......
2024-11-04 17:42:01.497034	[WARN]	goods_manager.py	响应时间:383ms	山东省	菏泽市	这里是日志信息......
2024-11-04 17:42:01.497034	[INFO]	user_manager.py	响应时间:467ms	江苏省	无锡市	这里是日志信息......
2024-11-04 17:42:01.497034	[INFO]	orders_service.py	响应时间:790ms	上海市	宝山区	这里是日志信息......
2024-11-04 17:42:01.497034	[INFO]	event.py	响应时间:311ms	重庆市	渝中区	这里是日志信息......
2024-11-04 17:42:01.497034	[INFO]	goods_manager.py	响应时间:804ms	湖南省	长沙市	这里是日志信息......
2024-11-04 17:42:01.497034	[INFO]	goods_manager.py	响应时间:384ms	湖南省	长沙市	这里是日志信息......
2024-11-04 17:42:01.497034	[INFO]	goods_manager.py	响应时间:803ms	上海市	宝山区	这里是日志信息......
2024-11-04 17:42:01.498074	[INFO]	event.py	响应时间:501ms	浙江省	杭州市	这里是日志信息......
2024-11-04 17:42:01.498074	[INFO]	orders_service.py	响应时间:713ms	湖南省	长沙市	这里是日志信息......
2024-11-04 17:42:01.498074	[INFO]	orders_service.py	响应时间:616ms	江苏省	南京市	这里是日志信息......
2024-11-04 17:42:01.498074	[WARN]	event.py	响应时间:8ms	广东省	广州市	这里是日志信息......
2024-11-04 17:42:01.498074	[INFO]	shop_manager.py	响应时间:718ms	重庆市	南岸区	这里是日志信息......
2024-11-04 17:42:01.498074	[WARN]	barcode_service.py	响应时间:353ms	北京市	海淀区	这里是日志信息......
2024-11-04 17:42:01.498074	[INFO]	base_network.py	响应时间:65ms	北京市	大兴区	这里是日志信息......
2024-11-04 17:42:01.498074	[INFO]	user_manager.py	响应时间:908ms	山东省	济南市	这里是日志信息......
2024-11-04 17:42:01.498074	[INFO]	orders_service.py	响应时间:581ms	湖南省	长沙市	这里是日志信息......
2024-11-04 17:42:01.498074	[INFO]	barcode_service.py	响应时间:87ms	湖南省	长沙市	这里是日志信息......
2024-11-04 17:42:01.498074	[INFO]	shop_manager.py	响应时间:554ms	重庆市	九龙坡区	这里是日志信息......
2024-11-04 17:42:01.498074	[INFO]	goods_manager.py	响应时间:676ms	山东省	青岛市	这里是日志信息......
2024-11-04 17:42:01.498074	[INFO]	event.py	响应时间:820ms	山东省	青岛市	这里是日志信息......
2024-11-04 17:42:01.498074	[INFO]	shop_manager.py	响应时间:448ms	江苏省	苏州市	这里是日志信息......
2024-11-04 17:42:01.498074	[INFO]	event.py	响应时间:151ms	安徽省	芜湖市	这里是日志信息......
2024-11-04 17:42:01.498074	[INFO]	event.py	响应时间:375ms	湖北省	十堰市	这里是日志信息......
2024-11-04 17:42:01.498074	[INFO]	shop_manager.py	响应时间:339ms	山东省	菏泽市	这里是日志信息......
2024-11-04 17:42:01.498074	[WARN]	goods_manager.py	响应时间:963ms	安徽省	芜湖市	这里是日志信息......
2024-11-04 17:42:01.498074	[WARN]	goods_manager.py	响应时间:217ms	浙江省	舟山市	这里是日志信息......
2024-11-04 17:42:01.498074	[INFO]	goods_manager.py	响应时间:413ms	重庆市	万州区	这里是日志信息......
2024-11-04 17:42:01.498074	[INFO]	goods_manager.py	响应时间:271ms	天津市	武清区	这里是日志信息......
2024-11-04 17:42:01.498074	[INFO]	goods_manager.py	响应时间:516ms	上海市	黄浦区	这里是日志信息......
2024-11-04 17:42:01.498074	[INFO]	goods_manager.py	响应时间:757ms	天津市	河西区	这里是日志信息......
2024-11-04 17:42:01.498074	[INFO]	goods_manager.py	响应时间:43ms	广东省	深圳市	这里是日志信息......
2024-11-04 17:42:01.498074	[INFO]	orders_service.py	响应时间:595ms	广东省	广州市	这里是日志信息......
2024-11-04 17:42:01.498074	[WARN]	orders_service.py	响应时间:416ms	湖南省	长沙市	这里是日志信息......
2024-11-04 17:42:01.498074	[INFO]	orders_service.py	响应时间:453ms	山东省	济南市	这里是日志信息......
2024-11-04 17:42:01.498074	[INFO]	orders_service.py	响应时间:28ms	重庆市	九龙坡区	这里是日志信息......
2024-11-04 17:42:01.498074	[WARN]	event.py	响应时间:298ms	安徽省	池州市	这里是日志信息......
2024-11-04 17:42:01.498074	[INFO]	orders_service.py	响应时间:943ms	北京市	丰台区	这里是日志信息......
2024-11-04 17:42:01.498074	[INFO]	event.py	响应时间:210ms	北京市	海淀区	这里是日志信息......
2024-11-04 17:42:01.498074	[INFO]	shop_manager.py	响应时间:342ms	湖南省	张家界市	这里是日志信息......
2024-11-04 17:42:01.498074	[INFO]	orders_service.py	响应时间:523ms	江苏省	南京市	这里是日志信息......
2024-11-04 17:42:01.498074	[INFO]	barcode_service.py	响应时间:378ms	山东省	青岛市	这里是日志信息......
2024-11-04 17:42:01.498074	[INFO]	orders_service.py	响应时间:791ms	浙江省	舟山市	这里是日志信息......
2024-11-04 17:42:01.498074	[INFO]	base_network.py	响应时间:384ms	浙江省	绍兴市	这里是日志信息......
2024-11-04 17:42:01.498074	[WARN]	goods_manager.py	响应时间:452ms	江苏省	无锡市	这里是日志信息......
2024-11-04 17:42:01.498074	[WARN]	goods_manager.py	响应时间:588ms	江苏省	无锡市	这里是日志信息......
2024-11-04 17:42:01.498074	[INFO]	event.py	响应时间:1880ms	广东省	珠海市	这里是日志信息......
2024-11-04 17:42:01.498074	[INFO]	base_network.py	响应时间:666ms	浙江省	舟山市	这里是日志信息......
2024-11-04 17:42:01.498074	[INFO]	user_manager.py	响应时间:104ms	湖南省	张家界市	这里是日志信息......
2024-11-04 17:42:01.498074	[INFO]	goods_manager.py	响应时间:8745ms	湖南省	长沙市	这里是日志信息......
2024-11-04 17:42:01.498074	[INFO]	base_network.py	响应时间:713ms	安徽省	池州市	这里是日志信息......
2024-11-04 17:42:01.498074	[INFO]	goods_manager.py	响应时间:643ms	北京市	丰台区	这里是日志信息......
2024-11-04 17:42:01.498074	[INFO]	barcode_service.py	响应时间:290ms	安徽省	芜湖市	这里是日志信息......
2024-11-04 17:42:01.498074	[INFO]	barcode_service.py	响应时间:544ms	安徽省	芜湖市	这里是日志信息......
2024-11-04 17:42:01.498074	[INFO]	event.py	响应时间:568ms	北京市	海淀区	这里是日志信息......
2024-11-04 17:42:01.498074	[INFO]	orders_service.py	响应时间:846ms	江苏省	张家港市	这里是日志信息......
2024-11-04 17:42:01.498074	[INFO]	goods_manager.py	响应时间:902ms	上海市	浦东新区	这里是日志信息......
2024-11-04 17:42:01.498074	[INFO]	orders_service.py	响应时间:575ms	湖北省	武汉市	这里是日志信息......
2024-11-04 17:42:01.498074	[INFO]	goods_manager.py	响应时间:989ms	北京市	大兴区	这里是日志信息......
2024-11-04 17:42:01.498074	[INFO]	barcode_service.py	响应时间:7ms	山东省	济南市	这里是日志信息......
2024-11-04 17:42:01.498074	[INFO]	goods_manager.py	响应时间:15ms	重庆市	万州区	这里是日志信息......
2024-11-04 17:42:01.498074	[WARN]	event.py	响应时间:667ms	浙江省	绍兴市	这里是日志信息......
2024-11-04 17:42:01.498074	[INFO]	orders_service.py	响应时间:68ms	湖北省	武汉市	这里是日志信息......
2024-11-04 17:42:01.498074	[INFO]	event.py	响应时间:72ms	浙江省	湖州市	这里是日志信息......
2024-11-04 17:42:01.498074	[INFO]	barcode_service.py	响应时间:477ms	浙江省	绍兴市	这里是日志信息......
2024-11-04 17:42:01.498074	[INFO]	event.py	响应时间:775ms	广东省	深圳市	这里是日志信息......
2024-11-04 17:42:01.498074	[INFO]	barcode_service.py	响应时间:347ms	湖南省	长沙市	这里是日志信息......
2024-11-04 17:42:01.498074	[INFO]	shop_manager.py	响应时间:261ms	江苏省	宿迁市	这里是日志信息......
2024-11-04 17:42:01.498074	[INFO]	goods_manager.py	响应时间:150ms	安徽省	合肥市	这里是日志信息......
2024-11-04 17:42:01.498074	[INFO]	orders_service.py	响应时间:325ms	湖南省	长沙市	这里是日志信息......
2024-11-04 17:42:01.498074	[INFO]	event.py	响应时间:1000ms	重庆市	渝中区	这里是日志信息......
2024-11-04 17:42:01.498074	[INFO]	shop_manager.py	响应时间:446ms	湖北省	武汉市	这里是日志信息......
2024-11-04 17:42:01.498074	[INFO]	event.py	响应时间:891ms	湖北省	武汉市	这里是日志信息......
2024-11-04 17:42:01.498074	[INFO]	goods_manager.py	响应时间:874ms	湖南省	长沙市	这里是日志信息......
2024-11-04 17:42:01.498074	[INFO]	event.py	响应时间:377ms	广东省	广州市	这里是日志信息......
2024-11-04 17:42:01.498074	[INFO]	orders_service.py	响应时间:962ms	湖南省	长沙市	这里是日志信息......
2024-11-04 17:42:01.498074	[INFO]	barcode_service.py	响应时间:896ms	上海市	徐汇区	这里是日志信息......
2024-11-04 17:42:01.498074	[INFO]	event.py	响应时间:568ms	上海市	宝山区	这里是日志信息......
2024-11-04 17:42:01.498074	[INFO]	goods_manager.py	响应时间:579ms	上海市	普陀区	这里是日志信息......
2024-11-04 17:42:01.498074	[INFO]	orders_service.py	响应时间:367ms	湖北省	荆州市	这里是日志信息......
2024-11-04 17:42:01.498074	[INFO]	goods_manager.py	响应时间:180ms	湖南省	株洲市	这里是日志信息......
2024-11-04 17:42:01.498074	[INFO]	user_manager.py	响应时间:329ms	湖北省	武汉市	这里是日志信息......
2024-11-04 17:42:01.498074	[INFO]	orders_service.py	响应时间:560ms	山东省	青岛市	这里是日志信息......
2024-11-04 17:42:01.498074	[INFO]	event.py	响应时间:300ms	江苏省	苏州市	这里是日志信息......
2024-11-04 17:42:01.498074	[INFO]	goods_manager.py	响应时间:4441ms	浙江省	嘉兴市	这里是日志信息......
2024-11-04 17:42:01.498074	[INFO]	base_network.py	响应时间:556ms	江苏省	南京市	这里是日志信息......
2024-11-04 17:42:01.498074	[INFO]	orders_service.py	响应时间:197ms	山东省	青岛市	这里是日志信息......
2024-11-04 17:42:01.498074	[INFO]	shop_manager.py	响应时间:16ms	湖南省	常德市	这里是日志信息......
2024-11-04 17:42:01.498074	[INFO]	base_network.py	响应时间:890ms	安徽省	合肥市	这里是日志信息......
2024-11-04 17:42:01.498074	[WARN]	orders_service.py	响应时间:772ms	重庆市	渝中区	这里是日志信息......
2024-11-04 17:42:01.498074	[INFO]	barcode_service.py	响应时间:617ms	湖北省	荆州市	这里是日志信息......
2024-11-04 17:42:01.498074	[WARN]	base_network.py	响应时间:45ms	江苏省	苏州市	这里是日志信息......
2024-11-04 17:42:01.498074	[INFO]	goods_manager.py	响应时间:448ms	天津市	和平区	这里是日志信息......
2024-11-04 17:42:01.498074	[INFO]	user_manager.py	响应时间:778ms	广东省	深圳市	这里是日志信息......
2024-11-04 17:42:01.498074	[INFO]	goods_manager.py	响应时间:93ms	重庆市	沙坪坝区	这里是日志信息......
2024-11-04 17:42:01.498074	[INFO]	goods_manager.py	响应时间:908ms	湖北省	荆州市	这里是日志信息......
2024-11-04 17:42:01.498074	[INFO]	user_manager.py	响应时间:807ms	湖南省	长沙市	这里是日志信息......
2024-11-04 17:42:01.498074	[WARN]	goods_manager.py	响应时间:827ms	北京市	大兴区	这里是日志信息......
2024-11-04 17:42:01.498074	[INFO]	goods_manager.py	响应时间:529ms	北京市	丰台区	这里是日志信息......
2024-11-04 17:42:01.498074	[INFO]	event.py	响应时间:225ms	湖北省	武汉市	这里是日志信息......
2024-11-04 17:42:01.498074	[INFO]	event.py	响应时间:542ms	广东省	深圳市	这里是日志信息......
2024-11-04 17:42:01.498074	[INFO]	orders_service.py	响应时间:820ms	湖南省	张家界市	这里是日志信息......
2024-11-04 17:42:01.498074	[ERROR]	user_manager.py	响应时间:7042ms	上海市	杨浦区	这里是日志信息......
2024-11-04 17:42:01.498074	[INFO]	goods_manager.py	响应时间:913ms	安徽省	铜陵市	这里是日志信息......
2024-11-04 17:42:01.498074	[INFO]	goods_manager.py	响应时间:236ms	安徽省	合肥市	这里是日志信息......
2024-11-04 17:42:01.498074	[INFO]	event.py	响应时间:708ms	江苏省	无锡市	这里是日志信息......
2024-11-04 17:42:01.498074	[INFO]	event.py	响应时间:129ms	江苏省	南京市	这里是日志信息......
2024-11-04 17:42:01.498074	[INFO]	base_network.py	响应时间:468ms	湖北省	荆州市	这里是日志信息......
2024-11-04 17:42:01.498074	[INFO]	barcode_service.py	响应时间:88ms	安徽省	阜阳市	这里是日志信息......
2024-11-04 17:42:01.498074	[INFO]	base_network.py	响应时间:606ms	江苏省	南京市	这里是日志信息......
2024-11-04 17:42:01.498074	[INFO]	goods_manager.py	响应时间:286ms	江苏省	南京市	这里是日志信息......
2024-11-04 17:42:01.498074	[WARN]	orders_service.py	响应时间:824ms	重庆市	南岸区	这里是日志信息......
2024-11-04 17:42:01.498074	[INFO]	event.py	响应时间:504ms	北京市	昌平区	这里是日志信息......
2024-11-04 17:42:01.498074	[INFO]	goods_manager.py	响应时间:284ms	浙江省	舟山市	这里是日志信息......
2024-11-04 17:42:01.498074	[INFO]	goods_manager.py	响应时间:531ms	安徽省	铜陵市	这里是日志信息......
2024-11-04 17:42:01.498074	[INFO]	goods_manager.py	响应时间:313ms	湖北省	十堰市	这里是日志信息......
2024-11-04 17:42:01.498074	[INFO]	goods_manager.py	响应时间:702ms	重庆市	万州区	这里是日志信息......
2024-11-04 17:42:01.498074	[ERROR]	base_network.py	响应时间:101ms	浙江省	丽水市	这里是日志信息......
2024-11-04 17:42:01.498074	[INFO]	user_manager.py	响应时间:934ms	山东省	菏泽市	这里是日志信息......
2024-11-04 17:42:01.498074	[INFO]	goods_manager.py	响应时间:743ms	湖南省	长沙市	这里是日志信息......
2024-11-04 17:42:01.498074	[INFO]	goods_manager.py	响应时间:319ms	山东省	济南市	这里是日志信息......
2024-11-04 17:42:01.498074	[INFO]	event.py	响应时间:80ms	上海市	普陀区	这里是日志信息......
2024-11-04 17:42:01.498074	[INFO]	goods_manager.py	响应时间:554ms	山东省	青岛市	这里是日志信息......
2024-11-04 17:42:01.498074	[INFO]	orders_service.py	响应时间:1000ms	重庆市	九龙坡区	这里是日志信息......
2024-11-04 17:42:01.498074	[INFO]	shop_manager.py	响应时间:170ms	广东省	深圳市	这里是日志信息......
2024-11-04 17:42:01.498074	[INFO]	goods_manager.py	响应时间:855ms	湖北省	荆州市	这里是日志信息......
2024-11-04 17:42:01.498074	[WARN]	barcode_service.py	响应时间:817ms	北京市	怀柔区	这里是日志信息......
2024-11-04 17:42:01.498074	[INFO]	shop_manager.py	响应时间:979ms	湖南省	长沙市	这里是日志信息......
2024-11-04 17:42:01.498074	[INFO]	user_manager.py	响应时间:463ms	天津市	和平区	这里是日志信息......
2024-11-04 17:42:01.498074	[INFO]	event.py	响应时间:411ms	山东省	济南市	这里是日志信息......
2024-11-04 17:42:01.498074	[INFO]	event.py	响应时间:254ms	重庆市	万州区	这里是日志信息......
2024-11-04 17:42:01.498074	[INFO]	orders_service.py	响应时间:103ms	浙江省	嘉兴市	这里是日志信息......
2024-11-04 17:42:01.498074	[WARN]	event.py	响应时间:184ms	湖南省	常德市	这里是日志信息......
2024-11-04 17:42:01.498074	[INFO]	barcode_service.py	响应时间:818ms	安徽省	合肥市	这里是日志信息......
2024-11-04 17:42:01.498074	[INFO]	goods_manager.py	响应时间:448ms	上海市	静安区	这里是日志信息......
2024-11-04 17:42:01.498074	[INFO]	barcode_service.py	响应时间:995ms	安徽省	芜湖市	这里是日志信息......
2024-11-04 17:42:01.498074	[INFO]	orders_service.py	响应时间:496ms	重庆市	万州区	这里是日志信息......
2024-11-04 17:42:01.498074	[INFO]	barcode_service.py	响应时间:107ms	广东省	珠海市	这里是日志信息......
2024-11-04 17:42:01.499131	[INFO]	goods_manager.py	响应时间:823ms	江苏省	张家港市	这里是日志信息......
2024-11-04 17:42:01.499131	[INFO]	event.py	响应时间:76ms	广东省	广州市	这里是日志信息......
2024-11-04 17:42:01.499131	[INFO]	orders_service.py	响应时间:109ms	湖北省	武汉市	这里是日志信息......
2024-11-04 17:42:01.499131	[INFO]	orders_service.py	响应时间:688ms	上海市	静安区	这里是日志信息......
2024-11-04 17:42:01.499131	[INFO]	goods_manager.py	响应时间:145ms	北京市	怀柔区	这里是日志信息......
2024-11-04 17:42:01.499131	[INFO]	event.py	响应时间:451ms	广东省	广州市	这里是日志信息......
2024-11-04 17:42:01.499131	[INFO]	event.py	响应时间:907ms	湖南省	长沙市	这里是日志信息......
2024-11-04 17:42:01.499131	[INFO]	user_manager.py	响应时间:1000ms	浙江省	绍兴市	这里是日志信息......
2024-11-04 17:42:01.499131	[INFO]	event.py	响应时间:903ms	北京市	海淀区	这里是日志信息......
2024-11-04 17:42:01.499131	[WARN]	goods_manager.py	响应时间:819ms	上海市	黄浦区	这里是日志信息......
2024-11-04 17:42:01.499131	[INFO]	shop_manager.py	响应时间:757ms	湖北省	十堰市	这里是日志信息......
2024-11-04 17:42:01.499131	[WARN]	orders_service.py	响应时间:718ms	上海市	普陀区	这里是日志信息......
2024-11-04 17:42:01.499131	[INFO]	user_manager.py	响应时间:787ms	北京市	昌平区	这里是日志信息......
2024-11-04 17:42:01.499131	[ERROR]	event.py	响应时间:678ms	重庆市	南岸区	这里是日志信息......
2024-11-04 17:42:01.499131	[INFO]	goods_manager.py	响应时间:635ms	浙江省	绍兴市	这里是日志信息......
2024-11-04 17:42:01.499131	[INFO]	barcode_service.py	响应时间:883ms	天津市	河西区	这里是日志信息......
2024-11-04 17:42:01.499131	[INFO]	orders_service.py	响应时间:929ms	北京市	怀柔区	这里是日志信息......
2024-11-04 17:42:01.499131	[INFO]	shop_manager.py	响应时间:658ms	浙江省	舟山市	这里是日志信息......
2024-11-04 17:42:01.499131	[INFO]	goods_manager.py	响应时间:239ms	上海市	浦东新区	这里是日志信息......
2024-11-04 17:42:01.499131	[INFO]	shop_manager.py	响应时间:698ms	安徽省	阜阳市	这里是日志信息......
2024-11-04 17:42:01.499131	[INFO]	orders_service.py	响应时间:474ms	广东省	珠海市	这里是日志信息......
2024-11-04 17:42:01.499131	[INFO]	orders_service.py	响应时间:832ms	湖北省	恩施土家族苗族自治州	这里是日志信息......
2024-11-04 17:42:01.499131	[INFO]	user_manager.py	响应时间:490ms	安徽省	合肥市	这里是日志信息......
2024-11-04 17:42:01.499131	[INFO]	goods_manager.py	响应时间:263ms	浙江省	绍兴市	这里是日志信息......
2024-11-04 17:42:01.499131	[INFO]	barcode_service.py	响应时间:388ms	江苏省	苏州市	这里是日志信息......
2024-11-04 17:42:01.499131	[INFO]	orders_service.py	响应时间:597ms	湖南省	张家界市	这里是日志信息......
2024-11-04 17:42:01.499131	[WARN]	event.py	响应时间:361ms	江苏省	南京市	这里是日志信息......
2024-11-04 17:42:01.499131	[INFO]	goods_manager.py	响应时间:44ms	广东省	广州市	这里是日志信息......
2024-11-04 17:42:01.499131	[INFO]	base_network.py	响应时间:633ms	天津市	河东区	这里是日志信息......
2024-11-04 17:42:01.499131	[INFO]	goods_manager.py	响应时间:56ms	浙江省	绍兴市	这里是日志信息......
2024-11-04 17:42:01.499131	[WARN]	user_manager.py	响应时间:699ms	江苏省	无锡市	这里是日志信息......
2024-11-04 17:42:01.499131	[INFO]	goods_manager.py	响应时间:589ms	安徽省	阜阳市	这里是日志信息......
2024-11-04 17:42:01.499131	[INFO]	goods_manager.py	响应时间:143ms	北京市	大兴区	这里是日志信息......
2024-11-04 17:42:01.499131	[INFO]	goods_manager.py	响应时间:139ms	山东省	青岛市	这里是日志信息......
2024-11-04 17:42:01.499131	[INFO]	goods_manager.py	响应时间:229ms	天津市	武清区	这里是日志信息......
2024-11-04 17:42:01.499131	[INFO]	event.py	响应时间:659ms	天津市	河东区	这里是日志信息......
2024-11-04 17:42:01.499131	[INFO]	goods_manager.py	响应时间:460ms	北京市	海淀区	这里是日志信息......
2024-11-04 17:42:01.499131	[INFO]	orders_service.py	响应时间:963ms	浙江省	湖州市	这里是日志信息......
2024-11-04 17:42:01.499131	[INFO]	orders_service.py	响应时间:915ms	浙江省	杭州市	这里是日志信息......
2024-11-04 17:42:01.499131	[INFO]	goods_manager.py	响应时间:40ms	湖北省	十堰市	这里是日志信息......
2024-11-04 17:42:01.499131	[INFO]	shop_manager.py	响应时间:230ms	安徽省	合肥市	这里是日志信息......
2024-11-04 17:42:01.499131	[INFO]	event.py	响应时间:140ms	北京市	海淀区	这里是日志信息......
2024-11-04 17:42:01.499131	[INFO]	event.py	响应时间:563ms	山东省	青岛市	这里是日志信息......
2024-11-04 17:42:01.499131	[INFO]	orders_service.py	响应时间:548ms	湖北省	武汉市	这里是日志信息......
2024-11-04 17:42:01.499131	[INFO]	goods_manager.py	响应时间:834ms	北京市	丰台区	这里是日志信息......
2024-11-04 17:42:01.499131	[INFO]	orders_service.py	响应时间:374ms	重庆市	万州区	这里是日志信息......
2024-11-04 17:42:01.499131	[INFO]	user_manager.py	响应时间:235ms	江苏省	南京市	这里是日志信息......
2024-11-04 17:42:01.499131	[INFO]	orders_service.py	响应时间:930ms	重庆市	沙坪坝区	这里是日志信息......
2024-11-04 17:42:01.499131	[INFO]	event.py	响应时间:981ms	山东省	济南市	这里是日志信息......
2024-11-04 17:42:01.499131	[INFO]	orders_service.py	响应时间:950ms	湖北省	武汉市	这里是日志信息......
2024-11-04 17:42:01.499131	[INFO]	user_manager.py	响应时间:121ms	湖北省	武汉市	这里是日志信息......
2024-11-04 17:42:01.499131	[INFO]	goods_manager.py	响应时间:925ms	浙江省	杭州市	这里是日志信息......
2024-11-04 17:42:01.499131	[INFO]	user_manager.py	响应时间:475ms	湖北省	武汉市	这里是日志信息......
2024-11-04 17:42:01.499131	[INFO]	base_network.py	响应时间:608ms	湖南省	益阳市	这里是日志信息......
2024-11-04 17:42:01.499131	[ERROR]	shop_manager.py	响应时间:774ms	广东省	广州市	这里是日志信息......
2024-11-04 17:42:01.499131	[INFO]	goods_manager.py	响应时间:792ms	湖北省	恩施土家族苗族自治州	这里是日志信息......
2024-11-04 17:42:01.499131	[WARN]	orders_service.py	响应时间:86ms	天津市	武清区	这里是日志信息......
2024-11-04 17:42:01.499131	[INFO]	goods_manager.py	响应时间:209ms	天津市	武清区	这里是日志信息......
2024-11-04 17:42:01.499131	[WARN]	goods_manager.py	响应时间:42ms	浙江省	舟山市	这里是日志信息......
2024-11-04 17:42:01.499131	[INFO]	event.py	响应时间:334ms	广东省	珠海市	这里是日志信息......
2024-11-04 17:42:01.499131	[INFO]	event.py	响应时间:661ms	湖北省	荆州市	这里是日志信息......
2024-11-04 17:42:01.499131	[INFO]	shop_manager.py	响应时间:702ms	浙江省	舟山市	这里是日志信息......
2024-11-04 17:42:01.499131	[WARN]	goods_manager.py	响应时间:378ms	北京市	海淀区	这里是日志信息......
2024-11-04 17:42:01.499131	[INFO]	event.py	响应时间:454ms	广东省	广州市	这里是日志信息......
2024-11-04 17:42:01.499131	[INFO]	goods_manager.py	响应时间:254ms	江苏省	南京市	这里是日志信息......
2024-11-04 17:42:01.499131	[INFO]	base_network.py	响应时间:838ms	天津市	宝坻区	这里是日志信息......
2024-11-04 17:42:01.499131	[INFO]	shop_manager.py	响应时间:456ms	浙江省	杭州市	这里是日志信息......
2024-11-04 17:42:01.499131	[INFO]	goods_manager.py	响应时间:610ms	广东省	珠海市	这里是日志信息......
2024-11-04 17:42:01.499131	[INFO]	shop_manager.py	响应时间:286ms	湖南省	长沙市	这里是日志信息......
2024-11-04 17:42:01.499131	[INFO]	orders_service.py	响应时间:825ms	湖北省	武汉市	这里是日志信息......
2024-11-04 17:42:01.499131	[WARN]	base_network.py	响应时间:56ms	北京市	海淀区	这里是日志信息......
2024-11-04 17:42:01.499131	[INFO]	base_network.py	响应时间:509ms	浙江省	舟山市	这里是日志信息......
2024-11-04 17:42:01.499131	[INFO]	event.py	响应时间:182ms	浙江省	杭州市	这里是日志信息......
2024-11-04 17:42:01.499131	[INFO]	barcode_service.py	响应时间:80ms	浙江省	金华市	这里是日志信息......
2024-11-04 17:42:01.499131	[INFO]	user_manager.py	响应时间:975ms	安徽省	阜阳市	这里是日志信息......
2024-11-04 17:42:01.499131	[INFO]	event.py	响应时间:272ms	江苏省	南京市	这里是日志信息......
2024-11-04 17:42:01.499131	[INFO]	user_manager.py	响应时间:588ms	北京市	海淀区	这里是日志信息......
2024-11-04 17:42:01.499131	[INFO]	base_network.py	响应时间:238ms	浙江省	杭州市	这里是日志信息......
2024-11-04 17:42:01.499131	[INFO]	orders_service.py	响应时间:751ms	山东省	青岛市	这里是日志信息......
2024-11-04 17:42:01.499131	[WARN]	barcode_service.py	响应时间:581ms	上海市	杨浦区	这里是日志信息......
2024-11-04 17:42:01.499131	[INFO]	user_manager.py	响应时间:579ms	山东省	青岛市	这里是日志信息......
2024-11-04 17:42:01.499131	[INFO]	user_manager.py	响应时间:321ms	湖北省	武汉市	这里是日志信息......
2024-11-04 17:42:01.499131	[INFO]	base_network.py	响应时间:107ms	湖南省	张家界市	这里是日志信息......
2024-11-04 17:42:01.499131	[WARN]	orders_service.py	响应时间:466ms	北京市	朝阳区	这里是日志信息......
2024-11-04 17:42:01.499131	[INFO]	shop_manager.py	响应时间:871ms	湖南省	长沙市	这里是日志信息......
2024-11-04 17:42:01.499131	[INFO]	shop_manager.py	响应时间:3450ms	重庆市	万州区	这里是日志信息......
2024-11-04 17:42:01.499131	[INFO]	user_manager.py	响应时间:248ms	江苏省	苏州市	这里是日志信息......
2024-11-04 17:42:01.499131	[INFO]	event.py	响应时间:39ms	山东省	青岛市	这里是日志信息......
2024-11-04 17:42:01.499131	[INFO]	barcode_service.py	响应时间:674ms	天津市	宝坻区	这里是日志信息......
2024-11-04 17:42:01.499131	[INFO]	user_manager.py	响应时间:578ms	上海市	浦东新区	这里是日志信息......
2024-11-04 17:42:01.499131	[INFO]	base_network.py	响应时间:627ms	浙江省	嘉兴市	这里是日志信息......
2024-11-04 17:42:01.499131	[INFO]	orders_service.py	响应时间:98ms	浙江省	金华市	这里是日志信息......
2024-11-04 17:42:01.499131	[INFO]	shop_manager.py	响应时间:2663ms	重庆市	万州区	这里是日志信息......
2024-11-04 17:42:01.499131	[INFO]	goods_manager.py	响应时间:909ms	上海市	黄浦区	这里是日志信息......
2024-11-04 17:42:01.499131	[INFO]	goods_manager.py	响应时间:660ms	湖南省	长沙市	这里是日志信息......
2024-11-04 17:42:01.499131	[WARN]	base_network.py	响应时间:462ms	广东省	广州市	这里是日志信息......
2024-11-04 17:42:01.499131	[INFO]	barcode_service.py	响应时间:881ms	上海市	普陀区	这里是日志信息......
2024-11-04 17:42:01.499131	[INFO]	event.py	响应时间:126ms	广东省	广州市	这里是日志信息......
2024-11-04 17:42:01.499131	[INFO]	goods_manager.py	响应时间:879ms	上海市	普陀区	这里是日志信息......
2024-11-04 17:42:01.499131	[INFO]	event.py	响应时间:128ms	山东省	青岛市	这里是日志信息......
2024-11-04 17:42:01.499131	[INFO]	goods_manager.py	响应时间:281ms	浙江省	湖州市	这里是日志信息......
2024-11-04 17:42:01.499131	[INFO]	orders_service.py	响应时间:62ms	上海市	宝山区	这里是日志信息......
2024-11-04 17:42:01.499131	[INFO]	orders_service.py	响应时间:749ms	山东省	青岛市	这里是日志信息......
2024-11-04 17:42:01.499131	[INFO]	goods_manager.py	响应时间:167ms	北京市	海淀区	这里是日志信息......
2024-11-04 17:42:01.499131	[ERROR]	base_network.py	响应时间:2835ms	浙江省	金华市	这里是日志信息......
2024-11-04 17:42:01.499131	[INFO]	goods_manager.py	响应时间:937ms	北京市	海淀区	这里是日志信息......
2024-11-04 17:42:01.499131	[INFO]	orders_service.py	响应时间:828ms	天津市	河东区	这里是日志信息......
2024-11-04 17:42:01.499131	[INFO]	base_network.py	响应时间:971ms	湖北省	武汉市	这里是日志信息......
2024-11-04 17:42:01.499131	[INFO]	goods_manager.py	响应时间:568ms	上海市	徐汇区	这里是日志信息......
2024-11-04 17:42:01.499131	[INFO]	user_manager.py	响应时间:804ms	安徽省	阜阳市	这里是日志信息......
2024-11-04 17:42:01.499131	[WARN]	orders_service.py	响应时间:4456ms	湖南省	长沙市	这里是日志信息......
2024-11-04 17:42:01.499131	[WARN]	event.py	响应时间:936ms	山东省	菏泽市	这里是日志信息......
2024-11-04 17:42:01.499131	[WARN]	barcode_service.py	响应时间:842ms	广东省	深圳市	这里是日志信息......
2024-11-04 17:42:01.499131	[INFO]	event.py	响应时间:618ms	安徽省	芜湖市	这里是日志信息......
2024-11-04 17:42:01.499131	[INFO]	goods_manager.py	响应时间:899ms	湖北省	十堰市	这里是日志信息......
2024-11-04 17:42:01.499131	[WARN]	orders_service.py	响应时间:754ms	上海市	杨浦区	这里是日志信息......
2024-11-04 17:42:01.499131	[INFO]	orders_service.py	响应时间:138ms	湖北省	恩施土家族苗族自治州	这里是日志信息......
2024-11-04 17:42:01.499131	[INFO]	orders_service.py	响应时间:2955ms	安徽省	芜湖市	这里是日志信息......
2024-11-04 17:42:01.499131	[INFO]	orders_service.py	响应时间:881ms	浙江省	湖州市	这里是日志信息......
2024-11-04 17:42:01.499131	[INFO]	orders_service.py	响应时间:273ms	山东省	青岛市	这里是日志信息......
2024-11-04 17:42:01.499131	[INFO]	orders_service.py	响应时间:91ms	安徽省	六安市	这里是日志信息......
2024-11-04 17:42:01.499131	[INFO]	event.py	响应时间:3759ms	江苏省	苏州市	这里是日志信息......
2024-11-04 17:42:01.499131	[WARN]	event.py	响应时间:368ms	湖南省	长沙市	这里是日志信息......
2024-11-04 17:42:01.499131	[INFO]	orders_service.py	响应时间:284ms	湖南省	长沙市	这里是日志信息......
2024-11-04 17:42:01.499131	[INFO]	shop_manager.py	响应时间:623ms	重庆市	渝中区	这里是日志信息......
2024-11-04 17:42:01.499131	[WARN]	event.py	响应时间:741ms	湖南省	常德市	这里是日志信息......
2024-11-04 17:42:01.499131	[INFO]	goods_manager.py	响应时间:612ms	天津市	和平区	这里是日志信息......
2024-11-04 17:42:01.499131	[INFO]	goods_manager.py	响应时间:84ms	上海市	徐汇区	这里是日志信息......
2024-11-04 17:42:01.499131	[WARN]	event.py	响应时间:789ms	北京市	昌平区	这里是日志信息......
2024-11-04 17:42:01.499131	[INFO]	event.py	响应时间:509ms	北京市	大兴区	这里是日志信息......
2024-11-04 17:42:01.499131	[WARN]	base_network.py	响应时间:833ms	重庆市	南岸区	这里是日志信息......
2024-11-04 17:42:01.499131	[WARN]	orders_service.py	响应时间:533ms	山东省	青岛市	这里是日志信息......
2024-11-04 17:42:01.499131	[INFO]	base_network.py	响应时间:448ms	湖南省	长沙市	这里是日志信息......
2024-11-04 17:42:01.499131	[INFO]	barcode_service.py	响应时间:439ms	天津市	宝坻区	这里是日志信息......
2024-11-04 17:42:01.499131	[INFO]	event.py	响应时间:358ms	江苏省	常州市	这里是日志信息......
2024-11-04 17:42:01.499131	[INFO]	orders_service.py	响应时间:425ms	重庆市	南岸区	这里是日志信息......
2024-11-04 17:42:01.499131	[INFO]	event.py	响应时间:154ms	浙江省	舟山市	这里是日志信息......
2024-11-04 17:42:01.500131	[INFO]	orders_service.py	响应时间:643ms	广东省	广州市	这里是日志信息......
2024-11-04 17:42:01.500131	[INFO]	goods_manager.py	响应时间:708ms	湖南省	长沙市	这里是日志信息......
2024-11-04 17:42:01.500131	[ERROR]	base_network.py	响应时间:474ms	天津市	宝坻区	这里是日志信息......
2024-11-04 17:42:01.500131	[INFO]	orders_service.py	响应时间:3ms	山东省	济南市	这里是日志信息......
2024-11-04 17:42:01.500131	[WARN]	barcode_service.py	响应时间:228ms	上海市	宝山区	这里是日志信息......
2024-11-04 17:42:01.500131	[INFO]	event.py	响应时间:57ms	天津市	宝坻区	这里是日志信息......
2024-11-04 17:42:01.500131	[INFO]	orders_service.py	响应时间:846ms	湖北省	恩施土家族苗族自治州	这里是日志信息......
2024-11-04 17:42:01.500131	[INFO]	shop_manager.py	响应时间:50ms	广东省	深圳市	这里是日志信息......
2024-11-04 17:42:01.500131	[INFO]	orders_service.py	响应时间:989ms	广东省	广州市	这里是日志信息......
2024-11-04 17:42:01.500131	[INFO]	event.py	响应时间:864ms	江苏省	宿迁市	这里是日志信息......
2024-11-04 17:42:01.500131	[WARN]	event.py	响应时间:592ms	北京市	怀柔区	这里是日志信息......
2024-11-04 17:42:01.500131	[INFO]	goods_manager.py	响应时间:577ms	广东省	珠海市	这里是日志信息......
2024-11-04 17:42:01.500131	[INFO]	user_manager.py	响应时间:624ms	湖南省	株洲市	这里是日志信息......
2024-11-04 17:42:01.500131	[INFO]	base_network.py	响应时间:674ms	湖北省	恩施土家族苗族自治州	这里是日志信息......
2024-11-04 17:42:01.500131	[INFO]	shop_manager.py	响应时间:682ms	上海市	普陀区	这里是日志信息......
2024-11-04 17:42:01.500131	[INFO]	user_manager.py	响应时间:955ms	湖南省	常德市	这里是日志信息......
2024-11-04 17:42:01.500131	[INFO]	orders_service.py	响应时间:715ms	湖南省	长沙市	这里是日志信息......
2024-11-04 17:42:01.500131	[INFO]	base_network.py	响应时间:414ms	上海市	浦东新区	这里是日志信息......
2024-11-04 17:42:01.500131	[INFO]	goods_manager.py	响应时间:730ms	安徽省	铜陵市	这里是日志信息......
2024-11-04 17:42:01.500131	[INFO]	barcode_service.py	响应时间:339ms	安徽省	芜湖市	这里是日志信息......
2024-11-04 17:42:01.500131	[INFO]	user_manager.py	响应时间:892ms	湖北省	武汉市	这里是日志信息......
2024-11-04 17:42:01.500131	[INFO]	orders_service.py	响应时间:254ms	重庆市	沙坪坝区	这里是日志信息......
2024-11-04 17:42:01.500131	[INFO]	user_manager.py	响应时间:915ms	广东省	广州市	这里是日志信息......
2024-11-04 17:42:01.500131	[WARN]	orders_service.py	响应时间:314ms	天津市	和平区	这里是日志信息......
2024-11-04 17:42:01.500131	[INFO]	event.py	响应时间:759ms	湖北省	武汉市	这里是日志信息......
2024-11-04 17:42:01.500131	[WARN]	orders_service.py	响应时间:590ms	湖南省	长沙市	这里是日志信息......
2024-11-04 17:42:01.500131	[INFO]	event.py	响应时间:417ms	北京市	海淀区	这里是日志信息......
2024-11-04 17:42:01.500131	[INFO]	orders_service.py	响应时间:9352ms	北京市	海淀区	这里是日志信息......
2024-11-04 17:42:01.500131	[INFO]	barcode_service.py	响应时间:437ms	安徽省	合肥市	这里是日志信息......
2024-11-04 17:42:01.500131	[WARN]	user_manager.py	响应时间:414ms	浙江省	嘉兴市	这里是日志信息......
2024-11-04 17:42:01.500131	[INFO]	base_network.py	响应时间:973ms	湖北省	恩施土家族苗族自治州	这里是日志信息......
2024-11-04 17:42:01.500131	[INFO]	goods_manager.py	响应时间:590ms	天津市	武清区	这里是日志信息......
2024-11-04 17:42:01.500131	[INFO]	goods_manager.py	响应时间:8178ms	安徽省	合肥市	这里是日志信息......
2024-11-04 17:42:01.500131	[INFO]	barcode_service.py	响应时间:314ms	重庆市	沙坪坝区	这里是日志信息......
2024-11-04 17:42:01.500131	[INFO]	orders_service.py	响应时间:906ms	天津市	和平区	这里是日志信息......
2024-11-04 17:42:01.500131	[INFO]	orders_service.py	响应时间:87ms	山东省	青岛市	这里是日志信息......
2024-11-04 17:42:01.500131	[INFO]	barcode_service.py	响应时间:597ms	重庆市	涪陵区	这里是日志信息......
2024-11-04 17:42:01.500131	[INFO]	barcode_service.py	响应时间:200ms	安徽省	合肥市	这里是日志信息......
2024-11-04 17:42:01.500131	[INFO]	orders_service.py	响应时间:921ms	安徽省	铜陵市	这里是日志信息......
2024-11-04 17:42:01.500131	[INFO]	event.py	响应时间:932ms	上海市	浦东新区	这里是日志信息......
2024-11-04 17:42:01.500131	[INFO]	event.py	响应时间:187ms	山东省	青岛市	这里是日志信息......
2024-11-04 17:42:01.500131	[INFO]	user_manager.py	响应时间:512ms	北京市	大兴区	这里是日志信息......
2024-11-04 17:42:01.500131	[INFO]	event.py	响应时间:608ms	江苏省	常州市	这里是日志信息......
2024-11-04 17:42:01.500131	[WARN]	event.py	响应时间:307ms	湖北省	武汉市	这里是日志信息......
2024-11-04 17:42:01.500131	[INFO]	barcode_service.py	响应时间:381ms	山东省	济南市	这里是日志信息......
2024-11-04 17:42:01.500131	[INFO]	orders_service.py	响应时间:315ms	上海市	浦东新区	这里是日志信息......
2024-11-04 17:42:01.500131	[WARN]	user_manager.py	响应时间:641ms	上海市	静安区	这里是日志信息......
2024-11-04 17:42:01.500131	[INFO]	goods_manager.py	响应时间:227ms	重庆市	九龙坡区	这里是日志信息......
2024-11-04 17:42:01.500131	[INFO]	goods_manager.py	响应时间:155ms	广东省	广州市	这里是日志信息......
2024-11-04 17:42:01.500131	[WARN]	user_manager.py	响应时间:734ms	广东省	广州市	这里是日志信息......
2024-11-04 17:42:01.500131	[INFO]	goods_manager.py	响应时间:83ms	北京市	大兴区	这里是日志信息......
2024-11-04 17:42:01.500131	[INFO]	base_network.py	响应时间:447ms	浙江省	金华市	这里是日志信息......
2024-11-04 17:42:01.500131	[INFO]	event.py	响应时间:515ms	广东省	深圳市	这里是日志信息......
2024-11-04 17:42:01.500131	[INFO]	goods_manager.py	响应时间:667ms	上海市	黄浦区	这里是日志信息......
2024-11-04 17:42:01.500131	[INFO]	shop_manager.py	响应时间:408ms	江苏省	常州市	这里是日志信息......
2024-11-04 17:42:01.500131	[INFO]	barcode_service.py	响应时间:29ms	山东省	青岛市	这里是日志信息......
2024-11-04 17:42:01.500131	[INFO]	base_network.py	响应时间:904ms	上海市	浦东新区	这里是日志信息......
2024-11-04 17:42:01.500131	[INFO]	barcode_service.py	响应时间:360ms	湖北省	武汉市	这里是日志信息......
2024-11-04 17:42:01.500131	[INFO]	event.py	响应时间:469ms	湖南省	长沙市	这里是日志信息......
2024-11-04 17:42:01.500131	[INFO]	base_network.py	响应时间:286ms	湖北省	武汉市	这里是日志信息......
2024-11-04 17:42:01.500131	[INFO]	orders_service.py	响应时间:49ms	安徽省	合肥市	这里是日志信息......
2024-11-04 17:42:01.500131	[INFO]	user_manager.py	响应时间:406ms	安徽省	阜阳市	这里是日志信息......
2024-11-04 17:42:01.500131	[INFO]	event.py	响应时间:62ms	上海市	宝山区	这里是日志信息......
2024-11-04 17:42:01.500131	[INFO]	event.py	响应时间:728ms	江苏省	苏州市	这里是日志信息......
2024-11-04 17:42:01.500131	[INFO]	goods_manager.py	响应时间:710ms	湖北省	恩施土家族苗族自治州	这里是日志信息......
2024-11-04 17:42:01.500131	[INFO]	user_manager.py	响应时间:354ms	重庆市	沙坪坝区	这里是日志信息......
2024-11-04 17:42:01.500131	[INFO]	base_network.py	响应时间:0ms	山东省	济南市	这里是日志信息......
2024-11-04 17:42:01.500131	[INFO]	event.py	响应时间:166ms	上海市	徐汇区	这里是日志信息......
2024-11-04 17:42:01.500131	[INFO]	event.py	响应时间:621ms	湖北省	武汉市	这里是日志信息......
2024-11-04 17:42:01.500131	[INFO]	event.py	响应时间:339ms	江苏省	张家港市	这里是日志信息......
2024-11-04 17:42:01.500131	[INFO]	base_network.py	响应时间:766ms	安徽省	芜湖市	这里是日志信息......
2024-11-04 17:42:01.500131	[INFO]	goods_manager.py	响应时间:579ms	安徽省	六安市	这里是日志信息......
2024-11-04 17:42:01.500131	[INFO]	base_network.py	响应时间:377ms	重庆市	涪陵区	这里是日志信息......
2024-11-04 17:42:01.500131	[INFO]	user_manager.py	响应时间:584ms	湖南省	长沙市	这里是日志信息......
2024-11-04 17:42:01.500131	[INFO]	user_manager.py	响应时间:976ms	山东省	青岛市	这里是日志信息......
2024-11-04 17:42:01.500131	[INFO]	event.py	响应时间:739ms	江苏省	张家港市	这里是日志信息......
2024-11-04 17:42:01.500131	[INFO]	goods_manager.py	响应时间:588ms	安徽省	铜陵市	这里是日志信息......
2024-11-04 17:42:01.500131	[WARN]	event.py	响应时间:748ms	上海市	宝山区	这里是日志信息......
2024-11-04 17:42:01.500131	[INFO]	orders_service.py	响应时间:204ms	湖南省	长沙市	这里是日志信息......
2024-11-04 17:42:01.500131	[INFO]	event.py	响应时间:274ms	广东省	广州市	这里是日志信息......
2024-11-04 17:42:01.500131	[INFO]	shop_manager.py	响应时间:283ms	北京市	怀柔区	这里是日志信息......
2024-11-04 17:42:01.500131	[WARN]	barcode_service.py	响应时间:762ms	山东省	青岛市	这里是日志信息......
2024-11-04 17:42:01.500131	[INFO]	user_manager.py	响应时间:626ms	江苏省	南京市	这里是日志信息......
2024-11-04 17:42:01.500131	[INFO]	goods_manager.py	响应时间:594ms	湖北省	荆州市	这里是日志信息......
2024-11-04 17:42:01.500131	[INFO]	shop_manager.py	响应时间:408ms	江苏省	南京市	这里是日志信息......
2024-11-04 17:42:01.500131	[INFO]	barcode_service.py	响应时间:36ms	浙江省	杭州市	这里是日志信息......
2024-11-04 17:42:01.500131	[INFO]	barcode_service.py	响应时间:125ms	天津市	和平区	这里是日志信息......
2024-11-04 17:42:01.500131	[INFO]	user_manager.py	响应时间:743ms	广东省	深圳市	这里是日志信息......
2024-11-04 17:42:01.500131	[INFO]	event.py	响应时间:7ms	江苏省	张家港市	这里是日志信息......
2024-11-04 17:42:01.500131	[INFO]	orders_service.py	响应时间:273ms	安徽省	合肥市	这里是日志信息......
2024-11-04 17:42:01.500131	[INFO]	event.py	响应时间:975ms	安徽省	六安市	这里是日志信息......
2024-11-04 17:42:01.500131	[INFO]	event.py	响应时间:381ms	江苏省	无锡市	这里是日志信息......
2024-11-04 17:42:01.500131	[WARN]	event.py	响应时间:553ms	浙江省	金华市	这里是日志信息......
2024-11-04 17:42:01.500131	[INFO]	barcode_service.py	响应时间:502ms	山东省	青岛市	这里是日志信息......
2024-11-04 17:42:01.500131	[INFO]	user_manager.py	响应时间:70ms	山东省	济南市	这里是日志信息......
2024-11-04 17:42:01.500131	[WARN]	goods_manager.py	响应时间:791ms	上海市	静安区	这里是日志信息......
2024-11-04 17:42:01.500131	[INFO]	goods_manager.py	响应时间:875ms	上海市	普陀区	这里是日志信息......
2024-11-04 17:42:01.500131	[INFO]	goods_manager.py	响应时间:62ms	湖南省	张家界市	这里是日志信息......
2024-11-04 17:42:01.500131	[INFO]	shop_manager.py	响应时间:608ms	湖南省	长沙市	这里是日志信息......
2024-11-04 17:42:01.500131	[INFO]	shop_manager.py	响应时间:256ms	江苏省	南京市	这里是日志信息......
2024-11-04 17:42:01.500131	[INFO]	goods_manager.py	响应时间:449ms	广东省	广州市	这里是日志信息......
2024-11-04 17:42:01.500131	[INFO]	event.py	响应时间:363ms	广东省	广州市	这里是日志信息......
2024-11-04 17:42:01.500131	[WARN]	orders_service.py	响应时间:440ms	安徽省	铜陵市	这里是日志信息......
2024-11-04 17:42:01.500131	[WARN]	goods_manager.py	响应时间:210ms	上海市	浦东新区	这里是日志信息......
2024-11-04 17:42:01.500131	[INFO]	goods_manager.py	响应时间:74ms	天津市	河西区	这里是日志信息......
2024-11-04 17:42:01.500131	[INFO]	event.py	响应时间:957ms	湖南省	长沙市	这里是日志信息......
2024-11-04 17:42:01.500131	[WARN]	orders_service.py	响应时间:981ms	重庆市	涪陵区	这里是日志信息......
2024-11-04 17:42:01.500131	[INFO]	user_manager.py	响应时间:595ms	北京市	丰台区	这里是日志信息......
2024-11-04 17:42:01.500131	[INFO]	event.py	响应时间:124ms	浙江省	杭州市	这里是日志信息......
2024-11-04 17:42:01.500131	[INFO]	user_manager.py	响应时间:592ms	天津市	武清区	这里是日志信息......
2024-11-04 17:42:01.500131	[INFO]	barcode_service.py	响应时间:663ms	浙江省	绍兴市	这里是日志信息......
2024-11-04 17:42:01.500131	[INFO]	orders_service.py	响应时间:410ms	湖北省	武汉市	这里是日志信息......
2024-11-04 17:42:01.500131	[INFO]	user_manager.py	响应时间:892ms	山东省	青岛市	这里是日志信息......
2024-11-04 17:42:01.500131	[INFO]	orders_service.py	响应时间:964ms	湖南省	长沙市	这里是日志信息......
2024-11-04 17:42:01.500131	[INFO]	goods_manager.py	响应时间:906ms	北京市	丰台区	这里是日志信息......
2024-11-04 17:42:01.500131	[INFO]	user_manager.py	响应时间:441ms	广东省	深圳市	这里是日志信息......
2024-11-04 17:42:01.500131	[INFO]	barcode_service.py	响应时间:691ms	重庆市	渝中区	这里是日志信息......
2024-11-04 17:42:01.500131	[INFO]	shop_manager.py	响应时间:463ms	北京市	海淀区	这里是日志信息......
2024-11-04 17:42:01.500131	[WARN]	user_manager.py	响应时间:259ms	安徽省	铜陵市	这里是日志信息......
2024-11-04 17:42:01.500131	[INFO]	shop_manager.py	响应时间:920ms	广东省	广州市	这里是日志信息......
2024-11-04 17:42:01.500131	[INFO]	goods_manager.py	响应时间:182ms	安徽省	合肥市	这里是日志信息......
2024-11-04 17:42:01.500131	[INFO]	orders_service.py	响应时间:902ms	山东省	青岛市	这里是日志信息......
2024-11-04 17:42:01.500131	[INFO]	event.py	响应时间:867ms	安徽省	六安市	这里是日志信息......
2024-11-04 17:42:01.500131	[INFO]	orders_service.py	响应时间:912ms	天津市	河东区	这里是日志信息......
2024-11-04 17:42:01.500131	[WARN]	event.py	响应时间:375ms	安徽省	合肥市	这里是日志信息......
2024-11-04 17:42:01.500131	[WARN]	user_manager.py	响应时间:543ms	安徽省	池州市	这里是日志信息......
2024-11-04 17:42:01.500131	[INFO]	goods_manager.py	响应时间:764ms	湖北省	恩施土家族苗族自治州	这里是日志信息......
2024-11-04 17:42:01.500131	[WARN]	orders_service.py	响应时间:203ms	广东省	广州市	这里是日志信息......
2024-11-04 17:42:01.500131	[INFO]	event.py	响应时间:395ms	湖南省	长沙市	这里是日志信息......
2024-11-04 17:42:01.500131	[INFO]	event.py	响应时间:80ms	湖南省	长沙市	这里是日志信息......
2024-11-04 17:42:01.500131	[INFO]	orders_service.py	响应时间:993ms	北京市	怀柔区	这里是日志信息......
2024-11-04 17:42:01.500131	[INFO]	orders_service.py	响应时间:497ms	山东省	青岛市	这里是日志信息......
2024-11-04 17:42:01.500131	[WARN]	goods_manager.py	响应时间:197ms	湖南省	长沙市	这里是日志信息......
2024-11-04 17:42:01.500131	[INFO]	event.py	响应时间:5574ms	江苏省	南京市	这里是日志信息......
2024-11-04 17:42:01.500131	[INFO]	shop_manager.py	响应时间:622ms	湖南省	长沙市	这里是日志信息......
2024-11-04 17:42:01.500131	[INFO]	event.py	响应时间:716ms	天津市	和平区	这里是日志信息......
2024-11-04 17:42:01.500131	[INFO]	goods_manager.py	响应时间:971ms	湖北省	武汉市	这里是日志信息......
2024-11-04 17:42:01.500131	[INFO]	event.py	响应时间:987ms	安徽省	池州市	这里是日志信息......
2024-11-04 17:42:01.500131	[INFO]	goods_manager.py	响应时间:249ms	上海市	浦东新区	这里是日志信息......
2024-11-04 17:42:01.500131	[INFO]	event.py	响应时间:198ms	重庆市	涪陵区	这里是日志信息......
2024-11-04 17:42:01.500131	[INFO]	user_manager.py	响应时间:93ms	江苏省	常州市	这里是日志信息......
2024-11-04 17:42:01.501127	[INFO]	goods_manager.py	响应时间:5811ms	重庆市	九龙坡区	这里是日志信息......
2024-11-04 17:42:01.501127	[INFO]	event.py	响应时间:130ms	上海市	黄浦区	这里是日志信息......
2024-11-04 17:42:01.501127	[INFO]	user_manager.py	响应时间:990ms	湖北省	荆州市	这里是日志信息......
2024-11-04 17:42:01.501127	[INFO]	base_network.py	响应时间:930ms	浙江省	金华市	这里是日志信息......
2024-11-04 17:42:01.501127	[INFO]	goods_manager.py	响应时间:737ms	上海市	浦东新区	这里是日志信息......
2024-11-04 17:42:01.501127	[INFO]	orders_service.py	响应时间:270ms	山东省	青岛市	这里是日志信息......
2024-11-04 17:42:01.501127	[WARN]	base_network.py	响应时间:227ms	浙江省	绍兴市	这里是日志信息......
2024-11-04 17:42:01.501127	[INFO]	shop_manager.py	响应时间:861ms	安徽省	合肥市	这里是日志信息......
2024-11-04 17:42:01.501127	[INFO]	goods_manager.py	响应时间:519ms	北京市	大兴区	这里是日志信息......
2024-11-04 17:42:01.501127	[INFO]	event.py	响应时间:376ms	天津市	河西区	这里是日志信息......
2024-11-04 17:42:01.501127	[WARN]	user_manager.py	响应时间:173ms	安徽省	阜阳市	这里是日志信息......
2024-11-04 17:42:01.501127	[INFO]	shop_manager.py	响应时间:116ms	广东省	深圳市	这里是日志信息......
2024-11-04 17:42:01.501127	[INFO]	user_manager.py	响应时间:566ms	广东省	深圳市	这里是日志信息......
2024-11-04 17:42:01.501127	[INFO]	goods_manager.py	响应时间:352ms	浙江省	湖州市	这里是日志信息......
2024-11-04 17:42:01.501127	[INFO]	user_manager.py	响应时间:312ms	天津市	宝坻区	这里是日志信息......
2024-11-04 17:42:01.501127	[INFO]	orders_service.py	响应时间:915ms	山东省	济南市	这里是日志信息......
2024-11-04 17:42:01.501127	[INFO]	event.py	响应时间:2670ms	北京市	昌平区	这里是日志信息......
2024-11-04 17:42:01.501127	[INFO]	event.py	响应时间:337ms	广东省	深圳市	这里是日志信息......
2024-11-04 17:42:01.501127	[WARN]	orders_service.py	响应时间:954ms	北京市	海淀区	这里是日志信息......
2024-11-04 17:42:01.501127	[INFO]	goods_manager.py	响应时间:139ms	湖南省	长沙市	这里是日志信息......
2024-11-04 17:42:01.501127	[INFO]	goods_manager.py	响应时间:838ms	江苏省	常州市	这里是日志信息......
2024-11-04 17:42:01.501127	[WARN]	user_manager.py	响应时间:92ms	天津市	河东区	这里是日志信息......
2024-11-04 17:42:01.501127	[INFO]	event.py	响应时间:400ms	湖北省	武汉市	这里是日志信息......
2024-11-04 17:42:01.501127	[INFO]	event.py	响应时间:646ms	广东省	广州市	这里是日志信息......
2024-11-04 17:42:01.501127	[INFO]	goods_manager.py	响应时间:824ms	浙江省	金华市	这里是日志信息......
2024-11-04 17:42:01.501127	[INFO]	user_manager.py	响应时间:391ms	上海市	浦东新区	这里是日志信息......
2024-11-04 17:42:01.501127	[INFO]	orders_service.py	响应时间:761ms	湖北省	武汉市	这里是日志信息......
2024-11-04 17:42:01.501127	[INFO]	event.py	响应时间:893ms	重庆市	涪陵区	这里是日志信息......
2024-11-04 17:42:01.501127	[INFO]	goods_manager.py	响应时间:87ms	湖南省	长沙市	这里是日志信息......
2024-11-04 17:42:01.501127	[INFO]	event.py	响应时间:632ms	天津市	武清区	这里是日志信息......
2024-11-04 17:42:01.501127	[INFO]	barcode_service.py	响应时间:765ms	广东省	广州市	这里是日志信息......
2024-11-04 17:42:01.501127	[INFO]	barcode_service.py	响应时间:551ms	安徽省	池州市	这里是日志信息......
2024-11-04 17:42:01.501127	[INFO]	event.py	响应时间:681ms	天津市	和平区	这里是日志信息......
2024-11-04 17:42:01.501127	[INFO]	barcode_service.py	响应时间:308ms	广东省	深圳市	这里是日志信息......
2024-11-04 17:42:01.501127	[INFO]	event.py	响应时间:930ms	安徽省	合肥市	这里是日志信息......
2024-11-04 17:42:01.501127	[INFO]	goods_manager.py	响应时间:284ms	天津市	河东区	这里是日志信息......
2024-11-04 17:42:01.501127	[INFO]	event.py	响应时间:629ms	北京市	海淀区	这里是日志信息......
2024-11-04 17:42:01.501127	[INFO]	event.py	响应时间:925ms	山东省	青岛市	这里是日志信息......
2024-11-04 17:42:01.501127	[INFO]	barcode_service.py	响应时间:182ms	山东省	济南市	这里是日志信息......
2024-11-04 17:42:01.501127	[INFO]	event.py	响应时间:604ms	重庆市	九龙坡区	这里是日志信息......
2024-11-04 17:42:01.501127	[INFO]	event.py	响应时间:861ms	重庆市	南岸区	这里是日志信息......
2024-11-04 17:42:01.501127	[INFO]	goods_manager.py	响应时间:928ms	重庆市	沙坪坝区	这里是日志信息......
2024-11-04 17:42:01.501127	[INFO]	barcode_service.py	响应时间:650ms	浙江省	舟山市	这里是日志信息......
2024-11-04 17:42:01.501127	[INFO]	barcode_service.py	响应时间:926ms	重庆市	渝中区	这里是日志信息......
2024-11-04 17:42:01.501127	[INFO]	goods_manager.py	响应时间:276ms	重庆市	沙坪坝区	这里是日志信息......
2024-11-04 17:42:01.501127	[ERROR]	orders_service.py	响应时间:662ms	广东省	珠海市	这里是日志信息......
2024-11-04 17:42:01.501127	[INFO]	goods_manager.py	响应时间:419ms	天津市	河西区	这里是日志信息......
2024-11-04 17:42:01.501127	[INFO]	event.py	响应时间:1000ms	浙江省	丽水市	这里是日志信息......
2024-11-04 17:42:01.501127	[WARN]	goods_manager.py	响应时间:330ms	重庆市	九龙坡区	这里是日志信息......
2024-11-04 17:42:01.501127	[INFO]	event.py	响应时间:399ms	天津市	武清区	这里是日志信息......
2024-11-04 17:42:01.501127	[WARN]	base_network.py	响应时间:307ms	湖北省	恩施土家族苗族自治州	这里是日志信息......
2024-11-04 17:42:01.501127	[INFO]	barcode_service.py	响应时间:2ms	浙江省	湖州市	这里是日志信息......
2024-11-04 17:42:01.501127	[INFO]	user_manager.py	响应时间:473ms	上海市	浦东新区	这里是日志信息......
2024-11-04 17:42:01.501127	[INFO]	goods_manager.py	响应时间:941ms	天津市	和平区	这里是日志信息......
2024-11-04 17:42:01.501127	[INFO]	event.py	响应时间:373ms	山东省	青岛市	这里是日志信息......
2024-11-04 17:42:01.501127	[INFO]	event.py	响应时间:434ms	浙江省	丽水市	这里是日志信息......
2024-11-04 17:42:01.501127	[INFO]	orders_service.py	响应时间:50ms	安徽省	铜陵市	这里是日志信息......
2024-11-04 17:42:01.501127	[INFO]	orders_service.py	响应时间:993ms	天津市	河东区	这里是日志信息......
2024-11-04 17:42:01.501127	[INFO]	user_manager.py	响应时间:433ms	山东省	菏泽市	这里是日志信息......
2024-11-04 17:42:01.501127	[INFO]	barcode_service.py	响应时间:253ms	天津市	河东区	这里是日志信息......
2024-11-04 17:42:01.501127	[INFO]	orders_service.py	响应时间:458ms	北京市	海淀区	这里是日志信息......
2024-11-04 17:42:01.501127	[INFO]	event.py	响应时间:286ms	上海市	普陀区	这里是日志信息......
2024-11-04 17:42:01.501127	[INFO]	goods_manager.py	响应时间:51ms	江苏省	南京市	这里是日志信息......
2024-11-04 17:42:01.501127	[INFO]	orders_service.py	响应时间:442ms	天津市	河东区	这里是日志信息......
2024-11-04 17:42:01.501127	[INFO]	orders_service.py	响应时间:20ms	湖北省	武汉市	这里是日志信息......
2024-11-04 17:42:01.501127	[INFO]	shop_manager.py	响应时间:68ms	重庆市	南岸区	这里是日志信息......
2024-11-04 17:42:01.501127	[INFO]	user_manager.py	响应时间:614ms	北京市	丰台区	这里是日志信息......
2024-11-04 17:42:01.501127	[WARN]	goods_manager.py	响应时间:577ms	湖北省	武汉市	这里是日志信息......
2024-11-04 17:42:01.501127	[INFO]	goods_manager.py	响应时间:527ms	北京市	海淀区	这里是日志信息......
2024-11-04 17:42:01.501127	[WARN]	barcode_service.py	响应时间:824ms	湖北省	武汉市	这里是日志信息......
2024-11-04 17:42:01.501127	[INFO]	user_manager.py	响应时间:6379ms	重庆市	渝中区	这里是日志信息......
2024-11-04 17:42:01.501127	[INFO]	orders_service.py	响应时间:3358ms	重庆市	南岸区	这里是日志信息......
2024-11-04 17:42:01.501127	[INFO]	goods_manager.py	响应时间:30ms	广东省	广州市	这里是日志信息......
2024-11-04 17:42:01.501127	[INFO]	orders_service.py	响应时间:703ms	北京市	朝阳区	这里是日志信息......
2024-11-04 17:42:01.501127	[INFO]	event.py	响应时间:421ms	广东省	广州市	这里是日志信息......
2024-11-04 17:42:01.501127	[INFO]	base_network.py	响应时间:997ms	北京市	海淀区	这里是日志信息......
2024-11-04 17:42:01.501127	[INFO]	orders_service.py	响应时间:728ms	重庆市	南岸区	这里是日志信息......
2024-11-04 17:42:01.501127	[WARN]	orders_service.py	响应时间:261ms	山东省	青岛市	这里是日志信息......
2024-11-04 17:42:01.501127	[INFO]	goods_manager.py	响应时间:897ms	江苏省	苏州市	这里是日志信息......
2024-11-04 17:42:01.501127	[INFO]	user_manager.py	响应时间:522ms	山东省	青岛市	这里是日志信息......
2024-11-04 17:42:01.501127	[INFO]	event.py	响应时间:479ms	山东省	济南市	这里是日志信息......
2024-11-04 17:42:01.501127	[INFO]	base_network.py	响应时间:781ms	上海市	宝山区	这里是日志信息......
2024-11-04 17:42:01.501127	[INFO]	event.py	响应时间:691ms	安徽省	六安市	这里是日志信息......
2024-11-04 17:42:01.501127	[INFO]	event.py	响应时间:1575ms	安徽省	铜陵市	这里是日志信息......
2024-11-04 17:42:01.501127	[INFO]	goods_manager.py	响应时间:796ms	上海市	浦东新区	这里是日志信息......
2024-11-04 17:42:01.501127	[INFO]	base_network.py	响应时间:725ms	湖南省	常德市	这里是日志信息......
2024-11-04 17:42:01.501127	[INFO]	barcode_service.py	响应时间:213ms	安徽省	六安市	这里是日志信息......
2024-11-04 17:42:01.501127	[INFO]	goods_manager.py	响应时间:108ms	北京市	大兴区	这里是日志信息......
2024-11-04 17:42:01.501127	[INFO]	barcode_service.py	响应时间:428ms	广东省	深圳市	这里是日志信息......
2024-11-04 17:42:01.501127	[INFO]	event.py	响应时间:642ms	重庆市	九龙坡区	这里是日志信息......
2024-11-04 17:42:01.501127	[INFO]	event.py	响应时间:713ms	安徽省	芜湖市	这里是日志信息......
2024-11-04 17:42:01.501127	[INFO]	event.py	响应时间:329ms	湖南省	长沙市	这里是日志信息......
2024-11-04 17:42:01.501127	[INFO]	orders_service.py	响应时间:548ms	湖南省	长沙市	这里是日志信息......
