2024-11-04 17:42:00.483348	[WARN]	event.py	响应时间:461ms	湖北省	武汉市	这里是日志信息......
2024-11-04 17:42:00.483348	[WARN]	event.py	响应时间:569ms	山东省	青岛市	这里是日志信息......
2024-11-04 17:42:00.483348	[INFO]	orders_service.py	响应时间:497ms	安徽省	阜阳市	这里是日志信息......
2024-11-04 17:42:00.483348	[INFO]	goods_manager.py	响应时间:29ms	安徽省	池州市	这里是日志信息......
2024-11-04 17:42:00.483348	[INFO]	goods_manager.py	响应时间:93ms	湖北省	恩施土家族苗族自治州	这里是日志信息......
2024-11-04 17:42:00.483348	[INFO]	event.py	响应时间:435ms	安徽省	铜陵市	这里是日志信息......
2024-11-04 17:42:00.483348	[INFO]	event.py	响应时间:754ms	江苏省	苏州市	这里是日志信息......
2024-11-04 17:42:00.483348	[INFO]	goods_manager.py	响应时间:226ms	北京市	朝阳区	这里是日志信息......
2024-11-04 17:42:00.483348	[INFO]	goods_manager.py	响应时间:357ms	重庆市	万州区	这里是日志信息......
2024-11-04 17:42:00.483348	[INFO]	goods_manager.py	响应时间:59ms	山东省	济南市	这里是日志信息......
2024-11-04 17:42:00.483348	[INFO]	event.py	响应时间:694ms	广东省	广州市	这里是日志信息......
2024-11-04 17:42:00.483348	[INFO]	base_network.py	响应时间:204ms	重庆市	南岸区	这里是日志信息......
2024-11-04 17:42:00.483348	[WARN]	event.py	响应时间:6ms	湖南省	益阳市	这里是日志信息......
2024-11-04 17:42:00.483348	[INFO]	event.py	响应时间:930ms	安徽省	合肥市	这里是日志信息......
2024-11-04 17:42:00.483348	[INFO]	base_network.py	响应时间:863ms	浙江省	湖州市	这里是日志信息......
2024-11-04 17:42:00.483348	[INFO]	goods_manager.py	响应时间:192ms	江苏省	苏州市	这里是日志信息......
2024-11-04 17:42:00.483348	[INFO]	goods_manager.py	响应时间:316ms	广东省	广州市	这里是日志信息......
2024-11-04 17:42:00.483348	[INFO]	shop_manager.py	响应时间:438ms	湖北省	武汉市	这里是日志信息......
2024-11-04 17:42:00.483348	[INFO]	barcode_service.py	响应时间:886ms	山东省	济南市	这里是日志信息......
2024-11-04 17:42:00.483348	[ERROR]	goods_manager.py	响应时间:5762ms	江苏省	苏州市	这里是日志信息......
2024-11-04 17:42:00.483348	[INFO]	event.py	响应时间:266ms	上海市	浦东新区	这里是日志信息......
2024-11-04 17:42:00.483348	[INFO]	barcode_service.py	响应时间:231ms	天津市	武清区	这里是日志信息......
2024-11-04 17:42:00.483348	[INFO]	shop_manager.py	响应时间:185ms	广东省	广州市	这里是日志信息......
2024-11-04 17:42:00.483348	[WARN]	event.py	响应时间:399ms	湖南省	长沙市	这里是日志信息......
2024-11-04 17:42:00.483348	[WARN]	event.py	响应时间:603ms	浙江省	嘉兴市	这里是日志信息......
2024-11-04 17:42:00.483348	[INFO]	user_manager.py	响应时间:424ms	江苏省	常州市	这里是日志信息......
2024-11-04 17:42:00.483348	[INFO]	orders_service.py	响应时间:571ms	湖北省	武汉市	这里是日志信息......
2024-11-04 17:42:00.483348	[INFO]	base_network.py	响应时间:345ms	浙江省	丽水市	这里是日志信息......
2024-11-04 17:42:00.483348	[INFO]	barcode_service.py	响应时间:92ms	湖南省	长沙市	这里是日志信息......
2024-11-04 17:42:00.483348	[INFO]	orders_service.py	响应时间:656ms	山东省	济南市	这里是日志信息......
2024-11-04 17:42:00.483348	[INFO]	goods_manager.py	响应时间:913ms	山东省	青岛市	这里是日志信息......
2024-11-04 17:42:00.483348	[INFO]	goods_manager.py	响应时间:99ms	天津市	河西区	这里是日志信息......
2024-11-04 17:42:00.483348	[INFO]	barcode_service.py	响应时间:134ms	湖北省	十堰市	这里是日志信息......
2024-11-04 17:42:00.483348	[WARN]	user_manager.py	响应时间:578ms	安徽省	合肥市	这里是日志信息......
2024-11-04 17:42:00.483348	[INFO]	event.py	响应时间:326ms	安徽省	阜阳市	这里是日志信息......
2024-11-04 17:42:00.483348	[INFO]	user_manager.py	响应时间:629ms	江苏省	常州市	这里是日志信息......
2024-11-04 17:42:00.483348	[INFO]	orders_service.py	响应时间:91ms	江苏省	南京市	这里是日志信息......
2024-11-04 17:42:00.483348	[INFO]	goods_manager.py	响应时间:417ms	湖南省	长沙市	这里是日志信息......
2024-11-04 17:42:00.483348	[INFO]	goods_manager.py	响应时间:616ms	天津市	河西区	这里是日志信息......
2024-11-04 17:42:00.483348	[ERROR]	user_manager.py	响应时间:345ms	上海市	静安区	这里是日志信息......
2024-11-04 17:42:00.483348	[INFO]	orders_service.py	响应时间:203ms	湖南省	长沙市	这里是日志信息......
2024-11-04 17:42:00.483348	[INFO]	event.py	响应时间:191ms	天津市	宝坻区	这里是日志信息......
2024-11-04 17:42:00.483348	[INFO]	shop_manager.py	响应时间:948ms	湖北省	武汉市	这里是日志信息......
2024-11-04 17:42:00.483348	[INFO]	user_manager.py	响应时间:620ms	上海市	徐汇区	这里是日志信息......
2024-11-04 17:42:00.483348	[INFO]	orders_service.py	响应时间:325ms	上海市	浦东新区	这里是日志信息......
2024-11-04 17:42:00.483348	[INFO]	barcode_service.py	响应时间:801ms	重庆市	涪陵区	这里是日志信息......
2024-11-04 17:42:00.483348	[INFO]	goods_manager.py	响应时间:769ms	江苏省	无锡市	这里是日志信息......
2024-11-04 17:42:00.483348	[INFO]	orders_service.py	响应时间:565ms	湖南省	长沙市	这里是日志信息......
2024-11-04 17:42:00.483348	[WARN]	shop_manager.py	响应时间:289ms	重庆市	九龙坡区	这里是日志信息......
2024-11-04 17:42:00.483348	[WARN]	user_manager.py	响应时间:707ms	上海市	徐汇区	这里是日志信息......
2024-11-04 17:42:00.483348	[INFO]	event.py	响应时间:919ms	安徽省	合肥市	这里是日志信息......
2024-11-04 17:42:00.483348	[INFO]	event.py	响应时间:640ms	天津市	和平区	这里是日志信息......
2024-11-04 17:42:00.483348	[INFO]	event.py	响应时间:928ms	浙江省	杭州市	这里是日志信息......
2024-11-04 17:42:00.483348	[INFO]	event.py	响应时间:25ms	安徽省	阜阳市	这里是日志信息......
2024-11-04 17:42:00.483348	[INFO]	base_network.py	响应时间:240ms	安徽省	六安市	这里是日志信息......
2024-11-04 17:42:00.483348	[ERROR]	goods_manager.py	响应时间:0ms	上海市	徐汇区	这里是日志信息......
2024-11-04 17:42:00.484332	[WARN]	orders_service.py	响应时间:853ms	江苏省	宿迁市	这里是日志信息......
2024-11-04 17:42:00.484332	[WARN]	event.py	响应时间:954ms	浙江省	舟山市	这里是日志信息......
2024-11-04 17:42:00.484332	[ERROR]	goods_manager.py	响应时间:7523ms	江苏省	南京市	这里是日志信息......
2024-11-04 17:42:00.484332	[INFO]	user_manager.py	响应时间:3ms	上海市	普陀区	这里是日志信息......
2024-11-04 17:42:00.484332	[INFO]	event.py	响应时间:51ms	湖北省	十堰市	这里是日志信息......
2024-11-04 17:42:00.484332	[INFO]	orders_service.py	响应时间:927ms	湖北省	武汉市	这里是日志信息......
2024-11-04 17:42:00.484332	[INFO]	orders_service.py	响应时间:124ms	湖北省	十堰市	这里是日志信息......
2024-11-04 17:42:00.484332	[INFO]	orders_service.py	响应时间:917ms	广东省	广州市	这里是日志信息......
2024-11-04 17:42:00.484332	[INFO]	user_manager.py	响应时间:675ms	安徽省	合肥市	这里是日志信息......
2024-11-04 17:42:00.484332	[INFO]	orders_service.py	响应时间:981ms	湖北省	荆州市	这里是日志信息......
2024-11-04 17:42:00.484332	[INFO]	orders_service.py	响应时间:391ms	上海市	徐汇区	这里是日志信息......
2024-11-04 17:42:00.484332	[INFO]	event.py	响应时间:901ms	山东省	青岛市	这里是日志信息......
2024-11-04 17:42:00.484332	[INFO]	user_manager.py	响应时间:50ms	上海市	浦东新区	这里是日志信息......
2024-11-04 17:42:00.484332	[INFO]	event.py	响应时间:399ms	江苏省	宿迁市	这里是日志信息......
2024-11-04 17:42:00.484332	[INFO]	shop_manager.py	响应时间:288ms	湖南省	长沙市	这里是日志信息......
2024-11-04 17:42:00.484332	[INFO]	goods_manager.py	响应时间:514ms	江苏省	南京市	这里是日志信息......
2024-11-04 17:42:00.484332	[INFO]	barcode_service.py	响应时间:72ms	湖南省	株洲市	这里是日志信息......
2024-11-04 17:42:00.484332	[INFO]	goods_manager.py	响应时间:206ms	湖南省	长沙市	这里是日志信息......
2024-11-04 17:42:00.484332	[INFO]	shop_manager.py	响应时间:466ms	广东省	广州市	这里是日志信息......
2024-11-04 17:42:00.484332	[INFO]	barcode_service.py	响应时间:410ms	浙江省	湖州市	这里是日志信息......
2024-11-04 17:42:00.484332	[INFO]	goods_manager.py	响应时间:90ms	广东省	广州市	这里是日志信息......
2024-11-04 17:42:00.484332	[INFO]	orders_service.py	响应时间:397ms	山东省	济南市	这里是日志信息......
2024-11-04 17:42:00.484332	[INFO]	user_manager.py	响应时间:784ms	江苏省	南京市	这里是日志信息......
2024-11-04 17:42:00.484332	[INFO]	event.py	响应时间:230ms	北京市	朝阳区	这里是日志信息......
2024-11-04 17:42:00.484332	[INFO]	event.py	响应时间:564ms	浙江省	绍兴市	这里是日志信息......
2024-11-04 17:42:00.484332	[INFO]	barcode_service.py	响应时间:212ms	天津市	宝坻区	这里是日志信息......
2024-11-04 17:42:00.484332	[INFO]	orders_service.py	响应时间:995ms	江苏省	南京市	这里是日志信息......
2024-11-04 17:42:00.484332	[INFO]	orders_service.py	响应时间:225ms	重庆市	九龙坡区	这里是日志信息......
2024-11-04 17:42:00.484332	[WARN]	goods_manager.py	响应时间:154ms	天津市	河西区	这里是日志信息......
2024-11-04 17:42:00.484332	[INFO]	orders_service.py	响应时间:316ms	浙江省	舟山市	这里是日志信息......
2024-11-04 17:42:00.484332	[INFO]	goods_manager.py	响应时间:435ms	北京市	昌平区	这里是日志信息......
2024-11-04 17:42:00.484332	[INFO]	event.py	响应时间:165ms	湖北省	十堰市	这里是日志信息......
2024-11-04 17:42:00.484332	[INFO]	goods_manager.py	响应时间:306ms	湖北省	荆州市	这里是日志信息......
2024-11-04 17:42:00.484332	[INFO]	base_network.py	响应时间:679ms	湖北省	武汉市	这里是日志信息......
2024-11-04 17:42:00.484332	[WARN]	orders_service.py	响应时间:749ms	山东省	济南市	这里是日志信息......
2024-11-04 17:42:00.484332	[INFO]	shop_manager.py	响应时间:975ms	江苏省	常州市	这里是日志信息......
2024-11-04 17:42:00.484332	[INFO]	goods_manager.py	响应时间:488ms	重庆市	南岸区	这里是日志信息......
2024-11-04 17:42:00.484332	[INFO]	orders_service.py	响应时间:979ms	湖北省	武汉市	这里是日志信息......
2024-11-04 17:42:00.484332	[INFO]	barcode_service.py	响应时间:22ms	浙江省	丽水市	这里是日志信息......
2024-11-04 17:42:00.484332	[INFO]	orders_service.py	响应时间:40ms	广东省	广州市	这里是日志信息......
2024-11-04 17:42:00.484332	[INFO]	orders_service.py	响应时间:218ms	湖北省	十堰市	这里是日志信息......
2024-11-04 17:42:00.484332	[INFO]	barcode_service.py	响应时间:878ms	江苏省	张家港市	这里是日志信息......
2024-11-04 17:42:00.484332	[INFO]	shop_manager.py	响应时间:568ms	天津市	武清区	这里是日志信息......
2024-11-04 17:42:00.484332	[ERROR]	orders_service.py	响应时间:115ms	安徽省	阜阳市	这里是日志信息......
2024-11-04 17:42:00.484332	[INFO]	goods_manager.py	响应时间:806ms	重庆市	南岸区	这里是日志信息......
2024-11-04 17:42:00.484332	[INFO]	orders_service.py	响应时间:317ms	天津市	河西区	这里是日志信息......
2024-11-04 17:42:00.484332	[INFO]	barcode_service.py	响应时间:974ms	广东省	深圳市	这里是日志信息......
2024-11-04 17:42:00.484332	[INFO]	goods_manager.py	响应时间:88ms	北京市	海淀区	这里是日志信息......
2024-11-04 17:42:00.484332	[INFO]	base_network.py	响应时间:660ms	浙江省	杭州市	这里是日志信息......
2024-11-04 17:42:00.484332	[INFO]	orders_service.py	响应时间:427ms	安徽省	池州市	这里是日志信息......
2024-11-04 17:42:00.484332	[INFO]	orders_service.py	响应时间:113ms	安徽省	合肥市	这里是日志信息......
2024-11-04 17:42:00.484332	[INFO]	orders_service.py	响应时间:629ms	天津市	和平区	这里是日志信息......
2024-11-04 17:42:00.484332	[WARN]	goods_manager.py	响应时间:153ms	山东省	济南市	这里是日志信息......
2024-11-04 17:42:00.484332	[INFO]	goods_manager.py	响应时间:393ms	江苏省	无锡市	这里是日志信息......
2024-11-04 17:42:00.484332	[INFO]	goods_manager.py	响应时间:115ms	天津市	河西区	这里是日志信息......
2024-11-04 17:42:00.484332	[INFO]	shop_manager.py	响应时间:701ms	湖北省	恩施土家族苗族自治州	这里是日志信息......
2024-11-04 17:42:00.484332	[INFO]	user_manager.py	响应时间:836ms	山东省	济南市	这里是日志信息......
2024-11-04 17:42:00.484332	[INFO]	goods_manager.py	响应时间:465ms	山东省	济南市	这里是日志信息......
2024-11-04 17:42:00.484332	[INFO]	shop_manager.py	响应时间:333ms	广东省	深圳市	这里是日志信息......
2024-11-04 17:42:00.484332	[INFO]	event.py	响应时间:716ms	北京市	丰台区	这里是日志信息......
2024-11-04 17:42:00.484332	[INFO]	orders_service.py	响应时间:9799ms	湖北省	十堰市	这里是日志信息......
2024-11-04 17:42:00.484332	[INFO]	goods_manager.py	响应时间:862ms	山东省	济南市	这里是日志信息......
2024-11-04 17:42:00.484332	[INFO]	user_manager.py	响应时间:783ms	上海市	普陀区	这里是日志信息......
2024-11-04 17:42:00.484332	[INFO]	goods_manager.py	响应时间:179ms	天津市	河东区	这里是日志信息......
2024-11-04 17:42:00.484332	[INFO]	user_manager.py	响应时间:102ms	浙江省	舟山市	这里是日志信息......
2024-11-04 17:42:00.484332	[INFO]	event.py	响应时间:253ms	天津市	宝坻区	这里是日志信息......
2024-11-04 17:42:00.484332	[INFO]	barcode_service.py	响应时间:573ms	湖北省	武汉市	这里是日志信息......
2024-11-04 17:42:00.484332	[INFO]	event.py	响应时间:511ms	天津市	河东区	这里是日志信息......
2024-11-04 17:42:00.484332	[INFO]	event.py	响应时间:430ms	安徽省	铜陵市	这里是日志信息......
2024-11-04 17:42:00.484332	[INFO]	shop_manager.py	响应时间:426ms	湖北省	武汉市	这里是日志信息......
2024-11-04 17:42:00.484332	[INFO]	event.py	响应时间:22ms	上海市	普陀区	这里是日志信息......
2024-11-04 17:42:00.484332	[INFO]	user_manager.py	响应时间:474ms	湖南省	常德市	这里是日志信息......
2024-11-04 17:42:00.484332	[INFO]	event.py	响应时间:654ms	湖北省	武汉市	这里是日志信息......
2024-11-04 17:42:00.484332	[INFO]	goods_manager.py	响应时间:172ms	湖北省	武汉市	这里是日志信息......
2024-11-04 17:42:00.484332	[INFO]	user_manager.py	响应时间:630ms	上海市	黄浦区	这里是日志信息......
2024-11-04 17:42:00.484332	[WARN]	orders_service.py	响应时间:916ms	湖南省	益阳市	这里是日志信息......
2024-11-04 17:42:00.484332	[INFO]	user_manager.py	响应时间:979ms	浙江省	杭州市	这里是日志信息......
2024-11-04 17:42:00.484332	[INFO]	user_manager.py	响应时间:546ms	安徽省	合肥市	这里是日志信息......
2024-11-04 17:42:00.484332	[INFO]	user_manager.py	响应时间:583ms	广东省	广州市	这里是日志信息......
2024-11-04 17:42:00.484332	[INFO]	orders_service.py	响应时间:8051ms	天津市	和平区	这里是日志信息......
2024-11-04 17:42:00.484332	[INFO]	goods_manager.py	响应时间:221ms	安徽省	铜陵市	这里是日志信息......
2024-11-04 17:42:00.484332	[INFO]	orders_service.py	响应时间:2929ms	山东省	青岛市	这里是日志信息......
2024-11-04 17:42:00.484332	[INFO]	event.py	响应时间:739ms	江苏省	南京市	这里是日志信息......
2024-11-04 17:42:00.484332	[INFO]	orders_service.py	响应时间:40ms	重庆市	渝中区	这里是日志信息......
2024-11-04 17:42:00.484332	[INFO]	event.py	响应时间:32ms	上海市	黄浦区	这里是日志信息......
2024-11-04 17:42:00.484332	[INFO]	shop_manager.py	响应时间:807ms	重庆市	万州区	这里是日志信息......
2024-11-04 17:42:00.484332	[INFO]	event.py	响应时间:481ms	天津市	河东区	这里是日志信息......
2024-11-04 17:42:00.484332	[WARN]	user_manager.py	响应时间:878ms	北京市	朝阳区	这里是日志信息......
2024-11-04 17:42:00.484332	[INFO]	shop_manager.py	响应时间:881ms	江苏省	张家港市	这里是日志信息......
2024-11-04 17:42:00.484332	[INFO]	barcode_service.py	响应时间:912ms	山东省	菏泽市	这里是日志信息......
2024-11-04 17:42:00.484332	[INFO]	goods_manager.py	响应时间:916ms	重庆市	万州区	这里是日志信息......
2024-11-04 17:42:00.484332	[INFO]	event.py	响应时间:823ms	北京市	朝阳区	这里是日志信息......
2024-11-04 17:42:00.484332	[INFO]	orders_service.py	响应时间:688ms	安徽省	合肥市	这里是日志信息......
2024-11-04 17:42:00.484332	[INFO]	user_manager.py	响应时间:999ms	湖南省	长沙市	这里是日志信息......
2024-11-04 17:42:00.484332	[INFO]	event.py	响应时间:408ms	湖南省	益阳市	这里是日志信息......
2024-11-04 17:42:00.484332	[INFO]	event.py	响应时间:661ms	湖北省	荆州市	这里是日志信息......
2024-11-04 17:42:00.484332	[INFO]	barcode_service.py	响应时间:722ms	广东省	深圳市	这里是日志信息......
2024-11-04 17:42:00.484332	[INFO]	event.py	响应时间:260ms	江苏省	南京市	这里是日志信息......
2024-11-04 17:42:00.484332	[INFO]	base_network.py	响应时间:300ms	湖北省	十堰市	这里是日志信息......
2024-11-04 17:42:00.484332	[INFO]	orders_service.py	响应时间:541ms	湖北省	十堰市	这里是日志信息......
2024-11-04 17:42:00.484332	[INFO]	barcode_service.py	响应时间:915ms	广东省	广州市	这里是日志信息......
2024-11-04 17:42:00.484332	[INFO]	goods_manager.py	响应时间:66ms	重庆市	沙坪坝区	这里是日志信息......
2024-11-04 17:42:00.484332	[INFO]	barcode_service.py	响应时间:422ms	江苏省	苏州市	这里是日志信息......
2024-11-04 17:42:00.484332	[INFO]	event.py	响应时间:953ms	上海市	杨浦区	这里是日志信息......
2024-11-04 17:42:00.484332	[INFO]	event.py	响应时间:587ms	浙江省	金华市	这里是日志信息......
2024-11-04 17:42:00.484332	[WARN]	goods_manager.py	响应时间:732ms	上海市	黄浦区	这里是日志信息......
2024-11-04 17:42:00.484332	[INFO]	base_network.py	响应时间:65ms	上海市	杨浦区	这里是日志信息......
2024-11-04 17:42:00.484332	[WARN]	goods_manager.py	响应时间:695ms	湖北省	武汉市	这里是日志信息......
2024-11-04 17:42:00.484332	[INFO]	goods_manager.py	响应时间:186ms	上海市	徐汇区	这里是日志信息......
2024-11-04 17:42:00.484332	[INFO]	event.py	响应时间:352ms	重庆市	万州区	这里是日志信息......
2024-11-04 17:42:00.484332	[INFO]	event.py	响应时间:939ms	山东省	青岛市	这里是日志信息......
2024-11-04 17:42:00.484332	[INFO]	goods_manager.py	响应时间:434ms	湖南省	长沙市	这里是日志信息......
2024-11-04 17:42:00.484332	[INFO]	barcode_service.py	响应时间:981ms	江苏省	南京市	这里是日志信息......
2024-11-04 17:42:00.484332	[INFO]	barcode_service.py	响应时间:253ms	重庆市	南岸区	这里是日志信息......
2024-11-04 17:42:00.484332	[WARN]	event.py	响应时间:535ms	湖北省	武汉市	这里是日志信息......
2024-11-04 17:42:00.484332	[INFO]	orders_service.py	响应时间:288ms	山东省	青岛市	这里是日志信息......
2024-11-04 17:42:00.484332	[INFO]	orders_service.py	响应时间:287ms	山东省	青岛市	这里是日志信息......
2024-11-04 17:42:00.484332	[INFO]	goods_manager.py	响应时间:482ms	上海市	普陀区	这里是日志信息......
2024-11-04 17:42:00.484332	[WARN]	orders_service.py	响应时间:873ms	天津市	河东区	这里是日志信息......
2024-11-04 17:42:00.485330	[INFO]	shop_manager.py	响应时间:171ms	江苏省	宿迁市	这里是日志信息......
2024-11-04 17:42:00.485330	[INFO]	shop_manager.py	响应时间:502ms	湖北省	武汉市	这里是日志信息......
2024-11-04 17:42:00.485330	[INFO]	event.py	响应时间:454ms	天津市	武清区	这里是日志信息......
2024-11-04 17:42:00.485330	[WARN]	user_manager.py	响应时间:223ms	湖南省	长沙市	这里是日志信息......
2024-11-04 17:42:00.485330	[INFO]	event.py	响应时间:724ms	湖南省	长沙市	这里是日志信息......
2024-11-04 17:42:00.485330	[INFO]	barcode_service.py	响应时间:674ms	天津市	河东区	这里是日志信息......
2024-11-04 17:42:00.485330	[INFO]	goods_manager.py	响应时间:191ms	安徽省	六安市	这里是日志信息......
2024-11-04 17:42:00.485330	[INFO]	event.py	响应时间:67ms	重庆市	南岸区	这里是日志信息......
2024-11-04 17:42:00.485330	[INFO]	goods_manager.py	响应时间:559ms	广东省	广州市	这里是日志信息......
2024-11-04 17:42:00.485330	[INFO]	user_manager.py	响应时间:0ms	天津市	和平区	这里是日志信息......
2024-11-04 17:42:00.485330	[INFO]	base_network.py	响应时间:43ms	浙江省	丽水市	这里是日志信息......
2024-11-04 17:42:00.485330	[INFO]	event.py	响应时间:573ms	湖北省	恩施土家族苗族自治州	这里是日志信息......
2024-11-04 17:42:00.485330	[INFO]	goods_manager.py	响应时间:625ms	山东省	青岛市	这里是日志信息......
2024-11-04 17:42:00.485330	[INFO]	goods_manager.py	响应时间:611ms	重庆市	涪陵区	这里是日志信息......
2024-11-04 17:42:00.485330	[INFO]	event.py	响应时间:475ms	重庆市	九龙坡区	这里是日志信息......
2024-11-04 17:42:00.485330	[INFO]	event.py	响应时间:398ms	江苏省	张家港市	这里是日志信息......
2024-11-04 17:42:00.485330	[INFO]	goods_manager.py	响应时间:452ms	重庆市	渝中区	这里是日志信息......
2024-11-04 17:42:00.485330	[INFO]	goods_manager.py	响应时间:410ms	湖北省	武汉市	这里是日志信息......
2024-11-04 17:42:00.485330	[INFO]	event.py	响应时间:417ms	北京市	怀柔区	这里是日志信息......
2024-11-04 17:42:00.485330	[WARN]	user_manager.py	响应时间:126ms	北京市	大兴区	这里是日志信息......
2024-11-04 17:42:00.485330	[INFO]	goods_manager.py	响应时间:545ms	山东省	青岛市	这里是日志信息......
2024-11-04 17:42:00.485330	[INFO]	barcode_service.py	响应时间:99ms	广东省	深圳市	这里是日志信息......
2024-11-04 17:42:00.485330	[INFO]	event.py	响应时间:146ms	江苏省	南京市	这里是日志信息......
2024-11-04 17:42:00.485330	[INFO]	orders_service.py	响应时间:886ms	山东省	青岛市	这里是日志信息......
2024-11-04 17:42:00.485330	[WARN]	event.py	响应时间:702ms	湖南省	株洲市	这里是日志信息......
2024-11-04 17:42:00.485330	[WARN]	event.py	响应时间:826ms	安徽省	阜阳市	这里是日志信息......
2024-11-04 17:42:00.485330	[WARN]	goods_manager.py	响应时间:976ms	湖南省	长沙市	这里是日志信息......
2024-11-04 17:42:00.485330	[INFO]	user_manager.py	响应时间:220ms	北京市	昌平区	这里是日志信息......
2024-11-04 17:42:00.485330	[INFO]	orders_service.py	响应时间:882ms	广东省	深圳市	这里是日志信息......
2024-11-04 17:42:00.485330	[INFO]	event.py	响应时间:31ms	天津市	宝坻区	这里是日志信息......
2024-11-04 17:42:00.485330	[INFO]	goods_manager.py	响应时间:990ms	重庆市	沙坪坝区	这里是日志信息......
2024-11-04 17:42:00.485330	[ERROR]	event.py	响应时间:503ms	浙江省	嘉兴市	这里是日志信息......
2024-11-04 17:42:00.485330	[INFO]	barcode_service.py	响应时间:627ms	山东省	菏泽市	这里是日志信息......
2024-11-04 17:42:00.485330	[INFO]	goods_manager.py	响应时间:286ms	湖南省	长沙市	这里是日志信息......
2024-11-04 17:42:00.485330	[INFO]	orders_service.py	响应时间:815ms	湖北省	武汉市	这里是日志信息......
2024-11-04 17:42:00.485330	[INFO]	goods_manager.py	响应时间:854ms	湖南省	株洲市	这里是日志信息......
2024-11-04 17:42:00.485330	[INFO]	event.py	响应时间:311ms	湖北省	武汉市	这里是日志信息......
2024-11-04 17:42:00.485330	[INFO]	barcode_service.py	响应时间:71ms	浙江省	舟山市	这里是日志信息......
2024-11-04 17:42:00.485330	[INFO]	event.py	响应时间:161ms	山东省	青岛市	这里是日志信息......
2024-11-04 17:42:00.485330	[INFO]	orders_service.py	响应时间:214ms	浙江省	嘉兴市	这里是日志信息......
2024-11-04 17:42:00.485330	[INFO]	event.py	响应时间:135ms	重庆市	万州区	这里是日志信息......
2024-11-04 17:42:00.485330	[WARN]	goods_manager.py	响应时间:560ms	天津市	武清区	这里是日志信息......
2024-11-04 17:42:00.485330	[INFO]	event.py	响应时间:12ms	广东省	广州市	这里是日志信息......
2024-11-04 17:42:00.485330	[WARN]	goods_manager.py	响应时间:545ms	广东省	深圳市	这里是日志信息......
2024-11-04 17:42:00.485330	[ERROR]	user_manager.py	响应时间:742ms	江苏省	苏州市	这里是日志信息......
2024-11-04 17:42:00.485330	[INFO]	base_network.py	响应时间:978ms	上海市	杨浦区	这里是日志信息......
2024-11-04 17:42:00.485330	[INFO]	event.py	响应时间:425ms	湖南省	常德市	这里是日志信息......
2024-11-04 17:42:00.485330	[INFO]	goods_manager.py	响应时间:965ms	山东省	菏泽市	这里是日志信息......
2024-11-04 17:42:00.485330	[INFO]	orders_service.py	响应时间:246ms	山东省	青岛市	这里是日志信息......
2024-11-04 17:42:00.485330	[INFO]	event.py	响应时间:335ms	山东省	青岛市	这里是日志信息......
2024-11-04 17:42:00.485330	[INFO]	orders_service.py	响应时间:436ms	湖北省	十堰市	这里是日志信息......
2024-11-04 17:42:00.485330	[INFO]	user_manager.py	响应时间:468ms	江苏省	常州市	这里是日志信息......
2024-11-04 17:42:00.485330	[INFO]	barcode_service.py	响应时间:353ms	重庆市	九龙坡区	这里是日志信息......
2024-11-04 17:42:00.485330	[INFO]	user_manager.py	响应时间:80ms	山东省	济南市	这里是日志信息......
2024-11-04 17:42:00.485330	[INFO]	goods_manager.py	响应时间:667ms	浙江省	舟山市	这里是日志信息......
2024-11-04 17:42:00.485330	[WARN]	user_manager.py	响应时间:98ms	山东省	济南市	这里是日志信息......
2024-11-04 17:42:00.485330	[INFO]	goods_manager.py	响应时间:641ms	安徽省	铜陵市	这里是日志信息......
2024-11-04 17:42:00.485330	[INFO]	base_network.py	响应时间:532ms	湖北省	武汉市	这里是日志信息......
2024-11-04 17:42:00.485330	[INFO]	event.py	响应时间:66ms	湖北省	恩施土家族苗族自治州	这里是日志信息......
2024-11-04 17:42:00.485330	[INFO]	event.py	响应时间:935ms	浙江省	绍兴市	这里是日志信息......
2024-11-04 17:42:00.485330	[INFO]	orders_service.py	响应时间:908ms	湖北省	武汉市	这里是日志信息......
2024-11-04 17:42:00.485330	[WARN]	goods_manager.py	响应时间:874ms	江苏省	苏州市	这里是日志信息......
2024-11-04 17:42:00.485330	[INFO]	event.py	响应时间:357ms	江苏省	苏州市	这里是日志信息......
2024-11-04 17:42:00.485330	[INFO]	orders_service.py	响应时间:408ms	山东省	济南市	这里是日志信息......
2024-11-04 17:42:00.485330	[INFO]	goods_manager.py	响应时间:435ms	浙江省	绍兴市	这里是日志信息......
2024-11-04 17:42:00.485330	[WARN]	event.py	响应时间:979ms	湖北省	荆州市	这里是日志信息......
2024-11-04 17:42:00.485330	[INFO]	event.py	响应时间:700ms	北京市	海淀区	这里是日志信息......
2024-11-04 17:42:00.485330	[INFO]	orders_service.py	响应时间:491ms	北京市	怀柔区	这里是日志信息......
2024-11-04 17:42:00.485330	[INFO]	orders_service.py	响应时间:421ms	江苏省	南京市	这里是日志信息......
2024-11-04 17:42:00.485330	[INFO]	base_network.py	响应时间:70ms	上海市	浦东新区	这里是日志信息......
2024-11-04 17:42:00.485330	[INFO]	orders_service.py	响应时间:970ms	重庆市	渝中区	这里是日志信息......
2024-11-04 17:42:00.485330	[INFO]	orders_service.py	响应时间:807ms	广东省	广州市	这里是日志信息......
2024-11-04 17:42:00.485330	[INFO]	event.py	响应时间:829ms	山东省	济南市	这里是日志信息......
2024-11-04 17:42:00.485330	[INFO]	event.py	响应时间:956ms	上海市	浦东新区	这里是日志信息......
2024-11-04 17:42:00.485330	[INFO]	event.py	响应时间:178ms	湖南省	张家界市	这里是日志信息......
2024-11-04 17:42:00.485330	[INFO]	user_manager.py	响应时间:494ms	重庆市	万州区	这里是日志信息......
2024-11-04 17:42:00.485330	[INFO]	orders_service.py	响应时间:295ms	安徽省	铜陵市	这里是日志信息......
2024-11-04 17:42:00.485330	[INFO]	user_manager.py	响应时间:119ms	湖南省	张家界市	这里是日志信息......
2024-11-04 17:42:00.485330	[INFO]	user_manager.py	响应时间:950ms	广东省	广州市	这里是日志信息......
2024-11-04 17:42:00.485330	[INFO]	goods_manager.py	响应时间:103ms	安徽省	合肥市	这里是日志信息......
2024-11-04 17:42:00.485330	[INFO]	barcode_service.py	响应时间:142ms	天津市	武清区	这里是日志信息......
2024-11-04 17:42:00.485330	[INFO]	user_manager.py	响应时间:720ms	重庆市	南岸区	这里是日志信息......
2024-11-04 17:42:00.485330	[INFO]	barcode_service.py	响应时间:971ms	山东省	菏泽市	这里是日志信息......
2024-11-04 17:42:00.485330	[INFO]	goods_manager.py	响应时间:34ms	湖北省	武汉市	这里是日志信息......
2024-11-04 17:42:00.485330	[INFO]	orders_service.py	响应时间:758ms	江苏省	南京市	这里是日志信息......
2024-11-04 17:42:00.485330	[INFO]	orders_service.py	响应时间:129ms	山东省	菏泽市	这里是日志信息......
2024-11-04 17:42:00.485330	[INFO]	shop_manager.py	响应时间:241ms	重庆市	渝中区	这里是日志信息......
2024-11-04 17:42:00.485330	[INFO]	orders_service.py	响应时间:666ms	湖南省	长沙市	这里是日志信息......
2024-11-04 17:42:00.485330	[INFO]	event.py	响应时间:194ms	湖南省	长沙市	这里是日志信息......
2024-11-04 17:42:00.485330	[INFO]	barcode_service.py	响应时间:261ms	山东省	菏泽市	这里是日志信息......
2024-11-04 17:42:00.485330	[INFO]	event.py	响应时间:460ms	江苏省	宿迁市	这里是日志信息......
2024-11-04 17:42:00.485330	[WARN]	barcode_service.py	响应时间:124ms	上海市	普陀区	这里是日志信息......
2024-11-04 17:42:00.485330	[INFO]	orders_service.py	响应时间:404ms	浙江省	绍兴市	这里是日志信息......
2024-11-04 17:42:00.485330	[INFO]	user_manager.py	响应时间:422ms	湖北省	恩施土家族苗族自治州	这里是日志信息......
2024-11-04 17:42:00.485330	[INFO]	base_network.py	响应时间:272ms	北京市	昌平区	这里是日志信息......
2024-11-04 17:42:00.485330	[INFO]	base_network.py	响应时间:109ms	安徽省	铜陵市	这里是日志信息......
2024-11-04 17:42:00.485330	[INFO]	goods_manager.py	响应时间:331ms	浙江省	嘉兴市	这里是日志信息......
2024-11-04 17:42:00.485330	[WARN]	goods_manager.py	响应时间:875ms	天津市	河东区	这里是日志信息......
2024-11-04 17:42:00.485330	[INFO]	user_manager.py	响应时间:196ms	江苏省	无锡市	这里是日志信息......
2024-11-04 17:42:00.485330	[WARN]	barcode_service.py	响应时间:683ms	安徽省	阜阳市	这里是日志信息......
2024-11-04 17:42:00.485330	[INFO]	base_network.py	响应时间:20ms	安徽省	阜阳市	这里是日志信息......
2024-11-04 17:42:00.485330	[INFO]	user_manager.py	响应时间:165ms	湖南省	常德市	这里是日志信息......
2024-11-04 17:42:00.485330	[INFO]	event.py	响应时间:315ms	湖北省	武汉市	这里是日志信息......
2024-11-04 17:42:00.485330	[INFO]	event.py	响应时间:809ms	山东省	青岛市	这里是日志信息......
2024-11-04 17:42:00.485330	[ERROR]	shop_manager.py	响应时间:988ms	上海市	杨浦区	这里是日志信息......
2024-11-04 17:42:00.485330	[INFO]	orders_service.py	响应时间:192ms	重庆市	沙坪坝区	这里是日志信息......
2024-11-04 17:42:00.485330	[INFO]	orders_service.py	响应时间:331ms	北京市	朝阳区	这里是日志信息......
2024-11-04 17:42:00.485330	[INFO]	base_network.py	响应时间:631ms	天津市	宝坻区	这里是日志信息......
2024-11-04 17:42:00.485330	[INFO]	goods_manager.py	响应时间:122ms	安徽省	阜阳市	这里是日志信息......
2024-11-04 17:42:00.485330	[INFO]	user_manager.py	响应时间:784ms	湖南省	长沙市	这里是日志信息......
2024-11-04 17:42:00.485330	[INFO]	event.py	响应时间:750ms	湖北省	武汉市	这里是日志信息......
2024-11-04 17:42:00.485330	[WARN]	base_network.py	响应时间:166ms	江苏省	宿迁市	这里是日志信息......
2024-11-04 17:42:00.485330	[INFO]	orders_service.py	响应时间:568ms	湖北省	武汉市	这里是日志信息......
2024-11-04 17:42:00.485330	[INFO]	base_network.py	响应时间:734ms	浙江省	湖州市	这里是日志信息......
2024-11-04 17:42:00.485330	[INFO]	user_manager.py	响应时间:693ms	湖南省	张家界市	这里是日志信息......
2024-11-04 17:42:00.485330	[INFO]	goods_manager.py	响应时间:133ms	湖北省	武汉市	这里是日志信息......
2024-11-04 17:42:00.485330	[INFO]	goods_manager.py	响应时间:895ms	湖北省	荆州市	这里是日志信息......
2024-11-04 17:42:00.485330	[INFO]	orders_service.py	响应时间:920ms	上海市	普陀区	这里是日志信息......
2024-11-04 17:42:00.485330	[INFO]	orders_service.py	响应时间:245ms	山东省	济南市	这里是日志信息......
2024-11-04 17:42:00.485330	[INFO]	goods_manager.py	响应时间:415ms	山东省	菏泽市	这里是日志信息......
2024-11-04 17:42:00.485330	[INFO]	base_network.py	响应时间:40ms	山东省	青岛市	这里是日志信息......
2024-11-04 17:42:00.485330	[INFO]	goods_manager.py	响应时间:48ms	山东省	青岛市	这里是日志信息......
2024-11-04 17:42:00.485330	[INFO]	goods_manager.py	响应时间:467ms	安徽省	池州市	这里是日志信息......
2024-11-04 17:42:00.485330	[INFO]	event.py	响应时间:3260ms	天津市	宝坻区	这里是日志信息......
2024-11-04 17:42:00.485330	[INFO]	goods_manager.py	响应时间:464ms	安徽省	阜阳市	这里是日志信息......
2024-11-04 17:42:00.486330	[INFO]	event.py	响应时间:205ms	北京市	昌平区	这里是日志信息......
2024-11-04 17:42:00.486330	[INFO]	event.py	响应时间:740ms	湖北省	武汉市	这里是日志信息......
2024-11-04 17:42:00.486330	[WARN]	orders_service.py	响应时间:797ms	安徽省	铜陵市	这里是日志信息......
2024-11-04 17:42:00.486330	[INFO]	goods_manager.py	响应时间:813ms	重庆市	万州区	这里是日志信息......
2024-11-04 17:42:00.486330	[INFO]	orders_service.py	响应时间:104ms	江苏省	南京市	这里是日志信息......
2024-11-04 17:42:00.486330	[WARN]	orders_service.py	响应时间:974ms	湖南省	长沙市	这里是日志信息......
2024-11-04 17:42:00.486330	[INFO]	goods_manager.py	响应时间:41ms	江苏省	无锡市	这里是日志信息......
2024-11-04 17:42:00.486330	[INFO]	base_network.py	响应时间:844ms	安徽省	合肥市	这里是日志信息......
2024-11-04 17:42:00.486330	[INFO]	event.py	响应时间:117ms	天津市	河西区	这里是日志信息......
2024-11-04 17:42:00.486330	[INFO]	barcode_service.py	响应时间:526ms	重庆市	沙坪坝区	这里是日志信息......
2024-11-04 17:42:00.486330	[INFO]	event.py	响应时间:841ms	浙江省	嘉兴市	这里是日志信息......
2024-11-04 17:42:00.486330	[INFO]	event.py	响应时间:502ms	浙江省	绍兴市	这里是日志信息......
2024-11-04 17:42:00.486330	[INFO]	event.py	响应时间:771ms	湖北省	荆州市	这里是日志信息......
2024-11-04 17:42:00.486330	[INFO]	user_manager.py	响应时间:381ms	北京市	丰台区	这里是日志信息......
2024-11-04 17:42:00.486330	[INFO]	orders_service.py	响应时间:958ms	湖南省	常德市	这里是日志信息......
2024-11-04 17:42:00.486330	[INFO]	orders_service.py	响应时间:395ms	山东省	青岛市	这里是日志信息......
2024-11-04 17:42:00.486330	[INFO]	barcode_service.py	响应时间:191ms	北京市	大兴区	这里是日志信息......
2024-11-04 17:42:00.486330	[INFO]	goods_manager.py	响应时间:375ms	广东省	广州市	这里是日志信息......
2024-11-04 17:42:00.486330	[WARN]	goods_manager.py	响应时间:916ms	江苏省	无锡市	这里是日志信息......
2024-11-04 17:42:00.486330	[INFO]	event.py	响应时间:257ms	天津市	河西区	这里是日志信息......
2024-11-04 17:42:00.486330	[INFO]	event.py	响应时间:229ms	天津市	河西区	这里是日志信息......
2024-11-04 17:42:00.486330	[INFO]	event.py	响应时间:217ms	北京市	朝阳区	这里是日志信息......
2024-11-04 17:42:00.486330	[INFO]	goods_manager.py	响应时间:218ms	江苏省	南京市	这里是日志信息......
2024-11-04 17:42:00.486330	[INFO]	event.py	响应时间:222ms	江苏省	无锡市	这里是日志信息......
2024-11-04 17:42:00.486330	[WARN]	base_network.py	响应时间:113ms	天津市	武清区	这里是日志信息......
2024-11-04 17:42:00.486330	[INFO]	goods_manager.py	响应时间:136ms	山东省	青岛市	这里是日志信息......
2024-11-04 17:42:00.486330	[WARN]	orders_service.py	响应时间:97ms	山东省	济南市	这里是日志信息......
2024-11-04 17:42:00.486330	[INFO]	event.py	响应时间:694ms	湖北省	荆州市	这里是日志信息......
2024-11-04 17:42:00.486330	[INFO]	orders_service.py	响应时间:325ms	重庆市	渝中区	这里是日志信息......
2024-11-04 17:42:00.486330	[INFO]	user_manager.py	响应时间:610ms	湖北省	武汉市	这里是日志信息......
2024-11-04 17:42:00.486330	[INFO]	goods_manager.py	响应时间:424ms	湖南省	益阳市	这里是日志信息......
2024-11-04 17:42:00.486330	[INFO]	event.py	响应时间:472ms	天津市	河东区	这里是日志信息......
2024-11-04 17:42:00.486330	[INFO]	event.py	响应时间:417ms	北京市	大兴区	这里是日志信息......
2024-11-04 17:42:00.486330	[INFO]	goods_manager.py	响应时间:212ms	天津市	河东区	这里是日志信息......
2024-11-04 17:42:00.486330	[WARN]	orders_service.py	响应时间:788ms	重庆市	沙坪坝区	这里是日志信息......
2024-11-04 17:42:00.486330	[INFO]	orders_service.py	响应时间:13ms	安徽省	合肥市	这里是日志信息......
2024-11-04 17:42:00.486330	[INFO]	goods_manager.py	响应时间:655ms	广东省	深圳市	这里是日志信息......
2024-11-04 17:42:00.486330	[INFO]	event.py	响应时间:403ms	上海市	浦东新区	这里是日志信息......
2024-11-04 17:42:00.486330	[INFO]	barcode_service.py	响应时间:611ms	北京市	怀柔区	这里是日志信息......
2024-11-04 17:42:00.486330	[INFO]	barcode_service.py	响应时间:247ms	江苏省	无锡市	这里是日志信息......
2024-11-04 17:42:00.486330	[INFO]	event.py	响应时间:454ms	山东省	青岛市	这里是日志信息......
2024-11-04 17:42:00.486330	[INFO]	goods_manager.py	响应时间:231ms	天津市	河东区	这里是日志信息......
2024-11-04 17:42:00.486330	[WARN]	goods_manager.py	响应时间:5217ms	江苏省	常州市	这里是日志信息......
2024-11-04 17:42:00.486330	[INFO]	user_manager.py	响应时间:556ms	浙江省	丽水市	这里是日志信息......
2024-11-04 17:42:00.486330	[INFO]	event.py	响应时间:907ms	北京市	大兴区	这里是日志信息......
2024-11-04 17:42:00.486330	[INFO]	event.py	响应时间:61ms	重庆市	万州区	这里是日志信息......
2024-11-04 17:42:00.486330	[INFO]	user_manager.py	响应时间:807ms	安徽省	六安市	这里是日志信息......
2024-11-04 17:42:00.486330	[INFO]	user_manager.py	响应时间:684ms	北京市	海淀区	这里是日志信息......
2024-11-04 17:42:00.486330	[INFO]	event.py	响应时间:424ms	浙江省	舟山市	这里是日志信息......
2024-11-04 17:42:00.486330	[INFO]	event.py	响应时间:147ms	安徽省	池州市	这里是日志信息......
2024-11-04 17:42:00.486330	[INFO]	goods_manager.py	响应时间:72ms	上海市	徐汇区	这里是日志信息......
2024-11-04 17:42:00.486330	[WARN]	orders_service.py	响应时间:828ms	安徽省	合肥市	这里是日志信息......
2024-11-04 17:42:00.486330	[INFO]	goods_manager.py	响应时间:786ms	广东省	深圳市	这里是日志信息......
2024-11-04 17:42:00.486330	[INFO]	barcode_service.py	响应时间:90ms	上海市	杨浦区	这里是日志信息......
2024-11-04 17:42:00.486330	[INFO]	barcode_service.py	响应时间:564ms	湖南省	长沙市	这里是日志信息......
2024-11-04 17:42:00.486330	[INFO]	barcode_service.py	响应时间:856ms	浙江省	丽水市	这里是日志信息......
2024-11-04 17:42:00.486330	[INFO]	user_manager.py	响应时间:587ms	湖南省	长沙市	这里是日志信息......
2024-11-04 17:42:00.486330	[INFO]	goods_manager.py	响应时间:95ms	天津市	和平区	这里是日志信息......
2024-11-04 17:42:00.486330	[INFO]	event.py	响应时间:495ms	北京市	昌平区	这里是日志信息......
2024-11-04 17:42:00.486330	[INFO]	shop_manager.py	响应时间:181ms	安徽省	合肥市	这里是日志信息......
2024-11-04 17:42:00.486330	[INFO]	event.py	响应时间:614ms	广东省	深圳市	这里是日志信息......
2024-11-04 17:42:00.486330	[INFO]	orders_service.py	响应时间:588ms	重庆市	涪陵区	这里是日志信息......
2024-11-04 17:42:00.486330	[INFO]	barcode_service.py	响应时间:829ms	湖北省	十堰市	这里是日志信息......
2024-11-04 17:42:00.486330	[INFO]	orders_service.py	响应时间:476ms	广东省	广州市	这里是日志信息......
2024-11-04 17:42:00.486330	[WARN]	orders_service.py	响应时间:40ms	山东省	济南市	这里是日志信息......
2024-11-04 17:42:00.486330	[INFO]	event.py	响应时间:451ms	山东省	青岛市	这里是日志信息......
2024-11-04 17:42:00.486330	[INFO]	event.py	响应时间:680ms	北京市	朝阳区	这里是日志信息......
2024-11-04 17:42:00.486330	[INFO]	user_manager.py	响应时间:787ms	广东省	广州市	这里是日志信息......
2024-11-04 17:42:00.486330	[INFO]	event.py	响应时间:425ms	浙江省	杭州市	这里是日志信息......
2024-11-04 17:42:00.486330	[INFO]	orders_service.py	响应时间:451ms	江苏省	苏州市	这里是日志信息......
2024-11-04 17:42:00.486330	[INFO]	user_manager.py	响应时间:10ms	天津市	河西区	这里是日志信息......
2024-11-04 17:42:00.486330	[INFO]	event.py	响应时间:637ms	重庆市	万州区	这里是日志信息......
2024-11-04 17:42:00.486330	[INFO]	barcode_service.py	响应时间:249ms	重庆市	九龙坡区	这里是日志信息......
2024-11-04 17:42:00.486330	[INFO]	user_manager.py	响应时间:153ms	湖北省	荆州市	这里是日志信息......
2024-11-04 17:42:00.486330	[INFO]	barcode_service.py	响应时间:255ms	湖北省	武汉市	这里是日志信息......
2024-11-04 17:42:00.486330	[INFO]	goods_manager.py	响应时间:143ms	上海市	杨浦区	这里是日志信息......
2024-11-04 17:42:00.486330	[INFO]	base_network.py	响应时间:187ms	天津市	和平区	这里是日志信息......
2024-11-04 17:42:00.486330	[INFO]	goods_manager.py	响应时间:149ms	天津市	和平区	这里是日志信息......
2024-11-04 17:42:00.486330	[INFO]	barcode_service.py	响应时间:44ms	山东省	菏泽市	这里是日志信息......
2024-11-04 17:42:00.486330	[INFO]	barcode_service.py	响应时间:193ms	浙江省	嘉兴市	这里是日志信息......
2024-11-04 17:42:00.486330	[INFO]	orders_service.py	响应时间:151ms	天津市	河东区	这里是日志信息......
2024-11-04 17:42:00.486330	[INFO]	event.py	响应时间:276ms	湖北省	武汉市	这里是日志信息......
2024-11-04 17:42:00.486330	[INFO]	event.py	响应时间:9518ms	江苏省	无锡市	这里是日志信息......
2024-11-04 17:42:00.486330	[INFO]	goods_manager.py	响应时间:991ms	湖南省	益阳市	这里是日志信息......
2024-11-04 17:42:00.486330	[INFO]	event.py	响应时间:836ms	天津市	和平区	这里是日志信息......
2024-11-04 17:42:00.486330	[INFO]	goods_manager.py	响应时间:283ms	江苏省	南京市	这里是日志信息......
2024-11-04 17:42:00.486330	[WARN]	orders_service.py	响应时间:866ms	安徽省	铜陵市	这里是日志信息......
2024-11-04 17:42:00.486330	[INFO]	orders_service.py	响应时间:499ms	广东省	深圳市	这里是日志信息......
2024-11-04 17:42:00.486330	[INFO]	orders_service.py	响应时间:626ms	安徽省	池州市	这里是日志信息......
2024-11-04 17:42:00.486330	[ERROR]	event.py	响应时间:900ms	浙江省	丽水市	这里是日志信息......
2024-11-04 17:42:00.486330	[WARN]	user_manager.py	响应时间:427ms	湖南省	长沙市	这里是日志信息......
2024-11-04 17:42:00.486330	[INFO]	event.py	响应时间:859ms	天津市	河西区	这里是日志信息......
2024-11-04 17:42:00.486330	[INFO]	orders_service.py	响应时间:953ms	广东省	深圳市	这里是日志信息......
2024-11-04 17:42:00.486330	[INFO]	user_manager.py	响应时间:953ms	天津市	河东区	这里是日志信息......
2024-11-04 17:42:00.486330	[INFO]	base_network.py	响应时间:158ms	江苏省	张家港市	这里是日志信息......
2024-11-04 17:42:00.486330	[WARN]	orders_service.py	响应时间:750ms	北京市	海淀区	这里是日志信息......
2024-11-04 17:42:00.486330	[INFO]	event.py	响应时间:637ms	广东省	广州市	这里是日志信息......
2024-11-04 17:42:00.486330	[INFO]	user_manager.py	响应时间:502ms	安徽省	芜湖市	这里是日志信息......
2024-11-04 17:42:00.486330	[INFO]	goods_manager.py	响应时间:142ms	天津市	河西区	这里是日志信息......
2024-11-04 17:42:00.486330	[INFO]	orders_service.py	响应时间:668ms	重庆市	沙坪坝区	这里是日志信息......
2024-11-04 17:42:00.486330	[ERROR]	goods_manager.py	响应时间:1912ms	江苏省	常州市	这里是日志信息......
2024-11-04 17:42:00.486330	[INFO]	event.py	响应时间:316ms	北京市	海淀区	这里是日志信息......
2024-11-04 17:42:00.486330	[INFO]	base_network.py	响应时间:575ms	北京市	朝阳区	这里是日志信息......
2024-11-04 17:42:00.486330	[INFO]	orders_service.py	响应时间:847ms	北京市	丰台区	这里是日志信息......
2024-11-04 17:42:00.486330	[INFO]	shop_manager.py	响应时间:303ms	湖南省	长沙市	这里是日志信息......
2024-11-04 17:42:00.486330	[INFO]	orders_service.py	响应时间:96ms	浙江省	绍兴市	这里是日志信息......
2024-11-04 17:42:00.486330	[INFO]	event.py	响应时间:243ms	上海市	杨浦区	这里是日志信息......
2024-11-04 17:42:00.486330	[INFO]	event.py	响应时间:936ms	重庆市	九龙坡区	这里是日志信息......
2024-11-04 17:42:00.486330	[INFO]	event.py	响应时间:198ms	江苏省	苏州市	这里是日志信息......
2024-11-04 17:42:00.486330	[INFO]	event.py	响应时间:685ms	山东省	青岛市	这里是日志信息......
2024-11-04 17:42:00.486330	[INFO]	goods_manager.py	响应时间:151ms	北京市	海淀区	这里是日志信息......
2024-11-04 17:42:00.486330	[INFO]	goods_manager.py	响应时间:432ms	江苏省	宿迁市	这里是日志信息......
2024-11-04 17:42:00.486330	[INFO]	orders_service.py	响应时间:341ms	北京市	朝阳区	这里是日志信息......
2024-11-04 17:42:00.486330	[INFO]	event.py	响应时间:396ms	广东省	广州市	这里是日志信息......
2024-11-04 17:42:00.486330	[INFO]	event.py	响应时间:295ms	浙江省	杭州市	这里是日志信息......
2024-11-04 17:42:00.486330	[INFO]	orders_service.py	响应时间:132ms	山东省	菏泽市	这里是日志信息......
2024-11-04 17:42:00.486330	[INFO]	goods_manager.py	响应时间:545ms	广东省	广州市	这里是日志信息......
2024-11-04 17:42:00.486330	[INFO]	orders_service.py	响应时间:205ms	湖北省	恩施土家族苗族自治州	这里是日志信息......
2024-11-04 17:42:00.486330	[INFO]	user_manager.py	响应时间:273ms	湖北省	荆州市	这里是日志信息......
2024-11-04 17:42:00.486330	[INFO]	orders_service.py	响应时间:607ms	湖南省	长沙市	这里是日志信息......
2024-11-04 17:42:00.486330	[INFO]	orders_service.py	响应时间:322ms	广东省	深圳市	这里是日志信息......
2024-11-04 17:42:00.486330	[INFO]	orders_service.py	响应时间:218ms	山东省	青岛市	这里是日志信息......
2024-11-04 17:42:00.486330	[WARN]	user_manager.py	响应时间:292ms	浙江省	湖州市	这里是日志信息......
2024-11-04 17:42:00.486330	[INFO]	barcode_service.py	响应时间:169ms	北京市	海淀区	这里是日志信息......
2024-11-04 17:42:00.486330	[ERROR]	shop_manager.py	响应时间:652ms	重庆市	万州区	这里是日志信息......
2024-11-04 17:42:00.486330	[INFO]	goods_manager.py	响应时间:528ms	江苏省	苏州市	这里是日志信息......
2024-11-04 17:42:00.486330	[INFO]	event.py	响应时间:287ms	浙江省	杭州市	这里是日志信息......
2024-11-04 17:42:00.486330	[INFO]	barcode_service.py	响应时间:548ms	江苏省	南京市	这里是日志信息......
2024-11-04 17:42:00.486330	[INFO]	shop_manager.py	响应时间:302ms	浙江省	舟山市	这里是日志信息......
2024-11-04 17:42:00.487330	[INFO]	event.py	响应时间:161ms	湖南省	长沙市	这里是日志信息......
2024-11-04 17:42:00.487330	[INFO]	barcode_service.py	响应时间:412ms	山东省	济南市	这里是日志信息......
2024-11-04 17:42:00.487330	[INFO]	shop_manager.py	响应时间:915ms	广东省	广州市	这里是日志信息......
2024-11-04 17:42:00.487330	[INFO]	goods_manager.py	响应时间:1664ms	湖北省	武汉市	这里是日志信息......
2024-11-04 17:42:00.487330	[INFO]	user_manager.py	响应时间:97ms	湖南省	株洲市	这里是日志信息......
2024-11-04 17:42:00.487330	[INFO]	orders_service.py	响应时间:970ms	天津市	和平区	这里是日志信息......
2024-11-04 17:42:00.487330	[INFO]	barcode_service.py	响应时间:291ms	广东省	广州市	这里是日志信息......
2024-11-04 17:42:00.487330	[INFO]	orders_service.py	响应时间:823ms	湖北省	武汉市	这里是日志信息......
2024-11-04 17:42:00.487330	[WARN]	user_manager.py	响应时间:417ms	上海市	徐汇区	这里是日志信息......
2024-11-04 17:42:00.487330	[INFO]	goods_manager.py	响应时间:48ms	湖北省	武汉市	这里是日志信息......
2024-11-04 17:42:00.487330	[WARN]	barcode_service.py	响应时间:557ms	重庆市	渝中区	这里是日志信息......
2024-11-04 17:42:00.487330	[INFO]	barcode_service.py	响应时间:310ms	北京市	丰台区	这里是日志信息......
2024-11-04 17:42:00.487330	[INFO]	event.py	响应时间:649ms	天津市	河东区	这里是日志信息......
2024-11-04 17:42:00.487330	[INFO]	event.py	响应时间:523ms	重庆市	万州区	这里是日志信息......
2024-11-04 17:42:00.487330	[WARN]	base_network.py	响应时间:87ms	湖北省	荆州市	这里是日志信息......
2024-11-04 17:42:00.487330	[INFO]	goods_manager.py	响应时间:170ms	山东省	菏泽市	这里是日志信息......
2024-11-04 17:42:00.487330	[INFO]	goods_manager.py	响应时间:59ms	安徽省	合肥市	这里是日志信息......
2024-11-04 17:42:00.487330	[INFO]	event.py	响应时间:482ms	上海市	黄浦区	这里是日志信息......
2024-11-04 17:42:00.487330	[INFO]	orders_service.py	响应时间:229ms	湖北省	武汉市	这里是日志信息......
2024-11-04 17:42:00.487330	[INFO]	orders_service.py	响应时间:886ms	湖南省	益阳市	这里是日志信息......
2024-11-04 17:42:00.487330	[INFO]	goods_manager.py	响应时间:952ms	山东省	济南市	这里是日志信息......
2024-11-04 17:42:00.487330	[INFO]	event.py	响应时间:949ms	北京市	海淀区	这里是日志信息......
2024-11-04 17:42:00.487330	[INFO]	goods_manager.py	响应时间:246ms	北京市	昌平区	这里是日志信息......
2024-11-04 17:42:00.487330	[INFO]	goods_manager.py	响应时间:344ms	湖南省	益阳市	这里是日志信息......
2024-11-04 17:42:00.487330	[INFO]	event.py	响应时间:534ms	北京市	怀柔区	这里是日志信息......
2024-11-04 17:42:00.487330	[INFO]	event.py	响应时间:159ms	广东省	广州市	这里是日志信息......
2024-11-04 17:42:00.487330	[INFO]	event.py	响应时间:216ms	上海市	宝山区	这里是日志信息......
2024-11-04 17:42:00.487330	[INFO]	event.py	响应时间:831ms	天津市	宝坻区	这里是日志信息......
2024-11-04 17:42:00.487330	[INFO]	orders_service.py	响应时间:652ms	天津市	和平区	这里是日志信息......
2024-11-04 17:42:00.487330	[INFO]	event.py	响应时间:249ms	江苏省	张家港市	这里是日志信息......
2024-11-04 17:42:00.487330	[INFO]	goods_manager.py	响应时间:705ms	广东省	广州市	这里是日志信息......
2024-11-04 17:42:00.487330	[INFO]	goods_manager.py	响应时间:723ms	重庆市	南岸区	这里是日志信息......
2024-11-04 17:42:00.487330	[INFO]	barcode_service.py	响应时间:480ms	浙江省	舟山市	这里是日志信息......
2024-11-04 17:42:00.487330	[INFO]	shop_manager.py	响应时间:971ms	天津市	河西区	这里是日志信息......
2024-11-04 17:42:00.487330	[INFO]	shop_manager.py	响应时间:30ms	湖北省	荆州市	这里是日志信息......
2024-11-04 17:42:00.487330	[INFO]	barcode_service.py	响应时间:117ms	重庆市	渝中区	这里是日志信息......
2024-11-04 17:42:00.487330	[INFO]	goods_manager.py	响应时间:517ms	重庆市	九龙坡区	这里是日志信息......
2024-11-04 17:42:00.487330	[INFO]	event.py	响应时间:379ms	湖北省	荆州市	这里是日志信息......
2024-11-04 17:42:00.487330	[INFO]	goods_manager.py	响应时间:232ms	北京市	昌平区	这里是日志信息......
2024-11-04 17:42:00.487330	[INFO]	orders_service.py	响应时间:730ms	浙江省	绍兴市	这里是日志信息......
2024-11-04 17:42:00.487330	[INFO]	shop_manager.py	响应时间:398ms	北京市	大兴区	这里是日志信息......
2024-11-04 17:42:00.487330	[WARN]	orders_service.py	响应时间:143ms	北京市	怀柔区	这里是日志信息......
2024-11-04 17:42:00.487330	[INFO]	goods_manager.py	响应时间:212ms	安徽省	池州市	这里是日志信息......
2024-11-04 17:42:00.487330	[INFO]	orders_service.py	响应时间:71ms	广东省	广州市	这里是日志信息......
2024-11-04 17:42:00.487330	[WARN]	base_network.py	响应时间:629ms	浙江省	舟山市	这里是日志信息......
2024-11-04 17:42:00.487330	[INFO]	goods_manager.py	响应时间:399ms	江苏省	宿迁市	这里是日志信息......
2024-11-04 17:42:00.487330	[INFO]	event.py	响应时间:256ms	重庆市	沙坪坝区	这里是日志信息......
2024-11-04 17:42:00.487330	[INFO]	goods_manager.py	响应时间:878ms	重庆市	九龙坡区	这里是日志信息......
2024-11-04 17:42:00.487330	[INFO]	event.py	响应时间:259ms	广东省	广州市	这里是日志信息......
2024-11-04 17:42:00.487330	[INFO]	barcode_service.py	响应时间:611ms	广东省	深圳市	这里是日志信息......
2024-11-04 17:42:00.487330	[INFO]	base_network.py	响应时间:216ms	天津市	武清区	这里是日志信息......
2024-11-04 17:42:00.487330	[INFO]	event.py	响应时间:778ms	湖南省	株洲市	这里是日志信息......
2024-11-04 17:42:00.487330	[INFO]	orders_service.py	响应时间:116ms	上海市	杨浦区	这里是日志信息......
2024-11-04 17:42:00.487330	[INFO]	barcode_service.py	响应时间:571ms	上海市	浦东新区	这里是日志信息......
2024-11-04 17:42:00.487330	[INFO]	orders_service.py	响应时间:64ms	湖南省	株洲市	这里是日志信息......
2024-11-04 17:42:00.487330	[WARN]	event.py	响应时间:826ms	江苏省	常州市	这里是日志信息......
2024-11-04 17:42:00.487330	[INFO]	barcode_service.py	响应时间:164ms	天津市	河东区	这里是日志信息......
2024-11-04 17:42:00.487330	[INFO]	event.py	响应时间:472ms	山东省	青岛市	这里是日志信息......
2024-11-04 17:42:00.487330	[ERROR]	event.py	响应时间:802ms	湖南省	长沙市	这里是日志信息......
2024-11-04 17:42:00.487330	[INFO]	orders_service.py	响应时间:982ms	湖北省	武汉市	这里是日志信息......
2024-11-04 17:42:00.487330	[INFO]	orders_service.py	响应时间:156ms	湖南省	张家界市	这里是日志信息......
2024-11-04 17:42:00.487330	[INFO]	goods_manager.py	响应时间:513ms	湖北省	武汉市	这里是日志信息......
2024-11-04 17:42:00.487330	[INFO]	orders_service.py	响应时间:976ms	天津市	和平区	这里是日志信息......
2024-11-04 17:42:00.487330	[INFO]	shop_manager.py	响应时间:816ms	上海市	徐汇区	这里是日志信息......
2024-11-04 17:42:00.487330	[INFO]	event.py	响应时间:29ms	北京市	昌平区	这里是日志信息......
2024-11-04 17:42:00.487330	[INFO]	user_manager.py	响应时间:595ms	江苏省	无锡市	这里是日志信息......
2024-11-04 17:42:00.487330	[ERROR]	goods_manager.py	响应时间:610ms	重庆市	九龙坡区	这里是日志信息......
2024-11-04 17:42:00.487330	[INFO]	base_network.py	响应时间:819ms	山东省	济南市	这里是日志信息......
2024-11-04 17:42:00.487330	[INFO]	goods_manager.py	响应时间:300ms	江苏省	宿迁市	这里是日志信息......
2024-11-04 17:42:00.487330	[INFO]	orders_service.py	响应时间:836ms	上海市	静安区	这里是日志信息......
2024-11-04 17:42:00.487330	[INFO]	user_manager.py	响应时间:534ms	湖南省	长沙市	这里是日志信息......
2024-11-04 17:42:00.487330	[INFO]	barcode_service.py	响应时间:616ms	天津市	河东区	这里是日志信息......
2024-11-04 17:42:00.487330	[INFO]	base_network.py	响应时间:134ms	山东省	青岛市	这里是日志信息......
2024-11-04 17:42:00.487330	[INFO]	goods_manager.py	响应时间:625ms	山东省	济南市	这里是日志信息......
2024-11-04 17:42:00.487330	[INFO]	user_manager.py	响应时间:731ms	上海市	普陀区	这里是日志信息......
2024-11-04 17:42:00.487330	[INFO]	goods_manager.py	响应时间:796ms	天津市	河西区	这里是日志信息......
2024-11-04 17:42:00.487330	[INFO]	user_manager.py	响应时间:737ms	安徽省	芜湖市	这里是日志信息......
2024-11-04 17:42:00.487330	[ERROR]	event.py	响应时间:207ms	北京市	朝阳区	这里是日志信息......
2024-11-04 17:42:00.487330	[INFO]	event.py	响应时间:311ms	山东省	济南市	这里是日志信息......
2024-11-04 17:42:00.487330	[INFO]	orders_service.py	响应时间:163ms	广东省	广州市	这里是日志信息......
2024-11-04 17:42:00.487330	[INFO]	goods_manager.py	响应时间:919ms	江苏省	苏州市	这里是日志信息......
2024-11-04 17:42:00.487330	[INFO]	event.py	响应时间:158ms	上海市	宝山区	这里是日志信息......
2024-11-04 17:42:00.487330	[INFO]	base_network.py	响应时间:945ms	上海市	宝山区	这里是日志信息......
2024-11-04 17:42:00.487330	[INFO]	event.py	响应时间:584ms	山东省	青岛市	这里是日志信息......
2024-11-04 17:42:00.487330	[INFO]	goods_manager.py	响应时间:264ms	湖北省	荆州市	这里是日志信息......
2024-11-04 17:42:00.487330	[INFO]	base_network.py	响应时间:722ms	安徽省	池州市	这里是日志信息......
2024-11-04 17:42:00.487330	[INFO]	goods_manager.py	响应时间:940ms	山东省	济南市	这里是日志信息......
2024-11-04 17:42:00.487330	[INFO]	base_network.py	响应时间:701ms	山东省	青岛市	这里是日志信息......
2024-11-04 17:42:00.487330	[WARN]	user_manager.py	响应时间:863ms	北京市	怀柔区	这里是日志信息......
2024-11-04 17:42:00.487330	[WARN]	shop_manager.py	响应时间:674ms	上海市	徐汇区	这里是日志信息......
2024-11-04 17:42:00.487330	[WARN]	event.py	响应时间:509ms	山东省	青岛市	这里是日志信息......
2024-11-04 17:42:00.487330	[WARN]	user_manager.py	响应时间:747ms	上海市	静安区	这里是日志信息......
2024-11-04 17:42:00.487330	[INFO]	event.py	响应时间:54ms	江苏省	南京市	这里是日志信息......
2024-11-04 17:42:00.487330	[INFO]	user_manager.py	响应时间:3448ms	安徽省	阜阳市	这里是日志信息......
2024-11-04 17:42:00.487330	[INFO]	orders_service.py	响应时间:280ms	北京市	丰台区	这里是日志信息......
2024-11-04 17:42:00.487330	[INFO]	user_manager.py	响应时间:483ms	北京市	海淀区	这里是日志信息......
2024-11-04 17:42:00.487330	[WARN]	event.py	响应时间:708ms	天津市	河西区	这里是日志信息......
2024-11-04 17:42:00.487330	[INFO]	user_manager.py	响应时间:761ms	浙江省	金华市	这里是日志信息......
2024-11-04 17:42:00.487330	[INFO]	goods_manager.py	响应时间:798ms	北京市	大兴区	这里是日志信息......
2024-11-04 17:42:00.487330	[WARN]	goods_manager.py	响应时间:668ms	广东省	深圳市	这里是日志信息......
2024-11-04 17:42:00.487330	[INFO]	orders_service.py	响应时间:971ms	广东省	广州市	这里是日志信息......
2024-11-04 17:42:00.487330	[INFO]	event.py	响应时间:527ms	上海市	徐汇区	这里是日志信息......
2024-11-04 17:42:00.487330	[INFO]	event.py	响应时间:764ms	广东省	深圳市	这里是日志信息......
2024-11-04 17:42:00.487330	[INFO]	event.py	响应时间:362ms	广东省	广州市	这里是日志信息......
2024-11-04 17:42:00.487330	[INFO]	shop_manager.py	响应时间:831ms	湖北省	荆州市	这里是日志信息......
2024-11-04 17:42:00.487330	[INFO]	goods_manager.py	响应时间:538ms	重庆市	南岸区	这里是日志信息......
2024-11-04 17:42:00.487330	[ERROR]	goods_manager.py	响应时间:165ms	天津市	河东区	这里是日志信息......
2024-11-04 17:42:00.487330	[INFO]	event.py	响应时间:452ms	湖南省	长沙市	这里是日志信息......
2024-11-04 17:42:00.487330	[INFO]	base_network.py	响应时间:342ms	天津市	河东区	这里是日志信息......
2024-11-04 17:42:00.487330	[INFO]	goods_manager.py	响应时间:749ms	重庆市	九龙坡区	这里是日志信息......
2024-11-04 17:42:00.487330	[INFO]	event.py	响应时间:740ms	安徽省	六安市	这里是日志信息......
2024-11-04 17:42:00.487330	[INFO]	goods_manager.py	响应时间:55ms	山东省	济南市	这里是日志信息......
2024-11-04 17:42:00.487330	[WARN]	event.py	响应时间:379ms	江苏省	常州市	这里是日志信息......
2024-11-04 17:42:00.487330	[INFO]	user_manager.py	响应时间:377ms	广东省	广州市	这里是日志信息......
2024-11-04 17:42:00.487330	[INFO]	base_network.py	响应时间:798ms	上海市	普陀区	这里是日志信息......
2024-11-04 17:42:00.487330	[WARN]	goods_manager.py	响应时间:567ms	重庆市	万州区	这里是日志信息......
2024-11-04 17:42:00.487330	[INFO]	event.py	响应时间:354ms	湖北省	十堰市	这里是日志信息......
2024-11-04 17:42:00.487330	[INFO]	orders_service.py	响应时间:382ms	广东省	珠海市	这里是日志信息......
2024-11-04 17:42:00.487330	[INFO]	goods_manager.py	响应时间:322ms	湖北省	恩施土家族苗族自治州	这里是日志信息......
2024-11-04 17:42:00.487330	[INFO]	shop_manager.py	响应时间:226ms	江苏省	无锡市	这里是日志信息......
2024-11-04 17:42:00.487330	[INFO]	orders_service.py	响应时间:436ms	安徽省	阜阳市	这里是日志信息......
2024-11-04 17:42:00.487330	[INFO]	orders_service.py	响应时间:169ms	湖北省	荆州市	这里是日志信息......
2024-11-04 17:42:00.487330	[INFO]	event.py	响应时间:1532ms	安徽省	六安市	这里是日志信息......
2024-11-04 17:42:00.487330	[INFO]	event.py	响应时间:143ms	浙江省	金华市	这里是日志信息......
2024-11-04 17:42:00.487330	[INFO]	event.py	响应时间:74ms	上海市	宝山区	这里是日志信息......
2024-11-04 17:42:00.487330	[INFO]	goods_manager.py	响应时间:110ms	安徽省	阜阳市	这里是日志信息......
2024-11-04 17:42:00.487330	[INFO]	goods_manager.py	响应时间:48ms	天津市	和平区	这里是日志信息......
2024-11-04 17:42:00.487330	[INFO]	orders_service.py	响应时间:700ms	江苏省	常州市	这里是日志信息......
2024-11-04 17:42:00.487330	[INFO]	orders_service.py	响应时间:980ms	山东省	青岛市	这里是日志信息......
2024-11-04 17:42:00.488329	[ERROR]	barcode_service.py	响应时间:248ms	浙江省	杭州市	这里是日志信息......
2024-11-04 17:42:00.488329	[INFO]	goods_manager.py	响应时间:154ms	上海市	黄浦区	这里是日志信息......
2024-11-04 17:42:00.488329	[WARN]	orders_service.py	响应时间:444ms	湖北省	荆州市	这里是日志信息......
2024-11-04 17:42:00.488329	[INFO]	event.py	响应时间:117ms	江苏省	张家港市	这里是日志信息......
2024-11-04 17:42:00.488329	[INFO]	event.py	响应时间:692ms	北京市	大兴区	这里是日志信息......
2024-11-04 17:42:00.488329	[INFO]	event.py	响应时间:245ms	江苏省	宿迁市	这里是日志信息......
2024-11-04 17:42:00.488329	[INFO]	shop_manager.py	响应时间:597ms	山东省	青岛市	这里是日志信息......
2024-11-04 17:42:00.488329	[INFO]	orders_service.py	响应时间:882ms	山东省	青岛市	这里是日志信息......
2024-11-04 17:42:00.488329	[INFO]	goods_manager.py	响应时间:384ms	湖南省	益阳市	这里是日志信息......
2024-11-04 17:42:00.488329	[INFO]	event.py	响应时间:399ms	北京市	朝阳区	这里是日志信息......
2024-11-04 17:42:00.488329	[INFO]	goods_manager.py	响应时间:402ms	广东省	深圳市	这里是日志信息......
2024-11-04 17:42:00.488329	[INFO]	orders_service.py	响应时间:949ms	浙江省	舟山市	这里是日志信息......
2024-11-04 17:42:00.488329	[INFO]	orders_service.py	响应时间:861ms	天津市	武清区	这里是日志信息......
2024-11-04 17:42:00.488329	[INFO]	event.py	响应时间:500ms	湖南省	益阳市	这里是日志信息......
2024-11-04 17:42:00.488329	[INFO]	user_manager.py	响应时间:58ms	山东省	济南市	这里是日志信息......
2024-11-04 17:42:00.488329	[INFO]	event.py	响应时间:567ms	重庆市	万州区	这里是日志信息......
2024-11-04 17:42:00.488329	[INFO]	event.py	响应时间:190ms	天津市	和平区	这里是日志信息......
2024-11-04 17:42:00.488329	[WARN]	barcode_service.py	响应时间:173ms	浙江省	金华市	这里是日志信息......
2024-11-04 17:42:00.488329	[WARN]	event.py	响应时间:469ms	湖南省	长沙市	这里是日志信息......
2024-11-04 17:42:00.488329	[INFO]	event.py	响应时间:137ms	上海市	宝山区	这里是日志信息......
2024-11-04 17:42:00.488329	[INFO]	user_manager.py	响应时间:531ms	北京市	朝阳区	这里是日志信息......
2024-11-04 17:42:00.488329	[INFO]	goods_manager.py	响应时间:633ms	北京市	朝阳区	这里是日志信息......
2024-11-04 17:42:00.488329	[INFO]	barcode_service.py	响应时间:137ms	广东省	广州市	这里是日志信息......
2024-11-04 17:42:00.488329	[INFO]	event.py	响应时间:462ms	重庆市	九龙坡区	这里是日志信息......
2024-11-04 17:42:00.488329	[INFO]	event.py	响应时间:1513ms	上海市	普陀区	这里是日志信息......
2024-11-04 17:42:00.488329	[INFO]	event.py	响应时间:769ms	湖南省	长沙市	这里是日志信息......
2024-11-04 17:42:00.488329	[INFO]	barcode_service.py	响应时间:426ms	安徽省	芜湖市	这里是日志信息......
2024-11-04 17:42:00.488329	[INFO]	event.py	响应时间:454ms	安徽省	合肥市	这里是日志信息......
2024-11-04 17:42:00.488329	[INFO]	event.py	响应时间:314ms	湖北省	恩施土家族苗族自治州	这里是日志信息......
2024-11-04 17:42:00.488329	[INFO]	orders_service.py	响应时间:780ms	浙江省	丽水市	这里是日志信息......
2024-11-04 17:42:00.488329	[WARN]	orders_service.py	响应时间:620ms	广东省	深圳市	这里是日志信息......
2024-11-04 17:42:00.488329	[INFO]	event.py	响应时间:409ms	广东省	深圳市	这里是日志信息......
2024-11-04 17:42:00.488329	[INFO]	goods_manager.py	响应时间:162ms	安徽省	合肥市	这里是日志信息......
2024-11-04 17:42:00.488329	[ERROR]	user_manager.py	响应时间:160ms	天津市	宝坻区	这里是日志信息......
2024-11-04 17:42:00.488329	[INFO]	goods_manager.py	响应时间:313ms	江苏省	苏州市	这里是日志信息......
2024-11-04 17:42:00.488329	[INFO]	orders_service.py	响应时间:653ms	江苏省	宿迁市	这里是日志信息......
2024-11-04 17:42:00.488329	[INFO]	orders_service.py	响应时间:18ms	湖南省	长沙市	这里是日志信息......
2024-11-04 17:42:00.488329	[INFO]	base_network.py	响应时间:474ms	广东省	广州市	这里是日志信息......
2024-11-04 17:42:00.488329	[INFO]	goods_manager.py	响应时间:417ms	浙江省	舟山市	这里是日志信息......
2024-11-04 17:42:00.488329	[INFO]	event.py	响应时间:307ms	天津市	武清区	这里是日志信息......
2024-11-04 17:42:00.488329	[INFO]	goods_manager.py	响应时间:470ms	湖北省	武汉市	这里是日志信息......
2024-11-04 17:42:00.488329	[INFO]	goods_manager.py	响应时间:199ms	上海市	宝山区	这里是日志信息......
2024-11-04 17:42:00.488329	[INFO]	goods_manager.py	响应时间:1ms	天津市	武清区	这里是日志信息......
2024-11-04 17:42:00.488329	[INFO]	user_manager.py	响应时间:481ms	湖北省	武汉市	这里是日志信息......
2024-11-04 17:42:00.488329	[INFO]	orders_service.py	响应时间:422ms	浙江省	杭州市	这里是日志信息......
2024-11-04 17:42:00.488329	[INFO]	orders_service.py	响应时间:898ms	湖北省	荆州市	这里是日志信息......
2024-11-04 17:42:00.488329	[INFO]	event.py	响应时间:478ms	江苏省	张家港市	这里是日志信息......
2024-11-04 17:42:00.488329	[INFO]	goods_manager.py	响应时间:627ms	山东省	青岛市	这里是日志信息......
2024-11-04 17:42:00.488329	[INFO]	event.py	响应时间:264ms	浙江省	嘉兴市	这里是日志信息......
2024-11-04 17:42:00.488329	[INFO]	orders_service.py	响应时间:212ms	北京市	丰台区	这里是日志信息......
2024-11-04 17:42:00.488329	[WARN]	user_manager.py	响应时间:251ms	浙江省	杭州市	这里是日志信息......
2024-11-04 17:42:00.488329	[WARN]	event.py	响应时间:571ms	江苏省	苏州市	这里是日志信息......
2024-11-04 17:42:00.488329	[INFO]	base_network.py	响应时间:772ms	江苏省	张家港市	这里是日志信息......
2024-11-04 17:42:00.488329	[WARN]	orders_service.py	响应时间:58ms	山东省	济南市	这里是日志信息......
2024-11-04 17:42:00.488329	[WARN]	orders_service.py	响应时间:243ms	重庆市	沙坪坝区	这里是日志信息......
2024-11-04 17:42:00.488329	[INFO]	event.py	响应时间:371ms	上海市	杨浦区	这里是日志信息......
2024-11-04 17:42:00.488329	[ERROR]	goods_manager.py	响应时间:4971ms	安徽省	阜阳市	这里是日志信息......
2024-11-04 17:42:00.488329	[INFO]	orders_service.py	响应时间:159ms	江苏省	南京市	这里是日志信息......
2024-11-04 17:42:00.488329	[INFO]	event.py	响应时间:484ms	重庆市	渝中区	这里是日志信息......
2024-11-04 17:42:00.488329	[INFO]	base_network.py	响应时间:411ms	上海市	浦东新区	这里是日志信息......
2024-11-04 17:42:00.488329	[INFO]	event.py	响应时间:940ms	湖南省	张家界市	这里是日志信息......
2024-11-04 17:42:00.488329	[INFO]	goods_manager.py	响应时间:18ms	天津市	河西区	这里是日志信息......
2024-11-04 17:42:00.488329	[INFO]	user_manager.py	响应时间:777ms	湖北省	荆州市	这里是日志信息......
2024-11-04 17:42:00.488329	[INFO]	goods_manager.py	响应时间:498ms	广东省	深圳市	这里是日志信息......
2024-11-04 17:42:00.488329	[INFO]	barcode_service.py	响应时间:939ms	北京市	大兴区	这里是日志信息......
2024-11-04 17:42:00.488329	[INFO]	event.py	响应时间:582ms	北京市	大兴区	这里是日志信息......
2024-11-04 17:42:00.488329	[WARN]	user_manager.py	响应时间:111ms	湖南省	长沙市	这里是日志信息......
2024-11-04 17:42:00.488329	[INFO]	goods_manager.py	响应时间:168ms	湖北省	荆州市	这里是日志信息......
2024-11-04 17:42:00.488329	[ERROR]	event.py	响应时间:682ms	广东省	深圳市	这里是日志信息......
2024-11-04 17:42:00.488329	[INFO]	orders_service.py	响应时间:515ms	广东省	广州市	这里是日志信息......
2024-11-04 17:42:00.488329	[INFO]	orders_service.py	响应时间:314ms	湖北省	恩施土家族苗族自治州	这里是日志信息......
2024-11-04 17:42:00.488329	[INFO]	orders_service.py	响应时间:222ms	湖北省	武汉市	这里是日志信息......
2024-11-04 17:42:00.488329	[INFO]	orders_service.py	响应时间:556ms	浙江省	绍兴市	这里是日志信息......
2024-11-04 17:42:00.488329	[INFO]	orders_service.py	响应时间:643ms	北京市	怀柔区	这里是日志信息......
2024-11-04 17:42:00.488329	[INFO]	event.py	响应时间:307ms	上海市	普陀区	这里是日志信息......
2024-11-04 17:42:00.488329	[WARN]	orders_service.py	响应时间:745ms	安徽省	合肥市	这里是日志信息......
2024-11-04 17:42:00.488329	[INFO]	base_network.py	响应时间:362ms	重庆市	涪陵区	这里是日志信息......
2024-11-04 17:42:00.488329	[INFO]	event.py	响应时间:494ms	北京市	海淀区	这里是日志信息......
2024-11-04 17:42:00.488329	[INFO]	goods_manager.py	响应时间:723ms	上海市	静安区	这里是日志信息......
2024-11-04 17:42:00.488329	[INFO]	orders_service.py	响应时间:617ms	浙江省	丽水市	这里是日志信息......
2024-11-04 17:42:00.488329	[INFO]	barcode_service.py	响应时间:804ms	重庆市	万州区	这里是日志信息......
2024-11-04 17:42:00.488329	[INFO]	base_network.py	响应时间:663ms	北京市	丰台区	这里是日志信息......
2024-11-04 17:42:00.488329	[INFO]	goods_manager.py	响应时间:75ms	江苏省	南京市	这里是日志信息......
2024-11-04 17:42:00.488329	[WARN]	event.py	响应时间:371ms	浙江省	嘉兴市	这里是日志信息......
2024-11-04 17:42:00.488329	[INFO]	event.py	响应时间:642ms	湖北省	恩施土家族苗族自治州	这里是日志信息......
2024-11-04 17:42:00.488329	[INFO]	orders_service.py	响应时间:333ms	天津市	河西区	这里是日志信息......
2024-11-04 17:42:00.488329	[WARN]	goods_manager.py	响应时间:419ms	重庆市	南岸区	这里是日志信息......
2024-11-04 17:42:00.488329	[INFO]	base_network.py	响应时间:842ms	广东省	深圳市	这里是日志信息......
2024-11-04 17:42:00.488329	[INFO]	event.py	响应时间:828ms	湖南省	长沙市	这里是日志信息......
2024-11-04 17:42:00.488329	[INFO]	barcode_service.py	响应时间:361ms	北京市	怀柔区	这里是日志信息......
2024-11-04 17:42:00.488329	[WARN]	shop_manager.py	响应时间:75ms	上海市	黄浦区	这里是日志信息......
2024-11-04 17:42:00.488329	[INFO]	orders_service.py	响应时间:341ms	浙江省	绍兴市	这里是日志信息......
2024-11-04 17:42:00.488329	[INFO]	event.py	响应时间:298ms	湖北省	武汉市	这里是日志信息......
2024-11-04 17:42:00.488329	[WARN]	goods_manager.py	响应时间:878ms	广东省	广州市	这里是日志信息......
2024-11-04 17:42:00.488329	[INFO]	user_manager.py	响应时间:479ms	广东省	深圳市	这里是日志信息......
2024-11-04 17:42:00.488329	[WARN]	orders_service.py	响应时间:931ms	重庆市	万州区	这里是日志信息......
2024-11-04 17:42:00.488329	[INFO]	shop_manager.py	响应时间:775ms	北京市	海淀区	这里是日志信息......
2024-11-04 17:42:00.488329	[WARN]	goods_manager.py	响应时间:265ms	广东省	广州市	这里是日志信息......
2024-11-04 17:42:00.488329	[INFO]	shop_manager.py	响应时间:847ms	山东省	青岛市	这里是日志信息......
2024-11-04 17:42:00.488329	[INFO]	orders_service.py	响应时间:114ms	天津市	武清区	这里是日志信息......
2024-11-04 17:42:00.488329	[INFO]	barcode_service.py	响应时间:183ms	天津市	河西区	这里是日志信息......
2024-11-04 17:42:00.488329	[INFO]	shop_manager.py	响应时间:939ms	湖北省	武汉市	这里是日志信息......
2024-11-04 17:42:00.488329	[ERROR]	orders_service.py	响应时间:573ms	天津市	河东区	这里是日志信息......
2024-11-04 17:42:00.488329	[ERROR]	shop_manager.py	响应时间:817ms	湖南省	长沙市	这里是日志信息......
2024-11-04 17:42:00.488329	[INFO]	user_manager.py	响应时间:176ms	广东省	广州市	这里是日志信息......
2024-11-04 17:42:00.488329	[INFO]	goods_manager.py	响应时间:698ms	湖南省	株洲市	这里是日志信息......
2024-11-04 17:42:00.488329	[INFO]	event.py	响应时间:821ms	湖北省	十堰市	这里是日志信息......
2024-11-04 17:42:00.488329	[INFO]	goods_manager.py	响应时间:672ms	上海市	徐汇区	这里是日志信息......
2024-11-04 17:42:00.488329	[ERROR]	barcode_service.py	响应时间:606ms	湖南省	益阳市	这里是日志信息......
2024-11-04 17:42:00.488329	[INFO]	event.py	响应时间:691ms	浙江省	湖州市	这里是日志信息......
2024-11-04 17:42:00.488329	[INFO]	goods_manager.py	响应时间:423ms	天津市	和平区	这里是日志信息......
2024-11-04 17:42:00.488329	[INFO]	orders_service.py	响应时间:243ms	湖北省	荆州市	这里是日志信息......
2024-11-04 17:42:00.488329	[INFO]	orders_service.py	响应时间:437ms	重庆市	南岸区	这里是日志信息......
2024-11-04 17:42:00.488329	[INFO]	goods_manager.py	响应时间:760ms	安徽省	阜阳市	这里是日志信息......
2024-11-04 17:42:00.488329	[INFO]	orders_service.py	响应时间:296ms	广东省	深圳市	这里是日志信息......
2024-11-04 17:42:00.488329	[INFO]	event.py	响应时间:537ms	浙江省	金华市	这里是日志信息......
2024-11-04 17:42:00.488329	[INFO]	event.py	响应时间:466ms	湖南省	长沙市	这里是日志信息......
2024-11-04 17:42:00.488329	[INFO]	barcode_service.py	响应时间:248ms	江苏省	南京市	这里是日志信息......
2024-11-04 17:42:00.488329	[INFO]	goods_manager.py	响应时间:3250ms	湖南省	长沙市	这里是日志信息......
2024-11-04 17:42:00.488329	[INFO]	base_network.py	响应时间:238ms	江苏省	常州市	这里是日志信息......
2024-11-04 17:42:00.488329	[INFO]	user_manager.py	响应时间:311ms	广东省	深圳市	这里是日志信息......
2024-11-04 17:42:00.488329	[INFO]	shop_manager.py	响应时间:562ms	湖北省	武汉市	这里是日志信息......
2024-11-04 17:42:00.488329	[INFO]	orders_service.py	响应时间:755ms	山东省	济南市	这里是日志信息......
2024-11-04 17:42:00.488329	[INFO]	user_manager.py	响应时间:427ms	山东省	青岛市	这里是日志信息......
2024-11-04 17:42:00.488329	[INFO]	shop_manager.py	响应时间:773ms	北京市	昌平区	这里是日志信息......
2024-11-04 17:42:00.488329	[INFO]	orders_service.py	响应时间:2032ms	江苏省	张家港市	这里是日志信息......
2024-11-04 17:42:00.488329	[INFO]	event.py	响应时间:899ms	湖南省	长沙市	这里是日志信息......
2024-11-04 17:42:00.488329	[INFO]	orders_service.py	响应时间:225ms	广东省	深圳市	这里是日志信息......
2024-11-04 17:42:00.488329	[INFO]	goods_manager.py	响应时间:170ms	浙江省	舟山市	这里是日志信息......
2024-11-04 17:42:00.488329	[INFO]	user_manager.py	响应时间:964ms	广东省	深圳市	这里是日志信息......
2024-11-04 17:42:00.488329	[WARN]	user_manager.py	响应时间:792ms	湖南省	长沙市	这里是日志信息......
2024-11-04 17:42:00.489330	[INFO]	event.py	响应时间:557ms	北京市	海淀区	这里是日志信息......
2024-11-04 17:42:00.489330	[INFO]	barcode_service.py	响应时间:506ms	浙江省	金华市	这里是日志信息......
2024-11-04 17:42:00.489330	[INFO]	goods_manager.py	响应时间:544ms	重庆市	涪陵区	这里是日志信息......
2024-11-04 17:42:00.489330	[INFO]	goods_manager.py	响应时间:952ms	安徽省	合肥市	这里是日志信息......
2024-11-04 17:42:00.489330	[INFO]	orders_service.py	响应时间:743ms	湖北省	荆州市	这里是日志信息......
2024-11-04 17:42:00.489330	[INFO]	goods_manager.py	响应时间:560ms	山东省	青岛市	这里是日志信息......
2024-11-04 17:42:00.489330	[INFO]	shop_manager.py	响应时间:807ms	北京市	海淀区	这里是日志信息......
2024-11-04 17:42:00.489330	[INFO]	base_network.py	响应时间:949ms	天津市	河东区	这里是日志信息......
2024-11-04 17:42:00.489330	[ERROR]	shop_manager.py	响应时间:712ms	天津市	武清区	这里是日志信息......
2024-11-04 17:42:00.489330	[INFO]	user_manager.py	响应时间:815ms	湖北省	恩施土家族苗族自治州	这里是日志信息......
2024-11-04 17:42:00.489330	[INFO]	base_network.py	响应时间:796ms	天津市	和平区	这里是日志信息......
2024-11-04 17:42:00.489330	[INFO]	user_manager.py	响应时间:966ms	安徽省	合肥市	这里是日志信息......
2024-11-04 17:42:00.489330	[INFO]	goods_manager.py	响应时间:228ms	浙江省	杭州市	这里是日志信息......
2024-11-04 17:42:00.489330	[INFO]	orders_service.py	响应时间:458ms	上海市	浦东新区	这里是日志信息......
2024-11-04 17:42:00.489330	[INFO]	event.py	响应时间:367ms	重庆市	沙坪坝区	这里是日志信息......
2024-11-04 17:42:00.489330	[INFO]	base_network.py	响应时间:651ms	安徽省	芜湖市	这里是日志信息......
2024-11-04 17:42:00.489330	[INFO]	user_manager.py	响应时间:754ms	上海市	静安区	这里是日志信息......
2024-11-04 17:42:00.489330	[INFO]	shop_manager.py	响应时间:513ms	重庆市	渝中区	这里是日志信息......
2024-11-04 17:42:00.489330	[INFO]	user_manager.py	响应时间:296ms	安徽省	池州市	这里是日志信息......
2024-11-04 17:42:00.489330	[INFO]	orders_service.py	响应时间:188ms	北京市	大兴区	这里是日志信息......
2024-11-04 17:42:00.489330	[INFO]	orders_service.py	响应时间:263ms	北京市	海淀区	这里是日志信息......
2024-11-04 17:42:00.489330	[WARN]	orders_service.py	响应时间:368ms	北京市	朝阳区	这里是日志信息......
2024-11-04 17:42:00.489330	[INFO]	base_network.py	响应时间:612ms	广东省	广州市	这里是日志信息......
2024-11-04 17:42:00.489330	[WARN]	goods_manager.py	响应时间:616ms	重庆市	万州区	这里是日志信息......
2024-11-04 17:42:00.489330	[INFO]	event.py	响应时间:980ms	山东省	青岛市	这里是日志信息......
2024-11-04 17:42:00.489330	[INFO]	orders_service.py	响应时间:47ms	湖北省	荆州市	这里是日志信息......
2024-11-04 17:42:00.489330	[INFO]	barcode_service.py	响应时间:222ms	浙江省	湖州市	这里是日志信息......
2024-11-04 17:42:00.489330	[INFO]	user_manager.py	响应时间:254ms	广东省	深圳市	这里是日志信息......
2024-11-04 17:42:00.489330	[INFO]	shop_manager.py	响应时间:510ms	江苏省	常州市	这里是日志信息......
2024-11-04 17:42:00.489330	[WARN]	orders_service.py	响应时间:378ms	湖南省	常德市	这里是日志信息......
2024-11-04 17:42:00.489330	[INFO]	barcode_service.py	响应时间:579ms	广东省	广州市	这里是日志信息......
2024-11-04 17:42:00.489330	[INFO]	orders_service.py	响应时间:391ms	山东省	青岛市	这里是日志信息......
2024-11-04 17:42:00.489330	[INFO]	goods_manager.py	响应时间:182ms	北京市	朝阳区	这里是日志信息......
2024-11-04 17:42:00.489330	[INFO]	barcode_service.py	响应时间:67ms	湖北省	武汉市	这里是日志信息......
2024-11-04 17:42:00.489330	[INFO]	goods_manager.py	响应时间:289ms	上海市	静安区	这里是日志信息......
2024-11-04 17:42:00.489330	[INFO]	orders_service.py	响应时间:3ms	广东省	深圳市	这里是日志信息......
2024-11-04 17:42:00.489330	[INFO]	orders_service.py	响应时间:8683ms	北京市	朝阳区	这里是日志信息......
2024-11-04 17:42:00.489330	[INFO]	shop_manager.py	响应时间:52ms	江苏省	宿迁市	这里是日志信息......
2024-11-04 17:42:00.489330	[INFO]	barcode_service.py	响应时间:124ms	天津市	宝坻区	这里是日志信息......
2024-11-04 17:42:00.489330	[INFO]	goods_manager.py	响应时间:598ms	重庆市	万州区	这里是日志信息......
2024-11-04 17:42:00.489330	[INFO]	event.py	响应时间:862ms	山东省	青岛市	这里是日志信息......
2024-11-04 17:42:00.489330	[INFO]	user_manager.py	响应时间:624ms	天津市	宝坻区	这里是日志信息......
2024-11-04 17:42:00.489330	[INFO]	goods_manager.py	响应时间:150ms	天津市	河西区	这里是日志信息......
2024-11-04 17:42:00.489330	[INFO]	orders_service.py	响应时间:900ms	湖南省	长沙市	这里是日志信息......
2024-11-04 17:42:00.489330	[INFO]	event.py	响应时间:564ms	江苏省	南京市	这里是日志信息......
2024-11-04 17:42:00.489330	[INFO]	goods_manager.py	响应时间:826ms	天津市	武清区	这里是日志信息......
2024-11-04 17:42:00.489330	[INFO]	event.py	响应时间:848ms	天津市	和平区	这里是日志信息......
2024-11-04 17:42:00.489330	[INFO]	goods_manager.py	响应时间:624ms	江苏省	宿迁市	这里是日志信息......
2024-11-04 17:42:00.489330	[INFO]	shop_manager.py	响应时间:255ms	北京市	大兴区	这里是日志信息......
2024-11-04 17:42:00.489330	[INFO]	goods_manager.py	响应时间:722ms	天津市	宝坻区	这里是日志信息......
2024-11-04 17:42:00.489330	[INFO]	event.py	响应时间:93ms	山东省	青岛市	这里是日志信息......
2024-11-04 17:42:00.489330	[INFO]	user_manager.py	响应时间:331ms	湖北省	武汉市	这里是日志信息......
2024-11-04 17:42:00.489330	[INFO]	goods_manager.py	响应时间:552ms	北京市	怀柔区	这里是日志信息......
2024-11-04 17:42:00.489330	[INFO]	shop_manager.py	响应时间:613ms	北京市	怀柔区	这里是日志信息......
2024-11-04 17:42:00.489330	[INFO]	orders_service.py	响应时间:574ms	北京市	大兴区	这里是日志信息......
2024-11-04 17:42:00.489330	[INFO]	goods_manager.py	响应时间:1153ms	重庆市	渝中区	这里是日志信息......
2024-11-04 17:42:00.489330	[INFO]	event.py	响应时间:704ms	广东省	深圳市	这里是日志信息......
2024-11-04 17:42:00.489330	[INFO]	base_network.py	响应时间:787ms	湖南省	长沙市	这里是日志信息......
2024-11-04 17:42:00.489330	[WARN]	shop_manager.py	响应时间:553ms	江苏省	南京市	这里是日志信息......
2024-11-04 17:42:00.489330	[INFO]	base_network.py	响应时间:51ms	上海市	普陀区	这里是日志信息......
2024-11-04 17:42:00.489330	[INFO]	barcode_service.py	响应时间:375ms	浙江省	舟山市	这里是日志信息......
2024-11-04 17:42:00.489330	[INFO]	base_network.py	响应时间:170ms	天津市	和平区	这里是日志信息......
2024-11-04 17:42:00.489330	[INFO]	event.py	响应时间:58ms	天津市	河西区	这里是日志信息......
2024-11-04 17:42:00.489330	[WARN]	event.py	响应时间:695ms	北京市	丰台区	这里是日志信息......
2024-11-04 17:42:00.489330	[INFO]	orders_service.py	响应时间:634ms	上海市	浦东新区	这里是日志信息......
2024-11-04 17:42:00.489330	[WARN]	goods_manager.py	响应时间:964ms	北京市	朝阳区	这里是日志信息......
2024-11-04 17:42:00.489330	[INFO]	base_network.py	响应时间:373ms	江苏省	宿迁市	这里是日志信息......
2024-11-04 17:42:00.489330	[WARN]	goods_manager.py	响应时间:474ms	湖南省	常德市	这里是日志信息......
2024-11-04 17:42:00.489330	[INFO]	orders_service.py	响应时间:394ms	山东省	济南市	这里是日志信息......
2024-11-04 17:42:00.489330	[INFO]	event.py	响应时间:223ms	北京市	海淀区	这里是日志信息......
2024-11-04 17:42:00.489330	[INFO]	goods_manager.py	响应时间:378ms	广东省	广州市	这里是日志信息......
2024-11-04 17:42:00.489330	[INFO]	base_network.py	响应时间:772ms	浙江省	嘉兴市	这里是日志信息......
2024-11-04 17:42:00.489330	[INFO]	goods_manager.py	响应时间:156ms	广东省	广州市	这里是日志信息......
2024-11-04 17:42:00.489330	[WARN]	goods_manager.py	响应时间:266ms	山东省	青岛市	这里是日志信息......
2024-11-04 17:42:00.489330	[WARN]	event.py	响应时间:379ms	湖南省	长沙市	这里是日志信息......
2024-11-04 17:42:00.489330	[INFO]	goods_manager.py	响应时间:279ms	上海市	普陀区	这里是日志信息......
2024-11-04 17:42:00.489330	[INFO]	goods_manager.py	响应时间:390ms	北京市	昌平区	这里是日志信息......
2024-11-04 17:42:00.489330	[INFO]	base_network.py	响应时间:701ms	北京市	朝阳区	这里是日志信息......
2024-11-04 17:42:00.489330	[ERROR]	orders_service.py	响应时间:7245ms	江苏省	常州市	这里是日志信息......
2024-11-04 17:42:00.489330	[INFO]	goods_manager.py	响应时间:12ms	湖南省	长沙市	这里是日志信息......
2024-11-04 17:42:00.489330	[INFO]	orders_service.py	响应时间:414ms	湖南省	长沙市	这里是日志信息......
2024-11-04 17:42:00.489330	[INFO]	user_manager.py	响应时间:629ms	重庆市	涪陵区	这里是日志信息......
2024-11-04 17:42:00.489330	[INFO]	orders_service.py	响应时间:5ms	江苏省	无锡市	这里是日志信息......
2024-11-04 17:42:00.489330	[INFO]	event.py	响应时间:955ms	浙江省	丽水市	这里是日志信息......
2024-11-04 17:42:00.489330	[ERROR]	event.py	响应时间:462ms	湖南省	长沙市	这里是日志信息......
2024-11-04 17:42:00.489330	[INFO]	orders_service.py	响应时间:184ms	上海市	静安区	这里是日志信息......
2024-11-04 17:42:00.489330	[INFO]	base_network.py	响应时间:219ms	上海市	杨浦区	这里是日志信息......
2024-11-04 17:42:00.489330	[WARN]	goods_manager.py	响应时间:544ms	江苏省	苏州市	这里是日志信息......
2024-11-04 17:42:00.489330	[INFO]	orders_service.py	响应时间:843ms	重庆市	南岸区	这里是日志信息......
2024-11-04 17:42:00.489330	[INFO]	orders_service.py	响应时间:844ms	重庆市	南岸区	这里是日志信息......
2024-11-04 17:42:00.489330	[INFO]	user_manager.py	响应时间:998ms	山东省	青岛市	这里是日志信息......
2024-11-04 17:42:00.489330	[INFO]	shop_manager.py	响应时间:887ms	上海市	普陀区	这里是日志信息......
2024-11-04 17:42:00.489330	[INFO]	event.py	响应时间:189ms	上海市	宝山区	这里是日志信息......
2024-11-04 17:42:00.489330	[INFO]	shop_manager.py	响应时间:0ms	上海市	浦东新区	这里是日志信息......
2024-11-04 17:42:00.489330	[ERROR]	goods_manager.py	响应时间:7752ms	山东省	济南市	这里是日志信息......
2024-11-04 17:42:00.489330	[WARN]	event.py	响应时间:15ms	安徽省	池州市	这里是日志信息......
2024-11-04 17:42:00.489330	[INFO]	orders_service.py	响应时间:55ms	湖北省	荆州市	这里是日志信息......
2024-11-04 17:42:00.489330	[INFO]	base_network.py	响应时间:516ms	湖北省	十堰市	这里是日志信息......
2024-11-04 17:42:00.489330	[INFO]	goods_manager.py	响应时间:247ms	山东省	济南市	这里是日志信息......
2024-11-04 17:42:00.489330	[INFO]	goods_manager.py	响应时间:647ms	北京市	昌平区	这里是日志信息......
2024-11-04 17:42:00.489330	[ERROR]	base_network.py	响应时间:6519ms	天津市	和平区	这里是日志信息......
2024-11-04 17:42:00.489330	[INFO]	base_network.py	响应时间:291ms	重庆市	万州区	这里是日志信息......
2024-11-04 17:42:00.489330	[INFO]	event.py	响应时间:826ms	湖南省	益阳市	这里是日志信息......
2024-11-04 17:42:00.489330	[INFO]	goods_manager.py	响应时间:970ms	重庆市	南岸区	这里是日志信息......
2024-11-04 17:42:00.489330	[WARN]	barcode_service.py	响应时间:715ms	天津市	河西区	这里是日志信息......
2024-11-04 17:42:00.489330	[ERROR]	user_manager.py	响应时间:986ms	浙江省	丽水市	这里是日志信息......
2024-11-04 17:42:00.489330	[INFO]	base_network.py	响应时间:497ms	天津市	武清区	这里是日志信息......
2024-11-04 17:42:00.489330	[INFO]	event.py	响应时间:7444ms	天津市	和平区	这里是日志信息......
2024-11-04 17:42:00.489330	[INFO]	event.py	响应时间:568ms	江苏省	苏州市	这里是日志信息......
2024-11-04 17:42:00.489330	[INFO]	user_manager.py	响应时间:328ms	天津市	河西区	这里是日志信息......
2024-11-04 17:42:00.489330	[INFO]	goods_manager.py	响应时间:81ms	湖南省	长沙市	这里是日志信息......
2024-11-04 17:42:00.489330	[INFO]	goods_manager.py	响应时间:412ms	山东省	济南市	这里是日志信息......
2024-11-04 17:42:00.489330	[INFO]	base_network.py	响应时间:51ms	天津市	武清区	这里是日志信息......
2024-11-04 17:42:00.489330	[INFO]	user_manager.py	响应时间:936ms	天津市	河西区	这里是日志信息......
2024-11-04 17:42:00.489330	[INFO]	user_manager.py	响应时间:394ms	浙江省	丽水市	这里是日志信息......
2024-11-04 17:42:00.489330	[INFO]	goods_manager.py	响应时间:106ms	安徽省	芜湖市	这里是日志信息......
2024-11-04 17:42:00.489330	[INFO]	event.py	响应时间:141ms	浙江省	杭州市	这里是日志信息......
2024-11-04 17:42:00.489330	[INFO]	orders_service.py	响应时间:311ms	广东省	广州市	这里是日志信息......
2024-11-04 17:42:00.489330	[WARN]	goods_manager.py	响应时间:717ms	湖南省	长沙市	这里是日志信息......
2024-11-04 17:42:00.489330	[INFO]	event.py	响应时间:20ms	安徽省	阜阳市	这里是日志信息......
2024-11-04 17:42:00.489330	[WARN]	event.py	响应时间:460ms	天津市	河西区	这里是日志信息......
2024-11-04 17:42:00.489330	[INFO]	event.py	响应时间:749ms	北京市	海淀区	这里是日志信息......
2024-11-04 17:42:00.489330	[INFO]	base_network.py	响应时间:801ms	北京市	朝阳区	这里是日志信息......
2024-11-04 17:42:00.489330	[INFO]	event.py	响应时间:115ms	安徽省	铜陵市	这里是日志信息......
2024-11-04 17:42:00.489330	[ERROR]	barcode_service.py	响应时间:184ms	湖北省	恩施土家族苗族自治州	这里是日志信息......
2024-11-04 17:42:00.489330	[INFO]	base_network.py	响应时间:320ms	浙江省	杭州市	这里是日志信息......
2024-11-04 17:42:00.489330	[WARN]	goods_manager.py	响应时间:617ms	浙江省	杭州市	这里是日志信息......
2024-11-04 17:42:00.489330	[INFO]	orders_service.py	响应时间:424ms	江苏省	南京市	这里是日志信息......
2024-11-04 17:42:00.489330	[WARN]	goods_manager.py	响应时间:963ms	安徽省	合肥市	这里是日志信息......
2024-11-04 17:42:00.489330	[INFO]	goods_manager.py	响应时间:826ms	湖北省	十堰市	这里是日志信息......
2024-11-04 17:42:00.490329	[INFO]	orders_service.py	响应时间:130ms	北京市	丰台区	这里是日志信息......
2024-11-04 17:42:00.490329	[INFO]	shop_manager.py	响应时间:2763ms	天津市	和平区	这里是日志信息......
2024-11-04 17:42:00.490329	[WARN]	goods_manager.py	响应时间:6ms	湖南省	长沙市	这里是日志信息......
2024-11-04 17:42:00.490329	[INFO]	goods_manager.py	响应时间:843ms	浙江省	杭州市	这里是日志信息......
2024-11-04 17:42:00.490329	[INFO]	barcode_service.py	响应时间:954ms	北京市	海淀区	这里是日志信息......
2024-11-04 17:42:00.490329	[INFO]	barcode_service.py	响应时间:964ms	北京市	大兴区	这里是日志信息......
2024-11-04 17:42:00.490329	[INFO]	base_network.py	响应时间:316ms	湖南省	长沙市	这里是日志信息......
2024-11-04 17:42:00.490329	[INFO]	user_manager.py	响应时间:33ms	广东省	广州市	这里是日志信息......
2024-11-04 17:42:00.490329	[INFO]	orders_service.py	响应时间:318ms	广东省	广州市	这里是日志信息......
2024-11-04 17:42:00.490329	[INFO]	orders_service.py	响应时间:315ms	广东省	深圳市	这里是日志信息......
2024-11-04 17:42:00.490329	[INFO]	event.py	响应时间:718ms	北京市	怀柔区	这里是日志信息......
2024-11-04 17:42:00.490329	[WARN]	orders_service.py	响应时间:275ms	广东省	广州市	这里是日志信息......
2024-11-04 17:42:00.490329	[ERROR]	shop_manager.py	响应时间:671ms	江苏省	南京市	这里是日志信息......
2024-11-04 17:42:00.490329	[ERROR]	base_network.py	响应时间:710ms	湖北省	武汉市	这里是日志信息......
2024-11-04 17:42:00.490329	[INFO]	event.py	响应时间:13ms	北京市	怀柔区	这里是日志信息......
2024-11-04 17:42:00.490329	[INFO]	user_manager.py	响应时间:101ms	天津市	和平区	这里是日志信息......
2024-11-04 17:42:00.490329	[INFO]	goods_manager.py	响应时间:477ms	上海市	黄浦区	这里是日志信息......
2024-11-04 17:42:00.490329	[INFO]	barcode_service.py	响应时间:431ms	重庆市	南岸区	这里是日志信息......
2024-11-04 17:42:00.490329	[WARN]	goods_manager.py	响应时间:588ms	浙江省	湖州市	这里是日志信息......
2024-11-04 17:42:00.490329	[INFO]	event.py	响应时间:784ms	浙江省	杭州市	这里是日志信息......
2024-11-04 17:42:00.490329	[INFO]	goods_manager.py	响应时间:288ms	重庆市	渝中区	这里是日志信息......
2024-11-04 17:42:00.490329	[WARN]	event.py	响应时间:420ms	广东省	深圳市	这里是日志信息......
2024-11-04 17:42:00.490329	[INFO]	orders_service.py	响应时间:10ms	江苏省	宿迁市	这里是日志信息......
2024-11-04 17:42:00.490329	[ERROR]	orders_service.py	响应时间:323ms	湖南省	长沙市	这里是日志信息......
2024-11-04 17:42:00.490329	[INFO]	shop_manager.py	响应时间:868ms	山东省	济南市	这里是日志信息......
2024-11-04 17:42:00.490329	[INFO]	event.py	响应时间:589ms	广东省	深圳市	这里是日志信息......
2024-11-04 17:42:00.490329	[WARN]	event.py	响应时间:65ms	安徽省	阜阳市	这里是日志信息......
2024-11-04 17:42:00.490329	[INFO]	orders_service.py	响应时间:188ms	安徽省	合肥市	这里是日志信息......
2024-11-04 17:42:00.490329	[INFO]	user_manager.py	响应时间:998ms	天津市	河东区	这里是日志信息......
2024-11-04 17:42:00.490329	[ERROR]	goods_manager.py	响应时间:674ms	湖南省	张家界市	这里是日志信息......
2024-11-04 17:42:00.490329	[INFO]	orders_service.py	响应时间:666ms	浙江省	嘉兴市	这里是日志信息......
2024-11-04 17:42:00.490329	[WARN]	event.py	响应时间:733ms	湖南省	常德市	这里是日志信息......
2024-11-04 17:42:00.490329	[INFO]	goods_manager.py	响应时间:576ms	上海市	浦东新区	这里是日志信息......
2024-11-04 17:42:00.490329	[INFO]	orders_service.py	响应时间:946ms	上海市	普陀区	这里是日志信息......
2024-11-04 17:42:00.490329	[INFO]	orders_service.py	响应时间:949ms	广东省	珠海市	这里是日志信息......
2024-11-04 17:42:00.490329	[INFO]	shop_manager.py	响应时间:401ms	北京市	怀柔区	这里是日志信息......
2024-11-04 17:42:00.490329	[INFO]	shop_manager.py	响应时间:853ms	山东省	青岛市	这里是日志信息......
2024-11-04 17:42:00.490329	[INFO]	orders_service.py	响应时间:325ms	重庆市	渝中区	这里是日志信息......
2024-11-04 17:42:00.490329	[INFO]	barcode_service.py	响应时间:262ms	安徽省	阜阳市	这里是日志信息......
2024-11-04 17:42:00.490329	[INFO]	goods_manager.py	响应时间:79ms	湖南省	长沙市	这里是日志信息......
2024-11-04 17:42:00.490329	[INFO]	base_network.py	响应时间:434ms	山东省	青岛市	这里是日志信息......
2024-11-04 17:42:00.490329	[WARN]	orders_service.py	响应时间:665ms	安徽省	阜阳市	这里是日志信息......
2024-11-04 17:42:00.490329	[INFO]	orders_service.py	响应时间:823ms	北京市	海淀区	这里是日志信息......
2024-11-04 17:42:00.490329	[INFO]	goods_manager.py	响应时间:223ms	北京市	海淀区	这里是日志信息......
2024-11-04 17:42:00.490329	[INFO]	base_network.py	响应时间:691ms	重庆市	涪陵区	这里是日志信息......
2024-11-04 17:42:00.490329	[INFO]	orders_service.py	响应时间:975ms	广东省	珠海市	这里是日志信息......
2024-11-04 17:42:00.490329	[INFO]	orders_service.py	响应时间:336ms	重庆市	九龙坡区	这里是日志信息......
2024-11-04 17:42:00.490329	[INFO]	event.py	响应时间:766ms	山东省	济南市	这里是日志信息......
2024-11-04 17:42:00.490329	[INFO]	orders_service.py	响应时间:4ms	湖北省	荆州市	这里是日志信息......
2024-11-04 17:42:00.490329	[ERROR]	base_network.py	响应时间:537ms	广东省	深圳市	这里是日志信息......
2024-11-04 17:42:00.490329	[INFO]	user_manager.py	响应时间:807ms	上海市	普陀区	这里是日志信息......
2024-11-04 17:42:00.490329	[INFO]	user_manager.py	响应时间:218ms	上海市	普陀区	这里是日志信息......
2024-11-04 17:42:00.490329	[INFO]	shop_manager.py	响应时间:78ms	安徽省	合肥市	这里是日志信息......
2024-11-04 17:42:00.490329	[INFO]	barcode_service.py	响应时间:213ms	广东省	广州市	这里是日志信息......
2024-11-04 17:42:00.490329	[INFO]	event.py	响应时间:255ms	江苏省	南京市	这里是日志信息......
2024-11-04 17:42:00.490329	[INFO]	event.py	响应时间:731ms	安徽省	铜陵市	这里是日志信息......
2024-11-04 17:42:00.490329	[INFO]	user_manager.py	响应时间:709ms	湖南省	长沙市	这里是日志信息......
2024-11-04 17:42:00.490329	[INFO]	goods_manager.py	响应时间:306ms	江苏省	苏州市	这里是日志信息......
2024-11-04 17:42:00.490329	[INFO]	orders_service.py	响应时间:691ms	湖北省	荆州市	这里是日志信息......
2024-11-04 17:42:00.490329	[ERROR]	orders_service.py	响应时间:7ms	湖北省	荆州市	这里是日志信息......
2024-11-04 17:42:00.490329	[INFO]	event.py	响应时间:180ms	上海市	徐汇区	这里是日志信息......
2024-11-04 17:42:00.490329	[INFO]	shop_manager.py	响应时间:361ms	广东省	深圳市	这里是日志信息......
2024-11-04 17:42:00.490329	[INFO]	orders_service.py	响应时间:16ms	浙江省	舟山市	这里是日志信息......
2024-11-04 17:42:00.490329	[INFO]	orders_service.py	响应时间:596ms	浙江省	舟山市	这里是日志信息......
2024-11-04 17:42:00.490329	[INFO]	base_network.py	响应时间:374ms	山东省	青岛市	这里是日志信息......
2024-11-04 17:42:00.490329	[INFO]	event.py	响应时间:449ms	安徽省	阜阳市	这里是日志信息......
2024-11-04 17:42:00.490329	[INFO]	user_manager.py	响应时间:472ms	江苏省	张家港市	这里是日志信息......
2024-11-04 17:42:00.490329	[INFO]	orders_service.py	响应时间:742ms	重庆市	九龙坡区	这里是日志信息......
2024-11-04 17:42:00.490329	[INFO]	barcode_service.py	响应时间:382ms	上海市	徐汇区	这里是日志信息......
2024-11-04 17:42:00.490329	[INFO]	event.py	响应时间:428ms	重庆市	沙坪坝区	这里是日志信息......
2024-11-04 17:42:00.490329	[INFO]	goods_manager.py	响应时间:198ms	北京市	怀柔区	这里是日志信息......
2024-11-04 17:42:00.490329	[INFO]	barcode_service.py	响应时间:415ms	浙江省	湖州市	这里是日志信息......
2024-11-04 17:42:00.490329	[INFO]	event.py	响应时间:232ms	北京市	昌平区	这里是日志信息......
2024-11-04 17:42:00.490329	[INFO]	goods_manager.py	响应时间:10ms	湖北省	荆州市	这里是日志信息......
2024-11-04 17:42:00.490329	[INFO]	goods_manager.py	响应时间:620ms	北京市	昌平区	这里是日志信息......
2024-11-04 17:42:00.490329	[WARN]	orders_service.py	响应时间:942ms	重庆市	万州区	这里是日志信息......
2024-11-04 17:42:00.490329	[INFO]	orders_service.py	响应时间:169ms	重庆市	南岸区	这里是日志信息......
2024-11-04 17:42:00.490329	[INFO]	shop_manager.py	响应时间:129ms	天津市	宝坻区	这里是日志信息......
2024-11-04 17:42:00.490329	[INFO]	event.py	响应时间:156ms	广东省	深圳市	这里是日志信息......
2024-11-04 17:42:00.490329	[WARN]	user_manager.py	响应时间:162ms	安徽省	阜阳市	这里是日志信息......
2024-11-04 17:42:00.490329	[INFO]	goods_manager.py	响应时间:992ms	重庆市	九龙坡区	这里是日志信息......
2024-11-04 17:42:00.490329	[INFO]	orders_service.py	响应时间:173ms	广东省	深圳市	这里是日志信息......
2024-11-04 17:42:00.490329	[INFO]	orders_service.py	响应时间:493ms	江苏省	张家港市	这里是日志信息......
2024-11-04 17:42:00.490329	[INFO]	orders_service.py	响应时间:479ms	天津市	和平区	这里是日志信息......
2024-11-04 17:42:00.490329	[WARN]	orders_service.py	响应时间:615ms	湖北省	荆州市	这里是日志信息......
2024-11-04 17:42:00.490329	[INFO]	orders_service.py	响应时间:640ms	广东省	广州市	这里是日志信息......
2024-11-04 17:42:00.490329	[WARN]	orders_service.py	响应时间:188ms	湖北省	武汉市	这里是日志信息......
2024-11-04 17:42:00.490329	[INFO]	goods_manager.py	响应时间:917ms	天津市	宝坻区	这里是日志信息......
2024-11-04 17:42:00.490329	[INFO]	barcode_service.py	响应时间:839ms	安徽省	铜陵市	这里是日志信息......
2024-11-04 17:42:00.490329	[INFO]	user_manager.py	响应时间:27ms	湖南省	长沙市	这里是日志信息......
2024-11-04 17:42:00.490329	[INFO]	orders_service.py	响应时间:541ms	重庆市	涪陵区	这里是日志信息......
2024-11-04 17:42:00.490329	[INFO]	event.py	响应时间:381ms	湖南省	长沙市	这里是日志信息......
2024-11-04 17:42:00.490329	[INFO]	user_manager.py	响应时间:187ms	江苏省	无锡市	这里是日志信息......
2024-11-04 17:42:00.490329	[INFO]	event.py	响应时间:732ms	湖南省	长沙市	这里是日志信息......
2024-11-04 17:42:00.490329	[INFO]	orders_service.py	响应时间:278ms	重庆市	万州区	这里是日志信息......
2024-11-04 17:42:00.490329	[ERROR]	orders_service.py	响应时间:45ms	浙江省	嘉兴市	这里是日志信息......
2024-11-04 17:42:00.490329	[INFO]	orders_service.py	响应时间:771ms	广东省	广州市	这里是日志信息......
2024-11-04 17:42:00.490329	[ERROR]	goods_manager.py	响应时间:470ms	天津市	宝坻区	这里是日志信息......
2024-11-04 17:42:00.490329	[INFO]	goods_manager.py	响应时间:817ms	广东省	广州市	这里是日志信息......
2024-11-04 17:42:00.490329	[INFO]	event.py	响应时间:156ms	湖北省	恩施土家族苗族自治州	这里是日志信息......
2024-11-04 17:42:00.490329	[INFO]	orders_service.py	响应时间:765ms	湖北省	武汉市	这里是日志信息......
2024-11-04 17:42:00.490329	[INFO]	event.py	响应时间:118ms	浙江省	杭州市	这里是日志信息......
2024-11-04 17:42:00.490329	[INFO]	orders_service.py	响应时间:652ms	江苏省	无锡市	这里是日志信息......
2024-11-04 17:42:00.490329	[INFO]	orders_service.py	响应时间:661ms	北京市	怀柔区	这里是日志信息......
2024-11-04 17:42:00.490329	[INFO]	goods_manager.py	响应时间:889ms	重庆市	九龙坡区	这里是日志信息......
2024-11-04 17:42:00.490329	[INFO]	event.py	响应时间:729ms	广东省	广州市	这里是日志信息......
2024-11-04 17:42:00.490329	[WARN]	event.py	响应时间:981ms	北京市	昌平区	这里是日志信息......
2024-11-04 17:42:00.490329	[INFO]	orders_service.py	响应时间:8282ms	重庆市	涪陵区	这里是日志信息......
2024-11-04 17:42:00.490329	[WARN]	barcode_service.py	响应时间:27ms	江苏省	苏州市	这里是日志信息......
2024-11-04 17:42:00.490329	[INFO]	event.py	响应时间:437ms	北京市	丰台区	这里是日志信息......
2024-11-04 17:42:00.490329	[INFO]	user_manager.py	响应时间:463ms	北京市	海淀区	这里是日志信息......
2024-11-04 17:42:00.490329	[INFO]	goods_manager.py	响应时间:986ms	上海市	普陀区	这里是日志信息......
2024-11-04 17:42:00.490329	[INFO]	base_network.py	响应时间:269ms	天津市	和平区	这里是日志信息......
2024-11-04 17:42:00.490329	[INFO]	goods_manager.py	响应时间:444ms	广东省	深圳市	这里是日志信息......
2024-11-04 17:42:00.490329	[INFO]	user_manager.py	响应时间:243ms	山东省	青岛市	这里是日志信息......
2024-11-04 17:42:00.490329	[INFO]	orders_service.py	响应时间:580ms	广东省	深圳市	这里是日志信息......
2024-11-04 17:42:00.490329	[INFO]	event.py	响应时间:24ms	上海市	浦东新区	这里是日志信息......
2024-11-04 17:42:00.490329	[ERROR]	barcode_service.py	响应时间:139ms	上海市	宝山区	这里是日志信息......
2024-11-04 17:42:00.490329	[INFO]	orders_service.py	响应时间:537ms	湖北省	武汉市	这里是日志信息......
2024-11-04 17:42:00.490329	[INFO]	event.py	响应时间:407ms	北京市	大兴区	这里是日志信息......
2024-11-04 17:42:00.490329	[INFO]	event.py	响应时间:542ms	安徽省	阜阳市	这里是日志信息......
2024-11-04 17:42:00.490329	[INFO]	orders_service.py	响应时间:50ms	湖北省	武汉市	这里是日志信息......
2024-11-04 17:42:00.490329	[INFO]	shop_manager.py	响应时间:721ms	重庆市	沙坪坝区	这里是日志信息......
2024-11-04 17:42:00.491330	[INFO]	orders_service.py	响应时间:804ms	安徽省	合肥市	这里是日志信息......
2024-11-04 17:42:00.491330	[INFO]	user_manager.py	响应时间:626ms	天津市	河西区	这里是日志信息......
2024-11-04 17:42:00.491330	[WARN]	goods_manager.py	响应时间:233ms	山东省	菏泽市	这里是日志信息......
2024-11-04 17:42:00.491330	[INFO]	orders_service.py	响应时间:779ms	浙江省	湖州市	这里是日志信息......
2024-11-04 17:42:00.491330	[INFO]	goods_manager.py	响应时间:942ms	天津市	河东区	这里是日志信息......
2024-11-04 17:42:00.491330	[INFO]	user_manager.py	响应时间:651ms	广东省	珠海市	这里是日志信息......
2024-11-04 17:42:00.491330	[INFO]	orders_service.py	响应时间:702ms	重庆市	九龙坡区	这里是日志信息......
2024-11-04 17:42:00.491330	[INFO]	orders_service.py	响应时间:971ms	天津市	宝坻区	这里是日志信息......
2024-11-04 17:42:00.491330	[INFO]	shop_manager.py	响应时间:959ms	浙江省	湖州市	这里是日志信息......
2024-11-04 17:42:00.491330	[INFO]	orders_service.py	响应时间:497ms	天津市	武清区	这里是日志信息......
2024-11-04 17:42:00.491330	[INFO]	shop_manager.py	响应时间:800ms	湖北省	恩施土家族苗族自治州	这里是日志信息......
2024-11-04 17:42:00.491330	[INFO]	orders_service.py	响应时间:246ms	北京市	怀柔区	这里是日志信息......
2024-11-04 17:42:00.491330	[INFO]	user_manager.py	响应时间:718ms	天津市	和平区	这里是日志信息......
2024-11-04 17:42:00.491330	[INFO]	event.py	响应时间:281ms	重庆市	渝中区	这里是日志信息......
2024-11-04 17:42:00.491330	[INFO]	user_manager.py	响应时间:536ms	广东省	广州市	这里是日志信息......
2024-11-04 17:42:00.491330	[INFO]	goods_manager.py	响应时间:6ms	天津市	武清区	这里是日志信息......
2024-11-04 17:42:00.491330	[INFO]	barcode_service.py	响应时间:172ms	广东省	广州市	这里是日志信息......
2024-11-04 17:42:00.491330	[ERROR]	user_manager.py	响应时间:213ms	天津市	宝坻区	这里是日志信息......
2024-11-04 17:42:00.491330	[INFO]	goods_manager.py	响应时间:955ms	山东省	青岛市	这里是日志信息......
2024-11-04 17:42:00.491330	[INFO]	barcode_service.py	响应时间:739ms	浙江省	湖州市	这里是日志信息......
2024-11-04 17:42:00.491330	[ERROR]	event.py	响应时间:5397ms	山东省	菏泽市	这里是日志信息......
2024-11-04 17:42:00.491330	[INFO]	event.py	响应时间:848ms	江苏省	南京市	这里是日志信息......
2024-11-04 17:42:00.491330	[INFO]	goods_manager.py	响应时间:148ms	重庆市	南岸区	这里是日志信息......
2024-11-04 17:42:00.491330	[WARN]	event.py	响应时间:188ms	山东省	青岛市	这里是日志信息......
2024-11-04 17:42:00.491330	[WARN]	barcode_service.py	响应时间:875ms	广东省	深圳市	这里是日志信息......
2024-11-04 17:42:00.491330	[INFO]	user_manager.py	响应时间:213ms	天津市	和平区	这里是日志信息......
2024-11-04 17:42:00.491330	[INFO]	base_network.py	响应时间:927ms	天津市	河西区	这里是日志信息......
2024-11-04 17:42:00.491330	[ERROR]	goods_manager.py	响应时间:13ms	北京市	昌平区	这里是日志信息......
2024-11-04 17:42:00.491330	[INFO]	goods_manager.py	响应时间:20ms	湖南省	长沙市	这里是日志信息......
2024-11-04 17:42:00.491330	[INFO]	orders_service.py	响应时间:158ms	上海市	黄浦区	这里是日志信息......
2024-11-04 17:42:00.491330	[INFO]	event.py	响应时间:855ms	重庆市	万州区	这里是日志信息......
2024-11-04 17:42:00.491330	[INFO]	barcode_service.py	响应时间:120ms	江苏省	南京市	这里是日志信息......
2024-11-04 17:42:00.491330	[INFO]	orders_service.py	响应时间:206ms	江苏省	南京市	这里是日志信息......
2024-11-04 17:42:00.491330	[WARN]	shop_manager.py	响应时间:351ms	上海市	宝山区	这里是日志信息......
2024-11-04 17:42:00.491330	[WARN]	barcode_service.py	响应时间:442ms	重庆市	沙坪坝区	这里是日志信息......
2024-11-04 17:42:00.491330	[INFO]	user_manager.py	响应时间:677ms	广东省	深圳市	这里是日志信息......
2024-11-04 17:42:00.491330	[INFO]	event.py	响应时间:419ms	重庆市	万州区	这里是日志信息......
2024-11-04 17:42:00.491330	[INFO]	orders_service.py	响应时间:460ms	安徽省	池州市	这里是日志信息......
2024-11-04 17:42:00.491330	[ERROR]	user_manager.py	响应时间:438ms	天津市	河东区	这里是日志信息......
2024-11-04 17:42:00.491330	[INFO]	user_manager.py	响应时间:229ms	山东省	济南市	这里是日志信息......
2024-11-04 17:42:00.491330	[INFO]	event.py	响应时间:599ms	湖南省	长沙市	这里是日志信息......
2024-11-04 17:42:00.491330	[INFO]	user_manager.py	响应时间:603ms	天津市	宝坻区	这里是日志信息......
2024-11-04 17:42:00.491330	[INFO]	event.py	响应时间:432ms	浙江省	丽水市	这里是日志信息......
2024-11-04 17:42:00.491330	[INFO]	goods_manager.py	响应时间:960ms	湖南省	长沙市	这里是日志信息......
2024-11-04 17:42:00.491330	[INFO]	user_manager.py	响应时间:410ms	山东省	济南市	这里是日志信息......
2024-11-04 17:42:00.491330	[WARN]	orders_service.py	响应时间:651ms	山东省	青岛市	这里是日志信息......
2024-11-04 17:42:00.491330	[INFO]	orders_service.py	响应时间:383ms	上海市	杨浦区	这里是日志信息......
2024-11-04 17:42:00.491330	[INFO]	goods_manager.py	响应时间:820ms	浙江省	杭州市	这里是日志信息......
2024-11-04 17:42:00.491330	[INFO]	shop_manager.py	响应时间:92ms	湖南省	长沙市	这里是日志信息......
2024-11-04 17:42:00.491330	[INFO]	barcode_service.py	响应时间:672ms	天津市	宝坻区	这里是日志信息......
2024-11-04 17:42:00.491330	[ERROR]	user_manager.py	响应时间:3357ms	安徽省	铜陵市	这里是日志信息......
2024-11-04 17:42:00.491330	[WARN]	goods_manager.py	响应时间:83ms	安徽省	阜阳市	这里是日志信息......
2024-11-04 17:42:00.491330	[INFO]	orders_service.py	响应时间:637ms	天津市	河东区	这里是日志信息......
2024-11-04 17:42:00.491330	[INFO]	user_manager.py	响应时间:487ms	上海市	静安区	这里是日志信息......
2024-11-04 17:42:00.491330	[INFO]	orders_service.py	响应时间:149ms	天津市	和平区	这里是日志信息......
2024-11-04 17:42:00.491330	[ERROR]	orders_service.py	响应时间:124ms	江苏省	苏州市	这里是日志信息......
2024-11-04 17:42:00.491330	[INFO]	event.py	响应时间:681ms	北京市	怀柔区	这里是日志信息......
2024-11-04 17:42:00.491330	[INFO]	goods_manager.py	响应时间:761ms	北京市	海淀区	这里是日志信息......
2024-11-04 17:42:00.491330	[INFO]	event.py	响应时间:807ms	重庆市	九龙坡区	这里是日志信息......
2024-11-04 17:42:00.491330	[INFO]	orders_service.py	响应时间:883ms	湖北省	恩施土家族苗族自治州	这里是日志信息......
2024-11-04 17:42:00.491330	[INFO]	goods_manager.py	响应时间:878ms	江苏省	无锡市	这里是日志信息......
2024-11-04 17:42:00.491330	[INFO]	user_manager.py	响应时间:930ms	重庆市	渝中区	这里是日志信息......
2024-11-04 17:42:00.491330	[INFO]	orders_service.py	响应时间:240ms	北京市	怀柔区	这里是日志信息......
2024-11-04 17:42:00.491330	[INFO]	goods_manager.py	响应时间:668ms	上海市	浦东新区	这里是日志信息......
2024-11-04 17:42:00.491330	[INFO]	orders_service.py	响应时间:641ms	安徽省	芜湖市	这里是日志信息......
2024-11-04 17:42:00.491330	[INFO]	shop_manager.py	响应时间:509ms	安徽省	铜陵市	这里是日志信息......
2024-11-04 17:42:00.491330	[INFO]	orders_service.py	响应时间:194ms	上海市	浦东新区	这里是日志信息......
2024-11-04 17:42:00.491330	[WARN]	goods_manager.py	响应时间:985ms	广东省	广州市	这里是日志信息......
2024-11-04 17:42:00.491330	[INFO]	event.py	响应时间:433ms	浙江省	杭州市	这里是日志信息......
2024-11-04 17:42:00.491330	[INFO]	shop_manager.py	响应时间:623ms	广东省	广州市	这里是日志信息......
2024-11-04 17:42:00.491330	[INFO]	orders_service.py	响应时间:539ms	上海市	杨浦区	这里是日志信息......
2024-11-04 17:42:00.491330	[INFO]	goods_manager.py	响应时间:470ms	上海市	宝山区	这里是日志信息......
2024-11-04 17:42:00.491330	[INFO]	event.py	响应时间:300ms	重庆市	九龙坡区	这里是日志信息......
2024-11-04 17:42:00.491330	[INFO]	event.py	响应时间:863ms	江苏省	宿迁市	这里是日志信息......
2024-11-04 17:42:00.491330	[WARN]	user_manager.py	响应时间:204ms	浙江省	丽水市	这里是日志信息......
2024-11-04 17:42:00.491330	[INFO]	orders_service.py	响应时间:243ms	北京市	海淀区	这里是日志信息......
2024-11-04 17:42:00.491330	[INFO]	goods_manager.py	响应时间:889ms	浙江省	湖州市	这里是日志信息......
2024-11-04 17:42:00.491330	[WARN]	event.py	响应时间:412ms	广东省	深圳市	这里是日志信息......
2024-11-04 17:42:00.491330	[INFO]	event.py	响应时间:836ms	浙江省	舟山市	这里是日志信息......
2024-11-04 17:42:00.491330	[INFO]	event.py	响应时间:701ms	北京市	海淀区	这里是日志信息......
2024-11-04 17:42:00.491330	[INFO]	orders_service.py	响应时间:105ms	浙江省	丽水市	这里是日志信息......
2024-11-04 17:42:00.491330	[INFO]	shop_manager.py	响应时间:589ms	安徽省	合肥市	这里是日志信息......
