2024-11-04 17:42:03.510718	[WARN]	shop_manager.py	响应时间:755ms	天津市	武清区	这里是日志信息......
2024-11-04 17:42:03.510718	[WARN]	base_network.py	响应时间:49ms	湖北省	十堰市	这里是日志信息......
2024-11-04 17:42:03.510718	[INFO]	orders_service.py	响应时间:981ms	江苏省	常州市	这里是日志信息......
2024-11-04 17:42:03.510718	[INFO]	event.py	响应时间:536ms	重庆市	万州区	这里是日志信息......
2024-11-04 17:42:03.510718	[INFO]	event.py	响应时间:539ms	浙江省	湖州市	这里是日志信息......
2024-11-04 17:42:03.510718	[INFO]	event.py	响应时间:895ms	安徽省	芜湖市	这里是日志信息......
2024-11-04 17:42:03.510718	[INFO]	goods_manager.py	响应时间:872ms	浙江省	湖州市	这里是日志信息......
2024-11-04 17:42:03.510718	[WARN]	orders_service.py	响应时间:875ms	山东省	菏泽市	这里是日志信息......
2024-11-04 17:42:03.510718	[INFO]	orders_service.py	响应时间:11ms	浙江省	绍兴市	这里是日志信息......
2024-11-04 17:42:03.510718	[INFO]	goods_manager.py	响应时间:354ms	重庆市	万州区	这里是日志信息......
2024-11-04 17:42:03.510718	[ERROR]	goods_manager.py	响应时间:787ms	重庆市	沙坪坝区	这里是日志信息......
2024-11-04 17:42:03.510718	[INFO]	goods_manager.py	响应时间:7440ms	广东省	珠海市	这里是日志信息......
2024-11-04 17:42:03.510718	[ERROR]	orders_service.py	响应时间:2374ms	广东省	广州市	这里是日志信息......
2024-11-04 17:42:03.510718	[INFO]	event.py	响应时间:856ms	湖南省	长沙市	这里是日志信息......
2024-11-04 17:42:03.510718	[INFO]	user_manager.py	响应时间:3978ms	上海市	杨浦区	这里是日志信息......
2024-11-04 17:42:03.510718	[INFO]	base_network.py	响应时间:518ms	湖北省	荆州市	这里是日志信息......
2024-11-04 17:42:03.510718	[INFO]	base_network.py	响应时间:820ms	江苏省	苏州市	这里是日志信息......
2024-11-04 17:42:03.510718	[INFO]	goods_manager.py	响应时间:854ms	山东省	青岛市	这里是日志信息......
2024-11-04 17:42:03.510718	[ERROR]	shop_manager.py	响应时间:317ms	重庆市	渝中区	这里是日志信息......
2024-11-04 17:42:03.510718	[WARN]	event.py	响应时间:497ms	湖北省	武汉市	这里是日志信息......
2024-11-04 17:42:03.510718	[INFO]	orders_service.py	响应时间:243ms	湖南省	长沙市	这里是日志信息......
2024-11-04 17:42:03.510718	[INFO]	event.py	响应时间:73ms	北京市	海淀区	这里是日志信息......
2024-11-04 17:42:03.510718	[INFO]	goods_manager.py	响应时间:810ms	广东省	广州市	这里是日志信息......
2024-11-04 17:42:03.510718	[INFO]	event.py	响应时间:807ms	浙江省	绍兴市	这里是日志信息......
2024-11-04 17:42:03.510718	[INFO]	base_network.py	响应时间:378ms	上海市	杨浦区	这里是日志信息......
2024-11-04 17:42:03.510718	[INFO]	goods_manager.py	响应时间:481ms	重庆市	万州区	这里是日志信息......
2024-11-04 17:42:03.510718	[INFO]	goods_manager.py	响应时间:451ms	天津市	武清区	这里是日志信息......
2024-11-04 17:42:03.510718	[INFO]	event.py	响应时间:856ms	江苏省	常州市	这里是日志信息......
2024-11-04 17:42:03.510718	[INFO]	event.py	响应时间:985ms	湖南省	张家界市	这里是日志信息......
2024-11-04 17:42:03.510718	[INFO]	goods_manager.py	响应时间:898ms	安徽省	合肥市	这里是日志信息......
2024-11-04 17:42:03.510718	[WARN]	barcode_service.py	响应时间:596ms	浙江省	湖州市	这里是日志信息......
2024-11-04 17:42:03.510718	[WARN]	orders_service.py	响应时间:767ms	广东省	广州市	这里是日志信息......
2024-11-04 17:42:03.510718	[INFO]	base_network.py	响应时间:940ms	天津市	和平区	这里是日志信息......
2024-11-04 17:42:03.510718	[INFO]	orders_service.py	响应时间:758ms	安徽省	芜湖市	这里是日志信息......
2024-11-04 17:42:03.510718	[INFO]	orders_service.py	响应时间:677ms	湖北省	武汉市	这里是日志信息......
2024-11-04 17:42:03.510718	[INFO]	event.py	响应时间:888ms	上海市	普陀区	这里是日志信息......
2024-11-04 17:42:03.510718	[INFO]	goods_manager.py	响应时间:382ms	北京市	海淀区	这里是日志信息......
2024-11-04 17:42:03.510718	[INFO]	goods_manager.py	响应时间:105ms	山东省	济南市	这里是日志信息......
2024-11-04 17:42:03.510718	[WARN]	barcode_service.py	响应时间:896ms	北京市	丰台区	这里是日志信息......
2024-11-04 17:42:03.510718	[INFO]	user_manager.py	响应时间:292ms	湖北省	武汉市	这里是日志信息......
2024-11-04 17:42:03.510718	[WARN]	event.py	响应时间:442ms	天津市	武清区	这里是日志信息......
2024-11-04 17:42:03.510718	[INFO]	base_network.py	响应时间:708ms	广东省	深圳市	这里是日志信息......
2024-11-04 17:42:03.510718	[INFO]	goods_manager.py	响应时间:499ms	江苏省	南京市	这里是日志信息......
2024-11-04 17:42:03.510718	[INFO]	event.py	响应时间:921ms	重庆市	涪陵区	这里是日志信息......
2024-11-04 17:42:03.510718	[INFO]	orders_service.py	响应时间:375ms	北京市	昌平区	这里是日志信息......
2024-11-04 17:42:03.510718	[WARN]	goods_manager.py	响应时间:522ms	安徽省	阜阳市	这里是日志信息......
2024-11-04 17:42:03.510718	[INFO]	event.py	响应时间:667ms	江苏省	张家港市	这里是日志信息......
2024-11-04 17:42:03.510718	[INFO]	event.py	响应时间:105ms	重庆市	沙坪坝区	这里是日志信息......
2024-11-04 17:42:03.510718	[INFO]	user_manager.py	响应时间:957ms	北京市	朝阳区	这里是日志信息......
2024-11-04 17:42:03.510718	[INFO]	barcode_service.py	响应时间:2657ms	山东省	青岛市	这里是日志信息......
2024-11-04 17:42:03.510718	[INFO]	event.py	响应时间:653ms	上海市	徐汇区	这里是日志信息......
2024-11-04 17:42:03.510718	[INFO]	barcode_service.py	响应时间:3746ms	重庆市	南岸区	这里是日志信息......
2024-11-04 17:42:03.510718	[INFO]	orders_service.py	响应时间:445ms	江苏省	南京市	这里是日志信息......
2024-11-04 17:42:03.510718	[INFO]	shop_manager.py	响应时间:272ms	北京市	大兴区	这里是日志信息......
2024-11-04 17:42:03.510718	[INFO]	user_manager.py	响应时间:788ms	广东省	深圳市	这里是日志信息......
2024-11-04 17:42:03.510718	[ERROR]	goods_manager.py	响应时间:71ms	浙江省	舟山市	这里是日志信息......
2024-11-04 17:42:03.510718	[INFO]	user_manager.py	响应时间:827ms	江苏省	无锡市	这里是日志信息......
2024-11-04 17:42:03.510718	[INFO]	user_manager.py	响应时间:815ms	重庆市	九龙坡区	这里是日志信息......
2024-11-04 17:42:03.510718	[ERROR]	goods_manager.py	响应时间:283ms	浙江省	金华市	这里是日志信息......
2024-11-04 17:42:03.510718	[INFO]	goods_manager.py	响应时间:787ms	上海市	静安区	这里是日志信息......
2024-11-04 17:42:03.510718	[INFO]	goods_manager.py	响应时间:865ms	重庆市	涪陵区	这里是日志信息......
2024-11-04 17:42:03.510718	[INFO]	base_network.py	响应时间:454ms	江苏省	苏州市	这里是日志信息......
2024-11-04 17:42:03.510718	[INFO]	event.py	响应时间:948ms	湖北省	武汉市	这里是日志信息......
2024-11-04 17:42:03.510718	[INFO]	event.py	响应时间:802ms	重庆市	渝中区	这里是日志信息......
2024-11-04 17:42:03.510718	[INFO]	event.py	响应时间:7875ms	安徽省	合肥市	这里是日志信息......
2024-11-04 17:42:03.510718	[INFO]	goods_manager.py	响应时间:706ms	重庆市	万州区	这里是日志信息......
2024-11-04 17:42:03.510718	[INFO]	barcode_service.py	响应时间:745ms	湖南省	长沙市	这里是日志信息......
2024-11-04 17:42:03.510718	[INFO]	shop_manager.py	响应时间:357ms	重庆市	九龙坡区	这里是日志信息......
2024-11-04 17:42:03.510718	[INFO]	event.py	响应时间:344ms	江苏省	南京市	这里是日志信息......
2024-11-04 17:42:03.510718	[INFO]	user_manager.py	响应时间:757ms	山东省	济南市	这里是日志信息......
2024-11-04 17:42:03.510718	[INFO]	event.py	响应时间:387ms	天津市	和平区	这里是日志信息......
2024-11-04 17:42:03.510718	[INFO]	goods_manager.py	响应时间:425ms	湖北省	十堰市	这里是日志信息......
2024-11-04 17:42:03.510718	[INFO]	user_manager.py	响应时间:55ms	北京市	怀柔区	这里是日志信息......
2024-11-04 17:42:03.510718	[INFO]	user_manager.py	响应时间:501ms	广东省	广州市	这里是日志信息......
2024-11-04 17:42:03.510718	[INFO]	goods_manager.py	响应时间:958ms	湖北省	武汉市	这里是日志信息......
2024-11-04 17:42:03.510718	[INFO]	goods_manager.py	响应时间:403ms	天津市	河东区	这里是日志信息......
2024-11-04 17:42:03.510718	[INFO]	orders_service.py	响应时间:130ms	湖北省	武汉市	这里是日志信息......
2024-11-04 17:42:03.510718	[INFO]	goods_manager.py	响应时间:221ms	安徽省	合肥市	这里是日志信息......
2024-11-04 17:42:03.511732	[INFO]	barcode_service.py	响应时间:396ms	天津市	河西区	这里是日志信息......
2024-11-04 17:42:03.511732	[INFO]	user_manager.py	响应时间:164ms	广东省	广州市	这里是日志信息......
2024-11-04 17:42:03.511732	[INFO]	orders_service.py	响应时间:653ms	江苏省	苏州市	这里是日志信息......
2024-11-04 17:42:03.511732	[INFO]	event.py	响应时间:860ms	天津市	武清区	这里是日志信息......
2024-11-04 17:42:03.511732	[INFO]	base_network.py	响应时间:4ms	安徽省	阜阳市	这里是日志信息......
2024-11-04 17:42:03.511732	[INFO]	orders_service.py	响应时间:823ms	北京市	海淀区	这里是日志信息......
2024-11-04 17:42:03.511732	[WARN]	event.py	响应时间:502ms	重庆市	万州区	这里是日志信息......
2024-11-04 17:42:03.511732	[INFO]	event.py	响应时间:106ms	安徽省	合肥市	这里是日志信息......
2024-11-04 17:42:03.511732	[INFO]	base_network.py	响应时间:147ms	山东省	青岛市	这里是日志信息......
2024-11-04 17:42:03.511732	[INFO]	event.py	响应时间:922ms	湖北省	武汉市	这里是日志信息......
2024-11-04 17:42:03.511732	[INFO]	shop_manager.py	响应时间:80ms	江苏省	苏州市	这里是日志信息......
2024-11-04 17:42:03.511732	[INFO]	orders_service.py	响应时间:414ms	北京市	大兴区	这里是日志信息......
2024-11-04 17:42:03.511732	[INFO]	shop_manager.py	响应时间:643ms	浙江省	杭州市	这里是日志信息......
2024-11-04 17:42:03.511732	[INFO]	user_manager.py	响应时间:117ms	安徽省	铜陵市	这里是日志信息......
2024-11-04 17:42:03.511732	[INFO]	shop_manager.py	响应时间:471ms	浙江省	金华市	这里是日志信息......
2024-11-04 17:42:03.511732	[INFO]	orders_service.py	响应时间:406ms	天津市	河西区	这里是日志信息......
2024-11-04 17:42:03.511732	[INFO]	orders_service.py	响应时间:807ms	北京市	怀柔区	这里是日志信息......
2024-11-04 17:42:03.511732	[INFO]	event.py	响应时间:219ms	山东省	青岛市	这里是日志信息......
2024-11-04 17:42:03.511732	[INFO]	goods_manager.py	响应时间:972ms	湖北省	武汉市	这里是日志信息......
2024-11-04 17:42:03.511732	[INFO]	barcode_service.py	响应时间:65ms	山东省	青岛市	这里是日志信息......
2024-11-04 17:42:03.511732	[INFO]	event.py	响应时间:18ms	湖北省	武汉市	这里是日志信息......
2024-11-04 17:42:03.511732	[INFO]	shop_manager.py	响应时间:943ms	北京市	朝阳区	这里是日志信息......
2024-11-04 17:42:03.511732	[INFO]	shop_manager.py	响应时间:362ms	江苏省	苏州市	这里是日志信息......
2024-11-04 17:42:03.511732	[INFO]	barcode_service.py	响应时间:619ms	湖南省	长沙市	这里是日志信息......
2024-11-04 17:42:03.511732	[WARN]	event.py	响应时间:287ms	湖北省	武汉市	这里是日志信息......
2024-11-04 17:42:03.511732	[WARN]	user_manager.py	响应时间:35ms	天津市	河西区	这里是日志信息......
2024-11-04 17:42:03.511732	[WARN]	base_network.py	响应时间:25ms	湖南省	常德市	这里是日志信息......
2024-11-04 17:42:03.511732	[INFO]	orders_service.py	响应时间:695ms	山东省	济南市	这里是日志信息......
2024-11-04 17:42:03.511732	[INFO]	event.py	响应时间:565ms	安徽省	合肥市	这里是日志信息......
2024-11-04 17:42:03.511732	[INFO]	base_network.py	响应时间:98ms	江苏省	南京市	这里是日志信息......
2024-11-04 17:42:03.511732	[WARN]	event.py	响应时间:577ms	湖北省	武汉市	这里是日志信息......
2024-11-04 17:42:03.511732	[INFO]	orders_service.py	响应时间:705ms	湖南省	张家界市	这里是日志信息......
2024-11-04 17:42:03.511732	[ERROR]	barcode_service.py	响应时间:993ms	山东省	济南市	这里是日志信息......
2024-11-04 17:42:03.511732	[INFO]	base_network.py	响应时间:782ms	广东省	深圳市	这里是日志信息......
2024-11-04 17:42:03.511732	[INFO]	orders_service.py	响应时间:898ms	重庆市	沙坪坝区	这里是日志信息......
2024-11-04 17:42:03.511732	[INFO]	goods_manager.py	响应时间:458ms	湖南省	长沙市	这里是日志信息......
2024-11-04 17:42:03.511732	[INFO]	orders_service.py	响应时间:153ms	湖北省	武汉市	这里是日志信息......
2024-11-04 17:42:03.511732	[INFO]	goods_manager.py	响应时间:970ms	湖南省	长沙市	这里是日志信息......
2024-11-04 17:42:03.511732	[INFO]	user_manager.py	响应时间:671ms	安徽省	合肥市	这里是日志信息......
2024-11-04 17:42:03.511732	[INFO]	goods_manager.py	响应时间:549ms	北京市	海淀区	这里是日志信息......
2024-11-04 17:42:03.511732	[INFO]	event.py	响应时间:57ms	浙江省	杭州市	这里是日志信息......
2024-11-04 17:42:03.511732	[INFO]	goods_manager.py	响应时间:727ms	湖北省	十堰市	这里是日志信息......
2024-11-04 17:42:03.511732	[ERROR]	user_manager.py	响应时间:9791ms	广东省	珠海市	这里是日志信息......
2024-11-04 17:42:03.511732	[INFO]	goods_manager.py	响应时间:776ms	上海市	静安区	这里是日志信息......
2024-11-04 17:42:03.511732	[INFO]	goods_manager.py	响应时间:926ms	天津市	和平区	这里是日志信息......
2024-11-04 17:42:03.511732	[INFO]	user_manager.py	响应时间:633ms	上海市	徐汇区	这里是日志信息......
2024-11-04 17:42:03.511732	[INFO]	event.py	响应时间:595ms	湖南省	常德市	这里是日志信息......
2024-11-04 17:42:03.511732	[INFO]	barcode_service.py	响应时间:6574ms	湖北省	武汉市	这里是日志信息......
2024-11-04 17:42:03.511732	[INFO]	orders_service.py	响应时间:773ms	广东省	广州市	这里是日志信息......
2024-11-04 17:42:03.511732	[INFO]	orders_service.py	响应时间:71ms	天津市	和平区	这里是日志信息......
2024-11-04 17:42:03.511732	[WARN]	orders_service.py	响应时间:9ms	浙江省	金华市	这里是日志信息......
2024-11-04 17:42:03.511732	[INFO]	orders_service.py	响应时间:739ms	山东省	青岛市	这里是日志信息......
2024-11-04 17:42:03.511732	[INFO]	barcode_service.py	响应时间:134ms	上海市	杨浦区	这里是日志信息......
2024-11-04 17:42:03.511732	[INFO]	event.py	响应时间:597ms	广东省	珠海市	这里是日志信息......
2024-11-04 17:42:03.511732	[INFO]	user_manager.py	响应时间:94ms	上海市	黄浦区	这里是日志信息......
2024-11-04 17:42:03.511732	[INFO]	goods_manager.py	响应时间:612ms	浙江省	绍兴市	这里是日志信息......
2024-11-04 17:42:03.511732	[INFO]	base_network.py	响应时间:268ms	浙江省	杭州市	这里是日志信息......
2024-11-04 17:42:03.511732	[INFO]	base_network.py	响应时间:214ms	湖南省	常德市	这里是日志信息......
2024-11-04 17:42:03.511732	[INFO]	event.py	响应时间:245ms	山东省	青岛市	这里是日志信息......
2024-11-04 17:42:03.511732	[INFO]	user_manager.py	响应时间:448ms	山东省	青岛市	这里是日志信息......
2024-11-04 17:42:03.511732	[WARN]	orders_service.py	响应时间:686ms	重庆市	万州区	这里是日志信息......
2024-11-04 17:42:03.511732	[INFO]	orders_service.py	响应时间:351ms	广东省	珠海市	这里是日志信息......
2024-11-04 17:42:03.511732	[INFO]	event.py	响应时间:183ms	北京市	海淀区	这里是日志信息......
2024-11-04 17:42:03.511732	[WARN]	shop_manager.py	响应时间:559ms	广东省	珠海市	这里是日志信息......
2024-11-04 17:42:03.511732	[INFO]	base_network.py	响应时间:795ms	天津市	和平区	这里是日志信息......
2024-11-04 17:42:03.511732	[INFO]	event.py	响应时间:738ms	北京市	朝阳区	这里是日志信息......
2024-11-04 17:42:03.511732	[INFO]	orders_service.py	响应时间:772ms	湖北省	武汉市	这里是日志信息......
2024-11-04 17:42:03.511732	[INFO]	orders_service.py	响应时间:981ms	江苏省	南京市	这里是日志信息......
2024-11-04 17:42:03.511732	[INFO]	event.py	响应时间:926ms	上海市	普陀区	这里是日志信息......
2024-11-04 17:42:03.511732	[INFO]	shop_manager.py	响应时间:271ms	天津市	和平区	这里是日志信息......
2024-11-04 17:42:03.511732	[WARN]	base_network.py	响应时间:768ms	重庆市	九龙坡区	这里是日志信息......
2024-11-04 17:42:03.511732	[INFO]	orders_service.py	响应时间:28ms	安徽省	阜阳市	这里是日志信息......
2024-11-04 17:42:03.511732	[INFO]	event.py	响应时间:190ms	安徽省	铜陵市	这里是日志信息......
2024-11-04 17:42:03.511732	[ERROR]	barcode_service.py	响应时间:120ms	天津市	和平区	这里是日志信息......
2024-11-04 17:42:03.511732	[INFO]	base_network.py	响应时间:27ms	上海市	浦东新区	这里是日志信息......
2024-11-04 17:42:03.511732	[INFO]	event.py	响应时间:166ms	重庆市	万州区	这里是日志信息......
2024-11-04 17:42:03.511732	[WARN]	orders_service.py	响应时间:859ms	北京市	昌平区	这里是日志信息......
2024-11-04 17:42:03.511732	[WARN]	event.py	响应时间:704ms	江苏省	苏州市	这里是日志信息......
2024-11-04 17:42:03.511732	[INFO]	orders_service.py	响应时间:431ms	浙江省	绍兴市	这里是日志信息......
2024-11-04 17:42:03.511732	[INFO]	goods_manager.py	响应时间:256ms	安徽省	铜陵市	这里是日志信息......
2024-11-04 17:42:03.511732	[INFO]	event.py	响应时间:183ms	山东省	青岛市	这里是日志信息......
2024-11-04 17:42:03.511732	[INFO]	goods_manager.py	响应时间:982ms	重庆市	渝中区	这里是日志信息......
2024-11-04 17:42:03.511732	[INFO]	barcode_service.py	响应时间:765ms	天津市	宝坻区	这里是日志信息......
2024-11-04 17:42:03.511732	[WARN]	goods_manager.py	响应时间:9340ms	江苏省	苏州市	这里是日志信息......
2024-11-04 17:42:03.511732	[INFO]	orders_service.py	响应时间:440ms	山东省	济南市	这里是日志信息......
2024-11-04 17:42:03.511732	[INFO]	event.py	响应时间:832ms	广东省	广州市	这里是日志信息......
2024-11-04 17:42:03.511732	[WARN]	event.py	响应时间:298ms	北京市	海淀区	这里是日志信息......
2024-11-04 17:42:03.511732	[WARN]	goods_manager.py	响应时间:842ms	上海市	浦东新区	这里是日志信息......
2024-11-04 17:42:03.511732	[INFO]	orders_service.py	响应时间:986ms	重庆市	万州区	这里是日志信息......
2024-11-04 17:42:03.511732	[INFO]	base_network.py	响应时间:470ms	天津市	和平区	这里是日志信息......
2024-11-04 17:42:03.511732	[INFO]	goods_manager.py	响应时间:331ms	浙江省	丽水市	这里是日志信息......
2024-11-04 17:42:03.511732	[INFO]	goods_manager.py	响应时间:201ms	浙江省	杭州市	这里是日志信息......
2024-11-04 17:42:03.511732	[INFO]	goods_manager.py	响应时间:328ms	重庆市	万州区	这里是日志信息......
2024-11-04 17:42:03.511732	[INFO]	goods_manager.py	响应时间:209ms	重庆市	渝中区	这里是日志信息......
2024-11-04 17:42:03.511732	[INFO]	base_network.py	响应时间:528ms	江苏省	南京市	这里是日志信息......
2024-11-04 17:42:03.511732	[INFO]	orders_service.py	响应时间:709ms	北京市	海淀区	这里是日志信息......
2024-11-04 17:42:03.511732	[INFO]	base_network.py	响应时间:59ms	重庆市	万州区	这里是日志信息......
2024-11-04 17:42:03.511732	[INFO]	event.py	响应时间:273ms	天津市	武清区	这里是日志信息......
2024-11-04 17:42:03.511732	[INFO]	goods_manager.py	响应时间:547ms	湖南省	长沙市	这里是日志信息......
2024-11-04 17:42:03.511732	[INFO]	event.py	响应时间:482ms	湖南省	长沙市	这里是日志信息......
2024-11-04 17:42:03.511732	[INFO]	event.py	响应时间:346ms	湖南省	长沙市	这里是日志信息......
2024-11-04 17:42:03.511732	[INFO]	barcode_service.py	响应时间:154ms	浙江省	杭州市	这里是日志信息......
2024-11-04 17:42:03.511732	[INFO]	goods_manager.py	响应时间:127ms	天津市	河西区	这里是日志信息......
2024-11-04 17:42:03.511732	[WARN]	orders_service.py	响应时间:364ms	重庆市	沙坪坝区	这里是日志信息......
2024-11-04 17:42:03.511732	[WARN]	event.py	响应时间:931ms	上海市	宝山区	这里是日志信息......
2024-11-04 17:42:03.511732	[INFO]	goods_manager.py	响应时间:630ms	浙江省	杭州市	这里是日志信息......
2024-11-04 17:42:03.511732	[WARN]	goods_manager.py	响应时间:597ms	江苏省	张家港市	这里是日志信息......
2024-11-04 17:42:03.511732	[INFO]	orders_service.py	响应时间:892ms	广东省	深圳市	这里是日志信息......
2024-11-04 17:42:03.511732	[INFO]	orders_service.py	响应时间:875ms	浙江省	湖州市	这里是日志信息......
2024-11-04 17:42:03.511732	[INFO]	event.py	响应时间:360ms	安徽省	六安市	这里是日志信息......
2024-11-04 17:42:03.511732	[INFO]	orders_service.py	响应时间:722ms	江苏省	张家港市	这里是日志信息......
2024-11-04 17:42:03.511732	[INFO]	user_manager.py	响应时间:27ms	浙江省	嘉兴市	这里是日志信息......
2024-11-04 17:42:03.511732	[INFO]	orders_service.py	响应时间:857ms	山东省	济南市	这里是日志信息......
2024-11-04 17:42:03.511732	[INFO]	barcode_service.py	响应时间:289ms	重庆市	南岸区	这里是日志信息......
2024-11-04 17:42:03.511732	[INFO]	orders_service.py	响应时间:157ms	北京市	海淀区	这里是日志信息......
2024-11-04 17:42:03.511732	[WARN]	event.py	响应时间:370ms	安徽省	合肥市	这里是日志信息......
2024-11-04 17:42:03.511732	[INFO]	goods_manager.py	响应时间:439ms	湖北省	武汉市	这里是日志信息......
2024-11-04 17:42:03.511732	[INFO]	barcode_service.py	响应时间:170ms	天津市	河西区	这里是日志信息......
2024-11-04 17:42:03.511732	[INFO]	event.py	响应时间:578ms	天津市	宝坻区	这里是日志信息......
2024-11-04 17:42:03.511732	[INFO]	base_network.py	响应时间:435ms	湖南省	长沙市	这里是日志信息......
2024-11-04 17:42:03.511732	[INFO]	event.py	响应时间:167ms	上海市	宝山区	这里是日志信息......
2024-11-04 17:42:03.511732	[WARN]	shop_manager.py	响应时间:26ms	湖南省	常德市	这里是日志信息......
2024-11-04 17:42:03.511732	[INFO]	event.py	响应时间:131ms	上海市	普陀区	这里是日志信息......
2024-11-04 17:42:03.511732	[INFO]	orders_service.py	响应时间:760ms	广东省	广州市	这里是日志信息......
2024-11-04 17:42:03.511732	[INFO]	goods_manager.py	响应时间:98ms	广东省	珠海市	这里是日志信息......
2024-11-04 17:42:03.511732	[INFO]	event.py	响应时间:831ms	北京市	怀柔区	这里是日志信息......
2024-11-04 17:42:03.511732	[INFO]	orders_service.py	响应时间:13ms	湖北省	武汉市	这里是日志信息......
2024-11-04 17:42:03.511732	[INFO]	goods_manager.py	响应时间:507ms	天津市	武清区	这里是日志信息......
2024-11-04 17:42:03.512731	[INFO]	event.py	响应时间:42ms	山东省	济南市	这里是日志信息......
2024-11-04 17:42:03.512731	[INFO]	barcode_service.py	响应时间:705ms	山东省	济南市	这里是日志信息......
2024-11-04 17:42:03.512731	[INFO]	event.py	响应时间:474ms	天津市	宝坻区	这里是日志信息......
2024-11-04 17:42:03.512731	[INFO]	barcode_service.py	响应时间:734ms	上海市	浦东新区	这里是日志信息......
2024-11-04 17:42:03.512731	[INFO]	shop_manager.py	响应时间:793ms	重庆市	涪陵区	这里是日志信息......
2024-11-04 17:42:03.512731	[INFO]	event.py	响应时间:738ms	安徽省	阜阳市	这里是日志信息......
2024-11-04 17:42:03.512731	[INFO]	base_network.py	响应时间:163ms	湖南省	长沙市	这里是日志信息......
2024-11-04 17:42:03.512731	[INFO]	event.py	响应时间:984ms	江苏省	苏州市	这里是日志信息......
2024-11-04 17:42:03.512731	[ERROR]	orders_service.py	响应时间:735ms	江苏省	苏州市	这里是日志信息......
2024-11-04 17:42:03.512731	[INFO]	goods_manager.py	响应时间:710ms	北京市	海淀区	这里是日志信息......
2024-11-04 17:42:03.512731	[INFO]	orders_service.py	响应时间:283ms	安徽省	阜阳市	这里是日志信息......
2024-11-04 17:42:03.512731	[INFO]	shop_manager.py	响应时间:195ms	上海市	黄浦区	这里是日志信息......
2024-11-04 17:42:03.512731	[WARN]	orders_service.py	响应时间:756ms	广东省	广州市	这里是日志信息......
2024-11-04 17:42:03.512731	[INFO]	event.py	响应时间:682ms	天津市	武清区	这里是日志信息......
2024-11-04 17:42:03.512731	[INFO]	goods_manager.py	响应时间:848ms	广东省	深圳市	这里是日志信息......
2024-11-04 17:42:03.512731	[INFO]	event.py	响应时间:211ms	山东省	青岛市	这里是日志信息......
2024-11-04 17:42:03.512731	[INFO]	user_manager.py	响应时间:754ms	湖南省	株洲市	这里是日志信息......
2024-11-04 17:42:03.512731	[ERROR]	orders_service.py	响应时间:955ms	上海市	普陀区	这里是日志信息......
2024-11-04 17:42:03.512731	[INFO]	base_network.py	响应时间:540ms	天津市	宝坻区	这里是日志信息......
2024-11-04 17:42:03.512731	[WARN]	base_network.py	响应时间:2860ms	湖南省	株洲市	这里是日志信息......
2024-11-04 17:42:03.512731	[INFO]	orders_service.py	响应时间:498ms	湖南省	张家界市	这里是日志信息......
2024-11-04 17:42:03.512731	[INFO]	orders_service.py	响应时间:969ms	浙江省	嘉兴市	这里是日志信息......
2024-11-04 17:42:03.512731	[INFO]	goods_manager.py	响应时间:250ms	江苏省	无锡市	这里是日志信息......
2024-11-04 17:42:03.512731	[INFO]	shop_manager.py	响应时间:820ms	湖北省	恩施土家族苗族自治州	这里是日志信息......
2024-11-04 17:42:03.512731	[INFO]	user_manager.py	响应时间:746ms	江苏省	张家港市	这里是日志信息......
2024-11-04 17:42:03.512731	[INFO]	orders_service.py	响应时间:5ms	湖南省	常德市	这里是日志信息......
2024-11-04 17:42:03.512731	[INFO]	event.py	响应时间:541ms	湖南省	常德市	这里是日志信息......
2024-11-04 17:42:03.512731	[INFO]	barcode_service.py	响应时间:168ms	广东省	深圳市	这里是日志信息......
2024-11-04 17:42:03.512731	[WARN]	user_manager.py	响应时间:483ms	天津市	宝坻区	这里是日志信息......
2024-11-04 17:42:03.512731	[INFO]	goods_manager.py	响应时间:472ms	山东省	济南市	这里是日志信息......
2024-11-04 17:42:03.512731	[INFO]	event.py	响应时间:161ms	湖北省	武汉市	这里是日志信息......
2024-11-04 17:42:03.512731	[INFO]	orders_service.py	响应时间:141ms	湖北省	武汉市	这里是日志信息......
2024-11-04 17:42:03.512731	[INFO]	base_network.py	响应时间:218ms	天津市	河西区	这里是日志信息......
2024-11-04 17:42:03.512731	[WARN]	barcode_service.py	响应时间:602ms	重庆市	涪陵区	这里是日志信息......
2024-11-04 17:42:03.512731	[WARN]	goods_manager.py	响应时间:441ms	北京市	海淀区	这里是日志信息......
2024-11-04 17:42:03.512731	[WARN]	orders_service.py	响应时间:411ms	上海市	杨浦区	这里是日志信息......
2024-11-04 17:42:03.512731	[INFO]	event.py	响应时间:235ms	江苏省	张家港市	这里是日志信息......
2024-11-04 17:42:03.512731	[INFO]	barcode_service.py	响应时间:687ms	湖南省	长沙市	这里是日志信息......
2024-11-04 17:42:03.512731	[INFO]	goods_manager.py	响应时间:139ms	山东省	济南市	这里是日志信息......
2024-11-04 17:42:03.512731	[WARN]	shop_manager.py	响应时间:532ms	浙江省	湖州市	这里是日志信息......
2024-11-04 17:42:03.512731	[WARN]	base_network.py	响应时间:381ms	广东省	珠海市	这里是日志信息......
2024-11-04 17:42:03.512731	[INFO]	goods_manager.py	响应时间:195ms	湖北省	武汉市	这里是日志信息......
2024-11-04 17:42:03.512731	[INFO]	event.py	响应时间:757ms	湖南省	株洲市	这里是日志信息......
2024-11-04 17:42:03.512731	[INFO]	goods_manager.py	响应时间:57ms	湖南省	长沙市	这里是日志信息......
2024-11-04 17:42:03.512731	[INFO]	event.py	响应时间:980ms	浙江省	杭州市	这里是日志信息......
2024-11-04 17:42:03.512731	[INFO]	shop_manager.py	响应时间:291ms	重庆市	九龙坡区	这里是日志信息......
2024-11-04 17:42:03.512731	[INFO]	barcode_service.py	响应时间:218ms	天津市	河东区	这里是日志信息......
2024-11-04 17:42:03.512731	[WARN]	shop_manager.py	响应时间:628ms	北京市	海淀区	这里是日志信息......
2024-11-04 17:42:03.512731	[INFO]	orders_service.py	响应时间:72ms	浙江省	丽水市	这里是日志信息......
2024-11-04 17:42:03.512731	[INFO]	base_network.py	响应时间:35ms	上海市	浦东新区	这里是日志信息......
2024-11-04 17:42:03.512731	[INFO]	orders_service.py	响应时间:937ms	广东省	深圳市	这里是日志信息......
2024-11-04 17:42:03.512731	[INFO]	event.py	响应时间:970ms	江苏省	苏州市	这里是日志信息......
2024-11-04 17:42:03.512731	[INFO]	base_network.py	响应时间:16ms	湖南省	长沙市	这里是日志信息......
2024-11-04 17:42:03.512731	[INFO]	event.py	响应时间:171ms	广东省	广州市	这里是日志信息......
2024-11-04 17:42:03.512731	[WARN]	event.py	响应时间:12ms	湖北省	武汉市	这里是日志信息......
2024-11-04 17:42:03.512731	[INFO]	goods_manager.py	响应时间:13ms	江苏省	南京市	这里是日志信息......
2024-11-04 17:42:03.512731	[INFO]	event.py	响应时间:483ms	天津市	和平区	这里是日志信息......
2024-11-04 17:42:03.512731	[INFO]	user_manager.py	响应时间:505ms	上海市	浦东新区	这里是日志信息......
2024-11-04 17:42:03.512731	[INFO]	base_network.py	响应时间:976ms	天津市	河东区	这里是日志信息......
2024-11-04 17:42:03.512731	[INFO]	orders_service.py	响应时间:135ms	湖南省	张家界市	这里是日志信息......
2024-11-04 17:42:03.512731	[INFO]	event.py	响应时间:890ms	广东省	深圳市	这里是日志信息......
2024-11-04 17:42:03.512731	[INFO]	goods_manager.py	响应时间:789ms	广东省	深圳市	这里是日志信息......
2024-11-04 17:42:03.512731	[INFO]	event.py	响应时间:469ms	湖南省	长沙市	这里是日志信息......
2024-11-04 17:42:03.512731	[INFO]	goods_manager.py	响应时间:417ms	北京市	朝阳区	这里是日志信息......
2024-11-04 17:42:03.512731	[INFO]	event.py	响应时间:604ms	山东省	青岛市	这里是日志信息......
2024-11-04 17:42:03.512731	[INFO]	goods_manager.py	响应时间:778ms	安徽省	池州市	这里是日志信息......
2024-11-04 17:42:03.512731	[WARN]	orders_service.py	响应时间:411ms	江苏省	无锡市	这里是日志信息......
2024-11-04 17:42:03.512731	[INFO]	user_manager.py	响应时间:704ms	湖南省	长沙市	这里是日志信息......
2024-11-04 17:42:03.512731	[WARN]	goods_manager.py	响应时间:751ms	湖南省	长沙市	这里是日志信息......
2024-11-04 17:42:03.512731	[INFO]	base_network.py	响应时间:835ms	广东省	深圳市	这里是日志信息......
2024-11-04 17:42:03.512731	[INFO]	goods_manager.py	响应时间:475ms	北京市	丰台区	这里是日志信息......
2024-11-04 17:42:03.512731	[INFO]	orders_service.py	响应时间:24ms	北京市	怀柔区	这里是日志信息......
2024-11-04 17:42:03.512731	[INFO]	event.py	响应时间:577ms	江苏省	苏州市	这里是日志信息......
2024-11-04 17:42:03.512731	[INFO]	goods_manager.py	响应时间:605ms	湖北省	十堰市	这里是日志信息......
2024-11-04 17:42:03.512731	[INFO]	goods_manager.py	响应时间:97ms	安徽省	六安市	这里是日志信息......
2024-11-04 17:42:03.512731	[WARN]	goods_manager.py	响应时间:410ms	重庆市	涪陵区	这里是日志信息......
2024-11-04 17:42:03.512731	[INFO]	goods_manager.py	响应时间:178ms	上海市	黄浦区	这里是日志信息......
2024-11-04 17:42:03.512731	[INFO]	goods_manager.py	响应时间:6638ms	北京市	怀柔区	这里是日志信息......
2024-11-04 17:42:03.512731	[INFO]	user_manager.py	响应时间:249ms	天津市	河西区	这里是日志信息......
2024-11-04 17:42:03.512731	[INFO]	event.py	响应时间:878ms	江苏省	苏州市	这里是日志信息......
2024-11-04 17:42:03.512731	[INFO]	event.py	响应时间:141ms	安徽省	芜湖市	这里是日志信息......
2024-11-04 17:42:03.512731	[ERROR]	event.py	响应时间:615ms	重庆市	万州区	这里是日志信息......
2024-11-04 17:42:03.512731	[INFO]	orders_service.py	响应时间:79ms	湖北省	恩施土家族苗族自治州	这里是日志信息......
2024-11-04 17:42:03.512731	[INFO]	goods_manager.py	响应时间:650ms	浙江省	杭州市	这里是日志信息......
2024-11-04 17:42:03.512731	[INFO]	base_network.py	响应时间:168ms	上海市	徐汇区	这里是日志信息......
2024-11-04 17:42:03.512731	[INFO]	event.py	响应时间:300ms	安徽省	合肥市	这里是日志信息......
2024-11-04 17:42:03.512731	[INFO]	orders_service.py	响应时间:0ms	天津市	河东区	这里是日志信息......
2024-11-04 17:42:03.512731	[INFO]	base_network.py	响应时间:263ms	上海市	浦东新区	这里是日志信息......
2024-11-04 17:42:03.512731	[INFO]	orders_service.py	响应时间:131ms	山东省	菏泽市	这里是日志信息......
2024-11-04 17:42:03.512731	[INFO]	user_manager.py	响应时间:734ms	上海市	宝山区	这里是日志信息......
2024-11-04 17:42:03.512731	[INFO]	event.py	响应时间:58ms	重庆市	万州区	这里是日志信息......
2024-11-04 17:42:03.512731	[WARN]	base_network.py	响应时间:484ms	江苏省	无锡市	这里是日志信息......
2024-11-04 17:42:03.512731	[INFO]	event.py	响应时间:720ms	江苏省	南京市	这里是日志信息......
2024-11-04 17:42:03.512731	[INFO]	orders_service.py	响应时间:787ms	安徽省	合肥市	这里是日志信息......
2024-11-04 17:42:03.512731	[INFO]	orders_service.py	响应时间:247ms	山东省	青岛市	这里是日志信息......
2024-11-04 17:42:03.512731	[INFO]	orders_service.py	响应时间:975ms	上海市	徐汇区	这里是日志信息......
2024-11-04 17:42:03.512731	[INFO]	goods_manager.py	响应时间:75ms	北京市	海淀区	这里是日志信息......
2024-11-04 17:42:03.512731	[WARN]	goods_manager.py	响应时间:148ms	山东省	青岛市	这里是日志信息......
2024-11-04 17:42:03.512731	[INFO]	goods_manager.py	响应时间:737ms	北京市	怀柔区	这里是日志信息......
2024-11-04 17:42:03.512731	[ERROR]	goods_manager.py	响应时间:78ms	天津市	和平区	这里是日志信息......
2024-11-04 17:42:03.512731	[INFO]	orders_service.py	响应时间:883ms	北京市	海淀区	这里是日志信息......
2024-11-04 17:42:03.512731	[INFO]	goods_manager.py	响应时间:278ms	上海市	杨浦区	这里是日志信息......
2024-11-04 17:42:03.512731	[WARN]	event.py	响应时间:8501ms	江苏省	宿迁市	这里是日志信息......
2024-11-04 17:42:03.512731	[INFO]	event.py	响应时间:687ms	湖北省	武汉市	这里是日志信息......
2024-11-04 17:42:03.512731	[INFO]	goods_manager.py	响应时间:192ms	上海市	杨浦区	这里是日志信息......
2024-11-04 17:42:03.512731	[INFO]	base_network.py	响应时间:24ms	北京市	朝阳区	这里是日志信息......
2024-11-04 17:42:03.512731	[INFO]	base_network.py	响应时间:3875ms	安徽省	合肥市	这里是日志信息......
2024-11-04 17:42:03.512731	[INFO]	orders_service.py	响应时间:300ms	北京市	大兴区	这里是日志信息......
2024-11-04 17:42:03.512731	[INFO]	user_manager.py	响应时间:160ms	浙江省	金华市	这里是日志信息......
2024-11-04 17:42:03.512731	[INFO]	goods_manager.py	响应时间:199ms	湖南省	长沙市	这里是日志信息......
2024-11-04 17:42:03.512731	[INFO]	goods_manager.py	响应时间:366ms	上海市	黄浦区	这里是日志信息......
2024-11-04 17:42:03.512731	[WARN]	shop_manager.py	响应时间:237ms	安徽省	合肥市	这里是日志信息......
2024-11-04 17:42:03.512731	[INFO]	shop_manager.py	响应时间:46ms	广东省	深圳市	这里是日志信息......
2024-11-04 17:42:03.512731	[INFO]	event.py	响应时间:2499ms	广东省	广州市	这里是日志信息......
2024-11-04 17:42:03.512731	[INFO]	event.py	响应时间:377ms	湖北省	恩施土家族苗族自治州	这里是日志信息......
2024-11-04 17:42:03.512731	[INFO]	base_network.py	响应时间:443ms	湖北省	武汉市	这里是日志信息......
2024-11-04 17:42:03.512731	[INFO]	shop_manager.py	响应时间:517ms	湖北省	武汉市	这里是日志信息......
2024-11-04 17:42:03.512731	[INFO]	orders_service.py	响应时间:565ms	广东省	广州市	这里是日志信息......
2024-11-04 17:42:03.512731	[INFO]	orders_service.py	响应时间:797ms	江苏省	南京市	这里是日志信息......
2024-11-04 17:42:03.512731	[INFO]	barcode_service.py	响应时间:945ms	天津市	河东区	这里是日志信息......
2024-11-04 17:42:03.512731	[WARN]	barcode_service.py	响应时间:292ms	浙江省	金华市	这里是日志信息......
2024-11-04 17:42:03.512731	[INFO]	orders_service.py	响应时间:229ms	安徽省	铜陵市	这里是日志信息......
2024-11-04 17:42:03.512731	[INFO]	orders_service.py	响应时间:172ms	上海市	徐汇区	这里是日志信息......
2024-11-04 17:42:03.512731	[INFO]	orders_service.py	响应时间:524ms	浙江省	杭州市	这里是日志信息......
2024-11-04 17:42:03.512731	[INFO]	event.py	响应时间:750ms	北京市	怀柔区	这里是日志信息......
2024-11-04 17:42:03.512731	[WARN]	orders_service.py	响应时间:541ms	山东省	青岛市	这里是日志信息......
2024-11-04 17:42:03.512731	[INFO]	barcode_service.py	响应时间:618ms	山东省	济南市	这里是日志信息......
2024-11-04 17:42:03.512731	[INFO]	user_manager.py	响应时间:854ms	安徽省	阜阳市	这里是日志信息......
2024-11-04 17:42:03.512731	[INFO]	goods_manager.py	响应时间:575ms	江苏省	苏州市	这里是日志信息......
2024-11-04 17:42:03.512731	[INFO]	user_manager.py	响应时间:991ms	江苏省	常州市	这里是日志信息......
2024-11-04 17:42:03.512731	[INFO]	goods_manager.py	响应时间:4592ms	安徽省	阜阳市	这里是日志信息......
2024-11-04 17:42:03.512731	[INFO]	barcode_service.py	响应时间:488ms	浙江省	湖州市	这里是日志信息......
2024-11-04 17:42:03.512731	[INFO]	user_manager.py	响应时间:585ms	浙江省	杭州市	这里是日志信息......
2024-11-04 17:42:03.512731	[INFO]	orders_service.py	响应时间:731ms	天津市	和平区	这里是日志信息......
2024-11-04 17:42:03.512731	[INFO]	orders_service.py	响应时间:465ms	重庆市	九龙坡区	这里是日志信息......
2024-11-04 17:42:03.512731	[INFO]	goods_manager.py	响应时间:52ms	湖南省	长沙市	这里是日志信息......
2024-11-04 17:42:03.512731	[INFO]	barcode_service.py	响应时间:446ms	湖南省	长沙市	这里是日志信息......
2024-11-04 17:42:03.513730	[INFO]	goods_manager.py	响应时间:401ms	山东省	济南市	这里是日志信息......
2024-11-04 17:42:03.513730	[INFO]	orders_service.py	响应时间:264ms	湖北省	恩施土家族苗族自治州	这里是日志信息......
2024-11-04 17:42:03.513730	[WARN]	orders_service.py	响应时间:374ms	北京市	大兴区	这里是日志信息......
2024-11-04 17:42:03.513730	[INFO]	event.py	响应时间:364ms	天津市	和平区	这里是日志信息......
2024-11-04 17:42:03.513730	[INFO]	barcode_service.py	响应时间:482ms	湖南省	长沙市	这里是日志信息......
2024-11-04 17:42:03.513730	[WARN]	barcode_service.py	响应时间:976ms	天津市	和平区	这里是日志信息......
2024-11-04 17:42:03.513730	[INFO]	goods_manager.py	响应时间:203ms	安徽省	铜陵市	这里是日志信息......
2024-11-04 17:42:03.513730	[INFO]	base_network.py	响应时间:387ms	重庆市	万州区	这里是日志信息......
2024-11-04 17:42:03.513730	[WARN]	event.py	响应时间:535ms	浙江省	湖州市	这里是日志信息......
2024-11-04 17:42:03.513730	[WARN]	user_manager.py	响应时间:614ms	江苏省	无锡市	这里是日志信息......
2024-11-04 17:42:03.513854	[INFO]	orders_service.py	响应时间:977ms	浙江省	舟山市	这里是日志信息......
2024-11-04 17:42:03.513854	[INFO]	orders_service.py	响应时间:585ms	湖北省	武汉市	这里是日志信息......
2024-11-04 17:42:03.513854	[INFO]	user_manager.py	响应时间:310ms	安徽省	合肥市	这里是日志信息......
2024-11-04 17:42:03.513854	[INFO]	orders_service.py	响应时间:226ms	安徽省	铜陵市	这里是日志信息......
2024-11-04 17:42:03.513854	[INFO]	orders_service.py	响应时间:292ms	安徽省	芜湖市	这里是日志信息......
2024-11-04 17:42:03.513854	[INFO]	orders_service.py	响应时间:812ms	湖北省	武汉市	这里是日志信息......
2024-11-04 17:42:03.513854	[INFO]	orders_service.py	响应时间:791ms	广东省	广州市	这里是日志信息......
2024-11-04 17:42:03.513854	[INFO]	event.py	响应时间:387ms	湖北省	十堰市	这里是日志信息......
2024-11-04 17:42:03.513854	[INFO]	barcode_service.py	响应时间:6890ms	山东省	青岛市	这里是日志信息......
2024-11-04 17:42:03.513854	[INFO]	shop_manager.py	响应时间:482ms	江苏省	张家港市	这里是日志信息......
2024-11-04 17:42:03.513854	[INFO]	orders_service.py	响应时间:973ms	湖南省	益阳市	这里是日志信息......
2024-11-04 17:42:03.513854	[INFO]	goods_manager.py	响应时间:619ms	重庆市	渝中区	这里是日志信息......
2024-11-04 17:42:03.513854	[WARN]	orders_service.py	响应时间:919ms	天津市	宝坻区	这里是日志信息......
2024-11-04 17:42:03.513854	[INFO]	user_manager.py	响应时间:104ms	天津市	河东区	这里是日志信息......
2024-11-04 17:42:03.513854	[INFO]	event.py	响应时间:832ms	天津市	河东区	这里是日志信息......
2024-11-04 17:42:03.513854	[WARN]	orders_service.py	响应时间:93ms	江苏省	苏州市	这里是日志信息......
2024-11-04 17:42:03.513854	[INFO]	event.py	响应时间:638ms	安徽省	合肥市	这里是日志信息......
2024-11-04 17:42:03.513854	[WARN]	event.py	响应时间:714ms	重庆市	渝中区	这里是日志信息......
2024-11-04 17:42:03.513854	[INFO]	shop_manager.py	响应时间:782ms	天津市	武清区	这里是日志信息......
2024-11-04 17:42:03.513854	[INFO]	shop_manager.py	响应时间:877ms	山东省	济南市	这里是日志信息......
2024-11-04 17:42:03.513854	[INFO]	goods_manager.py	响应时间:990ms	重庆市	渝中区	这里是日志信息......
2024-11-04 17:42:03.513854	[INFO]	orders_service.py	响应时间:533ms	山东省	青岛市	这里是日志信息......
2024-11-04 17:42:03.513854	[INFO]	event.py	响应时间:702ms	上海市	宝山区	这里是日志信息......
2024-11-04 17:42:03.513854	[INFO]	barcode_service.py	响应时间:99ms	江苏省	宿迁市	这里是日志信息......
2024-11-04 17:42:03.513854	[INFO]	orders_service.py	响应时间:204ms	上海市	浦东新区	这里是日志信息......
2024-11-04 17:42:03.513854	[WARN]	event.py	响应时间:259ms	安徽省	阜阳市	这里是日志信息......
2024-11-04 17:42:03.513854	[WARN]	orders_service.py	响应时间:837ms	山东省	青岛市	这里是日志信息......
2024-11-04 17:42:03.513854	[INFO]	event.py	响应时间:635ms	浙江省	湖州市	这里是日志信息......
2024-11-04 17:42:03.513854	[WARN]	goods_manager.py	响应时间:2985ms	湖北省	武汉市	这里是日志信息......
2024-11-04 17:42:03.513854	[INFO]	goods_manager.py	响应时间:8068ms	浙江省	金华市	这里是日志信息......
2024-11-04 17:42:03.513854	[INFO]	event.py	响应时间:114ms	重庆市	万州区	这里是日志信息......
2024-11-04 17:42:03.513854	[WARN]	user_manager.py	响应时间:6531ms	重庆市	渝中区	这里是日志信息......
2024-11-04 17:42:03.513854	[INFO]	goods_manager.py	响应时间:293ms	上海市	杨浦区	这里是日志信息......
2024-11-04 17:42:03.513854	[INFO]	base_network.py	响应时间:987ms	天津市	宝坻区	这里是日志信息......
2024-11-04 17:42:03.513854	[INFO]	shop_manager.py	响应时间:740ms	重庆市	涪陵区	这里是日志信息......
2024-11-04 17:42:03.513854	[INFO]	goods_manager.py	响应时间:938ms	湖北省	十堰市	这里是日志信息......
2024-11-04 17:42:03.513854	[INFO]	barcode_service.py	响应时间:35ms	浙江省	杭州市	这里是日志信息......
2024-11-04 17:42:03.513854	[INFO]	orders_service.py	响应时间:945ms	重庆市	万州区	这里是日志信息......
2024-11-04 17:42:03.513854	[INFO]	orders_service.py	响应时间:861ms	安徽省	铜陵市	这里是日志信息......
2024-11-04 17:42:03.513854	[INFO]	orders_service.py	响应时间:932ms	重庆市	涪陵区	这里是日志信息......
2024-11-04 17:42:03.513854	[WARN]	base_network.py	响应时间:900ms	浙江省	金华市	这里是日志信息......
2024-11-04 17:42:03.513854	[INFO]	event.py	响应时间:527ms	重庆市	九龙坡区	这里是日志信息......
2024-11-04 17:42:03.513854	[INFO]	event.py	响应时间:237ms	山东省	青岛市	这里是日志信息......
2024-11-04 17:42:03.513854	[INFO]	goods_manager.py	响应时间:985ms	北京市	海淀区	这里是日志信息......
2024-11-04 17:42:03.513854	[INFO]	event.py	响应时间:203ms	浙江省	杭州市	这里是日志信息......
2024-11-04 17:42:03.513854	[WARN]	goods_manager.py	响应时间:764ms	安徽省	合肥市	这里是日志信息......
2024-11-04 17:42:03.513854	[WARN]	goods_manager.py	响应时间:915ms	广东省	广州市	这里是日志信息......
2024-11-04 17:42:03.513854	[INFO]	goods_manager.py	响应时间:436ms	湖南省	长沙市	这里是日志信息......
2024-11-04 17:42:03.513854	[INFO]	goods_manager.py	响应时间:466ms	山东省	济南市	这里是日志信息......
2024-11-04 17:42:03.513854	[INFO]	user_manager.py	响应时间:653ms	广东省	深圳市	这里是日志信息......
2024-11-04 17:42:03.513854	[INFO]	event.py	响应时间:545ms	山东省	青岛市	这里是日志信息......
2024-11-04 17:42:03.513854	[INFO]	goods_manager.py	响应时间:324ms	天津市	河东区	这里是日志信息......
2024-11-04 17:42:03.513854	[INFO]	event.py	响应时间:82ms	湖南省	张家界市	这里是日志信息......
2024-11-04 17:42:03.513854	[INFO]	event.py	响应时间:142ms	浙江省	舟山市	这里是日志信息......
2024-11-04 17:42:03.513854	[INFO]	event.py	响应时间:266ms	重庆市	渝中区	这里是日志信息......
2024-11-04 17:42:03.513854	[INFO]	orders_service.py	响应时间:842ms	重庆市	渝中区	这里是日志信息......
2024-11-04 17:42:03.513854	[INFO]	user_manager.py	响应时间:560ms	安徽省	阜阳市	这里是日志信息......
2024-11-04 17:42:03.513854	[INFO]	shop_manager.py	响应时间:405ms	山东省	菏泽市	这里是日志信息......
2024-11-04 17:42:03.513854	[INFO]	base_network.py	响应时间:119ms	安徽省	铜陵市	这里是日志信息......
2024-11-04 17:42:03.513854	[INFO]	orders_service.py	响应时间:287ms	天津市	河西区	这里是日志信息......
2024-11-04 17:42:03.513854	[INFO]	event.py	响应时间:820ms	北京市	昌平区	这里是日志信息......
2024-11-04 17:42:03.513854	[INFO]	orders_service.py	响应时间:179ms	广东省	珠海市	这里是日志信息......
2024-11-04 17:42:03.513854	[INFO]	goods_manager.py	响应时间:297ms	湖南省	长沙市	这里是日志信息......
2024-11-04 17:42:03.513854	[INFO]	shop_manager.py	响应时间:9894ms	重庆市	渝中区	这里是日志信息......
2024-11-04 17:42:03.513854	[INFO]	user_manager.py	响应时间:573ms	江苏省	苏州市	这里是日志信息......
2024-11-04 17:42:03.513854	[INFO]	goods_manager.py	响应时间:131ms	山东省	青岛市	这里是日志信息......
2024-11-04 17:42:03.513854	[INFO]	goods_manager.py	响应时间:73ms	江苏省	苏州市	这里是日志信息......
2024-11-04 17:42:03.513854	[INFO]	user_manager.py	响应时间:55ms	山东省	菏泽市	这里是日志信息......
2024-11-04 17:42:03.513854	[INFO]	base_network.py	响应时间:451ms	湖北省	荆州市	这里是日志信息......
2024-11-04 17:42:03.513854	[INFO]	orders_service.py	响应时间:673ms	浙江省	杭州市	这里是日志信息......
2024-11-04 17:42:03.513854	[INFO]	orders_service.py	响应时间:459ms	浙江省	绍兴市	这里是日志信息......
2024-11-04 17:42:03.513854	[INFO]	barcode_service.py	响应时间:250ms	湖北省	武汉市	这里是日志信息......
2024-11-04 17:42:03.513854	[INFO]	goods_manager.py	响应时间:512ms	湖北省	武汉市	这里是日志信息......
2024-11-04 17:42:03.513854	[INFO]	orders_service.py	响应时间:678ms	浙江省	舟山市	这里是日志信息......
2024-11-04 17:42:03.513854	[INFO]	goods_manager.py	响应时间:1000ms	浙江省	绍兴市	这里是日志信息......
2024-11-04 17:42:03.513854	[WARN]	user_manager.py	响应时间:44ms	北京市	朝阳区	这里是日志信息......
2024-11-04 17:42:03.513854	[INFO]	goods_manager.py	响应时间:625ms	广东省	广州市	这里是日志信息......
2024-11-04 17:42:03.513854	[INFO]	goods_manager.py	响应时间:687ms	上海市	杨浦区	这里是日志信息......
2024-11-04 17:42:03.513854	[INFO]	event.py	响应时间:329ms	安徽省	合肥市	这里是日志信息......
2024-11-04 17:42:03.513854	[WARN]	event.py	响应时间:687ms	山东省	济南市	这里是日志信息......
2024-11-04 17:42:03.513854	[INFO]	event.py	响应时间:68ms	安徽省	合肥市	这里是日志信息......
2024-11-04 17:42:03.513854	[WARN]	event.py	响应时间:517ms	浙江省	舟山市	这里是日志信息......
2024-11-04 17:42:03.513854	[INFO]	orders_service.py	响应时间:416ms	北京市	怀柔区	这里是日志信息......
2024-11-04 17:42:03.513854	[INFO]	orders_service.py	响应时间:685ms	山东省	青岛市	这里是日志信息......
2024-11-04 17:42:03.513854	[INFO]	orders_service.py	响应时间:250ms	江苏省	张家港市	这里是日志信息......
2024-11-04 17:42:03.513854	[INFO]	orders_service.py	响应时间:566ms	上海市	静安区	这里是日志信息......
2024-11-04 17:42:03.513854	[INFO]	goods_manager.py	响应时间:167ms	北京市	大兴区	这里是日志信息......
2024-11-04 17:42:03.513854	[INFO]	user_manager.py	响应时间:232ms	山东省	青岛市	这里是日志信息......
2024-11-04 17:42:03.513854	[INFO]	barcode_service.py	响应时间:532ms	北京市	怀柔区	这里是日志信息......
2024-11-04 17:42:03.513854	[INFO]	barcode_service.py	响应时间:221ms	上海市	静安区	这里是日志信息......
2024-11-04 17:42:03.513854	[INFO]	event.py	响应时间:284ms	浙江省	杭州市	这里是日志信息......
2024-11-04 17:42:03.513854	[INFO]	goods_manager.py	响应时间:91ms	浙江省	舟山市	这里是日志信息......
2024-11-04 17:42:03.513854	[INFO]	orders_service.py	响应时间:961ms	湖南省	长沙市	这里是日志信息......
2024-11-04 17:42:03.513854	[WARN]	barcode_service.py	响应时间:550ms	浙江省	湖州市	这里是日志信息......
2024-11-04 17:42:03.513854	[INFO]	event.py	响应时间:83ms	安徽省	阜阳市	这里是日志信息......
2024-11-04 17:42:03.513854	[INFO]	shop_manager.py	响应时间:605ms	上海市	普陀区	这里是日志信息......
2024-11-04 17:42:03.513854	[INFO]	goods_manager.py	响应时间:262ms	天津市	武清区	这里是日志信息......
2024-11-04 17:42:03.513854	[INFO]	event.py	响应时间:335ms	湖北省	武汉市	这里是日志信息......
2024-11-04 17:42:03.513854	[INFO]	barcode_service.py	响应时间:393ms	湖北省	武汉市	这里是日志信息......
2024-11-04 17:42:03.513854	[INFO]	orders_service.py	响应时间:20ms	北京市	怀柔区	这里是日志信息......
2024-11-04 17:42:03.513854	[INFO]	orders_service.py	响应时间:701ms	江苏省	张家港市	这里是日志信息......
2024-11-04 17:42:03.513854	[INFO]	user_manager.py	响应时间:7184ms	安徽省	合肥市	这里是日志信息......
2024-11-04 17:42:03.513854	[INFO]	user_manager.py	响应时间:232ms	湖南省	张家界市	这里是日志信息......
2024-11-04 17:42:03.513854	[INFO]	event.py	响应时间:334ms	北京市	怀柔区	这里是日志信息......
2024-11-04 17:42:03.513854	[INFO]	goods_manager.py	响应时间:213ms	湖南省	长沙市	这里是日志信息......
2024-11-04 17:42:03.513854	[INFO]	user_manager.py	响应时间:306ms	广东省	珠海市	这里是日志信息......
2024-11-04 17:42:03.513854	[ERROR]	event.py	响应时间:285ms	湖南省	长沙市	这里是日志信息......
2024-11-04 17:42:03.513854	[WARN]	shop_manager.py	响应时间:150ms	浙江省	金华市	这里是日志信息......
2024-11-04 17:42:03.513854	[INFO]	shop_manager.py	响应时间:999ms	天津市	河西区	这里是日志信息......
2024-11-04 17:42:03.513854	[INFO]	orders_service.py	响应时间:216ms	北京市	海淀区	这里是日志信息......
2024-11-04 17:42:03.513854	[INFO]	event.py	响应时间:283ms	北京市	昌平区	这里是日志信息......
2024-11-04 17:42:03.513854	[INFO]	event.py	响应时间:933ms	上海市	普陀区	这里是日志信息......
2024-11-04 17:42:03.513854	[WARN]	barcode_service.py	响应时间:656ms	浙江省	金华市	这里是日志信息......
2024-11-04 17:42:03.513854	[INFO]	event.py	响应时间:736ms	上海市	静安区	这里是日志信息......
2024-11-04 17:42:03.513854	[INFO]	user_manager.py	响应时间:601ms	山东省	菏泽市	这里是日志信息......
2024-11-04 17:42:03.513854	[INFO]	orders_service.py	响应时间:450ms	广东省	广州市	这里是日志信息......
2024-11-04 17:42:03.513854	[INFO]	barcode_service.py	响应时间:911ms	北京市	昌平区	这里是日志信息......
2024-11-04 17:42:03.513854	[ERROR]	goods_manager.py	响应时间:352ms	江苏省	宿迁市	这里是日志信息......
2024-11-04 17:42:03.513854	[INFO]	user_manager.py	响应时间:566ms	湖南省	长沙市	这里是日志信息......
2024-11-04 17:42:03.513854	[INFO]	goods_manager.py	响应时间:15ms	重庆市	万州区	这里是日志信息......
2024-11-04 17:42:03.513854	[ERROR]	event.py	响应时间:7142ms	安徽省	池州市	这里是日志信息......
2024-11-04 17:42:03.513854	[INFO]	goods_manager.py	响应时间:410ms	重庆市	南岸区	这里是日志信息......
2024-11-04 17:42:03.513854	[INFO]	event.py	响应时间:415ms	北京市	昌平区	这里是日志信息......
2024-11-04 17:42:03.513854	[WARN]	orders_service.py	响应时间:77ms	天津市	和平区	这里是日志信息......
2024-11-04 17:42:03.513854	[INFO]	goods_manager.py	响应时间:541ms	浙江省	杭州市	这里是日志信息......
2024-11-04 17:42:03.513854	[INFO]	event.py	响应时间:528ms	湖北省	武汉市	这里是日志信息......
2024-11-04 17:42:03.513854	[INFO]	orders_service.py	响应时间:992ms	广东省	珠海市	这里是日志信息......
2024-11-04 17:42:03.513854	[INFO]	orders_service.py	响应时间:668ms	湖南省	长沙市	这里是日志信息......
2024-11-04 17:42:03.513854	[INFO]	event.py	响应时间:402ms	浙江省	嘉兴市	这里是日志信息......
2024-11-04 17:42:03.513854	[INFO]	orders_service.py	响应时间:113ms	山东省	济南市	这里是日志信息......
2024-11-04 17:42:03.513854	[INFO]	barcode_service.py	响应时间:649ms	广东省	广州市	这里是日志信息......
2024-11-04 17:42:03.513854	[INFO]	base_network.py	响应时间:684ms	山东省	济南市	这里是日志信息......
2024-11-04 17:42:03.513854	[INFO]	user_manager.py	响应时间:568ms	天津市	河西区	这里是日志信息......
2024-11-04 17:42:03.513854	[INFO]	event.py	响应时间:651ms	天津市	河东区	这里是日志信息......
2024-11-04 17:42:03.513854	[INFO]	event.py	响应时间:439ms	湖南省	长沙市	这里是日志信息......
2024-11-04 17:42:03.513854	[INFO]	goods_manager.py	响应时间:129ms	江苏省	南京市	这里是日志信息......
2024-11-04 17:42:03.513854	[INFO]	barcode_service.py	响应时间:11ms	北京市	海淀区	这里是日志信息......
2024-11-04 17:42:03.513854	[INFO]	orders_service.py	响应时间:646ms	山东省	青岛市	这里是日志信息......
2024-11-04 17:42:03.513854	[INFO]	shop_manager.py	响应时间:325ms	浙江省	绍兴市	这里是日志信息......
2024-11-04 17:42:03.513854	[INFO]	orders_service.py	响应时间:602ms	山东省	济南市	这里是日志信息......
2024-11-04 17:42:03.513854	[INFO]	user_manager.py	响应时间:357ms	重庆市	万州区	这里是日志信息......
2024-11-04 17:42:03.513854	[INFO]	event.py	响应时间:813ms	湖北省	荆州市	这里是日志信息......
2024-11-04 17:42:03.513854	[INFO]	barcode_service.py	响应时间:5114ms	山东省	青岛市	这里是日志信息......
2024-11-04 17:42:03.513854	[INFO]	goods_manager.py	响应时间:472ms	山东省	济南市	这里是日志信息......
2024-11-04 17:42:03.513854	[INFO]	orders_service.py	响应时间:35ms	重庆市	沙坪坝区	这里是日志信息......
2024-11-04 17:42:03.513854	[INFO]	orders_service.py	响应时间:530ms	北京市	昌平区	这里是日志信息......
2024-11-04 17:42:03.513854	[INFO]	shop_manager.py	响应时间:548ms	北京市	朝阳区	这里是日志信息......
2024-11-04 17:42:03.514960	[INFO]	goods_manager.py	响应时间:471ms	安徽省	合肥市	这里是日志信息......
2024-11-04 17:42:03.514960	[INFO]	barcode_service.py	响应时间:328ms	重庆市	万州区	这里是日志信息......
2024-11-04 17:42:03.514960	[INFO]	user_manager.py	响应时间:285ms	重庆市	万州区	这里是日志信息......
2024-11-04 17:42:03.514960	[INFO]	orders_service.py	响应时间:195ms	浙江省	丽水市	这里是日志信息......
2024-11-04 17:42:03.514960	[WARN]	event.py	响应时间:443ms	山东省	菏泽市	这里是日志信息......
2024-11-04 17:42:03.514960	[INFO]	goods_manager.py	响应时间:809ms	湖北省	十堰市	这里是日志信息......
2024-11-04 17:42:03.514960	[INFO]	base_network.py	响应时间:830ms	广东省	广州市	这里是日志信息......
2024-11-04 17:42:03.514960	[INFO]	barcode_service.py	响应时间:722ms	江苏省	苏州市	这里是日志信息......
2024-11-04 17:42:03.514960	[INFO]	event.py	响应时间:195ms	天津市	武清区	这里是日志信息......
2024-11-04 17:42:03.514960	[ERROR]	barcode_service.py	响应时间:35ms	上海市	浦东新区	这里是日志信息......
2024-11-04 17:42:03.514960	[INFO]	base_network.py	响应时间:733ms	上海市	黄浦区	这里是日志信息......
2024-11-04 17:42:03.514960	[ERROR]	event.py	响应时间:489ms	天津市	河西区	这里是日志信息......
2024-11-04 17:42:03.514960	[INFO]	orders_service.py	响应时间:606ms	山东省	济南市	这里是日志信息......
2024-11-04 17:42:03.514960	[INFO]	event.py	响应时间:133ms	浙江省	杭州市	这里是日志信息......
2024-11-04 17:42:03.514960	[INFO]	orders_service.py	响应时间:709ms	上海市	静安区	这里是日志信息......
2024-11-04 17:42:03.514960	[INFO]	event.py	响应时间:85ms	湖北省	十堰市	这里是日志信息......
2024-11-04 17:42:03.514960	[INFO]	shop_manager.py	响应时间:1221ms	湖南省	长沙市	这里是日志信息......
2024-11-04 17:42:03.514960	[INFO]	event.py	响应时间:503ms	北京市	朝阳区	这里是日志信息......
2024-11-04 17:42:03.514960	[INFO]	event.py	响应时间:596ms	湖北省	十堰市	这里是日志信息......
2024-11-04 17:42:03.514960	[INFO]	goods_manager.py	响应时间:228ms	安徽省	合肥市	这里是日志信息......
2024-11-04 17:42:03.514960	[WARN]	goods_manager.py	响应时间:2481ms	广东省	广州市	这里是日志信息......
2024-11-04 17:42:03.514960	[INFO]	goods_manager.py	响应时间:503ms	上海市	黄浦区	这里是日志信息......
2024-11-04 17:42:03.514960	[WARN]	orders_service.py	响应时间:422ms	湖北省	武汉市	这里是日志信息......
2024-11-04 17:42:03.514960	[INFO]	event.py	响应时间:27ms	天津市	武清区	这里是日志信息......
2024-11-04 17:42:03.514960	[INFO]	event.py	响应时间:637ms	山东省	青岛市	这里是日志信息......
2024-11-04 17:42:03.514960	[INFO]	user_manager.py	响应时间:723ms	浙江省	杭州市	这里是日志信息......
2024-11-04 17:42:03.514960	[ERROR]	user_manager.py	响应时间:283ms	安徽省	合肥市	这里是日志信息......
2024-11-04 17:42:03.514960	[INFO]	barcode_service.py	响应时间:462ms	安徽省	铜陵市	这里是日志信息......
2024-11-04 17:42:03.514960	[INFO]	event.py	响应时间:355ms	北京市	大兴区	这里是日志信息......
2024-11-04 17:42:03.514960	[INFO]	orders_service.py	响应时间:401ms	山东省	青岛市	这里是日志信息......
2024-11-04 17:42:03.514960	[ERROR]	user_manager.py	响应时间:992ms	北京市	海淀区	这里是日志信息......
2024-11-04 17:42:03.514960	[WARN]	event.py	响应时间:587ms	江苏省	南京市	这里是日志信息......
2024-11-04 17:42:03.514960	[INFO]	event.py	响应时间:534ms	北京市	大兴区	这里是日志信息......
2024-11-04 17:42:03.514960	[INFO]	user_manager.py	响应时间:879ms	湖北省	武汉市	这里是日志信息......
2024-11-04 17:42:03.514960	[INFO]	goods_manager.py	响应时间:313ms	重庆市	万州区	这里是日志信息......
2024-11-04 17:42:03.514960	[INFO]	event.py	响应时间:851ms	江苏省	苏州市	这里是日志信息......
2024-11-04 17:42:03.514960	[WARN]	orders_service.py	响应时间:196ms	湖北省	十堰市	这里是日志信息......
2024-11-04 17:42:03.514960	[INFO]	goods_manager.py	响应时间:774ms	广东省	深圳市	这里是日志信息......
2024-11-04 17:42:03.514960	[INFO]	orders_service.py	响应时间:908ms	浙江省	杭州市	这里是日志信息......
2024-11-04 17:42:03.514960	[INFO]	barcode_service.py	响应时间:557ms	天津市	和平区	这里是日志信息......
2024-11-04 17:42:03.514960	[INFO]	barcode_service.py	响应时间:400ms	山东省	青岛市	这里是日志信息......
2024-11-04 17:42:03.514960	[INFO]	event.py	响应时间:485ms	北京市	丰台区	这里是日志信息......
2024-11-04 17:42:03.514960	[INFO]	user_manager.py	响应时间:7ms	安徽省	六安市	这里是日志信息......
2024-11-04 17:42:03.514960	[INFO]	orders_service.py	响应时间:836ms	安徽省	阜阳市	这里是日志信息......
2024-11-04 17:42:03.514960	[INFO]	goods_manager.py	响应时间:588ms	北京市	大兴区	这里是日志信息......
2024-11-04 17:42:03.514960	[INFO]	orders_service.py	响应时间:764ms	广东省	广州市	这里是日志信息......
2024-11-04 17:42:03.514960	[INFO]	user_manager.py	响应时间:214ms	山东省	青岛市	这里是日志信息......
2024-11-04 17:42:03.514960	[INFO]	event.py	响应时间:8206ms	上海市	静安区	这里是日志信息......
2024-11-04 17:42:03.514960	[WARN]	event.py	响应时间:689ms	山东省	青岛市	这里是日志信息......
2024-11-04 17:42:03.514960	[INFO]	orders_service.py	响应时间:126ms	广东省	深圳市	这里是日志信息......
2024-11-04 17:42:03.514960	[WARN]	goods_manager.py	响应时间:139ms	江苏省	苏州市	这里是日志信息......
2024-11-04 17:42:03.514960	[INFO]	shop_manager.py	响应时间:277ms	安徽省	合肥市	这里是日志信息......
2024-11-04 17:42:03.514960	[INFO]	barcode_service.py	响应时间:904ms	北京市	昌平区	这里是日志信息......
2024-11-04 17:42:03.514960	[INFO]	barcode_service.py	响应时间:430ms	浙江省	湖州市	这里是日志信息......
2024-11-04 17:42:03.514960	[INFO]	orders_service.py	响应时间:81ms	重庆市	九龙坡区	这里是日志信息......
2024-11-04 17:42:03.514960	[INFO]	orders_service.py	响应时间:679ms	重庆市	九龙坡区	这里是日志信息......
2024-11-04 17:42:03.514960	[INFO]	event.py	响应时间:257ms	上海市	黄浦区	这里是日志信息......
2024-11-04 17:42:03.514960	[INFO]	event.py	响应时间:602ms	上海市	静安区	这里是日志信息......
2024-11-04 17:42:03.514960	[INFO]	goods_manager.py	响应时间:529ms	广东省	深圳市	这里是日志信息......
2024-11-04 17:42:03.514960	[INFO]	goods_manager.py	响应时间:175ms	天津市	河东区	这里是日志信息......
2024-11-04 17:42:03.514960	[INFO]	orders_service.py	响应时间:921ms	安徽省	六安市	这里是日志信息......
2024-11-04 17:42:03.514960	[INFO]	event.py	响应时间:257ms	浙江省	杭州市	这里是日志信息......
2024-11-04 17:42:03.514960	[INFO]	base_network.py	响应时间:881ms	山东省	青岛市	这里是日志信息......
2024-11-04 17:42:03.514960	[INFO]	goods_manager.py	响应时间:163ms	广东省	广州市	这里是日志信息......
2024-11-04 17:42:03.514960	[INFO]	base_network.py	响应时间:942ms	安徽省	铜陵市	这里是日志信息......
2024-11-04 17:42:03.514960	[WARN]	orders_service.py	响应时间:200ms	重庆市	涪陵区	这里是日志信息......
2024-11-04 17:42:03.514960	[INFO]	event.py	响应时间:495ms	湖北省	十堰市	这里是日志信息......
2024-11-04 17:42:03.514960	[INFO]	base_network.py	响应时间:138ms	上海市	黄浦区	这里是日志信息......
2024-11-04 17:42:03.514960	[INFO]	base_network.py	响应时间:685ms	湖南省	长沙市	这里是日志信息......
2024-11-04 17:42:03.514960	[ERROR]	orders_service.py	响应时间:824ms	北京市	丰台区	这里是日志信息......
2024-11-04 17:42:03.514960	[INFO]	barcode_service.py	响应时间:553ms	广东省	广州市	这里是日志信息......
2024-11-04 17:42:03.514960	[INFO]	goods_manager.py	响应时间:446ms	广东省	深圳市	这里是日志信息......
2024-11-04 17:42:03.514960	[WARN]	barcode_service.py	响应时间:309ms	山东省	青岛市	这里是日志信息......
2024-11-04 17:42:03.514960	[INFO]	barcode_service.py	响应时间:679ms	安徽省	合肥市	这里是日志信息......
2024-11-04 17:42:03.514960	[INFO]	orders_service.py	响应时间:229ms	北京市	海淀区	这里是日志信息......
2024-11-04 17:42:03.514960	[INFO]	base_network.py	响应时间:357ms	广东省	广州市	这里是日志信息......
2024-11-04 17:42:03.514960	[INFO]	orders_service.py	响应时间:744ms	上海市	静安区	这里是日志信息......
2024-11-04 17:42:03.514960	[INFO]	shop_manager.py	响应时间:572ms	重庆市	万州区	这里是日志信息......
2024-11-04 17:42:03.514960	[INFO]	user_manager.py	响应时间:337ms	上海市	普陀区	这里是日志信息......
2024-11-04 17:42:03.514960	[INFO]	goods_manager.py	响应时间:674ms	浙江省	湖州市	这里是日志信息......
2024-11-04 17:42:03.514960	[INFO]	orders_service.py	响应时间:854ms	天津市	宝坻区	这里是日志信息......
2024-11-04 17:42:03.514960	[INFO]	goods_manager.py	响应时间:232ms	湖北省	武汉市	这里是日志信息......
2024-11-04 17:42:03.514960	[INFO]	orders_service.py	响应时间:624ms	江苏省	南京市	这里是日志信息......
2024-11-04 17:42:03.514960	[INFO]	goods_manager.py	响应时间:94ms	浙江省	杭州市	这里是日志信息......
2024-11-04 17:42:03.514960	[WARN]	orders_service.py	响应时间:983ms	广东省	深圳市	这里是日志信息......
2024-11-04 17:42:03.514960	[ERROR]	goods_manager.py	响应时间:293ms	天津市	河东区	这里是日志信息......
2024-11-04 17:42:03.514960	[WARN]	orders_service.py	响应时间:36ms	重庆市	涪陵区	这里是日志信息......
2024-11-04 17:42:03.514960	[INFO]	event.py	响应时间:681ms	安徽省	池州市	这里是日志信息......
2024-11-04 17:42:03.514960	[INFO]	goods_manager.py	响应时间:819ms	重庆市	涪陵区	这里是日志信息......
2024-11-04 17:42:03.514960	[INFO]	goods_manager.py	响应时间:622ms	湖北省	武汉市	这里是日志信息......
2024-11-04 17:42:03.514960	[INFO]	goods_manager.py	响应时间:658ms	广东省	广州市	这里是日志信息......
2024-11-04 17:42:03.514960	[INFO]	goods_manager.py	响应时间:450ms	湖南省	长沙市	这里是日志信息......
2024-11-04 17:42:03.514960	[INFO]	event.py	响应时间:456ms	山东省	青岛市	这里是日志信息......
2024-11-04 17:42:03.514960	[ERROR]	barcode_service.py	响应时间:788ms	广东省	深圳市	这里是日志信息......
2024-11-04 17:42:03.514960	[INFO]	user_manager.py	响应时间:533ms	重庆市	万州区	这里是日志信息......
2024-11-04 17:42:03.514960	[INFO]	event.py	响应时间:979ms	广东省	深圳市	这里是日志信息......
2024-11-04 17:42:03.514960	[WARN]	base_network.py	响应时间:527ms	重庆市	万州区	这里是日志信息......
2024-11-04 17:42:03.514960	[WARN]	barcode_service.py	响应时间:498ms	湖北省	武汉市	这里是日志信息......
2024-11-04 17:42:03.514960	[ERROR]	user_manager.py	响应时间:602ms	浙江省	杭州市	这里是日志信息......
2024-11-04 17:42:03.514960	[INFO]	goods_manager.py	响应时间:302ms	天津市	河东区	这里是日志信息......
2024-11-04 17:42:03.514960	[INFO]	goods_manager.py	响应时间:59ms	北京市	朝阳区	这里是日志信息......
2024-11-04 17:42:03.514960	[INFO]	goods_manager.py	响应时间:284ms	浙江省	丽水市	这里是日志信息......
2024-11-04 17:42:03.514960	[WARN]	event.py	响应时间:655ms	湖北省	荆州市	这里是日志信息......
2024-11-04 17:42:03.514960	[INFO]	event.py	响应时间:301ms	湖南省	长沙市	这里是日志信息......
2024-11-04 17:42:03.514960	[INFO]	barcode_service.py	响应时间:288ms	湖北省	十堰市	这里是日志信息......
2024-11-04 17:42:03.514960	[INFO]	goods_manager.py	响应时间:539ms	湖北省	武汉市	这里是日志信息......
2024-11-04 17:42:03.514960	[INFO]	goods_manager.py	响应时间:681ms	重庆市	沙坪坝区	这里是日志信息......
2024-11-04 17:42:03.514960	[INFO]	user_manager.py	响应时间:41ms	天津市	和平区	这里是日志信息......
2024-11-04 17:42:03.514960	[WARN]	goods_manager.py	响应时间:863ms	湖南省	长沙市	这里是日志信息......
2024-11-04 17:42:03.514960	[INFO]	base_network.py	响应时间:912ms	山东省	济南市	这里是日志信息......
2024-11-04 17:42:03.514960	[INFO]	event.py	响应时间:728ms	湖南省	长沙市	这里是日志信息......
2024-11-04 17:42:03.514960	[INFO]	event.py	响应时间:663ms	天津市	宝坻区	这里是日志信息......
2024-11-04 17:42:03.514960	[INFO]	barcode_service.py	响应时间:741ms	湖北省	武汉市	这里是日志信息......
2024-11-04 17:42:03.514960	[INFO]	base_network.py	响应时间:383ms	浙江省	杭州市	这里是日志信息......
2024-11-04 17:42:03.514960	[WARN]	orders_service.py	响应时间:131ms	广东省	深圳市	这里是日志信息......
2024-11-04 17:42:03.514960	[WARN]	barcode_service.py	响应时间:675ms	湖北省	十堰市	这里是日志信息......
2024-11-04 17:42:03.514960	[INFO]	event.py	响应时间:370ms	北京市	昌平区	这里是日志信息......
2024-11-04 17:42:03.514960	[WARN]	goods_manager.py	响应时间:338ms	江苏省	南京市	这里是日志信息......
2024-11-04 17:42:03.514960	[INFO]	event.py	响应时间:737ms	天津市	和平区	这里是日志信息......
2024-11-04 17:42:03.514960	[INFO]	orders_service.py	响应时间:518ms	上海市	普陀区	这里是日志信息......
2024-11-04 17:42:03.514960	[INFO]	orders_service.py	响应时间:698ms	重庆市	沙坪坝区	这里是日志信息......
2024-11-04 17:42:03.514960	[INFO]	goods_manager.py	响应时间:424ms	重庆市	渝中区	这里是日志信息......
2024-11-04 17:42:03.514960	[INFO]	user_manager.py	响应时间:237ms	湖南省	张家界市	这里是日志信息......
2024-11-04 17:42:03.514960	[INFO]	shop_manager.py	响应时间:491ms	安徽省	铜陵市	这里是日志信息......
2024-11-04 17:42:03.514960	[INFO]	goods_manager.py	响应时间:55ms	重庆市	渝中区	这里是日志信息......
2024-11-04 17:42:03.514960	[INFO]	user_manager.py	响应时间:685ms	北京市	海淀区	这里是日志信息......
2024-11-04 17:42:03.514960	[INFO]	base_network.py	响应时间:730ms	重庆市	万州区	这里是日志信息......
2024-11-04 17:42:03.514960	[INFO]	orders_service.py	响应时间:70ms	北京市	昌平区	这里是日志信息......
2024-11-04 17:42:03.514960	[INFO]	goods_manager.py	响应时间:534ms	山东省	济南市	这里是日志信息......
2024-11-04 17:42:03.514960	[INFO]	user_manager.py	响应时间:713ms	浙江省	金华市	这里是日志信息......
2024-11-04 17:42:03.514960	[WARN]	event.py	响应时间:616ms	山东省	青岛市	这里是日志信息......
2024-11-04 17:42:03.514960	[WARN]	goods_manager.py	响应时间:310ms	江苏省	无锡市	这里是日志信息......
2024-11-04 17:42:03.514960	[INFO]	goods_manager.py	响应时间:405ms	浙江省	舟山市	这里是日志信息......
2024-11-04 17:42:03.514960	[INFO]	orders_service.py	响应时间:44ms	上海市	普陀区	这里是日志信息......
2024-11-04 17:42:03.514960	[INFO]	event.py	响应时间:700ms	山东省	济南市	这里是日志信息......
2024-11-04 17:42:03.514960	[INFO]	user_manager.py	响应时间:826ms	重庆市	九龙坡区	这里是日志信息......
2024-11-04 17:42:03.514960	[INFO]	goods_manager.py	响应时间:297ms	浙江省	金华市	这里是日志信息......
2024-11-04 17:42:03.514960	[INFO]	event.py	响应时间:541ms	上海市	浦东新区	这里是日志信息......
2024-11-04 17:42:03.514960	[INFO]	event.py	响应时间:985ms	江苏省	苏州市	这里是日志信息......
2024-11-04 17:42:03.514960	[ERROR]	event.py	响应时间:400ms	浙江省	嘉兴市	这里是日志信息......
2024-11-04 17:42:03.514960	[INFO]	goods_manager.py	响应时间:824ms	上海市	宝山区	这里是日志信息......
2024-11-04 17:42:03.515964	[INFO]	orders_service.py	响应时间:157ms	北京市	大兴区	这里是日志信息......
2024-11-04 17:42:03.515964	[WARN]	orders_service.py	响应时间:1956ms	广东省	广州市	这里是日志信息......
2024-11-04 17:42:03.515964	[INFO]	event.py	响应时间:828ms	天津市	河西区	这里是日志信息......
2024-11-04 17:42:03.515964	[INFO]	event.py	响应时间:6891ms	重庆市	沙坪坝区	这里是日志信息......
2024-11-04 17:42:03.515964	[INFO]	barcode_service.py	响应时间:541ms	重庆市	南岸区	这里是日志信息......
2024-11-04 17:42:03.515964	[INFO]	barcode_service.py	响应时间:952ms	广东省	深圳市	这里是日志信息......
2024-11-04 17:42:03.515964	[INFO]	base_network.py	响应时间:140ms	天津市	宝坻区	这里是日志信息......
2024-11-04 17:42:03.515964	[WARN]	orders_service.py	响应时间:230ms	广东省	广州市	这里是日志信息......
2024-11-04 17:42:03.515964	[INFO]	orders_service.py	响应时间:796ms	重庆市	渝中区	这里是日志信息......
2024-11-04 17:42:03.515964	[INFO]	barcode_service.py	响应时间:553ms	安徽省	合肥市	这里是日志信息......
2024-11-04 17:42:03.515964	[INFO]	event.py	响应时间:742ms	重庆市	渝中区	这里是日志信息......
2024-11-04 17:42:03.515964	[INFO]	goods_manager.py	响应时间:641ms	上海市	普陀区	这里是日志信息......
2024-11-04 17:42:03.515964	[INFO]	event.py	响应时间:119ms	上海市	浦东新区	这里是日志信息......
2024-11-04 17:42:03.515964	[INFO]	event.py	响应时间:590ms	广东省	深圳市	这里是日志信息......
2024-11-04 17:42:03.515964	[INFO]	shop_manager.py	响应时间:67ms	天津市	和平区	这里是日志信息......
2024-11-04 17:42:03.515964	[INFO]	event.py	响应时间:229ms	江苏省	常州市	这里是日志信息......
2024-11-04 17:42:03.515964	[INFO]	orders_service.py	响应时间:676ms	广东省	广州市	这里是日志信息......
2024-11-04 17:42:03.515964	[WARN]	event.py	响应时间:853ms	上海市	黄浦区	这里是日志信息......
2024-11-04 17:42:03.515964	[INFO]	barcode_service.py	响应时间:254ms	安徽省	阜阳市	这里是日志信息......
2024-11-04 17:42:03.515964	[INFO]	event.py	响应时间:386ms	湖南省	长沙市	这里是日志信息......
2024-11-04 17:42:03.515964	[WARN]	goods_manager.py	响应时间:916ms	上海市	浦东新区	这里是日志信息......
2024-11-04 17:42:03.515964	[INFO]	goods_manager.py	响应时间:525ms	浙江省	绍兴市	这里是日志信息......
2024-11-04 17:42:03.515964	[INFO]	event.py	响应时间:206ms	重庆市	南岸区	这里是日志信息......
2024-11-04 17:42:03.515964	[INFO]	orders_service.py	响应时间:692ms	重庆市	万州区	这里是日志信息......
2024-11-04 17:42:03.515964	[ERROR]	orders_service.py	响应时间:9920ms	北京市	海淀区	这里是日志信息......
2024-11-04 17:42:03.515964	[INFO]	orders_service.py	响应时间:870ms	湖北省	荆州市	这里是日志信息......
2024-11-04 17:42:03.515964	[WARN]	event.py	响应时间:775ms	湖南省	长沙市	这里是日志信息......
2024-11-04 17:42:03.515964	[WARN]	event.py	响应时间:562ms	安徽省	六安市	这里是日志信息......
2024-11-04 17:42:03.515964	[INFO]	barcode_service.py	响应时间:446ms	湖南省	长沙市	这里是日志信息......
2024-11-04 17:42:03.515964	[WARN]	goods_manager.py	响应时间:272ms	安徽省	合肥市	这里是日志信息......
2024-11-04 17:42:03.515964	[INFO]	orders_service.py	响应时间:794ms	湖南省	长沙市	这里是日志信息......
2024-11-04 17:42:03.515964	[INFO]	goods_manager.py	响应时间:163ms	天津市	河西区	这里是日志信息......
2024-11-04 17:42:03.515964	[INFO]	goods_manager.py	响应时间:349ms	重庆市	南岸区	这里是日志信息......
2024-11-04 17:42:03.515964	[INFO]	orders_service.py	响应时间:376ms	湖北省	武汉市	这里是日志信息......
2024-11-04 17:42:03.515964	[INFO]	event.py	响应时间:339ms	天津市	武清区	这里是日志信息......
2024-11-04 17:42:03.515964	[INFO]	event.py	响应时间:364ms	江苏省	常州市	这里是日志信息......
2024-11-04 17:42:03.515964	[INFO]	user_manager.py	响应时间:659ms	上海市	黄浦区	这里是日志信息......
2024-11-04 17:42:03.515964	[INFO]	event.py	响应时间:839ms	重庆市	渝中区	这里是日志信息......
2024-11-04 17:42:03.515964	[INFO]	barcode_service.py	响应时间:890ms	浙江省	杭州市	这里是日志信息......
2024-11-04 17:42:03.515964	[INFO]	orders_service.py	响应时间:782ms	山东省	济南市	这里是日志信息......
2024-11-04 17:42:03.515964	[INFO]	shop_manager.py	响应时间:835ms	广东省	广州市	这里是日志信息......
2024-11-04 17:42:03.515964	[INFO]	orders_service.py	响应时间:648ms	浙江省	绍兴市	这里是日志信息......
2024-11-04 17:42:03.515964	[INFO]	event.py	响应时间:604ms	北京市	怀柔区	这里是日志信息......
2024-11-04 17:42:03.515964	[INFO]	user_manager.py	响应时间:866ms	安徽省	池州市	这里是日志信息......
2024-11-04 17:42:03.515964	[INFO]	event.py	响应时间:618ms	湖南省	长沙市	这里是日志信息......
2024-11-04 17:42:03.515964	[INFO]	shop_manager.py	响应时间:197ms	山东省	菏泽市	这里是日志信息......
2024-11-04 17:42:03.515964	[INFO]	orders_service.py	响应时间:611ms	浙江省	湖州市	这里是日志信息......
2024-11-04 17:42:03.515964	[INFO]	event.py	响应时间:191ms	山东省	青岛市	这里是日志信息......
2024-11-04 17:42:03.515964	[INFO]	user_manager.py	响应时间:975ms	上海市	杨浦区	这里是日志信息......
2024-11-04 17:42:03.515964	[INFO]	base_network.py	响应时间:911ms	湖北省	武汉市	这里是日志信息......
2024-11-04 17:42:03.515964	[INFO]	shop_manager.py	响应时间:678ms	浙江省	嘉兴市	这里是日志信息......
2024-11-04 17:42:03.515964	[WARN]	base_network.py	响应时间:979ms	北京市	朝阳区	这里是日志信息......
2024-11-04 17:42:03.515964	[ERROR]	shop_manager.py	响应时间:401ms	重庆市	涪陵区	这里是日志信息......
2024-11-04 17:42:03.515964	[INFO]	orders_service.py	响应时间:171ms	浙江省	嘉兴市	这里是日志信息......
2024-11-04 17:42:03.515964	[INFO]	orders_service.py	响应时间:113ms	重庆市	沙坪坝区	这里是日志信息......
2024-11-04 17:42:03.515964	[INFO]	goods_manager.py	响应时间:778ms	湖北省	十堰市	这里是日志信息......
2024-11-04 17:42:03.515964	[INFO]	goods_manager.py	响应时间:143ms	浙江省	丽水市	这里是日志信息......
2024-11-04 17:42:03.515964	[INFO]	user_manager.py	响应时间:153ms	山东省	济南市	这里是日志信息......
2024-11-04 17:42:03.515964	[INFO]	goods_manager.py	响应时间:105ms	浙江省	舟山市	这里是日志信息......
2024-11-04 17:42:03.515964	[INFO]	event.py	响应时间:45ms	重庆市	沙坪坝区	这里是日志信息......
2024-11-04 17:42:03.515964	[INFO]	goods_manager.py	响应时间:977ms	北京市	朝阳区	这里是日志信息......
2024-11-04 17:42:03.515964	[INFO]	goods_manager.py	响应时间:753ms	湖北省	武汉市	这里是日志信息......
2024-11-04 17:42:03.515964	[WARN]	orders_service.py	响应时间:115ms	北京市	怀柔区	这里是日志信息......
2024-11-04 17:42:03.515964	[INFO]	user_manager.py	响应时间:843ms	广东省	深圳市	这里是日志信息......
2024-11-04 17:42:03.515964	[INFO]	user_manager.py	响应时间:606ms	浙江省	丽水市	这里是日志信息......
2024-11-04 17:42:03.515964	[ERROR]	event.py	响应时间:795ms	山东省	济南市	这里是日志信息......
2024-11-04 17:42:03.515964	[INFO]	event.py	响应时间:432ms	湖南省	长沙市	这里是日志信息......
2024-11-04 17:42:03.515964	[INFO]	barcode_service.py	响应时间:969ms	重庆市	万州区	这里是日志信息......
2024-11-04 17:42:03.515964	[ERROR]	goods_manager.py	响应时间:580ms	安徽省	合肥市	这里是日志信息......
2024-11-04 17:42:03.515964	[WARN]	orders_service.py	响应时间:783ms	安徽省	芜湖市	这里是日志信息......
2024-11-04 17:42:03.515964	[INFO]	barcode_service.py	响应时间:234ms	重庆市	涪陵区	这里是日志信息......
2024-11-04 17:42:03.516869	[INFO]	goods_manager.py	响应时间:706ms	江苏省	南京市	这里是日志信息......
2024-11-04 17:42:03.516869	[WARN]	event.py	响应时间:930ms	湖南省	长沙市	这里是日志信息......
2024-11-04 17:42:03.516869	[INFO]	shop_manager.py	响应时间:5ms	浙江省	杭州市	这里是日志信息......
2024-11-04 17:42:03.516869	[INFO]	event.py	响应时间:233ms	广东省	珠海市	这里是日志信息......
2024-11-04 17:42:03.516869	[INFO]	orders_service.py	响应时间:451ms	江苏省	南京市	这里是日志信息......
2024-11-04 17:42:03.516869	[INFO]	shop_manager.py	响应时间:75ms	江苏省	南京市	这里是日志信息......
2024-11-04 17:42:03.516869	[INFO]	barcode_service.py	响应时间:98ms	上海市	普陀区	这里是日志信息......
2024-11-04 17:42:03.516869	[INFO]	goods_manager.py	响应时间:702ms	北京市	怀柔区	这里是日志信息......
2024-11-04 17:42:03.516869	[INFO]	goods_manager.py	响应时间:252ms	广东省	广州市	这里是日志信息......
2024-11-04 17:42:03.516869	[INFO]	goods_manager.py	响应时间:788ms	浙江省	丽水市	这里是日志信息......
2024-11-04 17:42:03.516869	[WARN]	base_network.py	响应时间:618ms	重庆市	沙坪坝区	这里是日志信息......
2024-11-04 17:42:03.516869	[ERROR]	goods_manager.py	响应时间:791ms	上海市	浦东新区	这里是日志信息......
2024-11-04 17:42:03.516869	[INFO]	event.py	响应时间:771ms	上海市	普陀区	这里是日志信息......
2024-11-04 17:42:03.516869	[WARN]	goods_manager.py	响应时间:792ms	湖南省	长沙市	这里是日志信息......
2024-11-04 17:42:03.516869	[INFO]	event.py	响应时间:983ms	重庆市	南岸区	这里是日志信息......
2024-11-04 17:42:03.516869	[INFO]	orders_service.py	响应时间:1146ms	湖南省	长沙市	这里是日志信息......
2024-11-04 17:42:03.516869	[INFO]	base_network.py	响应时间:999ms	山东省	青岛市	这里是日志信息......
2024-11-04 17:42:03.516869	[INFO]	barcode_service.py	响应时间:24ms	浙江省	丽水市	这里是日志信息......
2024-11-04 17:42:03.516869	[ERROR]	shop_manager.py	响应时间:247ms	江苏省	南京市	这里是日志信息......
2024-11-04 17:42:03.516869	[INFO]	user_manager.py	响应时间:393ms	重庆市	万州区	这里是日志信息......
2024-11-04 17:42:03.516869	[INFO]	goods_manager.py	响应时间:488ms	湖北省	武汉市	这里是日志信息......
2024-11-04 17:42:03.516869	[INFO]	barcode_service.py	响应时间:3946ms	江苏省	苏州市	这里是日志信息......
2024-11-04 17:42:03.516869	[INFO]	orders_service.py	响应时间:68ms	天津市	和平区	这里是日志信息......
2024-11-04 17:42:03.516869	[INFO]	event.py	响应时间:966ms	上海市	徐汇区	这里是日志信息......
2024-11-04 17:42:03.516869	[INFO]	event.py	响应时间:132ms	江苏省	无锡市	这里是日志信息......
2024-11-04 17:42:03.516869	[ERROR]	shop_manager.py	响应时间:52ms	广东省	深圳市	这里是日志信息......
2024-11-04 17:42:03.516869	[INFO]	goods_manager.py	响应时间:742ms	湖南省	长沙市	这里是日志信息......
2024-11-04 17:42:03.516869	[INFO]	orders_service.py	响应时间:565ms	浙江省	绍兴市	这里是日志信息......
2024-11-04 17:42:03.516869	[INFO]	goods_manager.py	响应时间:955ms	上海市	黄浦区	这里是日志信息......
2024-11-04 17:42:03.516869	[INFO]	user_manager.py	响应时间:789ms	湖北省	荆州市	这里是日志信息......
2024-11-04 17:42:03.516869	[INFO]	goods_manager.py	响应时间:995ms	湖南省	长沙市	这里是日志信息......
2024-11-04 17:42:03.516869	[INFO]	goods_manager.py	响应时间:324ms	重庆市	渝中区	这里是日志信息......
2024-11-04 17:42:03.516869	[WARN]	base_network.py	响应时间:8889ms	重庆市	沙坪坝区	这里是日志信息......
2024-11-04 17:42:03.516869	[INFO]	event.py	响应时间:438ms	天津市	河东区	这里是日志信息......
2024-11-04 17:42:03.516869	[INFO]	orders_service.py	响应时间:805ms	湖北省	武汉市	这里是日志信息......
2024-11-04 17:42:03.516869	[INFO]	event.py	响应时间:839ms	上海市	黄浦区	这里是日志信息......
2024-11-04 17:42:03.516869	[INFO]	goods_manager.py	响应时间:392ms	湖南省	株洲市	这里是日志信息......
2024-11-04 17:42:03.516869	[INFO]	orders_service.py	响应时间:519ms	天津市	宝坻区	这里是日志信息......
2024-11-04 17:42:03.516869	[INFO]	orders_service.py	响应时间:778ms	山东省	菏泽市	这里是日志信息......
2024-11-04 17:42:03.516869	[INFO]	barcode_service.py	响应时间:971ms	山东省	济南市	这里是日志信息......
2024-11-04 17:42:03.516869	[INFO]	orders_service.py	响应时间:8ms	上海市	宝山区	这里是日志信息......
2024-11-04 17:42:03.516869	[WARN]	goods_manager.py	响应时间:694ms	湖南省	长沙市	这里是日志信息......
2024-11-04 17:42:03.516869	[INFO]	event.py	响应时间:855ms	浙江省	丽水市	这里是日志信息......
2024-11-04 17:42:03.516869	[INFO]	orders_service.py	响应时间:50ms	北京市	昌平区	这里是日志信息......
2024-11-04 17:42:03.516869	[INFO]	orders_service.py	响应时间:579ms	山东省	济南市	这里是日志信息......
2024-11-04 17:42:03.516869	[INFO]	event.py	响应时间:646ms	北京市	怀柔区	这里是日志信息......
2024-11-04 17:42:03.516869	[INFO]	event.py	响应时间:440ms	上海市	普陀区	这里是日志信息......
2024-11-04 17:42:03.516869	[INFO]	goods_manager.py	响应时间:733ms	浙江省	杭州市	这里是日志信息......
2024-11-04 17:42:03.516869	[INFO]	base_network.py	响应时间:41ms	北京市	昌平区	这里是日志信息......
2024-11-04 17:42:03.516869	[INFO]	event.py	响应时间:463ms	湖南省	张家界市	这里是日志信息......
2024-11-04 17:42:03.516869	[INFO]	goods_manager.py	响应时间:981ms	重庆市	万州区	这里是日志信息......
2024-11-04 17:42:03.516869	[ERROR]	barcode_service.py	响应时间:640ms	山东省	青岛市	这里是日志信息......
2024-11-04 17:42:03.516869	[INFO]	goods_manager.py	响应时间:746ms	湖北省	十堰市	这里是日志信息......
2024-11-04 17:42:03.516869	[WARN]	orders_service.py	响应时间:114ms	山东省	济南市	这里是日志信息......
2024-11-04 17:42:03.516869	[WARN]	barcode_service.py	响应时间:275ms	北京市	大兴区	这里是日志信息......
2024-11-04 17:42:03.516869	[INFO]	orders_service.py	响应时间:963ms	安徽省	芜湖市	这里是日志信息......
2024-11-04 17:42:03.516869	[INFO]	event.py	响应时间:324ms	重庆市	沙坪坝区	这里是日志信息......
2024-11-04 17:42:03.516869	[INFO]	user_manager.py	响应时间:117ms	山东省	青岛市	这里是日志信息......
2024-11-04 17:42:03.516869	[INFO]	base_network.py	响应时间:162ms	湖南省	长沙市	这里是日志信息......
2024-11-04 17:42:03.516869	[INFO]	user_manager.py	响应时间:837ms	浙江省	金华市	这里是日志信息......
2024-11-04 17:42:03.516869	[INFO]	event.py	响应时间:713ms	上海市	杨浦区	这里是日志信息......
2024-11-04 17:42:03.516869	[INFO]	goods_manager.py	响应时间:582ms	山东省	青岛市	这里是日志信息......
2024-11-04 17:42:03.516869	[INFO]	user_manager.py	响应时间:2181ms	北京市	朝阳区	这里是日志信息......
2024-11-04 17:42:03.516869	[INFO]	event.py	响应时间:903ms	上海市	宝山区	这里是日志信息......
2024-11-04 17:42:03.516869	[INFO]	event.py	响应时间:829ms	广东省	深圳市	这里是日志信息......
2024-11-04 17:42:03.516869	[WARN]	user_manager.py	响应时间:330ms	安徽省	池州市	这里是日志信息......
2024-11-04 17:42:03.516869	[INFO]	barcode_service.py	响应时间:677ms	浙江省	湖州市	这里是日志信息......
2024-11-04 17:42:03.516869	[INFO]	base_network.py	响应时间:641ms	江苏省	苏州市	这里是日志信息......
2024-11-04 17:42:03.516869	[INFO]	orders_service.py	响应时间:344ms	重庆市	万州区	这里是日志信息......
2024-11-04 17:42:03.516869	[INFO]	shop_manager.py	响应时间:940ms	重庆市	南岸区	这里是日志信息......
2024-11-04 17:42:03.516869	[INFO]	user_manager.py	响应时间:398ms	上海市	普陀区	这里是日志信息......
2024-11-04 17:42:03.516869	[WARN]	user_manager.py	响应时间:551ms	广东省	广州市	这里是日志信息......
2024-11-04 17:42:03.516869	[INFO]	goods_manager.py	响应时间:376ms	江苏省	苏州市	这里是日志信息......
2024-11-04 17:42:03.516869	[INFO]	event.py	响应时间:15ms	江苏省	常州市	这里是日志信息......
2024-11-04 17:42:03.516869	[WARN]	shop_manager.py	响应时间:164ms	上海市	宝山区	这里是日志信息......
2024-11-04 17:42:03.516869	[WARN]	orders_service.py	响应时间:114ms	北京市	怀柔区	这里是日志信息......
2024-11-04 17:42:03.516869	[INFO]	goods_manager.py	响应时间:222ms	湖南省	长沙市	这里是日志信息......
2024-11-04 17:42:03.516869	[INFO]	shop_manager.py	响应时间:5404ms	湖北省	武汉市	这里是日志信息......
2024-11-04 17:42:03.516869	[INFO]	orders_service.py	响应时间:750ms	山东省	济南市	这里是日志信息......
2024-11-04 17:42:03.516869	[INFO]	goods_manager.py	响应时间:248ms	山东省	青岛市	这里是日志信息......
2024-11-04 17:42:03.516869	[INFO]	orders_service.py	响应时间:277ms	天津市	和平区	这里是日志信息......
2024-11-04 17:42:03.516869	[INFO]	event.py	响应时间:671ms	山东省	青岛市	这里是日志信息......
2024-11-04 17:42:03.516869	[WARN]	base_network.py	响应时间:160ms	广东省	深圳市	这里是日志信息......
2024-11-04 17:42:03.516869	[INFO]	barcode_service.py	响应时间:611ms	湖北省	武汉市	这里是日志信息......
2024-11-04 17:42:03.516869	[INFO]	base_network.py	响应时间:510ms	湖南省	益阳市	这里是日志信息......
2024-11-04 17:42:03.516869	[INFO]	user_manager.py	响应时间:88ms	上海市	浦东新区	这里是日志信息......
2024-11-04 17:42:03.516869	[INFO]	orders_service.py	响应时间:623ms	广东省	广州市	这里是日志信息......
2024-11-04 17:42:03.516869	[INFO]	event.py	响应时间:434ms	山东省	青岛市	这里是日志信息......
2024-11-04 17:42:03.516869	[WARN]	goods_manager.py	响应时间:475ms	北京市	大兴区	这里是日志信息......
2024-11-04 17:42:03.516869	[INFO]	event.py	响应时间:598ms	安徽省	合肥市	这里是日志信息......
2024-11-04 17:42:03.516869	[INFO]	barcode_service.py	响应时间:516ms	天津市	河东区	这里是日志信息......
2024-11-04 17:42:03.516869	[WARN]	barcode_service.py	响应时间:185ms	北京市	海淀区	这里是日志信息......
2024-11-04 17:42:03.516869	[INFO]	event.py	响应时间:972ms	广东省	深圳市	这里是日志信息......
2024-11-04 17:42:03.516869	[INFO]	barcode_service.py	响应时间:9379ms	北京市	朝阳区	这里是日志信息......
2024-11-04 17:42:03.516869	[INFO]	orders_service.py	响应时间:601ms	湖北省	荆州市	这里是日志信息......
2024-11-04 17:42:03.516869	[INFO]	event.py	响应时间:888ms	湖南省	长沙市	这里是日志信息......
2024-11-04 17:42:03.516869	[INFO]	orders_service.py	响应时间:459ms	天津市	河东区	这里是日志信息......
2024-11-04 17:42:03.516869	[WARN]	event.py	响应时间:250ms	广东省	深圳市	这里是日志信息......
2024-11-04 17:42:03.516869	[INFO]	barcode_service.py	响应时间:572ms	江苏省	常州市	这里是日志信息......
2024-11-04 17:42:03.516869	[INFO]	event.py	响应时间:772ms	安徽省	芜湖市	这里是日志信息......
2024-11-04 17:42:03.516869	[INFO]	user_manager.py	响应时间:852ms	湖北省	十堰市	这里是日志信息......
2024-11-04 17:42:03.516869	[INFO]	orders_service.py	响应时间:236ms	上海市	宝山区	这里是日志信息......
2024-11-04 17:42:03.516869	[INFO]	goods_manager.py	响应时间:986ms	山东省	济南市	这里是日志信息......
2024-11-04 17:42:03.516869	[ERROR]	user_manager.py	响应时间:119ms	浙江省	舟山市	这里是日志信息......
2024-11-04 17:42:03.516869	[INFO]	orders_service.py	响应时间:891ms	浙江省	嘉兴市	这里是日志信息......
2024-11-04 17:42:03.516869	[WARN]	barcode_service.py	响应时间:774ms	广东省	深圳市	这里是日志信息......
2024-11-04 17:42:03.516869	[INFO]	orders_service.py	响应时间:791ms	山东省	菏泽市	这里是日志信息......
2024-11-04 17:42:03.516869	[INFO]	orders_service.py	响应时间:274ms	重庆市	万州区	这里是日志信息......
2024-11-04 17:42:03.516869	[WARN]	event.py	响应时间:222ms	浙江省	湖州市	这里是日志信息......
2024-11-04 17:42:03.516869	[ERROR]	base_network.py	响应时间:383ms	重庆市	万州区	这里是日志信息......
2024-11-04 17:42:03.516869	[INFO]	user_manager.py	响应时间:626ms	江苏省	无锡市	这里是日志信息......
2024-11-04 17:42:03.516869	[INFO]	orders_service.py	响应时间:109ms	湖南省	长沙市	这里是日志信息......
2024-11-04 17:42:03.516869	[INFO]	orders_service.py	响应时间:592ms	山东省	菏泽市	这里是日志信息......
2024-11-04 17:42:03.516869	[INFO]	event.py	响应时间:393ms	北京市	大兴区	这里是日志信息......
2024-11-04 17:42:03.516869	[INFO]	event.py	响应时间:954ms	北京市	丰台区	这里是日志信息......
2024-11-04 17:42:03.516869	[INFO]	orders_service.py	响应时间:190ms	广东省	广州市	这里是日志信息......
2024-11-04 17:42:03.516869	[WARN]	goods_manager.py	响应时间:214ms	安徽省	芜湖市	这里是日志信息......
2024-11-04 17:42:03.516869	[INFO]	orders_service.py	响应时间:619ms	湖北省	武汉市	这里是日志信息......
2024-11-04 17:42:03.516869	[INFO]	goods_manager.py	响应时间:389ms	浙江省	湖州市	这里是日志信息......
2024-11-04 17:42:03.516869	[INFO]	event.py	响应时间:688ms	浙江省	嘉兴市	这里是日志信息......
2024-11-04 17:42:03.516869	[INFO]	barcode_service.py	响应时间:5071ms	浙江省	杭州市	这里是日志信息......
2024-11-04 17:42:03.516869	[INFO]	goods_manager.py	响应时间:795ms	上海市	杨浦区	这里是日志信息......
2024-11-04 17:42:03.516869	[INFO]	goods_manager.py	响应时间:392ms	北京市	海淀区	这里是日志信息......
2024-11-04 17:42:03.516869	[INFO]	goods_manager.py	响应时间:127ms	重庆市	涪陵区	这里是日志信息......
2024-11-04 17:42:03.516869	[INFO]	user_manager.py	响应时间:567ms	浙江省	绍兴市	这里是日志信息......
2024-11-04 17:42:03.516869	[WARN]	user_manager.py	响应时间:909ms	浙江省	丽水市	这里是日志信息......
2024-11-04 17:42:03.516869	[INFO]	goods_manager.py	响应时间:4682ms	安徽省	铜陵市	这里是日志信息......
2024-11-04 17:42:03.516869	[INFO]	barcode_service.py	响应时间:800ms	江苏省	南京市	这里是日志信息......
2024-11-04 17:42:03.516869	[INFO]	event.py	响应时间:829ms	浙江省	杭州市	这里是日志信息......
2024-11-04 17:42:03.516869	[INFO]	goods_manager.py	响应时间:30ms	广东省	深圳市	这里是日志信息......
2024-11-04 17:42:03.516869	[INFO]	goods_manager.py	响应时间:909ms	上海市	浦东新区	这里是日志信息......
2024-11-04 17:42:03.516869	[ERROR]	base_network.py	响应时间:696ms	湖南省	张家界市	这里是日志信息......
2024-11-04 17:42:03.516869	[INFO]	goods_manager.py	响应时间:75ms	北京市	朝阳区	这里是日志信息......
2024-11-04 17:42:03.516869	[INFO]	goods_manager.py	响应时间:357ms	湖南省	益阳市	这里是日志信息......
2024-11-04 17:42:03.516869	[WARN]	shop_manager.py	响应时间:36ms	天津市	和平区	这里是日志信息......
2024-11-04 17:42:03.516869	[INFO]	base_network.py	响应时间:9731ms	湖北省	荆州市	这里是日志信息......
2024-11-04 17:42:03.516869	[INFO]	event.py	响应时间:55ms	湖南省	长沙市	这里是日志信息......
2024-11-04 17:42:03.516869	[INFO]	orders_service.py	响应时间:403ms	湖南省	长沙市	这里是日志信息......
2024-11-04 17:42:03.516869	[INFO]	event.py	响应时间:176ms	山东省	济南市	这里是日志信息......
2024-11-04 17:42:03.516869	[INFO]	event.py	响应时间:543ms	江苏省	张家港市	这里是日志信息......
2024-11-04 17:42:03.516869	[INFO]	event.py	响应时间:344ms	北京市	朝阳区	这里是日志信息......
2024-11-04 17:42:03.516869	[INFO]	event.py	响应时间:254ms	江苏省	无锡市	这里是日志信息......
2024-11-04 17:42:03.516869	[INFO]	event.py	响应时间:310ms	浙江省	杭州市	这里是日志信息......
2024-11-04 17:42:03.516869	[INFO]	goods_manager.py	响应时间:909ms	湖北省	十堰市	这里是日志信息......
2024-11-04 17:42:03.516869	[INFO]	event.py	响应时间:711ms	重庆市	九龙坡区	这里是日志信息......
2024-11-04 17:42:03.516869	[INFO]	orders_service.py	响应时间:265ms	山东省	青岛市	这里是日志信息......
2024-11-04 17:42:03.516869	[INFO]	event.py	响应时间:154ms	江苏省	南京市	这里是日志信息......
2024-11-04 17:42:03.516869	[ERROR]	goods_manager.py	响应时间:121ms	天津市	和平区	这里是日志信息......
2024-11-04 17:42:03.516869	[INFO]	barcode_service.py	响应时间:353ms	浙江省	绍兴市	这里是日志信息......
2024-11-04 17:42:03.516869	[INFO]	event.py	响应时间:26ms	北京市	海淀区	这里是日志信息......
2024-11-04 17:42:03.516869	[INFO]	shop_manager.py	响应时间:50ms	重庆市	南岸区	这里是日志信息......
2024-11-04 17:42:03.516869	[INFO]	event.py	响应时间:804ms	安徽省	阜阳市	这里是日志信息......
2024-11-04 17:42:03.516869	[INFO]	goods_manager.py	响应时间:382ms	江苏省	张家港市	这里是日志信息......
2024-11-04 17:42:03.516869	[INFO]	event.py	响应时间:443ms	湖南省	长沙市	这里是日志信息......
2024-11-04 17:42:03.516869	[INFO]	user_manager.py	响应时间:7231ms	重庆市	万州区	这里是日志信息......
2024-11-04 17:42:03.517969	[INFO]	event.py	响应时间:772ms	山东省	菏泽市	这里是日志信息......
2024-11-04 17:42:03.517969	[INFO]	orders_service.py	响应时间:733ms	湖南省	张家界市	这里是日志信息......
2024-11-04 17:42:03.517969	[INFO]	orders_service.py	响应时间:39ms	安徽省	阜阳市	这里是日志信息......
2024-11-04 17:42:03.517969	[INFO]	event.py	响应时间:417ms	上海市	普陀区	这里是日志信息......
2024-11-04 17:42:03.517969	[INFO]	event.py	响应时间:492ms	江苏省	宿迁市	这里是日志信息......
2024-11-04 17:42:03.517969	[INFO]	orders_service.py	响应时间:974ms	湖南省	长沙市	这里是日志信息......
2024-11-04 17:42:03.517969	[INFO]	orders_service.py	响应时间:344ms	安徽省	六安市	这里是日志信息......
2024-11-04 17:42:03.517969	[INFO]	user_manager.py	响应时间:695ms	湖南省	益阳市	这里是日志信息......
2024-11-04 17:42:03.517969	[INFO]	orders_service.py	响应时间:386ms	湖北省	荆州市	这里是日志信息......
2024-11-04 17:42:03.517969	[INFO]	event.py	响应时间:28ms	北京市	丰台区	这里是日志信息......
2024-11-04 17:42:03.517969	[INFO]	user_manager.py	响应时间:169ms	北京市	怀柔区	这里是日志信息......
2024-11-04 17:42:03.517969	[INFO]	goods_manager.py	响应时间:885ms	广东省	广州市	这里是日志信息......
2024-11-04 17:42:03.517969	[INFO]	event.py	响应时间:895ms	江苏省	南京市	这里是日志信息......
2024-11-04 17:42:03.517969	[INFO]	event.py	响应时间:289ms	天津市	武清区	这里是日志信息......
2024-11-04 17:42:03.517969	[INFO]	orders_service.py	响应时间:265ms	山东省	济南市	这里是日志信息......
2024-11-04 17:42:03.517969	[INFO]	event.py	响应时间:468ms	重庆市	万州区	这里是日志信息......
2024-11-04 17:42:03.517969	[INFO]	event.py	响应时间:192ms	江苏省	常州市	这里是日志信息......
2024-11-04 17:42:03.517969	[INFO]	base_network.py	响应时间:891ms	广东省	深圳市	这里是日志信息......
2024-11-04 17:42:03.517969	[INFO]	event.py	响应时间:90ms	江苏省	苏州市	这里是日志信息......
2024-11-04 17:42:03.517969	[ERROR]	user_manager.py	响应时间:410ms	北京市	昌平区	这里是日志信息......
2024-11-04 17:42:03.517969	[INFO]	event.py	响应时间:803ms	广东省	深圳市	这里是日志信息......
2024-11-04 17:42:03.517969	[WARN]	goods_manager.py	响应时间:869ms	天津市	河东区	这里是日志信息......
2024-11-04 17:42:03.517969	[INFO]	event.py	响应时间:692ms	湖北省	恩施土家族苗族自治州	这里是日志信息......
2024-11-04 17:42:03.517969	[INFO]	orders_service.py	响应时间:235ms	湖北省	荆州市	这里是日志信息......
2024-11-04 17:42:03.517969	[INFO]	event.py	响应时间:679ms	山东省	菏泽市	这里是日志信息......
2024-11-04 17:42:03.517969	[INFO]	goods_manager.py	响应时间:920ms	山东省	济南市	这里是日志信息......
2024-11-04 17:42:03.517969	[INFO]	user_manager.py	响应时间:136ms	安徽省	芜湖市	这里是日志信息......
2024-11-04 17:42:03.517969	[WARN]	orders_service.py	响应时间:853ms	天津市	河西区	这里是日志信息......
2024-11-04 17:42:03.517969	[INFO]	event.py	响应时间:206ms	天津市	河东区	这里是日志信息......
2024-11-04 17:42:03.517969	[INFO]	orders_service.py	响应时间:609ms	湖北省	武汉市	这里是日志信息......
2024-11-04 17:42:03.517969	[INFO]	orders_service.py	响应时间:865ms	广东省	深圳市	这里是日志信息......
2024-11-04 17:42:03.517969	[INFO]	event.py	响应时间:5317ms	江苏省	张家港市	这里是日志信息......
2024-11-04 17:42:03.517969	[INFO]	barcode_service.py	响应时间:586ms	天津市	河东区	这里是日志信息......
2024-11-04 17:42:03.517969	[INFO]	goods_manager.py	响应时间:580ms	安徽省	铜陵市	这里是日志信息......
2024-11-04 17:42:03.517969	[INFO]	base_network.py	响应时间:627ms	山东省	青岛市	这里是日志信息......
2024-11-04 17:42:03.517969	[INFO]	orders_service.py	响应时间:874ms	重庆市	九龙坡区	这里是日志信息......
2024-11-04 17:42:03.517969	[INFO]	goods_manager.py	响应时间:448ms	浙江省	湖州市	这里是日志信息......
2024-11-04 17:42:03.517969	[INFO]	barcode_service.py	响应时间:582ms	浙江省	杭州市	这里是日志信息......
2024-11-04 17:42:03.517969	[WARN]	goods_manager.py	响应时间:327ms	湖南省	长沙市	这里是日志信息......
2024-11-04 17:42:03.517969	[INFO]	event.py	响应时间:425ms	上海市	宝山区	这里是日志信息......
2024-11-04 17:42:03.517969	[INFO]	event.py	响应时间:152ms	安徽省	阜阳市	这里是日志信息......
2024-11-04 17:42:03.517969	[WARN]	goods_manager.py	响应时间:722ms	重庆市	万州区	这里是日志信息......
2024-11-04 17:42:03.517969	[INFO]	goods_manager.py	响应时间:585ms	浙江省	湖州市	这里是日志信息......
2024-11-04 17:42:03.517969	[WARN]	user_manager.py	响应时间:538ms	浙江省	杭州市	这里是日志信息......
2024-11-04 17:42:03.517969	[INFO]	user_manager.py	响应时间:656ms	江苏省	无锡市	这里是日志信息......
2024-11-04 17:42:03.517969	[INFO]	event.py	响应时间:154ms	重庆市	九龙坡区	这里是日志信息......
2024-11-04 17:42:03.517969	[INFO]	barcode_service.py	响应时间:164ms	安徽省	铜陵市	这里是日志信息......
2024-11-04 17:42:03.517969	[INFO]	goods_manager.py	响应时间:281ms	浙江省	丽水市	这里是日志信息......
2024-11-04 17:42:03.517969	[INFO]	shop_manager.py	响应时间:517ms	重庆市	万州区	这里是日志信息......
2024-11-04 17:42:03.517969	[INFO]	shop_manager.py	响应时间:140ms	重庆市	涪陵区	这里是日志信息......
2024-11-04 17:42:03.517969	[INFO]	user_manager.py	响应时间:892ms	山东省	济南市	这里是日志信息......
2024-11-04 17:42:03.517969	[INFO]	barcode_service.py	响应时间:451ms	天津市	河东区	这里是日志信息......
2024-11-04 17:42:03.517969	[WARN]	orders_service.py	响应时间:21ms	安徽省	合肥市	这里是日志信息......
2024-11-04 17:42:03.517969	[INFO]	orders_service.py	响应时间:451ms	浙江省	湖州市	这里是日志信息......
2024-11-04 17:42:03.517969	[INFO]	orders_service.py	响应时间:703ms	上海市	普陀区	这里是日志信息......
2024-11-04 17:42:03.517969	[INFO]	event.py	响应时间:470ms	天津市	河东区	这里是日志信息......
2024-11-04 17:42:03.517969	[INFO]	event.py	响应时间:93ms	重庆市	南岸区	这里是日志信息......
2024-11-04 17:42:03.517969	[INFO]	event.py	响应时间:7ms	天津市	河东区	这里是日志信息......
2024-11-04 17:42:03.517969	[INFO]	orders_service.py	响应时间:512ms	江苏省	南京市	这里是日志信息......
2024-11-04 17:42:03.517969	[INFO]	orders_service.py	响应时间:163ms	安徽省	阜阳市	这里是日志信息......
2024-11-04 17:42:03.517969	[INFO]	orders_service.py	响应时间:724ms	江苏省	苏州市	这里是日志信息......
2024-11-04 17:42:03.517969	[INFO]	event.py	响应时间:740ms	重庆市	渝中区	这里是日志信息......
2024-11-04 17:42:03.517969	[INFO]	goods_manager.py	响应时间:464ms	湖北省	武汉市	这里是日志信息......
2024-11-04 17:42:03.517969	[INFO]	user_manager.py	响应时间:581ms	浙江省	湖州市	这里是日志信息......
2024-11-04 17:42:03.517969	[WARN]	barcode_service.py	响应时间:562ms	广东省	广州市	这里是日志信息......
2024-11-04 17:42:03.517969	[INFO]	event.py	响应时间:901ms	天津市	宝坻区	这里是日志信息......
2024-11-04 17:42:03.517969	[INFO]	orders_service.py	响应时间:260ms	湖北省	武汉市	这里是日志信息......
2024-11-04 17:42:03.517969	[INFO]	orders_service.py	响应时间:5612ms	重庆市	九龙坡区	这里是日志信息......
2024-11-04 17:42:03.517969	[INFO]	goods_manager.py	响应时间:802ms	山东省	青岛市	这里是日志信息......
2024-11-04 17:42:03.517969	[INFO]	event.py	响应时间:121ms	湖南省	长沙市	这里是日志信息......
2024-11-04 17:42:03.517969	[INFO]	goods_manager.py	响应时间:254ms	安徽省	阜阳市	这里是日志信息......
2024-11-04 17:42:03.517969	[ERROR]	goods_manager.py	响应时间:791ms	广东省	深圳市	这里是日志信息......
2024-11-04 17:42:03.517969	[INFO]	event.py	响应时间:926ms	江苏省	宿迁市	这里是日志信息......
2024-11-04 17:42:03.517969	[INFO]	goods_manager.py	响应时间:430ms	广东省	深圳市	这里是日志信息......
2024-11-04 17:42:03.517969	[INFO]	event.py	响应时间:193ms	浙江省	绍兴市	这里是日志信息......
2024-11-04 17:42:03.517969	[INFO]	goods_manager.py	响应时间:606ms	北京市	朝阳区	这里是日志信息......
2024-11-04 17:42:03.517969	[INFO]	goods_manager.py	响应时间:344ms	山东省	菏泽市	这里是日志信息......
2024-11-04 17:42:03.517969	[INFO]	goods_manager.py	响应时间:701ms	天津市	武清区	这里是日志信息......
2024-11-04 17:42:03.517969	[INFO]	goods_manager.py	响应时间:311ms	湖南省	长沙市	这里是日志信息......
2024-11-04 17:42:03.517969	[INFO]	goods_manager.py	响应时间:887ms	广东省	广州市	这里是日志信息......
2024-11-04 17:42:03.517969	[WARN]	event.py	响应时间:267ms	湖南省	长沙市	这里是日志信息......
2024-11-04 17:42:03.517969	[INFO]	barcode_service.py	响应时间:948ms	北京市	海淀区	这里是日志信息......
2024-11-04 17:42:03.517969	[INFO]	event.py	响应时间:417ms	湖北省	武汉市	这里是日志信息......
2024-11-04 17:42:03.517969	[INFO]	shop_manager.py	响应时间:905ms	上海市	普陀区	这里是日志信息......
2024-11-04 17:42:03.517969	[INFO]	orders_service.py	响应时间:418ms	天津市	宝坻区	这里是日志信息......
2024-11-04 17:42:03.517969	[INFO]	event.py	响应时间:800ms	湖北省	恩施土家族苗族自治州	这里是日志信息......
2024-11-04 17:42:03.517969	[ERROR]	orders_service.py	响应时间:896ms	北京市	海淀区	这里是日志信息......
2024-11-04 17:42:03.517969	[INFO]	goods_manager.py	响应时间:815ms	重庆市	沙坪坝区	这里是日志信息......
2024-11-04 17:42:03.517969	[INFO]	user_manager.py	响应时间:986ms	湖南省	长沙市	这里是日志信息......
2024-11-04 17:42:03.517969	[INFO]	goods_manager.py	响应时间:785ms	广东省	广州市	这里是日志信息......
2024-11-04 17:42:03.517969	[INFO]	orders_service.py	响应时间:315ms	湖北省	武汉市	这里是日志信息......
2024-11-04 17:42:03.517969	[INFO]	event.py	响应时间:271ms	湖北省	荆州市	这里是日志信息......
2024-11-04 17:42:03.517969	[WARN]	shop_manager.py	响应时间:300ms	广东省	广州市	这里是日志信息......
2024-11-04 17:42:03.517969	[INFO]	barcode_service.py	响应时间:489ms	天津市	宝坻区	这里是日志信息......
2024-11-04 17:42:03.517969	[INFO]	event.py	响应时间:637ms	江苏省	常州市	这里是日志信息......
2024-11-04 17:42:03.517969	[INFO]	event.py	响应时间:189ms	广东省	广州市	这里是日志信息......
2024-11-04 17:42:03.517969	[INFO]	goods_manager.py	响应时间:33ms	北京市	海淀区	这里是日志信息......
2024-11-04 17:42:03.517969	[INFO]	barcode_service.py	响应时间:358ms	重庆市	万州区	这里是日志信息......
2024-11-04 17:42:03.517969	[INFO]	goods_manager.py	响应时间:288ms	浙江省	湖州市	这里是日志信息......
2024-11-04 17:42:03.517969	[INFO]	base_network.py	响应时间:666ms	江苏省	张家港市	这里是日志信息......
2024-11-04 17:42:03.517969	[INFO]	user_manager.py	响应时间:559ms	湖南省	长沙市	这里是日志信息......
2024-11-04 17:42:03.517969	[INFO]	user_manager.py	响应时间:426ms	上海市	静安区	这里是日志信息......
2024-11-04 17:42:03.517969	[INFO]	goods_manager.py	响应时间:708ms	北京市	大兴区	这里是日志信息......
2024-11-04 17:42:03.517969	[INFO]	goods_manager.py	响应时间:376ms	浙江省	金华市	这里是日志信息......
2024-11-04 17:42:03.517969	[INFO]	user_manager.py	响应时间:226ms	广东省	广州市	这里是日志信息......
2024-11-04 17:42:03.517969	[WARN]	goods_manager.py	响应时间:81ms	重庆市	沙坪坝区	这里是日志信息......
2024-11-04 17:42:03.517969	[INFO]	base_network.py	响应时间:310ms	山东省	青岛市	这里是日志信息......
2024-11-04 17:42:03.517969	[INFO]	user_manager.py	响应时间:777ms	湖南省	长沙市	这里是日志信息......
2024-11-04 17:42:03.517969	[INFO]	barcode_service.py	响应时间:192ms	天津市	宝坻区	这里是日志信息......
2024-11-04 17:42:03.517969	[INFO]	goods_manager.py	响应时间:926ms	浙江省	嘉兴市	这里是日志信息......
2024-11-04 17:42:03.517969	[INFO]	base_network.py	响应时间:437ms	北京市	怀柔区	这里是日志信息......
2024-11-04 17:42:03.517969	[INFO]	orders_service.py	响应时间:309ms	安徽省	阜阳市	这里是日志信息......
2024-11-04 17:42:03.517969	[INFO]	goods_manager.py	响应时间:540ms	江苏省	苏州市	这里是日志信息......
2024-11-04 17:42:03.517969	[INFO]	event.py	响应时间:934ms	江苏省	无锡市	这里是日志信息......
2024-11-04 17:42:03.517969	[INFO]	orders_service.py	响应时间:171ms	重庆市	渝中区	这里是日志信息......
2024-11-04 17:42:03.517969	[INFO]	orders_service.py	响应时间:425ms	浙江省	嘉兴市	这里是日志信息......
2024-11-04 17:42:03.517969	[INFO]	orders_service.py	响应时间:863ms	山东省	青岛市	这里是日志信息......
2024-11-04 17:42:03.517969	[INFO]	barcode_service.py	响应时间:327ms	山东省	青岛市	这里是日志信息......
2024-11-04 17:42:03.517969	[INFO]	barcode_service.py	响应时间:904ms	湖北省	武汉市	这里是日志信息......
2024-11-04 17:42:03.517969	[WARN]	goods_manager.py	响应时间:265ms	北京市	丰台区	这里是日志信息......
2024-11-04 17:42:03.517969	[INFO]	barcode_service.py	响应时间:68ms	天津市	河西区	这里是日志信息......
2024-11-04 17:42:03.517969	[INFO]	user_manager.py	响应时间:357ms	山东省	青岛市	这里是日志信息......
2024-11-04 17:42:03.517969	[INFO]	barcode_service.py	响应时间:248ms	天津市	和平区	这里是日志信息......
2024-11-04 17:42:03.517969	[WARN]	user_manager.py	响应时间:39ms	湖北省	武汉市	这里是日志信息......
2024-11-04 17:42:03.517969	[INFO]	base_network.py	响应时间:371ms	北京市	海淀区	这里是日志信息......
2024-11-04 17:42:03.517969	[INFO]	goods_manager.py	响应时间:782ms	山东省	菏泽市	这里是日志信息......
2024-11-04 17:42:03.517969	[INFO]	user_manager.py	响应时间:41ms	广东省	珠海市	这里是日志信息......
2024-11-04 17:42:03.517969	[INFO]	goods_manager.py	响应时间:845ms	安徽省	合肥市	这里是日志信息......
2024-11-04 17:42:03.517969	[INFO]	goods_manager.py	响应时间:831ms	湖北省	武汉市	这里是日志信息......
2024-11-04 17:42:03.517969	[INFO]	goods_manager.py	响应时间:873ms	山东省	菏泽市	这里是日志信息......
2024-11-04 17:42:03.517969	[INFO]	orders_service.py	响应时间:669ms	重庆市	沙坪坝区	这里是日志信息......
2024-11-04 17:42:03.517969	[INFO]	goods_manager.py	响应时间:471ms	北京市	朝阳区	这里是日志信息......
2024-11-04 17:42:03.517969	[ERROR]	event.py	响应时间:887ms	北京市	海淀区	这里是日志信息......
2024-11-04 17:42:03.517969	[WARN]	orders_service.py	响应时间:330ms	山东省	菏泽市	这里是日志信息......
2024-11-04 17:42:03.517969	[INFO]	user_manager.py	响应时间:341ms	北京市	海淀区	这里是日志信息......
2024-11-04 17:42:03.517969	[INFO]	user_manager.py	响应时间:900ms	北京市	怀柔区	这里是日志信息......
2024-11-04 17:42:03.517969	[INFO]	goods_manager.py	响应时间:3140ms	江苏省	苏州市	这里是日志信息......
2024-11-04 17:42:03.517969	[INFO]	goods_manager.py	响应时间:653ms	山东省	济南市	这里是日志信息......
2024-11-04 17:42:03.518974	[INFO]	orders_service.py	响应时间:652ms	浙江省	金华市	这里是日志信息......
2024-11-04 17:42:03.518974	[INFO]	user_manager.py	响应时间:704ms	重庆市	渝中区	这里是日志信息......
2024-11-04 17:42:03.518974	[INFO]	goods_manager.py	响应时间:78ms	广东省	深圳市	这里是日志信息......
2024-11-04 17:42:03.518974	[INFO]	orders_service.py	响应时间:1253ms	安徽省	合肥市	这里是日志信息......
2024-11-04 17:42:03.518974	[INFO]	user_manager.py	响应时间:496ms	湖南省	益阳市	这里是日志信息......
2024-11-04 17:42:03.518974	[WARN]	goods_manager.py	响应时间:399ms	湖北省	武汉市	这里是日志信息......
2024-11-04 17:42:03.518974	[INFO]	event.py	响应时间:363ms	上海市	浦东新区	这里是日志信息......
2024-11-04 17:42:03.518974	[INFO]	orders_service.py	响应时间:852ms	湖北省	武汉市	这里是日志信息......
2024-11-04 17:42:03.518974	[INFO]	orders_service.py	响应时间:192ms	安徽省	阜阳市	这里是日志信息......
2024-11-04 17:42:03.518974	[INFO]	event.py	响应时间:540ms	重庆市	万州区	这里是日志信息......
2024-11-04 17:42:03.518974	[INFO]	event.py	响应时间:935ms	湖北省	荆州市	这里是日志信息......
2024-11-04 17:42:03.518974	[INFO]	base_network.py	响应时间:945ms	天津市	武清区	这里是日志信息......
2024-11-04 17:42:03.518974	[WARN]	base_network.py	响应时间:623ms	湖南省	益阳市	这里是日志信息......
2024-11-04 17:42:03.518974	[WARN]	goods_manager.py	响应时间:217ms	重庆市	涪陵区	这里是日志信息......
2024-11-04 17:42:03.518974	[INFO]	barcode_service.py	响应时间:78ms	北京市	丰台区	这里是日志信息......
2024-11-04 17:42:03.518974	[INFO]	goods_manager.py	响应时间:16ms	北京市	丰台区	这里是日志信息......
2024-11-04 17:42:03.518974	[WARN]	goods_manager.py	响应时间:298ms	天津市	宝坻区	这里是日志信息......
2024-11-04 17:42:03.518974	[INFO]	shop_manager.py	响应时间:566ms	重庆市	九龙坡区	这里是日志信息......
2024-11-04 17:42:03.518974	[INFO]	event.py	响应时间:3153ms	湖南省	长沙市	这里是日志信息......
