2024-11-04 17:42:04.519717	[INFO]	event.py	响应时间:531ms	江苏省	张家港市	这里是日志信息......
2024-11-04 17:42:04.519717	[INFO]	barcode_service.py	响应时间:906ms	天津市	河西区	这里是日志信息......
2024-11-04 17:42:04.519717	[INFO]	event.py	响应时间:762ms	天津市	和平区	这里是日志信息......
2024-11-04 17:42:04.519717	[INFO]	base_network.py	响应时间:368ms	山东省	青岛市	这里是日志信息......
2024-11-04 17:42:04.519717	[ERROR]	event.py	响应时间:345ms	湖北省	荆州市	这里是日志信息......
2024-11-04 17:42:04.519717	[INFO]	orders_service.py	响应时间:580ms	天津市	河西区	这里是日志信息......
2024-11-04 17:42:04.519717	[INFO]	event.py	响应时间:131ms	重庆市	涪陵区	这里是日志信息......
2024-11-04 17:42:04.519717	[INFO]	orders_service.py	响应时间:573ms	浙江省	杭州市	这里是日志信息......
2024-11-04 17:42:04.519717	[INFO]	base_network.py	响应时间:771ms	浙江省	杭州市	这里是日志信息......
2024-11-04 17:42:04.519717	[INFO]	event.py	响应时间:92ms	上海市	徐汇区	这里是日志信息......
2024-11-04 17:42:04.519717	[WARN]	event.py	响应时间:761ms	安徽省	合肥市	这里是日志信息......
2024-11-04 17:42:04.520225	[INFO]	goods_manager.py	响应时间:695ms	湖南省	长沙市	这里是日志信息......
2024-11-04 17:42:04.520225	[INFO]	shop_manager.py	响应时间:159ms	天津市	河东区	这里是日志信息......
2024-11-04 17:42:04.520225	[INFO]	user_manager.py	响应时间:481ms	山东省	济南市	这里是日志信息......
2024-11-04 17:42:04.520225	[INFO]	event.py	响应时间:373ms	浙江省	湖州市	这里是日志信息......
2024-11-04 17:42:04.520225	[INFO]	event.py	响应时间:336ms	北京市	大兴区	这里是日志信息......
2024-11-04 17:42:04.520225	[INFO]	event.py	响应时间:784ms	北京市	怀柔区	这里是日志信息......
2024-11-04 17:42:04.520225	[INFO]	user_manager.py	响应时间:599ms	山东省	济南市	这里是日志信息......
2024-11-04 17:42:04.520225	[INFO]	goods_manager.py	响应时间:291ms	天津市	宝坻区	这里是日志信息......
2024-11-04 17:42:04.520225	[INFO]	goods_manager.py	响应时间:461ms	天津市	河西区	这里是日志信息......
2024-11-04 17:42:04.520225	[INFO]	goods_manager.py	响应时间:253ms	浙江省	丽水市	这里是日志信息......
2024-11-04 17:42:04.520225	[WARN]	goods_manager.py	响应时间:294ms	重庆市	九龙坡区	这里是日志信息......
2024-11-04 17:42:04.520225	[WARN]	orders_service.py	响应时间:994ms	上海市	宝山区	这里是日志信息......
2024-11-04 17:42:04.520225	[WARN]	base_network.py	响应时间:88ms	湖南省	张家界市	这里是日志信息......
2024-11-04 17:42:04.520225	[INFO]	event.py	响应时间:357ms	浙江省	杭州市	这里是日志信息......
2024-11-04 17:42:04.520225	[INFO]	event.py	响应时间:450ms	安徽省	六安市	这里是日志信息......
2024-11-04 17:42:04.520225	[INFO]	orders_service.py	响应时间:405ms	天津市	武清区	这里是日志信息......
2024-11-04 17:42:04.520225	[INFO]	barcode_service.py	响应时间:494ms	天津市	宝坻区	这里是日志信息......
2024-11-04 17:42:04.520225	[INFO]	goods_manager.py	响应时间:376ms	重庆市	渝中区	这里是日志信息......
2024-11-04 17:42:04.520225	[WARN]	shop_manager.py	响应时间:48ms	湖北省	武汉市	这里是日志信息......
2024-11-04 17:42:04.520225	[INFO]	orders_service.py	响应时间:785ms	重庆市	沙坪坝区	这里是日志信息......
2024-11-04 17:42:04.520225	[INFO]	event.py	响应时间:682ms	上海市	浦东新区	这里是日志信息......
2024-11-04 17:42:04.520225	[INFO]	goods_manager.py	响应时间:181ms	湖南省	张家界市	这里是日志信息......
2024-11-04 17:42:04.520225	[INFO]	goods_manager.py	响应时间:995ms	重庆市	南岸区	这里是日志信息......
2024-11-04 17:42:04.520225	[INFO]	event.py	响应时间:41ms	上海市	普陀区	这里是日志信息......
2024-11-04 17:42:04.520225	[INFO]	goods_manager.py	响应时间:668ms	天津市	宝坻区	这里是日志信息......
2024-11-04 17:42:04.520225	[INFO]	user_manager.py	响应时间:387ms	湖南省	益阳市	这里是日志信息......
2024-11-04 17:42:04.520225	[INFO]	goods_manager.py	响应时间:994ms	天津市	和平区	这里是日志信息......
2024-11-04 17:42:04.520225	[INFO]	goods_manager.py	响应时间:688ms	天津市	和平区	这里是日志信息......
2024-11-04 17:42:04.520225	[WARN]	orders_service.py	响应时间:601ms	上海市	静安区	这里是日志信息......
2024-11-04 17:42:04.520225	[INFO]	event.py	响应时间:741ms	重庆市	万州区	这里是日志信息......
2024-11-04 17:42:04.520225	[INFO]	event.py	响应时间:882ms	山东省	菏泽市	这里是日志信息......
2024-11-04 17:42:04.520225	[INFO]	event.py	响应时间:757ms	广东省	深圳市	这里是日志信息......
2024-11-04 17:42:04.520225	[INFO]	goods_manager.py	响应时间:972ms	上海市	浦东新区	这里是日志信息......
2024-11-04 17:42:04.520225	[INFO]	orders_service.py	响应时间:441ms	天津市	宝坻区	这里是日志信息......
2024-11-04 17:42:04.520225	[INFO]	barcode_service.py	响应时间:220ms	湖南省	长沙市	这里是日志信息......
2024-11-04 17:42:04.520225	[INFO]	shop_manager.py	响应时间:160ms	湖南省	长沙市	这里是日志信息......
2024-11-04 17:42:04.520225	[INFO]	orders_service.py	响应时间:878ms	安徽省	阜阳市	这里是日志信息......
2024-11-04 17:42:04.520225	[INFO]	barcode_service.py	响应时间:679ms	山东省	济南市	这里是日志信息......
2024-11-04 17:42:04.520225	[INFO]	base_network.py	响应时间:36ms	安徽省	阜阳市	这里是日志信息......
2024-11-04 17:42:04.520225	[INFO]	base_network.py	响应时间:110ms	江苏省	张家港市	这里是日志信息......
2024-11-04 17:42:04.520225	[INFO]	orders_service.py	响应时间:554ms	天津市	和平区	这里是日志信息......
2024-11-04 17:42:04.520225	[INFO]	orders_service.py	响应时间:551ms	北京市	丰台区	这里是日志信息......
2024-11-04 17:42:04.520225	[INFO]	shop_manager.py	响应时间:993ms	安徽省	阜阳市	这里是日志信息......
2024-11-04 17:42:04.520225	[INFO]	base_network.py	响应时间:660ms	浙江省	丽水市	这里是日志信息......
2024-11-04 17:42:04.520225	[INFO]	event.py	响应时间:743ms	重庆市	九龙坡区	这里是日志信息......
2024-11-04 17:42:04.520225	[ERROR]	goods_manager.py	响应时间:424ms	广东省	广州市	这里是日志信息......
2024-11-04 17:42:04.520225	[INFO]	barcode_service.py	响应时间:856ms	湖南省	长沙市	这里是日志信息......
2024-11-04 17:42:04.520225	[INFO]	goods_manager.py	响应时间:504ms	湖南省	张家界市	这里是日志信息......
2024-11-04 17:42:04.520225	[INFO]	barcode_service.py	响应时间:284ms	湖南省	株洲市	这里是日志信息......
2024-11-04 17:42:04.520225	[WARN]	event.py	响应时间:239ms	上海市	普陀区	这里是日志信息......
2024-11-04 17:42:04.520225	[INFO]	goods_manager.py	响应时间:235ms	浙江省	湖州市	这里是日志信息......
2024-11-04 17:42:04.520225	[WARN]	goods_manager.py	响应时间:38ms	重庆市	南岸区	这里是日志信息......
2024-11-04 17:42:04.520225	[INFO]	event.py	响应时间:345ms	天津市	和平区	这里是日志信息......
2024-11-04 17:42:04.520225	[WARN]	orders_service.py	响应时间:106ms	浙江省	杭州市	这里是日志信息......
2024-11-04 17:42:04.520225	[INFO]	barcode_service.py	响应时间:433ms	湖南省	长沙市	这里是日志信息......
2024-11-04 17:42:04.520225	[INFO]	shop_manager.py	响应时间:352ms	湖北省	荆州市	这里是日志信息......
2024-11-04 17:42:04.520225	[INFO]	user_manager.py	响应时间:890ms	江苏省	张家港市	这里是日志信息......
2024-11-04 17:42:04.520225	[ERROR]	orders_service.py	响应时间:173ms	浙江省	湖州市	这里是日志信息......
2024-11-04 17:42:04.520225	[ERROR]	event.py	响应时间:537ms	北京市	怀柔区	这里是日志信息......
2024-11-04 17:42:04.520225	[INFO]	goods_manager.py	响应时间:278ms	上海市	宝山区	这里是日志信息......
2024-11-04 17:42:04.520225	[INFO]	barcode_service.py	响应时间:505ms	江苏省	无锡市	这里是日志信息......
2024-11-04 17:42:04.520225	[INFO]	goods_manager.py	响应时间:781ms	安徽省	合肥市	这里是日志信息......
2024-11-04 17:42:04.520225	[INFO]	event.py	响应时间:618ms	湖南省	长沙市	这里是日志信息......
2024-11-04 17:42:04.520225	[INFO]	user_manager.py	响应时间:842ms	上海市	杨浦区	这里是日志信息......
2024-11-04 17:42:04.520225	[INFO]	barcode_service.py	响应时间:877ms	浙江省	丽水市	这里是日志信息......
2024-11-04 17:42:04.520225	[INFO]	event.py	响应时间:28ms	湖北省	武汉市	这里是日志信息......
2024-11-04 17:42:04.520225	[INFO]	event.py	响应时间:507ms	北京市	昌平区	这里是日志信息......
2024-11-04 17:42:04.520225	[INFO]	event.py	响应时间:929ms	安徽省	芜湖市	这里是日志信息......
2024-11-04 17:42:04.520225	[INFO]	base_network.py	响应时间:367ms	浙江省	丽水市	这里是日志信息......
2024-11-04 17:42:04.520225	[INFO]	user_manager.py	响应时间:955ms	湖北省	恩施土家族苗族自治州	这里是日志信息......
2024-11-04 17:42:04.520225	[INFO]	shop_manager.py	响应时间:825ms	重庆市	涪陵区	这里是日志信息......
2024-11-04 17:42:04.520225	[INFO]	base_network.py	响应时间:943ms	北京市	海淀区	这里是日志信息......
2024-11-04 17:42:04.520225	[INFO]	event.py	响应时间:756ms	天津市	武清区	这里是日志信息......
2024-11-04 17:42:04.520225	[INFO]	user_manager.py	响应时间:851ms	重庆市	万州区	这里是日志信息......
2024-11-04 17:42:04.520225	[INFO]	goods_manager.py	响应时间:258ms	湖南省	张家界市	这里是日志信息......
2024-11-04 17:42:04.520225	[INFO]	goods_manager.py	响应时间:604ms	江苏省	常州市	这里是日志信息......
2024-11-04 17:42:04.520225	[INFO]	base_network.py	响应时间:315ms	山东省	青岛市	这里是日志信息......
2024-11-04 17:42:04.520225	[INFO]	event.py	响应时间:144ms	上海市	浦东新区	这里是日志信息......
2024-11-04 17:42:04.520225	[INFO]	user_manager.py	响应时间:175ms	江苏省	南京市	这里是日志信息......
2024-11-04 17:42:04.520225	[INFO]	orders_service.py	响应时间:894ms	天津市	河东区	这里是日志信息......
2024-11-04 17:42:04.520225	[INFO]	orders_service.py	响应时间:298ms	安徽省	阜阳市	这里是日志信息......
2024-11-04 17:42:04.520225	[INFO]	goods_manager.py	响应时间:2478ms	湖南省	益阳市	这里是日志信息......
2024-11-04 17:42:04.520225	[WARN]	orders_service.py	响应时间:831ms	天津市	和平区	这里是日志信息......
2024-11-04 17:42:04.520225	[INFO]	event.py	响应时间:882ms	江苏省	南京市	这里是日志信息......
2024-11-04 17:42:04.520225	[INFO]	event.py	响应时间:8074ms	山东省	菏泽市	这里是日志信息......
2024-11-04 17:42:04.520225	[INFO]	user_manager.py	响应时间:651ms	浙江省	金华市	这里是日志信息......
2024-11-04 17:42:04.520225	[INFO]	event.py	响应时间:954ms	山东省	济南市	这里是日志信息......
2024-11-04 17:42:04.520225	[WARN]	goods_manager.py	响应时间:686ms	山东省	济南市	这里是日志信息......
2024-11-04 17:42:04.520225	[WARN]	goods_manager.py	响应时间:997ms	安徽省	合肥市	这里是日志信息......
2024-11-04 17:42:04.520225	[INFO]	orders_service.py	响应时间:779ms	湖南省	长沙市	这里是日志信息......
2024-11-04 17:42:04.520225	[INFO]	event.py	响应时间:755ms	湖北省	恩施土家族苗族自治州	这里是日志信息......
2024-11-04 17:42:04.520225	[INFO]	barcode_service.py	响应时间:123ms	广东省	深圳市	这里是日志信息......
2024-11-04 17:42:04.520225	[INFO]	orders_service.py	响应时间:603ms	广东省	广州市	这里是日志信息......
2024-11-04 17:42:04.520225	[WARN]	user_manager.py	响应时间:6267ms	北京市	怀柔区	这里是日志信息......
2024-11-04 17:42:04.520225	[INFO]	goods_manager.py	响应时间:73ms	安徽省	芜湖市	这里是日志信息......
2024-11-04 17:42:04.520225	[WARN]	user_manager.py	响应时间:875ms	重庆市	九龙坡区	这里是日志信息......
2024-11-04 17:42:04.520225	[ERROR]	orders_service.py	响应时间:197ms	江苏省	宿迁市	这里是日志信息......
2024-11-04 17:42:04.520225	[INFO]	goods_manager.py	响应时间:574ms	湖北省	武汉市	这里是日志信息......
2024-11-04 17:42:04.520225	[INFO]	barcode_service.py	响应时间:109ms	安徽省	六安市	这里是日志信息......
2024-11-04 17:42:04.520225	[INFO]	orders_service.py	响应时间:701ms	北京市	丰台区	这里是日志信息......
2024-11-04 17:42:04.520225	[INFO]	orders_service.py	响应时间:846ms	安徽省	合肥市	这里是日志信息......
2024-11-04 17:42:04.520225	[INFO]	user_manager.py	响应时间:419ms	天津市	武清区	这里是日志信息......
2024-11-04 17:42:04.520225	[INFO]	orders_service.py	响应时间:367ms	江苏省	南京市	这里是日志信息......
2024-11-04 17:42:04.520225	[INFO]	barcode_service.py	响应时间:792ms	北京市	丰台区	这里是日志信息......
2024-11-04 17:42:04.520225	[ERROR]	goods_manager.py	响应时间:980ms	山东省	济南市	这里是日志信息......
2024-11-04 17:42:04.520225	[ERROR]	event.py	响应时间:4484ms	安徽省	合肥市	这里是日志信息......
2024-11-04 17:42:04.520225	[INFO]	event.py	响应时间:194ms	浙江省	舟山市	这里是日志信息......
2024-11-04 17:42:04.520225	[INFO]	goods_manager.py	响应时间:40ms	湖北省	武汉市	这里是日志信息......
2024-11-04 17:42:04.520225	[INFO]	base_network.py	响应时间:49ms	安徽省	六安市	这里是日志信息......
2024-11-04 17:42:04.520225	[INFO]	event.py	响应时间:889ms	广东省	深圳市	这里是日志信息......
2024-11-04 17:42:04.520225	[WARN]	goods_manager.py	响应时间:104ms	广东省	深圳市	这里是日志信息......
2024-11-04 17:42:04.520225	[INFO]	goods_manager.py	响应时间:974ms	广东省	广州市	这里是日志信息......
2024-11-04 17:42:04.520225	[INFO]	event.py	响应时间:324ms	山东省	青岛市	这里是日志信息......
2024-11-04 17:42:04.520225	[INFO]	event.py	响应时间:946ms	天津市	河西区	这里是日志信息......
2024-11-04 17:42:04.520225	[INFO]	user_manager.py	响应时间:484ms	湖北省	恩施土家族苗族自治州	这里是日志信息......
2024-11-04 17:42:04.520225	[INFO]	orders_service.py	响应时间:929ms	北京市	大兴区	这里是日志信息......
2024-11-04 17:42:04.520225	[INFO]	event.py	响应时间:146ms	湖南省	张家界市	这里是日志信息......
2024-11-04 17:42:04.520225	[INFO]	event.py	响应时间:145ms	湖北省	荆州市	这里是日志信息......
2024-11-04 17:42:04.520225	[INFO]	event.py	响应时间:773ms	江苏省	南京市	这里是日志信息......
2024-11-04 17:42:04.520225	[INFO]	orders_service.py	响应时间:134ms	北京市	海淀区	这里是日志信息......
2024-11-04 17:42:04.520225	[WARN]	orders_service.py	响应时间:96ms	上海市	浦东新区	这里是日志信息......
2024-11-04 17:42:04.520225	[INFO]	goods_manager.py	响应时间:276ms	安徽省	合肥市	这里是日志信息......
2024-11-04 17:42:04.520225	[INFO]	event.py	响应时间:190ms	浙江省	金华市	这里是日志信息......
2024-11-04 17:42:04.520225	[INFO]	base_network.py	响应时间:187ms	江苏省	常州市	这里是日志信息......
2024-11-04 17:42:04.520225	[WARN]	event.py	响应时间:288ms	湖北省	荆州市	这里是日志信息......
2024-11-04 17:42:04.520225	[INFO]	user_manager.py	响应时间:742ms	北京市	海淀区	这里是日志信息......
2024-11-04 17:42:04.520225	[ERROR]	barcode_service.py	响应时间:756ms	重庆市	南岸区	这里是日志信息......
2024-11-04 17:42:04.520225	[INFO]	event.py	响应时间:975ms	湖北省	武汉市	这里是日志信息......
2024-11-04 17:42:04.520225	[WARN]	event.py	响应时间:385ms	湖南省	长沙市	这里是日志信息......
2024-11-04 17:42:04.521229	[INFO]	base_network.py	响应时间:769ms	天津市	河西区	这里是日志信息......
2024-11-04 17:42:04.521229	[ERROR]	user_manager.py	响应时间:2221ms	北京市	海淀区	这里是日志信息......
2024-11-04 17:42:04.521229	[INFO]	shop_manager.py	响应时间:862ms	天津市	宝坻区	这里是日志信息......
2024-11-04 17:42:04.521229	[INFO]	goods_manager.py	响应时间:654ms	浙江省	金华市	这里是日志信息......
2024-11-04 17:42:04.521229	[INFO]	orders_service.py	响应时间:7590ms	江苏省	南京市	这里是日志信息......
2024-11-04 17:42:04.521229	[INFO]	event.py	响应时间:555ms	广东省	广州市	这里是日志信息......
2024-11-04 17:42:04.521229	[INFO]	orders_service.py	响应时间:990ms	重庆市	万州区	这里是日志信息......
2024-11-04 17:42:04.521229	[INFO]	goods_manager.py	响应时间:283ms	安徽省	阜阳市	这里是日志信息......
2024-11-04 17:42:04.521229	[INFO]	orders_service.py	响应时间:406ms	湖北省	武汉市	这里是日志信息......
2024-11-04 17:42:04.521229	[INFO]	user_manager.py	响应时间:282ms	北京市	大兴区	这里是日志信息......
2024-11-04 17:42:04.521229	[INFO]	goods_manager.py	响应时间:1639ms	浙江省	嘉兴市	这里是日志信息......
2024-11-04 17:42:04.521229	[INFO]	user_manager.py	响应时间:315ms	浙江省	舟山市	这里是日志信息......
2024-11-04 17:42:04.521229	[INFO]	barcode_service.py	响应时间:939ms	江苏省	张家港市	这里是日志信息......
2024-11-04 17:42:04.521229	[INFO]	orders_service.py	响应时间:929ms	湖南省	长沙市	这里是日志信息......
2024-11-04 17:42:04.521229	[INFO]	barcode_service.py	响应时间:652ms	湖南省	张家界市	这里是日志信息......
2024-11-04 17:42:04.521229	[INFO]	orders_service.py	响应时间:346ms	重庆市	涪陵区	这里是日志信息......
2024-11-04 17:42:04.521229	[INFO]	barcode_service.py	响应时间:2775ms	山东省	菏泽市	这里是日志信息......
2024-11-04 17:42:04.521229	[INFO]	barcode_service.py	响应时间:424ms	湖北省	荆州市	这里是日志信息......
2024-11-04 17:42:04.521229	[WARN]	orders_service.py	响应时间:900ms	山东省	济南市	这里是日志信息......
2024-11-04 17:42:04.521229	[INFO]	orders_service.py	响应时间:725ms	湖南省	长沙市	这里是日志信息......
2024-11-04 17:42:04.521229	[INFO]	orders_service.py	响应时间:986ms	天津市	武清区	这里是日志信息......
2024-11-04 17:42:04.521229	[INFO]	orders_service.py	响应时间:45ms	北京市	大兴区	这里是日志信息......
2024-11-04 17:42:04.521229	[INFO]	orders_service.py	响应时间:512ms	江苏省	南京市	这里是日志信息......
2024-11-04 17:42:04.521229	[INFO]	orders_service.py	响应时间:801ms	北京市	海淀区	这里是日志信息......
2024-11-04 17:42:04.521229	[INFO]	event.py	响应时间:115ms	上海市	浦东新区	这里是日志信息......
2024-11-04 17:42:04.521229	[INFO]	shop_manager.py	响应时间:316ms	安徽省	阜阳市	这里是日志信息......
2024-11-04 17:42:04.521229	[INFO]	orders_service.py	响应时间:474ms	湖北省	武汉市	这里是日志信息......
2024-11-04 17:42:04.521229	[INFO]	goods_manager.py	响应时间:812ms	山东省	菏泽市	这里是日志信息......
2024-11-04 17:42:04.521229	[INFO]	shop_manager.py	响应时间:880ms	天津市	武清区	这里是日志信息......
2024-11-04 17:42:04.521229	[INFO]	goods_manager.py	响应时间:643ms	江苏省	张家港市	这里是日志信息......
2024-11-04 17:42:04.521229	[INFO]	base_network.py	响应时间:483ms	北京市	怀柔区	这里是日志信息......
2024-11-04 17:42:04.521229	[INFO]	orders_service.py	响应时间:374ms	湖南省	株洲市	这里是日志信息......
2024-11-04 17:42:04.521229	[WARN]	barcode_service.py	响应时间:816ms	湖北省	十堰市	这里是日志信息......
2024-11-04 17:42:04.521229	[INFO]	base_network.py	响应时间:125ms	湖北省	武汉市	这里是日志信息......
2024-11-04 17:42:04.521229	[INFO]	goods_manager.py	响应时间:775ms	浙江省	绍兴市	这里是日志信息......
2024-11-04 17:42:04.521229	[INFO]	barcode_service.py	响应时间:650ms	天津市	河西区	这里是日志信息......
2024-11-04 17:42:04.521229	[INFO]	event.py	响应时间:587ms	湖南省	株洲市	这里是日志信息......
2024-11-04 17:42:04.521229	[INFO]	orders_service.py	响应时间:779ms	广东省	广州市	这里是日志信息......
2024-11-04 17:42:04.521229	[INFO]	event.py	响应时间:636ms	天津市	和平区	这里是日志信息......
2024-11-04 17:42:04.521229	[INFO]	goods_manager.py	响应时间:979ms	天津市	河东区	这里是日志信息......
2024-11-04 17:42:04.521229	[INFO]	orders_service.py	响应时间:3761ms	浙江省	舟山市	这里是日志信息......
2024-11-04 17:42:04.521229	[WARN]	goods_manager.py	响应时间:228ms	重庆市	涪陵区	这里是日志信息......
2024-11-04 17:42:04.521229	[INFO]	shop_manager.py	响应时间:406ms	广东省	广州市	这里是日志信息......
2024-11-04 17:42:04.521229	[INFO]	barcode_service.py	响应时间:657ms	广东省	广州市	这里是日志信息......
2024-11-04 17:42:04.521229	[INFO]	event.py	响应时间:292ms	天津市	河西区	这里是日志信息......
2024-11-04 17:42:04.521229	[INFO]	event.py	响应时间:964ms	上海市	普陀区	这里是日志信息......
2024-11-04 17:42:04.521229	[INFO]	orders_service.py	响应时间:25ms	北京市	海淀区	这里是日志信息......
2024-11-04 17:42:04.521229	[INFO]	orders_service.py	响应时间:212ms	重庆市	渝中区	这里是日志信息......
2024-11-04 17:42:04.521229	[WARN]	barcode_service.py	响应时间:976ms	北京市	海淀区	这里是日志信息......
2024-11-04 17:42:04.521229	[INFO]	event.py	响应时间:430ms	北京市	海淀区	这里是日志信息......
2024-11-04 17:42:04.521229	[INFO]	base_network.py	响应时间:821ms	重庆市	渝中区	这里是日志信息......
2024-11-04 17:42:04.521229	[INFO]	orders_service.py	响应时间:432ms	江苏省	苏州市	这里是日志信息......
2024-11-04 17:42:04.521229	[INFO]	user_manager.py	响应时间:685ms	江苏省	苏州市	这里是日志信息......
2024-11-04 17:42:04.521229	[INFO]	shop_manager.py	响应时间:203ms	浙江省	湖州市	这里是日志信息......
2024-11-04 17:42:04.521229	[INFO]	goods_manager.py	响应时间:734ms	浙江省	绍兴市	这里是日志信息......
2024-11-04 17:42:04.521229	[INFO]	barcode_service.py	响应时间:354ms	江苏省	常州市	这里是日志信息......
2024-11-04 17:42:04.521229	[INFO]	orders_service.py	响应时间:547ms	上海市	浦东新区	这里是日志信息......
2024-11-04 17:42:04.521229	[INFO]	goods_manager.py	响应时间:855ms	湖南省	长沙市	这里是日志信息......
2024-11-04 17:42:04.521229	[INFO]	event.py	响应时间:309ms	上海市	浦东新区	这里是日志信息......
2024-11-04 17:42:04.521229	[INFO]	goods_manager.py	响应时间:599ms	重庆市	南岸区	这里是日志信息......
2024-11-04 17:42:04.521229	[INFO]	event.py	响应时间:329ms	安徽省	六安市	这里是日志信息......
2024-11-04 17:42:04.521229	[INFO]	user_manager.py	响应时间:734ms	北京市	海淀区	这里是日志信息......
2024-11-04 17:42:04.521229	[INFO]	orders_service.py	响应时间:606ms	重庆市	万州区	这里是日志信息......
2024-11-04 17:42:04.521229	[INFO]	barcode_service.py	响应时间:985ms	上海市	黄浦区	这里是日志信息......
2024-11-04 17:42:04.521229	[INFO]	goods_manager.py	响应时间:971ms	山东省	青岛市	这里是日志信息......
2024-11-04 17:42:04.521229	[INFO]	orders_service.py	响应时间:860ms	上海市	宝山区	这里是日志信息......
2024-11-04 17:42:04.521229	[INFO]	goods_manager.py	响应时间:94ms	天津市	宝坻区	这里是日志信息......
2024-11-04 17:42:04.521229	[WARN]	orders_service.py	响应时间:392ms	重庆市	渝中区	这里是日志信息......
2024-11-04 17:42:04.521229	[INFO]	user_manager.py	响应时间:56ms	上海市	宝山区	这里是日志信息......
2024-11-04 17:42:04.521229	[INFO]	orders_service.py	响应时间:719ms	上海市	杨浦区	这里是日志信息......
2024-11-04 17:42:04.521229	[INFO]	orders_service.py	响应时间:709ms	北京市	朝阳区	这里是日志信息......
2024-11-04 17:42:04.521229	[INFO]	orders_service.py	响应时间:499ms	浙江省	丽水市	这里是日志信息......
2024-11-04 17:42:04.521229	[INFO]	goods_manager.py	响应时间:204ms	湖北省	武汉市	这里是日志信息......
2024-11-04 17:42:04.521229	[INFO]	user_manager.py	响应时间:992ms	上海市	徐汇区	这里是日志信息......
2024-11-04 17:42:04.521229	[INFO]	goods_manager.py	响应时间:303ms	上海市	杨浦区	这里是日志信息......
2024-11-04 17:42:04.521229	[WARN]	orders_service.py	响应时间:965ms	山东省	青岛市	这里是日志信息......
2024-11-04 17:42:04.521229	[INFO]	orders_service.py	响应时间:984ms	浙江省	舟山市	这里是日志信息......
2024-11-04 17:42:04.521229	[INFO]	goods_manager.py	响应时间:581ms	湖南省	长沙市	这里是日志信息......
2024-11-04 17:42:04.521229	[INFO]	orders_service.py	响应时间:360ms	湖南省	株洲市	这里是日志信息......
2024-11-04 17:42:04.521229	[INFO]	user_manager.py	响应时间:79ms	北京市	朝阳区	这里是日志信息......
2024-11-04 17:42:04.521229	[INFO]	goods_manager.py	响应时间:968ms	上海市	浦东新区	这里是日志信息......
2024-11-04 17:42:04.521229	[INFO]	user_manager.py	响应时间:273ms	北京市	昌平区	这里是日志信息......
2024-11-04 17:42:04.521229	[INFO]	goods_manager.py	响应时间:594ms	浙江省	舟山市	这里是日志信息......
2024-11-04 17:42:04.521229	[INFO]	orders_service.py	响应时间:689ms	江苏省	宿迁市	这里是日志信息......
2024-11-04 17:42:04.521229	[INFO]	orders_service.py	响应时间:14ms	安徽省	合肥市	这里是日志信息......
2024-11-04 17:42:04.521229	[INFO]	orders_service.py	响应时间:526ms	广东省	深圳市	这里是日志信息......
2024-11-04 17:42:04.521229	[INFO]	barcode_service.py	响应时间:180ms	江苏省	宿迁市	这里是日志信息......
2024-11-04 17:42:04.521229	[INFO]	barcode_service.py	响应时间:365ms	上海市	静安区	这里是日志信息......
2024-11-04 17:42:04.521229	[INFO]	base_network.py	响应时间:441ms	天津市	河东区	这里是日志信息......
2024-11-04 17:42:04.521229	[INFO]	goods_manager.py	响应时间:242ms	湖南省	益阳市	这里是日志信息......
2024-11-04 17:42:04.521229	[INFO]	orders_service.py	响应时间:829ms	天津市	宝坻区	这里是日志信息......
2024-11-04 17:42:04.521229	[INFO]	user_manager.py	响应时间:925ms	山东省	青岛市	这里是日志信息......
2024-11-04 17:42:04.521229	[INFO]	user_manager.py	响应时间:239ms	湖南省	长沙市	这里是日志信息......
2024-11-04 17:42:04.521229	[INFO]	orders_service.py	响应时间:996ms	山东省	济南市	这里是日志信息......
2024-11-04 17:42:04.521229	[INFO]	barcode_service.py	响应时间:497ms	湖南省	长沙市	这里是日志信息......
2024-11-04 17:42:04.521229	[INFO]	orders_service.py	响应时间:646ms	湖北省	武汉市	这里是日志信息......
2024-11-04 17:42:04.521229	[INFO]	shop_manager.py	响应时间:606ms	北京市	朝阳区	这里是日志信息......
2024-11-04 17:42:04.521229	[INFO]	event.py	响应时间:823ms	江苏省	苏州市	这里是日志信息......
2024-11-04 17:42:04.521229	[ERROR]	event.py	响应时间:5728ms	江苏省	常州市	这里是日志信息......
2024-11-04 17:42:04.521229	[INFO]	goods_manager.py	响应时间:488ms	北京市	海淀区	这里是日志信息......
2024-11-04 17:42:04.521229	[INFO]	goods_manager.py	响应时间:710ms	北京市	大兴区	这里是日志信息......
2024-11-04 17:42:04.521229	[INFO]	shop_manager.py	响应时间:107ms	湖南省	长沙市	这里是日志信息......
2024-11-04 17:42:04.521229	[INFO]	event.py	响应时间:701ms	安徽省	合肥市	这里是日志信息......
2024-11-04 17:42:04.521229	[INFO]	shop_manager.py	响应时间:245ms	湖北省	武汉市	这里是日志信息......
2024-11-04 17:42:04.521229	[INFO]	orders_service.py	响应时间:299ms	天津市	武清区	这里是日志信息......
2024-11-04 17:42:04.521229	[INFO]	orders_service.py	响应时间:363ms	北京市	昌平区	这里是日志信息......
2024-11-04 17:42:04.521229	[WARN]	event.py	响应时间:681ms	江苏省	苏州市	这里是日志信息......
2024-11-04 17:42:04.521229	[INFO]	orders_service.py	响应时间:226ms	上海市	普陀区	这里是日志信息......
2024-11-04 17:42:04.521229	[WARN]	shop_manager.py	响应时间:29ms	北京市	昌平区	这里是日志信息......
2024-11-04 17:42:04.521229	[INFO]	base_network.py	响应时间:977ms	浙江省	嘉兴市	这里是日志信息......
2024-11-04 17:42:04.521229	[ERROR]	base_network.py	响应时间:318ms	浙江省	金华市	这里是日志信息......
2024-11-04 17:42:04.521229	[INFO]	user_manager.py	响应时间:151ms	广东省	珠海市	这里是日志信息......
2024-11-04 17:42:04.521229	[INFO]	base_network.py	响应时间:86ms	湖南省	益阳市	这里是日志信息......
2024-11-04 17:42:04.521229	[INFO]	base_network.py	响应时间:235ms	江苏省	南京市	这里是日志信息......
2024-11-04 17:42:04.521229	[WARN]	goods_manager.py	响应时间:57ms	湖北省	武汉市	这里是日志信息......
2024-11-04 17:42:04.521229	[INFO]	shop_manager.py	响应时间:487ms	上海市	普陀区	这里是日志信息......
2024-11-04 17:42:04.521229	[INFO]	goods_manager.py	响应时间:439ms	北京市	朝阳区	这里是日志信息......
2024-11-04 17:42:04.521229	[INFO]	event.py	响应时间:567ms	安徽省	合肥市	这里是日志信息......
2024-11-04 17:42:04.521229	[INFO]	goods_manager.py	响应时间:583ms	湖南省	长沙市	这里是日志信息......
2024-11-04 17:42:04.521229	[INFO]	orders_service.py	响应时间:485ms	广东省	广州市	这里是日志信息......
2024-11-04 17:42:04.521229	[INFO]	orders_service.py	响应时间:15ms	浙江省	杭州市	这里是日志信息......
2024-11-04 17:42:04.521229	[INFO]	event.py	响应时间:9725ms	浙江省	杭州市	这里是日志信息......
2024-11-04 17:42:04.521229	[INFO]	base_network.py	响应时间:915ms	山东省	济南市	这里是日志信息......
2024-11-04 17:42:04.521229	[INFO]	goods_manager.py	响应时间:424ms	重庆市	九龙坡区	这里是日志信息......
2024-11-04 17:42:04.521229	[WARN]	event.py	响应时间:39ms	安徽省	阜阳市	这里是日志信息......
2024-11-04 17:42:04.521229	[INFO]	event.py	响应时间:194ms	上海市	宝山区	这里是日志信息......
2024-11-04 17:42:04.521229	[WARN]	goods_manager.py	响应时间:8474ms	上海市	徐汇区	这里是日志信息......
2024-11-04 17:42:04.521229	[INFO]	orders_service.py	响应时间:266ms	安徽省	阜阳市	这里是日志信息......
2024-11-04 17:42:04.521229	[INFO]	event.py	响应时间:897ms	江苏省	无锡市	这里是日志信息......
2024-11-04 17:42:04.521229	[INFO]	orders_service.py	响应时间:209ms	重庆市	万州区	这里是日志信息......
2024-11-04 17:42:04.521229	[INFO]	user_manager.py	响应时间:328ms	山东省	菏泽市	这里是日志信息......
2024-11-04 17:42:04.521229	[INFO]	event.py	响应时间:187ms	天津市	河东区	这里是日志信息......
2024-11-04 17:42:04.521229	[INFO]	orders_service.py	响应时间:205ms	湖南省	长沙市	这里是日志信息......
2024-11-04 17:42:04.521229	[INFO]	orders_service.py	响应时间:939ms	浙江省	杭州市	这里是日志信息......
2024-11-04 17:42:04.521229	[INFO]	orders_service.py	响应时间:231ms	山东省	青岛市	这里是日志信息......
2024-11-04 17:42:04.521229	[INFO]	event.py	响应时间:478ms	浙江省	舟山市	这里是日志信息......
2024-11-04 17:42:04.521229	[INFO]	event.py	响应时间:390ms	湖南省	张家界市	这里是日志信息......
2024-11-04 17:42:04.522228	[INFO]	event.py	响应时间:894ms	广东省	广州市	这里是日志信息......
2024-11-04 17:42:04.522228	[INFO]	goods_manager.py	响应时间:9076ms	广东省	广州市	这里是日志信息......
2024-11-04 17:42:04.522228	[INFO]	orders_service.py	响应时间:765ms	安徽省	池州市	这里是日志信息......
2024-11-04 17:42:04.522228	[INFO]	base_network.py	响应时间:332ms	山东省	济南市	这里是日志信息......
2024-11-04 17:42:04.522228	[INFO]	goods_manager.py	响应时间:898ms	江苏省	宿迁市	这里是日志信息......
2024-11-04 17:42:04.522228	[INFO]	base_network.py	响应时间:160ms	湖南省	长沙市	这里是日志信息......
2024-11-04 17:42:04.522228	[INFO]	event.py	响应时间:576ms	北京市	昌平区	这里是日志信息......
2024-11-04 17:42:04.522228	[INFO]	barcode_service.py	响应时间:499ms	广东省	珠海市	这里是日志信息......
2024-11-04 17:42:04.522228	[INFO]	orders_service.py	响应时间:801ms	湖北省	武汉市	这里是日志信息......
2024-11-04 17:42:04.522228	[ERROR]	goods_manager.py	响应时间:9ms	重庆市	九龙坡区	这里是日志信息......
2024-11-04 17:42:04.522228	[INFO]	barcode_service.py	响应时间:746ms	江苏省	苏州市	这里是日志信息......
2024-11-04 17:42:04.522228	[INFO]	event.py	响应时间:83ms	湖北省	恩施土家族苗族自治州	这里是日志信息......
2024-11-04 17:42:04.522228	[INFO]	orders_service.py	响应时间:759ms	广东省	珠海市	这里是日志信息......
2024-11-04 17:42:04.522228	[INFO]	orders_service.py	响应时间:537ms	上海市	普陀区	这里是日志信息......
2024-11-04 17:42:04.522228	[INFO]	event.py	响应时间:806ms	广东省	广州市	这里是日志信息......
2024-11-04 17:42:04.522228	[INFO]	user_manager.py	响应时间:720ms	江苏省	无锡市	这里是日志信息......
2024-11-04 17:42:04.522228	[WARN]	event.py	响应时间:956ms	天津市	宝坻区	这里是日志信息......
2024-11-04 17:42:04.522228	[INFO]	barcode_service.py	响应时间:966ms	上海市	徐汇区	这里是日志信息......
2024-11-04 17:42:04.522228	[INFO]	orders_service.py	响应时间:502ms	山东省	青岛市	这里是日志信息......
2024-11-04 17:42:04.522228	[WARN]	orders_service.py	响应时间:33ms	重庆市	沙坪坝区	这里是日志信息......
2024-11-04 17:42:04.522228	[INFO]	user_manager.py	响应时间:91ms	湖北省	荆州市	这里是日志信息......
2024-11-04 17:42:04.522228	[INFO]	goods_manager.py	响应时间:496ms	浙江省	绍兴市	这里是日志信息......
2024-11-04 17:42:04.522228	[INFO]	event.py	响应时间:0ms	广东省	广州市	这里是日志信息......
2024-11-04 17:42:04.522228	[INFO]	goods_manager.py	响应时间:56ms	江苏省	常州市	这里是日志信息......
2024-11-04 17:42:04.522228	[INFO]	orders_service.py	响应时间:59ms	重庆市	南岸区	这里是日志信息......
2024-11-04 17:42:04.522228	[INFO]	goods_manager.py	响应时间:499ms	山东省	青岛市	这里是日志信息......
2024-11-04 17:42:04.522228	[INFO]	event.py	响应时间:922ms	天津市	和平区	这里是日志信息......
2024-11-04 17:42:04.522228	[ERROR]	base_network.py	响应时间:728ms	广东省	深圳市	这里是日志信息......
2024-11-04 17:42:04.522228	[WARN]	orders_service.py	响应时间:866ms	天津市	和平区	这里是日志信息......
2024-11-04 17:42:04.522228	[INFO]	goods_manager.py	响应时间:442ms	浙江省	舟山市	这里是日志信息......
2024-11-04 17:42:04.522228	[WARN]	event.py	响应时间:557ms	山东省	青岛市	这里是日志信息......
2024-11-04 17:42:04.522228	[INFO]	event.py	响应时间:751ms	重庆市	九龙坡区	这里是日志信息......
2024-11-04 17:42:04.522228	[INFO]	event.py	响应时间:461ms	重庆市	万州区	这里是日志信息......
2024-11-04 17:42:04.522228	[INFO]	orders_service.py	响应时间:70ms	上海市	宝山区	这里是日志信息......
2024-11-04 17:42:04.522228	[INFO]	orders_service.py	响应时间:393ms	湖南省	长沙市	这里是日志信息......
2024-11-04 17:42:04.522228	[INFO]	event.py	响应时间:41ms	天津市	武清区	这里是日志信息......
2024-11-04 17:42:04.522228	[INFO]	goods_manager.py	响应时间:340ms	广东省	广州市	这里是日志信息......
2024-11-04 17:42:04.522228	[INFO]	orders_service.py	响应时间:495ms	广东省	珠海市	这里是日志信息......
2024-11-04 17:42:04.522228	[INFO]	goods_manager.py	响应时间:630ms	安徽省	合肥市	这里是日志信息......
2024-11-04 17:42:04.522228	[INFO]	user_manager.py	响应时间:637ms	广东省	广州市	这里是日志信息......
2024-11-04 17:42:04.522228	[INFO]	base_network.py	响应时间:149ms	广东省	广州市	这里是日志信息......
2024-11-04 17:42:04.522228	[INFO]	orders_service.py	响应时间:472ms	北京市	昌平区	这里是日志信息......
2024-11-04 17:42:04.522228	[INFO]	event.py	响应时间:925ms	北京市	丰台区	这里是日志信息......
2024-11-04 17:42:04.522228	[INFO]	goods_manager.py	响应时间:906ms	天津市	河东区	这里是日志信息......
2024-11-04 17:42:04.522228	[INFO]	orders_service.py	响应时间:392ms	山东省	济南市	这里是日志信息......
2024-11-04 17:42:04.522228	[INFO]	event.py	响应时间:402ms	天津市	宝坻区	这里是日志信息......
2024-11-04 17:42:04.522228	[INFO]	goods_manager.py	响应时间:254ms	浙江省	嘉兴市	这里是日志信息......
2024-11-04 17:42:04.522228	[INFO]	event.py	响应时间:767ms	北京市	丰台区	这里是日志信息......
2024-11-04 17:42:04.522228	[WARN]	event.py	响应时间:84ms	江苏省	苏州市	这里是日志信息......
2024-11-04 17:42:04.522228	[INFO]	barcode_service.py	响应时间:26ms	山东省	济南市	这里是日志信息......
2024-11-04 17:42:04.522228	[INFO]	shop_manager.py	响应时间:886ms	浙江省	嘉兴市	这里是日志信息......
2024-11-04 17:42:04.522228	[INFO]	event.py	响应时间:932ms	安徽省	合肥市	这里是日志信息......
2024-11-04 17:42:04.522228	[INFO]	user_manager.py	响应时间:332ms	山东省	青岛市	这里是日志信息......
2024-11-04 17:42:04.522228	[INFO]	event.py	响应时间:623ms	安徽省	铜陵市	这里是日志信息......
2024-11-04 17:42:04.522228	[INFO]	barcode_service.py	响应时间:602ms	重庆市	万州区	这里是日志信息......
2024-11-04 17:42:04.522228	[INFO]	goods_manager.py	响应时间:291ms	浙江省	金华市	这里是日志信息......
2024-11-04 17:42:04.522228	[INFO]	user_manager.py	响应时间:639ms	北京市	丰台区	这里是日志信息......
2024-11-04 17:42:04.522228	[INFO]	orders_service.py	响应时间:393ms	广东省	珠海市	这里是日志信息......
2024-11-04 17:42:04.522228	[INFO]	barcode_service.py	响应时间:646ms	浙江省	嘉兴市	这里是日志信息......
2024-11-04 17:42:04.522228	[INFO]	event.py	响应时间:444ms	上海市	静安区	这里是日志信息......
2024-11-04 17:42:04.522228	[INFO]	goods_manager.py	响应时间:563ms	湖南省	长沙市	这里是日志信息......
2024-11-04 17:42:04.522228	[INFO]	goods_manager.py	响应时间:813ms	江苏省	苏州市	这里是日志信息......
2024-11-04 17:42:04.522228	[INFO]	event.py	响应时间:672ms	天津市	宝坻区	这里是日志信息......
2024-11-04 17:42:04.522228	[ERROR]	event.py	响应时间:439ms	江苏省	苏州市	这里是日志信息......
2024-11-04 17:42:04.522228	[INFO]	orders_service.py	响应时间:269ms	江苏省	无锡市	这里是日志信息......
2024-11-04 17:42:04.522228	[INFO]	barcode_service.py	响应时间:993ms	湖北省	武汉市	这里是日志信息......
2024-11-04 17:42:04.522228	[WARN]	goods_manager.py	响应时间:641ms	江苏省	南京市	这里是日志信息......
2024-11-04 17:42:04.522228	[INFO]	base_network.py	响应时间:946ms	浙江省	杭州市	这里是日志信息......
2024-11-04 17:42:04.522228	[INFO]	event.py	响应时间:419ms	广东省	深圳市	这里是日志信息......
2024-11-04 17:42:04.522228	[INFO]	barcode_service.py	响应时间:105ms	安徽省	阜阳市	这里是日志信息......
2024-11-04 17:42:04.522228	[INFO]	base_network.py	响应时间:203ms	湖北省	武汉市	这里是日志信息......
2024-11-04 17:42:04.522228	[WARN]	goods_manager.py	响应时间:988ms	安徽省	阜阳市	这里是日志信息......
2024-11-04 17:42:04.522228	[WARN]	shop_manager.py	响应时间:585ms	江苏省	南京市	这里是日志信息......
2024-11-04 17:42:04.522228	[INFO]	event.py	响应时间:63ms	山东省	青岛市	这里是日志信息......
2024-11-04 17:42:04.522228	[INFO]	event.py	响应时间:319ms	湖南省	株洲市	这里是日志信息......
2024-11-04 17:42:04.522228	[INFO]	event.py	响应时间:252ms	山东省	济南市	这里是日志信息......
2024-11-04 17:42:04.522228	[WARN]	shop_manager.py	响应时间:898ms	北京市	朝阳区	这里是日志信息......
2024-11-04 17:42:04.522228	[WARN]	goods_manager.py	响应时间:398ms	天津市	武清区	这里是日志信息......
2024-11-04 17:42:04.522228	[INFO]	event.py	响应时间:472ms	江苏省	常州市	这里是日志信息......
2024-11-04 17:42:04.522228	[WARN]	goods_manager.py	响应时间:453ms	浙江省	舟山市	这里是日志信息......
2024-11-04 17:42:04.522228	[INFO]	orders_service.py	响应时间:826ms	山东省	青岛市	这里是日志信息......
2024-11-04 17:42:04.522228	[INFO]	goods_manager.py	响应时间:784ms	广东省	深圳市	这里是日志信息......
2024-11-04 17:42:04.522228	[INFO]	barcode_service.py	响应时间:990ms	上海市	徐汇区	这里是日志信息......
2024-11-04 17:42:04.522228	[INFO]	goods_manager.py	响应时间:8678ms	广东省	广州市	这里是日志信息......
2024-11-04 17:42:04.522228	[WARN]	user_manager.py	响应时间:688ms	北京市	大兴区	这里是日志信息......
2024-11-04 17:42:04.522228	[INFO]	base_network.py	响应时间:94ms	湖南省	长沙市	这里是日志信息......
2024-11-04 17:42:04.522228	[ERROR]	barcode_service.py	响应时间:531ms	山东省	青岛市	这里是日志信息......
2024-11-04 17:42:04.522228	[INFO]	goods_manager.py	响应时间:143ms	上海市	普陀区	这里是日志信息......
2024-11-04 17:42:04.522228	[INFO]	event.py	响应时间:475ms	上海市	浦东新区	这里是日志信息......
2024-11-04 17:42:04.522228	[INFO]	event.py	响应时间:436ms	重庆市	九龙坡区	这里是日志信息......
2024-11-04 17:42:04.522228	[INFO]	event.py	响应时间:350ms	重庆市	万州区	这里是日志信息......
2024-11-04 17:42:04.522228	[INFO]	orders_service.py	响应时间:432ms	北京市	怀柔区	这里是日志信息......
2024-11-04 17:42:04.522228	[INFO]	orders_service.py	响应时间:256ms	湖北省	荆州市	这里是日志信息......
2024-11-04 17:42:04.522228	[WARN]	orders_service.py	响应时间:102ms	安徽省	铜陵市	这里是日志信息......
2024-11-04 17:42:04.522228	[INFO]	user_manager.py	响应时间:703ms	上海市	黄浦区	这里是日志信息......
2024-11-04 17:42:04.522228	[INFO]	base_network.py	响应时间:807ms	安徽省	阜阳市	这里是日志信息......
2024-11-04 17:42:04.522228	[INFO]	user_manager.py	响应时间:112ms	天津市	和平区	这里是日志信息......
2024-11-04 17:42:04.522228	[INFO]	shop_manager.py	响应时间:362ms	湖南省	长沙市	这里是日志信息......
2024-11-04 17:42:04.522228	[INFO]	base_network.py	响应时间:907ms	湖北省	恩施土家族苗族自治州	这里是日志信息......
2024-11-04 17:42:04.522228	[INFO]	event.py	响应时间:36ms	山东省	济南市	这里是日志信息......
2024-11-04 17:42:04.522228	[INFO]	event.py	响应时间:112ms	重庆市	万州区	这里是日志信息......
2024-11-04 17:42:04.522228	[INFO]	goods_manager.py	响应时间:49ms	安徽省	六安市	这里是日志信息......
2024-11-04 17:42:04.522228	[INFO]	event.py	响应时间:780ms	上海市	浦东新区	这里是日志信息......
2024-11-04 17:42:04.522228	[INFO]	event.py	响应时间:90ms	江苏省	苏州市	这里是日志信息......
2024-11-04 17:42:04.522228	[INFO]	user_manager.py	响应时间:148ms	江苏省	南京市	这里是日志信息......
2024-11-04 17:42:04.522228	[WARN]	barcode_service.py	响应时间:866ms	安徽省	池州市	这里是日志信息......
2024-11-04 17:42:04.522228	[INFO]	barcode_service.py	响应时间:944ms	北京市	朝阳区	这里是日志信息......
2024-11-04 17:42:04.522228	[INFO]	orders_service.py	响应时间:548ms	重庆市	渝中区	这里是日志信息......
2024-11-04 17:42:04.522228	[INFO]	goods_manager.py	响应时间:709ms	湖北省	武汉市	这里是日志信息......
2024-11-04 17:42:04.522228	[INFO]	orders_service.py	响应时间:80ms	山东省	青岛市	这里是日志信息......
2024-11-04 17:42:04.522228	[INFO]	base_network.py	响应时间:534ms	江苏省	无锡市	这里是日志信息......
2024-11-04 17:42:04.522228	[INFO]	orders_service.py	响应时间:12ms	北京市	怀柔区	这里是日志信息......
2024-11-04 17:42:04.522228	[INFO]	barcode_service.py	响应时间:516ms	广东省	珠海市	这里是日志信息......
2024-11-04 17:42:04.522228	[INFO]	orders_service.py	响应时间:295ms	上海市	浦东新区	这里是日志信息......
2024-11-04 17:42:04.522228	[INFO]	user_manager.py	响应时间:55ms	广东省	广州市	这里是日志信息......
2024-11-04 17:42:04.522228	[INFO]	shop_manager.py	响应时间:147ms	浙江省	杭州市	这里是日志信息......
2024-11-04 17:42:04.522228	[WARN]	orders_service.py	响应时间:206ms	山东省	菏泽市	这里是日志信息......
2024-11-04 17:42:04.522228	[INFO]	event.py	响应时间:617ms	山东省	青岛市	这里是日志信息......
2024-11-04 17:42:04.522228	[INFO]	goods_manager.py	响应时间:406ms	浙江省	绍兴市	这里是日志信息......
2024-11-04 17:42:04.522228	[INFO]	event.py	响应时间:295ms	山东省	济南市	这里是日志信息......
2024-11-04 17:42:04.522228	[INFO]	orders_service.py	响应时间:192ms	重庆市	万州区	这里是日志信息......
2024-11-04 17:42:04.522228	[INFO]	event.py	响应时间:825ms	广东省	广州市	这里是日志信息......
2024-11-04 17:42:04.522228	[INFO]	event.py	响应时间:321ms	湖北省	武汉市	这里是日志信息......
2024-11-04 17:42:04.522228	[INFO]	orders_service.py	响应时间:250ms	江苏省	南京市	这里是日志信息......
2024-11-04 17:42:04.522228	[INFO]	shop_manager.py	响应时间:42ms	浙江省	舟山市	这里是日志信息......
2024-11-04 17:42:04.522228	[INFO]	shop_manager.py	响应时间:923ms	安徽省	池州市	这里是日志信息......
2024-11-04 17:42:04.522228	[INFO]	goods_manager.py	响应时间:989ms	安徽省	六安市	这里是日志信息......
2024-11-04 17:42:04.522228	[INFO]	base_network.py	响应时间:534ms	湖北省	荆州市	这里是日志信息......
2024-11-04 17:42:04.522228	[INFO]	shop_manager.py	响应时间:737ms	重庆市	万州区	这里是日志信息......
2024-11-04 17:42:04.522228	[INFO]	user_manager.py	响应时间:673ms	江苏省	苏州市	这里是日志信息......
2024-11-04 17:42:04.522228	[INFO]	user_manager.py	响应时间:95ms	山东省	青岛市	这里是日志信息......
2024-11-04 17:42:04.522228	[INFO]	event.py	响应时间:73ms	浙江省	杭州市	这里是日志信息......
2024-11-04 17:42:04.522228	[INFO]	barcode_service.py	响应时间:46ms	天津市	河东区	这里是日志信息......
2024-11-04 17:42:04.522228	[ERROR]	event.py	响应时间:5865ms	山东省	青岛市	这里是日志信息......
2024-11-04 17:42:04.522228	[INFO]	goods_manager.py	响应时间:21ms	安徽省	合肥市	这里是日志信息......
2024-11-04 17:42:04.522228	[INFO]	event.py	响应时间:773ms	北京市	丰台区	这里是日志信息......
2024-11-04 17:42:04.522228	[ERROR]	goods_manager.py	响应时间:173ms	上海市	普陀区	这里是日志信息......
2024-11-04 17:42:04.522228	[INFO]	orders_service.py	响应时间:152ms	浙江省	金华市	这里是日志信息......
2024-11-04 17:42:04.523228	[WARN]	base_network.py	响应时间:856ms	北京市	海淀区	这里是日志信息......
2024-11-04 17:42:04.523228	[INFO]	base_network.py	响应时间:799ms	湖北省	武汉市	这里是日志信息......
2024-11-04 17:42:04.523228	[INFO]	user_manager.py	响应时间:913ms	上海市	普陀区	这里是日志信息......
2024-11-04 17:42:04.523228	[INFO]	event.py	响应时间:142ms	天津市	河东区	这里是日志信息......
2024-11-04 17:42:04.523228	[INFO]	event.py	响应时间:812ms	重庆市	渝中区	这里是日志信息......
2024-11-04 17:42:04.523228	[INFO]	shop_manager.py	响应时间:513ms	安徽省	阜阳市	这里是日志信息......
2024-11-04 17:42:04.523228	[INFO]	goods_manager.py	响应时间:801ms	湖南省	张家界市	这里是日志信息......
2024-11-04 17:42:04.523228	[INFO]	barcode_service.py	响应时间:263ms	重庆市	九龙坡区	这里是日志信息......
2024-11-04 17:42:04.523228	[INFO]	goods_manager.py	响应时间:601ms	北京市	怀柔区	这里是日志信息......
2024-11-04 17:42:04.523228	[INFO]	event.py	响应时间:848ms	北京市	大兴区	这里是日志信息......
2024-11-04 17:42:04.523228	[INFO]	user_manager.py	响应时间:3ms	山东省	青岛市	这里是日志信息......
2024-11-04 17:42:04.523228	[INFO]	event.py	响应时间:507ms	湖南省	长沙市	这里是日志信息......
2024-11-04 17:42:04.523228	[INFO]	base_network.py	响应时间:937ms	山东省	青岛市	这里是日志信息......
2024-11-04 17:42:04.523356	[INFO]	shop_manager.py	响应时间:452ms	湖南省	长沙市	这里是日志信息......
2024-11-04 17:42:04.523356	[WARN]	orders_service.py	响应时间:438ms	重庆市	南岸区	这里是日志信息......
2024-11-04 17:42:04.523356	[ERROR]	goods_manager.py	响应时间:7ms	北京市	海淀区	这里是日志信息......
2024-11-04 17:42:04.523356	[INFO]	goods_manager.py	响应时间:23ms	浙江省	嘉兴市	这里是日志信息......
2024-11-04 17:42:04.523356	[ERROR]	goods_manager.py	响应时间:886ms	安徽省	合肥市	这里是日志信息......
2024-11-04 17:42:04.523356	[INFO]	event.py	响应时间:193ms	天津市	宝坻区	这里是日志信息......
2024-11-04 17:42:04.523356	[ERROR]	goods_manager.py	响应时间:303ms	湖北省	恩施土家族苗族自治州	这里是日志信息......
2024-11-04 17:42:04.523356	[ERROR]	event.py	响应时间:7245ms	安徽省	铜陵市	这里是日志信息......
2024-11-04 17:42:04.523356	[INFO]	event.py	响应时间:210ms	山东省	青岛市	这里是日志信息......
2024-11-04 17:42:04.523356	[INFO]	event.py	响应时间:625ms	北京市	丰台区	这里是日志信息......
2024-11-04 17:42:04.523356	[INFO]	barcode_service.py	响应时间:884ms	北京市	怀柔区	这里是日志信息......
2024-11-04 17:42:04.523356	[ERROR]	barcode_service.py	响应时间:482ms	天津市	河东区	这里是日志信息......
2024-11-04 17:42:04.523356	[INFO]	user_manager.py	响应时间:223ms	山东省	菏泽市	这里是日志信息......
2024-11-04 17:42:04.523356	[WARN]	orders_service.py	响应时间:751ms	安徽省	阜阳市	这里是日志信息......
2024-11-04 17:42:04.523356	[INFO]	user_manager.py	响应时间:336ms	湖南省	长沙市	这里是日志信息......
2024-11-04 17:42:04.523356	[ERROR]	orders_service.py	响应时间:124ms	江苏省	苏州市	这里是日志信息......
2024-11-04 17:42:04.523356	[WARN]	shop_manager.py	响应时间:238ms	安徽省	合肥市	这里是日志信息......
2024-11-04 17:42:04.523356	[INFO]	base_network.py	响应时间:432ms	北京市	昌平区	这里是日志信息......
2024-11-04 17:42:04.523356	[INFO]	barcode_service.py	响应时间:695ms	浙江省	丽水市	这里是日志信息......
2024-11-04 17:42:04.523356	[INFO]	shop_manager.py	响应时间:536ms	湖南省	长沙市	这里是日志信息......
2024-11-04 17:42:04.523356	[INFO]	barcode_service.py	响应时间:491ms	湖北省	武汉市	这里是日志信息......
2024-11-04 17:42:04.523356	[INFO]	base_network.py	响应时间:841ms	湖北省	荆州市	这里是日志信息......
2024-11-04 17:42:04.523356	[INFO]	event.py	响应时间:898ms	北京市	怀柔区	这里是日志信息......
2024-11-04 17:42:04.523356	[INFO]	orders_service.py	响应时间:222ms	重庆市	南岸区	这里是日志信息......
2024-11-04 17:42:04.523356	[INFO]	shop_manager.py	响应时间:383ms	安徽省	合肥市	这里是日志信息......
2024-11-04 17:42:04.523356	[INFO]	shop_manager.py	响应时间:525ms	湖北省	武汉市	这里是日志信息......
2024-11-04 17:42:04.523356	[INFO]	goods_manager.py	响应时间:168ms	浙江省	丽水市	这里是日志信息......
2024-11-04 17:42:04.523356	[INFO]	goods_manager.py	响应时间:268ms	浙江省	金华市	这里是日志信息......
2024-11-04 17:42:04.523356	[INFO]	event.py	响应时间:1000ms	湖南省	长沙市	这里是日志信息......
2024-11-04 17:42:04.523356	[ERROR]	goods_manager.py	响应时间:5588ms	重庆市	南岸区	这里是日志信息......
2024-11-04 17:42:04.523356	[INFO]	orders_service.py	响应时间:329ms	浙江省	湖州市	这里是日志信息......
2024-11-04 17:42:04.523356	[INFO]	user_manager.py	响应时间:954ms	广东省	深圳市	这里是日志信息......
2024-11-04 17:42:04.523356	[INFO]	event.py	响应时间:558ms	浙江省	杭州市	这里是日志信息......
2024-11-04 17:42:04.523356	[INFO]	barcode_service.py	响应时间:393ms	安徽省	芜湖市	这里是日志信息......
2024-11-04 17:42:04.523356	[INFO]	orders_service.py	响应时间:384ms	浙江省	舟山市	这里是日志信息......
2024-11-04 17:42:04.523356	[INFO]	goods_manager.py	响应时间:9ms	浙江省	杭州市	这里是日志信息......
2024-11-04 17:42:04.523356	[INFO]	event.py	响应时间:848ms	江苏省	苏州市	这里是日志信息......
2024-11-04 17:42:04.523356	[INFO]	event.py	响应时间:541ms	广东省	珠海市	这里是日志信息......
2024-11-04 17:42:04.523356	[WARN]	barcode_service.py	响应时间:329ms	天津市	河西区	这里是日志信息......
2024-11-04 17:42:04.523356	[INFO]	base_network.py	响应时间:282ms	浙江省	杭州市	这里是日志信息......
2024-11-04 17:42:04.523356	[INFO]	user_manager.py	响应时间:163ms	浙江省	杭州市	这里是日志信息......
2024-11-04 17:42:04.523356	[INFO]	orders_service.py	响应时间:258ms	湖南省	长沙市	这里是日志信息......
2024-11-04 17:42:04.523356	[INFO]	event.py	响应时间:170ms	广东省	广州市	这里是日志信息......
2024-11-04 17:42:04.523356	[ERROR]	goods_manager.py	响应时间:649ms	浙江省	金华市	这里是日志信息......
2024-11-04 17:42:04.523356	[INFO]	orders_service.py	响应时间:9321ms	重庆市	涪陵区	这里是日志信息......
2024-11-04 17:42:04.523356	[INFO]	goods_manager.py	响应时间:327ms	山东省	济南市	这里是日志信息......
2024-11-04 17:42:04.523356	[INFO]	event.py	响应时间:27ms	重庆市	渝中区	这里是日志信息......
2024-11-04 17:42:04.523356	[INFO]	event.py	响应时间:294ms	重庆市	万州区	这里是日志信息......
2024-11-04 17:42:04.523356	[INFO]	goods_manager.py	响应时间:575ms	上海市	浦东新区	这里是日志信息......
2024-11-04 17:42:04.523356	[INFO]	event.py	响应时间:692ms	浙江省	金华市	这里是日志信息......
2024-11-04 17:42:04.523356	[INFO]	event.py	响应时间:564ms	湖北省	荆州市	这里是日志信息......
2024-11-04 17:42:04.523356	[INFO]	goods_manager.py	响应时间:697ms	山东省	青岛市	这里是日志信息......
2024-11-04 17:42:04.523356	[WARN]	barcode_service.py	响应时间:661ms	湖北省	荆州市	这里是日志信息......
2024-11-04 17:42:04.523356	[ERROR]	barcode_service.py	响应时间:4653ms	浙江省	丽水市	这里是日志信息......
2024-11-04 17:42:04.523356	[INFO]	event.py	响应时间:540ms	重庆市	沙坪坝区	这里是日志信息......
2024-11-04 17:42:04.523356	[ERROR]	user_manager.py	响应时间:572ms	湖北省	十堰市	这里是日志信息......
2024-11-04 17:42:04.523356	[INFO]	event.py	响应时间:817ms	湖北省	武汉市	这里是日志信息......
2024-11-04 17:42:04.523356	[INFO]	goods_manager.py	响应时间:784ms	天津市	河东区	这里是日志信息......
2024-11-04 17:42:04.523356	[INFO]	event.py	响应时间:264ms	江苏省	南京市	这里是日志信息......
2024-11-04 17:42:04.523356	[INFO]	orders_service.py	响应时间:157ms	安徽省	阜阳市	这里是日志信息......
2024-11-04 17:42:04.523356	[INFO]	event.py	响应时间:252ms	安徽省	阜阳市	这里是日志信息......
2024-11-04 17:42:04.523356	[INFO]	event.py	响应时间:7650ms	上海市	浦东新区	这里是日志信息......
2024-11-04 17:42:04.523356	[INFO]	orders_service.py	响应时间:190ms	安徽省	合肥市	这里是日志信息......
2024-11-04 17:42:04.523356	[INFO]	goods_manager.py	响应时间:932ms	湖北省	武汉市	这里是日志信息......
2024-11-04 17:42:04.523356	[INFO]	event.py	响应时间:577ms	广东省	深圳市	这里是日志信息......
2024-11-04 17:42:04.523356	[INFO]	user_manager.py	响应时间:180ms	上海市	黄浦区	这里是日志信息......
2024-11-04 17:42:04.523356	[WARN]	event.py	响应时间:37ms	山东省	青岛市	这里是日志信息......
2024-11-04 17:42:04.523356	[INFO]	event.py	响应时间:623ms	重庆市	南岸区	这里是日志信息......
2024-11-04 17:42:04.523356	[INFO]	event.py	响应时间:884ms	天津市	宝坻区	这里是日志信息......
2024-11-04 17:42:04.523356	[INFO]	goods_manager.py	响应时间:220ms	浙江省	嘉兴市	这里是日志信息......
2024-11-04 17:42:04.523356	[INFO]	orders_service.py	响应时间:971ms	安徽省	六安市	这里是日志信息......
2024-11-04 17:42:04.523356	[INFO]	orders_service.py	响应时间:98ms	天津市	河西区	这里是日志信息......
2024-11-04 17:42:04.523356	[INFO]	user_manager.py	响应时间:731ms	湖北省	武汉市	这里是日志信息......
2024-11-04 17:42:04.523356	[WARN]	barcode_service.py	响应时间:216ms	重庆市	沙坪坝区	这里是日志信息......
2024-11-04 17:42:04.523356	[INFO]	event.py	响应时间:378ms	天津市	和平区	这里是日志信息......
2024-11-04 17:42:04.523356	[INFO]	barcode_service.py	响应时间:423ms	北京市	丰台区	这里是日志信息......
2024-11-04 17:42:04.523356	[INFO]	event.py	响应时间:113ms	广东省	深圳市	这里是日志信息......
2024-11-04 17:42:04.523356	[INFO]	orders_service.py	响应时间:901ms	重庆市	涪陵区	这里是日志信息......
2024-11-04 17:42:04.523356	[INFO]	event.py	响应时间:74ms	江苏省	南京市	这里是日志信息......
2024-11-04 17:42:04.523356	[INFO]	base_network.py	响应时间:601ms	安徽省	池州市	这里是日志信息......
2024-11-04 17:42:04.523356	[INFO]	orders_service.py	响应时间:855ms	山东省	青岛市	这里是日志信息......
2024-11-04 17:42:04.523356	[INFO]	orders_service.py	响应时间:590ms	上海市	普陀区	这里是日志信息......
2024-11-04 17:42:04.523356	[INFO]	event.py	响应时间:870ms	安徽省	合肥市	这里是日志信息......
2024-11-04 17:42:04.523356	[INFO]	user_manager.py	响应时间:92ms	湖南省	长沙市	这里是日志信息......
2024-11-04 17:42:04.523356	[INFO]	user_manager.py	响应时间:712ms	江苏省	常州市	这里是日志信息......
2024-11-04 17:42:04.523356	[WARN]	base_network.py	响应时间:4816ms	北京市	海淀区	这里是日志信息......
2024-11-04 17:42:04.523356	[INFO]	event.py	响应时间:4192ms	天津市	和平区	这里是日志信息......
2024-11-04 17:42:04.523356	[INFO]	barcode_service.py	响应时间:738ms	湖北省	荆州市	这里是日志信息......
2024-11-04 17:42:04.523356	[WARN]	event.py	响应时间:294ms	天津市	河西区	这里是日志信息......
2024-11-04 17:42:04.523356	[INFO]	orders_service.py	响应时间:150ms	山东省	青岛市	这里是日志信息......
2024-11-04 17:42:04.523356	[INFO]	goods_manager.py	响应时间:748ms	湖南省	益阳市	这里是日志信息......
2024-11-04 17:42:04.523356	[INFO]	shop_manager.py	响应时间:52ms	浙江省	杭州市	这里是日志信息......
2024-11-04 17:42:04.523356	[INFO]	goods_manager.py	响应时间:7249ms	山东省	青岛市	这里是日志信息......
2024-11-04 17:42:04.523356	[INFO]	goods_manager.py	响应时间:878ms	浙江省	杭州市	这里是日志信息......
2024-11-04 17:42:04.523356	[INFO]	shop_manager.py	响应时间:334ms	山东省	青岛市	这里是日志信息......
2024-11-04 17:42:04.523356	[INFO]	shop_manager.py	响应时间:42ms	湖南省	长沙市	这里是日志信息......
2024-11-04 17:42:04.523356	[INFO]	base_network.py	响应时间:760ms	浙江省	舟山市	这里是日志信息......
2024-11-04 17:42:04.523356	[INFO]	barcode_service.py	响应时间:290ms	湖北省	武汉市	这里是日志信息......
2024-11-04 17:42:04.523356	[INFO]	base_network.py	响应时间:410ms	上海市	浦东新区	这里是日志信息......
2024-11-04 17:42:04.523356	[INFO]	goods_manager.py	响应时间:258ms	江苏省	南京市	这里是日志信息......
2024-11-04 17:42:04.523356	[INFO]	event.py	响应时间:947ms	广东省	深圳市	这里是日志信息......
2024-11-04 17:42:04.523356	[INFO]	orders_service.py	响应时间:630ms	山东省	济南市	这里是日志信息......
2024-11-04 17:42:04.523356	[INFO]	goods_manager.py	响应时间:338ms	重庆市	南岸区	这里是日志信息......
2024-11-04 17:42:04.523356	[INFO]	event.py	响应时间:384ms	天津市	河东区	这里是日志信息......
2024-11-04 17:42:04.523356	[INFO]	barcode_service.py	响应时间:500ms	湖南省	长沙市	这里是日志信息......
2024-11-04 17:42:04.523356	[INFO]	event.py	响应时间:59ms	上海市	徐汇区	这里是日志信息......
2024-11-04 17:42:04.523356	[INFO]	event.py	响应时间:50ms	天津市	武清区	这里是日志信息......
2024-11-04 17:42:04.523356	[INFO]	orders_service.py	响应时间:456ms	上海市	宝山区	这里是日志信息......
2024-11-04 17:42:04.523356	[INFO]	user_manager.py	响应时间:882ms	重庆市	渝中区	这里是日志信息......
2024-11-04 17:42:04.523356	[INFO]	base_network.py	响应时间:690ms	安徽省	池州市	这里是日志信息......
2024-11-04 17:42:04.523356	[INFO]	shop_manager.py	响应时间:718ms	湖南省	长沙市	这里是日志信息......
2024-11-04 17:42:04.523356	[INFO]	orders_service.py	响应时间:651ms	广东省	广州市	这里是日志信息......
2024-11-04 17:42:04.523356	[INFO]	event.py	响应时间:17ms	上海市	黄浦区	这里是日志信息......
2024-11-04 17:42:04.523356	[INFO]	event.py	响应时间:202ms	湖南省	张家界市	这里是日志信息......
2024-11-04 17:42:04.523356	[INFO]	barcode_service.py	响应时间:905ms	重庆市	万州区	这里是日志信息......
2024-11-04 17:42:04.523356	[INFO]	shop_manager.py	响应时间:231ms	重庆市	南岸区	这里是日志信息......
2024-11-04 17:42:04.523356	[INFO]	event.py	响应时间:302ms	浙江省	嘉兴市	这里是日志信息......
2024-11-04 17:42:04.523356	[INFO]	event.py	响应时间:424ms	重庆市	涪陵区	这里是日志信息......
2024-11-04 17:42:04.523356	[INFO]	barcode_service.py	响应时间:464ms	重庆市	南岸区	这里是日志信息......
2024-11-04 17:42:04.523356	[INFO]	goods_manager.py	响应时间:976ms	浙江省	绍兴市	这里是日志信息......
2024-11-04 17:42:04.523356	[INFO]	user_manager.py	响应时间:238ms	上海市	徐汇区	这里是日志信息......
2024-11-04 17:42:04.523356	[ERROR]	event.py	响应时间:8498ms	湖南省	长沙市	这里是日志信息......
2024-11-04 17:42:04.523356	[INFO]	orders_service.py	响应时间:90ms	湖南省	长沙市	这里是日志信息......
2024-11-04 17:42:04.523356	[INFO]	orders_service.py	响应时间:65ms	山东省	青岛市	这里是日志信息......
2024-11-04 17:42:04.523356	[INFO]	base_network.py	响应时间:572ms	广东省	深圳市	这里是日志信息......
2024-11-04 17:42:04.523356	[INFO]	barcode_service.py	响应时间:723ms	安徽省	六安市	这里是日志信息......
2024-11-04 17:42:04.523356	[INFO]	event.py	响应时间:846ms	湖南省	长沙市	这里是日志信息......
2024-11-04 17:42:04.523356	[INFO]	barcode_service.py	响应时间:494ms	北京市	大兴区	这里是日志信息......
2024-11-04 17:42:04.523356	[INFO]	event.py	响应时间:336ms	浙江省	湖州市	这里是日志信息......
2024-11-04 17:42:04.523356	[INFO]	base_network.py	响应时间:395ms	天津市	和平区	这里是日志信息......
2024-11-04 17:42:04.523356	[INFO]	event.py	响应时间:10ms	江苏省	无锡市	这里是日志信息......
2024-11-04 17:42:04.523356	[WARN]	barcode_service.py	响应时间:522ms	湖南省	株洲市	这里是日志信息......
2024-11-04 17:42:04.523356	[INFO]	orders_service.py	响应时间:989ms	湖北省	十堰市	这里是日志信息......
2024-11-04 17:42:04.523356	[INFO]	base_network.py	响应时间:777ms	湖南省	常德市	这里是日志信息......
2024-11-04 17:42:04.523356	[INFO]	goods_manager.py	响应时间:563ms	湖南省	株洲市	这里是日志信息......
2024-11-04 17:42:04.523356	[INFO]	goods_manager.py	响应时间:5454ms	江苏省	南京市	这里是日志信息......
2024-11-04 17:42:04.523356	[WARN]	barcode_service.py	响应时间:6ms	安徽省	合肥市	这里是日志信息......
2024-11-04 17:42:04.523356	[INFO]	barcode_service.py	响应时间:152ms	湖北省	武汉市	这里是日志信息......
2024-11-04 17:42:04.523356	[INFO]	orders_service.py	响应时间:980ms	湖南省	益阳市	这里是日志信息......
2024-11-04 17:42:04.523356	[INFO]	barcode_service.py	响应时间:690ms	湖北省	武汉市	这里是日志信息......
2024-11-04 17:42:04.523356	[INFO]	event.py	响应时间:6271ms	北京市	丰台区	这里是日志信息......
2024-11-04 17:42:04.523356	[INFO]	event.py	响应时间:552ms	山东省	青岛市	这里是日志信息......
2024-11-04 17:42:04.523356	[INFO]	shop_manager.py	响应时间:426ms	北京市	海淀区	这里是日志信息......
2024-11-04 17:42:04.523356	[ERROR]	shop_manager.py	响应时间:275ms	湖北省	十堰市	这里是日志信息......
2024-11-04 17:42:04.523356	[INFO]	user_manager.py	响应时间:202ms	北京市	大兴区	这里是日志信息......
2024-11-04 17:42:04.523356	[INFO]	user_manager.py	响应时间:225ms	上海市	静安区	这里是日志信息......
2024-11-04 17:42:04.523356	[INFO]	user_manager.py	响应时间:837ms	湖南省	株洲市	这里是日志信息......
2024-11-04 17:42:04.524473	[ERROR]	barcode_service.py	响应时间:252ms	广东省	广州市	这里是日志信息......
2024-11-04 17:42:04.524473	[ERROR]	event.py	响应时间:467ms	浙江省	绍兴市	这里是日志信息......
2024-11-04 17:42:04.524473	[INFO]	goods_manager.py	响应时间:631ms	重庆市	万州区	这里是日志信息......
2024-11-04 17:42:04.524473	[INFO]	user_manager.py	响应时间:858ms	安徽省	芜湖市	这里是日志信息......
2024-11-04 17:42:04.524473	[INFO]	orders_service.py	响应时间:144ms	浙江省	嘉兴市	这里是日志信息......
2024-11-04 17:42:04.524473	[INFO]	event.py	响应时间:157ms	重庆市	渝中区	这里是日志信息......
2024-11-04 17:42:04.524473	[INFO]	goods_manager.py	响应时间:144ms	天津市	宝坻区	这里是日志信息......
2024-11-04 17:42:04.524473	[INFO]	base_network.py	响应时间:365ms	广东省	珠海市	这里是日志信息......
2024-11-04 17:42:04.524473	[INFO]	barcode_service.py	响应时间:540ms	安徽省	合肥市	这里是日志信息......
2024-11-04 17:42:04.524473	[INFO]	event.py	响应时间:480ms	湖南省	长沙市	这里是日志信息......
2024-11-04 17:42:04.524473	[INFO]	goods_manager.py	响应时间:492ms	重庆市	南岸区	这里是日志信息......
2024-11-04 17:42:04.524473	[WARN]	goods_manager.py	响应时间:259ms	山东省	济南市	这里是日志信息......
2024-11-04 17:42:04.524473	[WARN]	event.py	响应时间:538ms	安徽省	铜陵市	这里是日志信息......
2024-11-04 17:42:04.524473	[INFO]	event.py	响应时间:870ms	重庆市	沙坪坝区	这里是日志信息......
2024-11-04 17:42:04.524473	[INFO]	goods_manager.py	响应时间:30ms	上海市	黄浦区	这里是日志信息......
2024-11-04 17:42:04.524473	[INFO]	barcode_service.py	响应时间:932ms	湖南省	长沙市	这里是日志信息......
2024-11-04 17:42:04.524473	[INFO]	goods_manager.py	响应时间:645ms	重庆市	沙坪坝区	这里是日志信息......
2024-11-04 17:42:04.524473	[INFO]	user_manager.py	响应时间:997ms	湖北省	十堰市	这里是日志信息......
2024-11-04 17:42:04.524473	[INFO]	event.py	响应时间:917ms	安徽省	六安市	这里是日志信息......
2024-11-04 17:42:04.524473	[INFO]	shop_manager.py	响应时间:838ms	上海市	静安区	这里是日志信息......
2024-11-04 17:42:04.524473	[INFO]	orders_service.py	响应时间:84ms	广东省	珠海市	这里是日志信息......
2024-11-04 17:42:04.524473	[INFO]	goods_manager.py	响应时间:667ms	湖北省	武汉市	这里是日志信息......
2024-11-04 17:42:04.524473	[INFO]	goods_manager.py	响应时间:561ms	湖南省	长沙市	这里是日志信息......
2024-11-04 17:42:04.524473	[INFO]	barcode_service.py	响应时间:573ms	广东省	广州市	这里是日志信息......
2024-11-04 17:42:04.524473	[INFO]	event.py	响应时间:308ms	北京市	昌平区	这里是日志信息......
2024-11-04 17:42:04.524473	[INFO]	orders_service.py	响应时间:38ms	安徽省	阜阳市	这里是日志信息......
2024-11-04 17:42:04.524473	[INFO]	user_manager.py	响应时间:989ms	广东省	深圳市	这里是日志信息......
2024-11-04 17:42:04.524473	[INFO]	event.py	响应时间:149ms	北京市	海淀区	这里是日志信息......
2024-11-04 17:42:04.524473	[INFO]	orders_service.py	响应时间:57ms	北京市	丰台区	这里是日志信息......
2024-11-04 17:42:04.524473	[WARN]	goods_manager.py	响应时间:211ms	江苏省	苏州市	这里是日志信息......
2024-11-04 17:42:04.524473	[INFO]	goods_manager.py	响应时间:650ms	上海市	浦东新区	这里是日志信息......
2024-11-04 17:42:04.524473	[INFO]	shop_manager.py	响应时间:351ms	江苏省	苏州市	这里是日志信息......
2024-11-04 17:42:04.524473	[INFO]	shop_manager.py	响应时间:602ms	湖北省	武汉市	这里是日志信息......
2024-11-04 17:42:04.524473	[INFO]	orders_service.py	响应时间:586ms	天津市	河东区	这里是日志信息......
2024-11-04 17:42:04.524473	[INFO]	base_network.py	响应时间:3486ms	天津市	河东区	这里是日志信息......
2024-11-04 17:42:04.524473	[ERROR]	orders_service.py	响应时间:86ms	浙江省	杭州市	这里是日志信息......
2024-11-04 17:42:04.524473	[WARN]	goods_manager.py	响应时间:284ms	天津市	武清区	这里是日志信息......
2024-11-04 17:42:04.524473	[INFO]	goods_manager.py	响应时间:129ms	湖南省	长沙市	这里是日志信息......
2024-11-04 17:42:04.524473	[INFO]	barcode_service.py	响应时间:429ms	广东省	深圳市	这里是日志信息......
2024-11-04 17:42:04.524473	[INFO]	orders_service.py	响应时间:886ms	上海市	静安区	这里是日志信息......
2024-11-04 17:42:04.524473	[INFO]	orders_service.py	响应时间:196ms	广东省	广州市	这里是日志信息......
2024-11-04 17:42:04.524473	[INFO]	barcode_service.py	响应时间:343ms	山东省	青岛市	这里是日志信息......
2024-11-04 17:42:04.524473	[INFO]	base_network.py	响应时间:909ms	湖北省	武汉市	这里是日志信息......
2024-11-04 17:42:04.524473	[WARN]	goods_manager.py	响应时间:327ms	江苏省	苏州市	这里是日志信息......
2024-11-04 17:42:04.524473	[INFO]	barcode_service.py	响应时间:113ms	湖北省	武汉市	这里是日志信息......
2024-11-04 17:42:04.524473	[INFO]	orders_service.py	响应时间:637ms	上海市	浦东新区	这里是日志信息......
2024-11-04 17:42:04.524473	[INFO]	user_manager.py	响应时间:544ms	湖北省	武汉市	这里是日志信息......
2024-11-04 17:42:04.524473	[WARN]	orders_service.py	响应时间:141ms	重庆市	涪陵区	这里是日志信息......
2024-11-04 17:42:04.524473	[INFO]	orders_service.py	响应时间:67ms	湖南省	长沙市	这里是日志信息......
2024-11-04 17:42:04.524473	[INFO]	barcode_service.py	响应时间:702ms	江苏省	南京市	这里是日志信息......
2024-11-04 17:42:04.524473	[INFO]	event.py	响应时间:671ms	山东省	青岛市	这里是日志信息......
2024-11-04 17:42:04.524473	[WARN]	shop_manager.py	响应时间:306ms	北京市	朝阳区	这里是日志信息......
2024-11-04 17:42:04.524473	[INFO]	goods_manager.py	响应时间:647ms	广东省	深圳市	这里是日志信息......
2024-11-04 17:42:04.524473	[INFO]	shop_manager.py	响应时间:1000ms	湖北省	武汉市	这里是日志信息......
2024-11-04 17:42:04.524473	[INFO]	barcode_service.py	响应时间:73ms	天津市	河西区	这里是日志信息......
2024-11-04 17:42:04.524473	[INFO]	goods_manager.py	响应时间:653ms	天津市	宝坻区	这里是日志信息......
2024-11-04 17:42:04.524473	[INFO]	orders_service.py	响应时间:800ms	安徽省	合肥市	这里是日志信息......
2024-11-04 17:42:04.524473	[INFO]	event.py	响应时间:466ms	天津市	宝坻区	这里是日志信息......
2024-11-04 17:42:04.524473	[INFO]	goods_manager.py	响应时间:360ms	天津市	宝坻区	这里是日志信息......
2024-11-04 17:42:04.524473	[WARN]	goods_manager.py	响应时间:738ms	江苏省	苏州市	这里是日志信息......
2024-11-04 17:42:04.524473	[INFO]	user_manager.py	响应时间:374ms	湖北省	恩施土家族苗族自治州	这里是日志信息......
2024-11-04 17:42:04.524473	[WARN]	event.py	响应时间:902ms	重庆市	沙坪坝区	这里是日志信息......
2024-11-04 17:42:04.524473	[INFO]	user_manager.py	响应时间:291ms	北京市	丰台区	这里是日志信息......
2024-11-04 17:42:04.524473	[INFO]	shop_manager.py	响应时间:457ms	北京市	昌平区	这里是日志信息......
2024-11-04 17:42:04.524473	[INFO]	orders_service.py	响应时间:890ms	湖南省	益阳市	这里是日志信息......
2024-11-04 17:42:04.524473	[INFO]	event.py	响应时间:178ms	重庆市	九龙坡区	这里是日志信息......
2024-11-04 17:42:04.524473	[INFO]	goods_manager.py	响应时间:26ms	湖南省	长沙市	这里是日志信息......
2024-11-04 17:42:04.524473	[INFO]	user_manager.py	响应时间:954ms	北京市	昌平区	这里是日志信息......
2024-11-04 17:42:04.524473	[INFO]	shop_manager.py	响应时间:942ms	山东省	菏泽市	这里是日志信息......
2024-11-04 17:42:04.524473	[INFO]	orders_service.py	响应时间:718ms	广东省	珠海市	这里是日志信息......
2024-11-04 17:42:04.524473	[INFO]	goods_manager.py	响应时间:610ms	湖南省	长沙市	这里是日志信息......
2024-11-04 17:42:04.524473	[INFO]	orders_service.py	响应时间:80ms	北京市	朝阳区	这里是日志信息......
2024-11-04 17:42:04.524473	[INFO]	barcode_service.py	响应时间:160ms	山东省	济南市	这里是日志信息......
2024-11-04 17:42:04.524473	[INFO]	goods_manager.py	响应时间:149ms	上海市	浦东新区	这里是日志信息......
2024-11-04 17:42:04.524473	[INFO]	user_manager.py	响应时间:81ms	广东省	广州市	这里是日志信息......
2024-11-04 17:42:04.524473	[INFO]	goods_manager.py	响应时间:368ms	重庆市	渝中区	这里是日志信息......
2024-11-04 17:42:04.524473	[WARN]	event.py	响应时间:875ms	浙江省	金华市	这里是日志信息......
2024-11-04 17:42:04.524473	[INFO]	shop_manager.py	响应时间:897ms	北京市	大兴区	这里是日志信息......
2024-11-04 17:42:04.524473	[INFO]	event.py	响应时间:201ms	安徽省	合肥市	这里是日志信息......
2024-11-04 17:42:04.524473	[INFO]	base_network.py	响应时间:36ms	重庆市	九龙坡区	这里是日志信息......
2024-11-04 17:42:04.524473	[INFO]	orders_service.py	响应时间:359ms	山东省	菏泽市	这里是日志信息......
2024-11-04 17:42:04.524473	[INFO]	orders_service.py	响应时间:887ms	山东省	青岛市	这里是日志信息......
2024-11-04 17:42:04.524473	[INFO]	orders_service.py	响应时间:994ms	广东省	深圳市	这里是日志信息......
2024-11-04 17:42:04.524473	[INFO]	event.py	响应时间:369ms	广东省	广州市	这里是日志信息......
2024-11-04 17:42:04.524473	[WARN]	barcode_service.py	响应时间:768ms	北京市	昌平区	这里是日志信息......
2024-11-04 17:42:04.524473	[INFO]	barcode_service.py	响应时间:776ms	广东省	广州市	这里是日志信息......
2024-11-04 17:42:04.524473	[WARN]	orders_service.py	响应时间:511ms	安徽省	六安市	这里是日志信息......
2024-11-04 17:42:04.524473	[INFO]	orders_service.py	响应时间:576ms	湖南省	长沙市	这里是日志信息......
2024-11-04 17:42:04.524473	[INFO]	user_manager.py	响应时间:185ms	湖北省	武汉市	这里是日志信息......
2024-11-04 17:42:04.524473	[INFO]	goods_manager.py	响应时间:648ms	江苏省	无锡市	这里是日志信息......
2024-11-04 17:42:04.524473	[INFO]	event.py	响应时间:502ms	天津市	武清区	这里是日志信息......
2024-11-04 17:42:04.524473	[INFO]	event.py	响应时间:41ms	上海市	徐汇区	这里是日志信息......
2024-11-04 17:42:04.524473	[INFO]	event.py	响应时间:234ms	山东省	青岛市	这里是日志信息......
2024-11-04 17:42:04.524473	[INFO]	event.py	响应时间:91ms	湖南省	长沙市	这里是日志信息......
2024-11-04 17:42:04.524473	[INFO]	event.py	响应时间:638ms	安徽省	合肥市	这里是日志信息......
2024-11-04 17:42:04.524473	[INFO]	goods_manager.py	响应时间:326ms	山东省	菏泽市	这里是日志信息......
2024-11-04 17:42:04.524473	[INFO]	goods_manager.py	响应时间:309ms	浙江省	湖州市	这里是日志信息......
2024-11-04 17:42:04.524473	[INFO]	base_network.py	响应时间:656ms	重庆市	万州区	这里是日志信息......
2024-11-04 17:42:04.524473	[INFO]	orders_service.py	响应时间:904ms	湖南省	长沙市	这里是日志信息......
2024-11-04 17:42:04.524473	[WARN]	shop_manager.py	响应时间:852ms	浙江省	杭州市	这里是日志信息......
2024-11-04 17:42:04.524473	[INFO]	event.py	响应时间:696ms	湖北省	武汉市	这里是日志信息......
2024-11-04 17:42:04.524473	[INFO]	orders_service.py	响应时间:873ms	山东省	济南市	这里是日志信息......
2024-11-04 17:42:04.524473	[INFO]	event.py	响应时间:201ms	北京市	昌平区	这里是日志信息......
2024-11-04 17:42:04.524473	[INFO]	event.py	响应时间:295ms	湖北省	恩施土家族苗族自治州	这里是日志信息......
2024-11-04 17:42:04.524473	[INFO]	barcode_service.py	响应时间:277ms	浙江省	舟山市	这里是日志信息......
2024-11-04 17:42:04.524473	[INFO]	user_manager.py	响应时间:949ms	湖南省	益阳市	这里是日志信息......
2024-11-04 17:42:04.524473	[ERROR]	user_manager.py	响应时间:437ms	山东省	青岛市	这里是日志信息......
2024-11-04 17:42:04.524473	[INFO]	orders_service.py	响应时间:681ms	湖北省	武汉市	这里是日志信息......
2024-11-04 17:42:04.524473	[INFO]	orders_service.py	响应时间:845ms	湖北省	武汉市	这里是日志信息......
2024-11-04 17:42:04.524473	[INFO]	shop_manager.py	响应时间:675ms	广东省	深圳市	这里是日志信息......
2024-11-04 17:42:04.524473	[INFO]	event.py	响应时间:960ms	湖南省	长沙市	这里是日志信息......
2024-11-04 17:42:04.524473	[INFO]	event.py	响应时间:841ms	湖南省	长沙市	这里是日志信息......
2024-11-04 17:42:04.524473	[INFO]	goods_manager.py	响应时间:342ms	广东省	深圳市	这里是日志信息......
2024-11-04 17:42:04.524473	[INFO]	orders_service.py	响应时间:656ms	广东省	广州市	这里是日志信息......
2024-11-04 17:42:04.524473	[INFO]	goods_manager.py	响应时间:674ms	天津市	和平区	这里是日志信息......
2024-11-04 17:42:04.524473	[INFO]	user_manager.py	响应时间:5355ms	山东省	青岛市	这里是日志信息......
2024-11-04 17:42:04.524473	[INFO]	goods_manager.py	响应时间:695ms	江苏省	南京市	这里是日志信息......
2024-11-04 17:42:04.524473	[INFO]	shop_manager.py	响应时间:791ms	上海市	杨浦区	这里是日志信息......
2024-11-04 17:42:04.524473	[INFO]	base_network.py	响应时间:48ms	江苏省	常州市	这里是日志信息......
2024-11-04 17:42:04.524473	[INFO]	shop_manager.py	响应时间:425ms	江苏省	南京市	这里是日志信息......
2024-11-04 17:42:04.524473	[INFO]	goods_manager.py	响应时间:900ms	湖南省	长沙市	这里是日志信息......
2024-11-04 17:42:04.524473	[INFO]	event.py	响应时间:817ms	浙江省	杭州市	这里是日志信息......
2024-11-04 17:42:04.524473	[INFO]	event.py	响应时间:157ms	浙江省	嘉兴市	这里是日志信息......
2024-11-04 17:42:04.524473	[WARN]	barcode_service.py	响应时间:206ms	湖南省	株洲市	这里是日志信息......
2024-11-04 17:42:04.524473	[INFO]	goods_manager.py	响应时间:337ms	北京市	丰台区	这里是日志信息......
2024-11-04 17:42:04.524473	[INFO]	event.py	响应时间:2ms	山东省	青岛市	这里是日志信息......
2024-11-04 17:42:04.524473	[INFO]	goods_manager.py	响应时间:847ms	天津市	和平区	这里是日志信息......
2024-11-04 17:42:04.524473	[WARN]	orders_service.py	响应时间:597ms	上海市	杨浦区	这里是日志信息......
2024-11-04 17:42:04.524473	[INFO]	goods_manager.py	响应时间:344ms	湖北省	恩施土家族苗族自治州	这里是日志信息......
2024-11-04 17:42:04.524473	[INFO]	goods_manager.py	响应时间:626ms	北京市	海淀区	这里是日志信息......
2024-11-04 17:42:04.524473	[INFO]	orders_service.py	响应时间:210ms	天津市	河东区	这里是日志信息......
2024-11-04 17:42:04.524473	[WARN]	event.py	响应时间:594ms	重庆市	九龙坡区	这里是日志信息......
2024-11-04 17:42:04.524473	[ERROR]	event.py	响应时间:295ms	天津市	宝坻区	这里是日志信息......
2024-11-04 17:42:04.524473	[INFO]	orders_service.py	响应时间:955ms	北京市	朝阳区	这里是日志信息......
2024-11-04 17:42:04.524473	[INFO]	event.py	响应时间:476ms	重庆市	涪陵区	这里是日志信息......
2024-11-04 17:42:04.524473	[INFO]	orders_service.py	响应时间:829ms	浙江省	绍兴市	这里是日志信息......
2024-11-04 17:42:04.524473	[INFO]	user_manager.py	响应时间:317ms	天津市	宝坻区	这里是日志信息......
2024-11-04 17:42:04.525468	[WARN]	goods_manager.py	响应时间:634ms	湖南省	长沙市	这里是日志信息......
2024-11-04 17:42:04.525468	[INFO]	goods_manager.py	响应时间:223ms	天津市	宝坻区	这里是日志信息......
2024-11-04 17:42:04.525468	[INFO]	event.py	响应时间:350ms	广东省	深圳市	这里是日志信息......
2024-11-04 17:42:04.525468	[WARN]	barcode_service.py	响应时间:868ms	江苏省	南京市	这里是日志信息......
2024-11-04 17:42:04.525468	[INFO]	goods_manager.py	响应时间:582ms	天津市	宝坻区	这里是日志信息......
2024-11-04 17:42:04.525468	[INFO]	event.py	响应时间:699ms	重庆市	涪陵区	这里是日志信息......
2024-11-04 17:42:04.525468	[INFO]	shop_manager.py	响应时间:185ms	安徽省	合肥市	这里是日志信息......
2024-11-04 17:42:04.525468	[INFO]	goods_manager.py	响应时间:679ms	上海市	浦东新区	这里是日志信息......
2024-11-04 17:42:04.525468	[INFO]	goods_manager.py	响应时间:5637ms	广东省	深圳市	这里是日志信息......
2024-11-04 17:42:04.525468	[INFO]	user_manager.py	响应时间:662ms	安徽省	阜阳市	这里是日志信息......
2024-11-04 17:42:04.525468	[ERROR]	event.py	响应时间:2925ms	浙江省	杭州市	这里是日志信息......
2024-11-04 17:42:04.525468	[INFO]	orders_service.py	响应时间:536ms	安徽省	阜阳市	这里是日志信息......
2024-11-04 17:42:04.525468	[INFO]	goods_manager.py	响应时间:168ms	山东省	菏泽市	这里是日志信息......
2024-11-04 17:42:04.525468	[INFO]	user_manager.py	响应时间:150ms	重庆市	万州区	这里是日志信息......
2024-11-04 17:42:04.525468	[INFO]	shop_manager.py	响应时间:719ms	天津市	河东区	这里是日志信息......
2024-11-04 17:42:04.525468	[WARN]	event.py	响应时间:440ms	浙江省	杭州市	这里是日志信息......
2024-11-04 17:42:04.525468	[WARN]	event.py	响应时间:297ms	广东省	珠海市	这里是日志信息......
2024-11-04 17:42:04.525468	[INFO]	orders_service.py	响应时间:381ms	上海市	徐汇区	这里是日志信息......
2024-11-04 17:42:04.525468	[INFO]	base_network.py	响应时间:801ms	湖南省	常德市	这里是日志信息......
2024-11-04 17:42:04.525468	[INFO]	barcode_service.py	响应时间:907ms	江苏省	南京市	这里是日志信息......
2024-11-04 17:42:04.525468	[INFO]	base_network.py	响应时间:492ms	江苏省	南京市	这里是日志信息......
2024-11-04 17:42:04.525468	[INFO]	user_manager.py	响应时间:569ms	天津市	和平区	这里是日志信息......
2024-11-04 17:42:04.525468	[WARN]	event.py	响应时间:767ms	浙江省	金华市	这里是日志信息......
2024-11-04 17:42:04.525468	[INFO]	base_network.py	响应时间:351ms	山东省	青岛市	这里是日志信息......
2024-11-04 17:42:04.525468	[INFO]	shop_manager.py	响应时间:713ms	山东省	济南市	这里是日志信息......
2024-11-04 17:42:04.525468	[INFO]	orders_service.py	响应时间:901ms	上海市	浦东新区	这里是日志信息......
2024-11-04 17:42:04.525468	[INFO]	event.py	响应时间:395ms	天津市	河东区	这里是日志信息......
2024-11-04 17:42:04.525468	[INFO]	event.py	响应时间:991ms	广东省	珠海市	这里是日志信息......
2024-11-04 17:42:04.525468	[INFO]	event.py	响应时间:529ms	安徽省	合肥市	这里是日志信息......
2024-11-04 17:42:04.525468	[WARN]	base_network.py	响应时间:298ms	安徽省	阜阳市	这里是日志信息......
2024-11-04 17:42:04.525468	[INFO]	orders_service.py	响应时间:2411ms	北京市	大兴区	这里是日志信息......
2024-11-04 17:42:04.525468	[INFO]	goods_manager.py	响应时间:524ms	江苏省	南京市	这里是日志信息......
2024-11-04 17:42:04.525468	[INFO]	orders_service.py	响应时间:966ms	北京市	朝阳区	这里是日志信息......
2024-11-04 17:42:04.525468	[INFO]	goods_manager.py	响应时间:5ms	湖南省	长沙市	这里是日志信息......
2024-11-04 17:42:04.525468	[INFO]	goods_manager.py	响应时间:484ms	江苏省	无锡市	这里是日志信息......
2024-11-04 17:42:04.525468	[INFO]	goods_manager.py	响应时间:773ms	湖北省	荆州市	这里是日志信息......
2024-11-04 17:42:04.525468	[INFO]	event.py	响应时间:305ms	湖北省	武汉市	这里是日志信息......
2024-11-04 17:42:04.525468	[INFO]	orders_service.py	响应时间:454ms	湖北省	荆州市	这里是日志信息......
2024-11-04 17:42:04.525468	[INFO]	goods_manager.py	响应时间:505ms	浙江省	舟山市	这里是日志信息......
2024-11-04 17:42:04.525468	[INFO]	goods_manager.py	响应时间:172ms	广东省	广州市	这里是日志信息......
2024-11-04 17:42:04.525468	[WARN]	goods_manager.py	响应时间:823ms	天津市	河东区	这里是日志信息......
2024-11-04 17:42:04.525468	[INFO]	shop_manager.py	响应时间:466ms	安徽省	阜阳市	这里是日志信息......
2024-11-04 17:42:04.525468	[INFO]	base_network.py	响应时间:493ms	重庆市	涪陵区	这里是日志信息......
2024-11-04 17:42:04.525468	[INFO]	goods_manager.py	响应时间:800ms	湖北省	武汉市	这里是日志信息......
2024-11-04 17:42:04.525468	[INFO]	event.py	响应时间:904ms	天津市	武清区	这里是日志信息......
2024-11-04 17:42:04.525468	[INFO]	orders_service.py	响应时间:725ms	安徽省	阜阳市	这里是日志信息......
2024-11-04 17:42:04.525468	[INFO]	orders_service.py	响应时间:976ms	天津市	和平区	这里是日志信息......
2024-11-04 17:42:04.525468	[INFO]	event.py	响应时间:521ms	湖南省	长沙市	这里是日志信息......
2024-11-04 17:42:04.525468	[INFO]	user_manager.py	响应时间:613ms	重庆市	南岸区	这里是日志信息......
2024-11-04 17:42:04.525468	[INFO]	base_network.py	响应时间:240ms	湖北省	十堰市	这里是日志信息......
2024-11-04 17:42:04.525468	[INFO]	user_manager.py	响应时间:576ms	天津市	和平区	这里是日志信息......
2024-11-04 17:42:04.525468	[WARN]	orders_service.py	响应时间:150ms	浙江省	绍兴市	这里是日志信息......
2024-11-04 17:42:04.525468	[WARN]	event.py	响应时间:385ms	天津市	武清区	这里是日志信息......
2024-11-04 17:42:04.525468	[INFO]	user_manager.py	响应时间:871ms	广东省	广州市	这里是日志信息......
2024-11-04 17:42:04.525468	[INFO]	goods_manager.py	响应时间:549ms	天津市	河东区	这里是日志信息......
2024-11-04 17:42:04.525468	[INFO]	base_network.py	响应时间:419ms	安徽省	芜湖市	这里是日志信息......
2024-11-04 17:42:04.525468	[INFO]	base_network.py	响应时间:41ms	湖北省	十堰市	这里是日志信息......
2024-11-04 17:42:04.525468	[INFO]	orders_service.py	响应时间:809ms	山东省	青岛市	这里是日志信息......
2024-11-04 17:42:04.525468	[INFO]	barcode_service.py	响应时间:168ms	北京市	怀柔区	这里是日志信息......
2024-11-04 17:42:04.525468	[INFO]	goods_manager.py	响应时间:532ms	广东省	广州市	这里是日志信息......
2024-11-04 17:42:04.525468	[INFO]	user_manager.py	响应时间:127ms	广东省	深圳市	这里是日志信息......
2024-11-04 17:42:04.525468	[INFO]	shop_manager.py	响应时间:539ms	浙江省	杭州市	这里是日志信息......
2024-11-04 17:42:04.525468	[INFO]	barcode_service.py	响应时间:973ms	山东省	济南市	这里是日志信息......
2024-11-04 17:42:04.525468	[INFO]	shop_manager.py	响应时间:85ms	浙江省	杭州市	这里是日志信息......
2024-11-04 17:42:04.525468	[INFO]	user_manager.py	响应时间:15ms	湖南省	株洲市	这里是日志信息......
2024-11-04 17:42:04.525468	[INFO]	goods_manager.py	响应时间:350ms	浙江省	绍兴市	这里是日志信息......
2024-11-04 17:42:04.525468	[INFO]	event.py	响应时间:138ms	湖北省	荆州市	这里是日志信息......
2024-11-04 17:42:04.525468	[WARN]	event.py	响应时间:36ms	重庆市	九龙坡区	这里是日志信息......
2024-11-04 17:42:04.525468	[INFO]	event.py	响应时间:464ms	山东省	青岛市	这里是日志信息......
2024-11-04 17:42:04.525468	[INFO]	event.py	响应时间:699ms	安徽省	芜湖市	这里是日志信息......
2024-11-04 17:42:04.525468	[INFO]	barcode_service.py	响应时间:158ms	湖南省	长沙市	这里是日志信息......
2024-11-04 17:42:04.525468	[INFO]	orders_service.py	响应时间:772ms	北京市	朝阳区	这里是日志信息......
2024-11-04 17:42:04.525468	[INFO]	goods_manager.py	响应时间:829ms	北京市	怀柔区	这里是日志信息......
2024-11-04 17:42:04.525468	[WARN]	orders_service.py	响应时间:734ms	安徽省	铜陵市	这里是日志信息......
2024-11-04 17:42:04.525468	[INFO]	event.py	响应时间:658ms	江苏省	苏州市	这里是日志信息......
2024-11-04 17:42:04.525468	[INFO]	goods_manager.py	响应时间:907ms	重庆市	涪陵区	这里是日志信息......
2024-11-04 17:42:04.525468	[WARN]	goods_manager.py	响应时间:793ms	广东省	广州市	这里是日志信息......
2024-11-04 17:42:04.525468	[WARN]	base_network.py	响应时间:86ms	重庆市	沙坪坝区	这里是日志信息......
2024-11-04 17:42:04.525468	[INFO]	goods_manager.py	响应时间:143ms	江苏省	宿迁市	这里是日志信息......
2024-11-04 17:42:04.525468	[INFO]	goods_manager.py	响应时间:769ms	湖南省	长沙市	这里是日志信息......
2024-11-04 17:42:04.525468	[INFO]	event.py	响应时间:366ms	重庆市	涪陵区	这里是日志信息......
2024-11-04 17:42:04.525468	[INFO]	event.py	响应时间:991ms	上海市	浦东新区	这里是日志信息......
2024-11-04 17:42:04.525468	[INFO]	event.py	响应时间:338ms	广东省	珠海市	这里是日志信息......
2024-11-04 17:42:04.525468	[INFO]	event.py	响应时间:279ms	山东省	济南市	这里是日志信息......
2024-11-04 17:42:04.525468	[WARN]	goods_manager.py	响应时间:87ms	湖南省	长沙市	这里是日志信息......
2024-11-04 17:42:04.525468	[INFO]	base_network.py	响应时间:883ms	浙江省	嘉兴市	这里是日志信息......
2024-11-04 17:42:04.525468	[INFO]	orders_service.py	响应时间:483ms	江苏省	张家港市	这里是日志信息......
2024-11-04 17:42:04.525468	[INFO]	event.py	响应时间:771ms	安徽省	芜湖市	这里是日志信息......
2024-11-04 17:42:04.525468	[INFO]	barcode_service.py	响应时间:63ms	上海市	普陀区	这里是日志信息......
2024-11-04 17:42:04.525468	[INFO]	goods_manager.py	响应时间:188ms	北京市	昌平区	这里是日志信息......
2024-11-04 17:42:04.525468	[INFO]	shop_manager.py	响应时间:742ms	广东省	珠海市	这里是日志信息......
2024-11-04 17:42:04.525468	[INFO]	barcode_service.py	响应时间:176ms	北京市	朝阳区	这里是日志信息......
2024-11-04 17:42:04.525468	[INFO]	goods_manager.py	响应时间:936ms	安徽省	合肥市	这里是日志信息......
2024-11-04 17:42:04.525468	[INFO]	goods_manager.py	响应时间:419ms	广东省	深圳市	这里是日志信息......
2024-11-04 17:42:04.525468	[INFO]	goods_manager.py	响应时间:150ms	重庆市	万州区	这里是日志信息......
2024-11-04 17:42:04.525468	[INFO]	event.py	响应时间:72ms	重庆市	沙坪坝区	这里是日志信息......
2024-11-04 17:42:04.526372	[INFO]	orders_service.py	响应时间:6965ms	北京市	昌平区	这里是日志信息......
2024-11-04 17:42:04.526372	[WARN]	base_network.py	响应时间:995ms	山东省	济南市	这里是日志信息......
2024-11-04 17:42:04.526372	[INFO]	event.py	响应时间:528ms	安徽省	芜湖市	这里是日志信息......
2024-11-04 17:42:04.526372	[INFO]	user_manager.py	响应时间:861ms	天津市	河西区	这里是日志信息......
2024-11-04 17:42:04.526372	[INFO]	barcode_service.py	响应时间:527ms	广东省	广州市	这里是日志信息......
2024-11-04 17:42:04.526372	[INFO]	orders_service.py	响应时间:723ms	广东省	广州市	这里是日志信息......
2024-11-04 17:42:04.526372	[INFO]	barcode_service.py	响应时间:181ms	山东省	济南市	这里是日志信息......
2024-11-04 17:42:04.526372	[WARN]	user_manager.py	响应时间:429ms	山东省	菏泽市	这里是日志信息......
2024-11-04 17:42:04.526372	[INFO]	base_network.py	响应时间:529ms	浙江省	金华市	这里是日志信息......
2024-11-04 17:42:04.526372	[INFO]	goods_manager.py	响应时间:518ms	湖北省	恩施土家族苗族自治州	这里是日志信息......
2024-11-04 17:42:04.526372	[WARN]	user_manager.py	响应时间:822ms	湖北省	武汉市	这里是日志信息......
2024-11-04 17:42:04.526372	[INFO]	event.py	响应时间:970ms	山东省	济南市	这里是日志信息......
2024-11-04 17:42:04.526372	[INFO]	event.py	响应时间:726ms	重庆市	南岸区	这里是日志信息......
2024-11-04 17:42:04.526372	[INFO]	goods_manager.py	响应时间:507ms	上海市	徐汇区	这里是日志信息......
2024-11-04 17:42:04.526372	[INFO]	goods_manager.py	响应时间:713ms	湖北省	武汉市	这里是日志信息......
2024-11-04 17:42:04.526372	[ERROR]	shop_manager.py	响应时间:2461ms	江苏省	常州市	这里是日志信息......
2024-11-04 17:42:04.526372	[INFO]	event.py	响应时间:574ms	天津市	宝坻区	这里是日志信息......
2024-11-04 17:42:04.526372	[INFO]	orders_service.py	响应时间:112ms	湖北省	恩施土家族苗族自治州	这里是日志信息......
2024-11-04 17:42:04.526372	[INFO]	event.py	响应时间:970ms	上海市	徐汇区	这里是日志信息......
2024-11-04 17:42:04.526372	[INFO]	goods_manager.py	响应时间:104ms	山东省	济南市	这里是日志信息......
2024-11-04 17:42:04.526372	[INFO]	goods_manager.py	响应时间:124ms	天津市	河西区	这里是日志信息......
2024-11-04 17:42:04.526372	[INFO]	user_manager.py	响应时间:853ms	湖北省	十堰市	这里是日志信息......
2024-11-04 17:42:04.526372	[INFO]	orders_service.py	响应时间:924ms	重庆市	南岸区	这里是日志信息......
2024-11-04 17:42:04.526372	[INFO]	barcode_service.py	响应时间:302ms	山东省	青岛市	这里是日志信息......
2024-11-04 17:42:04.526372	[INFO]	goods_manager.py	响应时间:352ms	重庆市	涪陵区	这里是日志信息......
2024-11-04 17:42:04.526372	[INFO]	orders_service.py	响应时间:208ms	天津市	河西区	这里是日志信息......
2024-11-04 17:42:04.526372	[WARN]	event.py	响应时间:605ms	广东省	珠海市	这里是日志信息......
2024-11-04 17:42:04.526372	[INFO]	goods_manager.py	响应时间:159ms	湖北省	武汉市	这里是日志信息......
2024-11-04 17:42:04.526372	[INFO]	event.py	响应时间:21ms	湖北省	武汉市	这里是日志信息......
2024-11-04 17:42:04.526372	[WARN]	goods_manager.py	响应时间:1000ms	上海市	浦东新区	这里是日志信息......
2024-11-04 17:42:04.526372	[INFO]	goods_manager.py	响应时间:919ms	山东省	济南市	这里是日志信息......
2024-11-04 17:42:04.526372	[INFO]	orders_service.py	响应时间:565ms	安徽省	芜湖市	这里是日志信息......
2024-11-04 17:42:04.526372	[INFO]	event.py	响应时间:120ms	上海市	静安区	这里是日志信息......
2024-11-04 17:42:04.526372	[INFO]	orders_service.py	响应时间:903ms	上海市	黄浦区	这里是日志信息......
2024-11-04 17:42:04.526372	[INFO]	goods_manager.py	响应时间:123ms	湖北省	荆州市	这里是日志信息......
2024-11-04 17:42:04.526372	[INFO]	orders_service.py	响应时间:32ms	山东省	济南市	这里是日志信息......
2024-11-04 17:42:04.526372	[WARN]	orders_service.py	响应时间:612ms	北京市	昌平区	这里是日志信息......
2024-11-04 17:42:04.526372	[INFO]	goods_manager.py	响应时间:916ms	广东省	广州市	这里是日志信息......
2024-11-04 17:42:04.526372	[INFO]	orders_service.py	响应时间:352ms	湖北省	荆州市	这里是日志信息......
2024-11-04 17:42:04.526372	[INFO]	barcode_service.py	响应时间:104ms	湖南省	长沙市	这里是日志信息......
2024-11-04 17:42:04.526372	[WARN]	shop_manager.py	响应时间:750ms	湖北省	武汉市	这里是日志信息......
2024-11-04 17:42:04.526372	[INFO]	barcode_service.py	响应时间:914ms	湖北省	武汉市	这里是日志信息......
2024-11-04 17:42:04.526372	[INFO]	event.py	响应时间:960ms	浙江省	湖州市	这里是日志信息......
2024-11-04 17:42:04.526372	[INFO]	base_network.py	响应时间:733ms	安徽省	阜阳市	这里是日志信息......
2024-11-04 17:42:04.526372	[ERROR]	orders_service.py	响应时间:859ms	重庆市	渝中区	这里是日志信息......
2024-11-04 17:42:04.526372	[INFO]	event.py	响应时间:767ms	北京市	昌平区	这里是日志信息......
2024-11-04 17:42:04.526372	[INFO]	barcode_service.py	响应时间:814ms	广东省	广州市	这里是日志信息......
2024-11-04 17:42:04.526372	[INFO]	base_network.py	响应时间:88ms	北京市	怀柔区	这里是日志信息......
2024-11-04 17:42:04.526372	[WARN]	user_manager.py	响应时间:5329ms	天津市	河东区	这里是日志信息......
2024-11-04 17:42:04.526372	[INFO]	shop_manager.py	响应时间:677ms	天津市	武清区	这里是日志信息......
2024-11-04 17:42:04.526372	[INFO]	orders_service.py	响应时间:91ms	湖北省	武汉市	这里是日志信息......
2024-11-04 17:42:04.526372	[WARN]	event.py	响应时间:420ms	山东省	菏泽市	这里是日志信息......
2024-11-04 17:42:04.526372	[INFO]	orders_service.py	响应时间:5501ms	上海市	浦东新区	这里是日志信息......
2024-11-04 17:42:04.526372	[INFO]	goods_manager.py	响应时间:352ms	湖南省	张家界市	这里是日志信息......
2024-11-04 17:42:04.526372	[WARN]	goods_manager.py	响应时间:928ms	广东省	珠海市	这里是日志信息......
2024-11-04 17:42:04.526372	[WARN]	event.py	响应时间:618ms	湖北省	武汉市	这里是日志信息......
2024-11-04 17:42:04.526372	[INFO]	event.py	响应时间:932ms	天津市	河西区	这里是日志信息......
2024-11-04 17:42:04.526372	[INFO]	user_manager.py	响应时间:879ms	天津市	武清区	这里是日志信息......
2024-11-04 17:42:04.526372	[WARN]	user_manager.py	响应时间:709ms	湖南省	常德市	这里是日志信息......
2024-11-04 17:42:04.526372	[INFO]	orders_service.py	响应时间:810ms	天津市	武清区	这里是日志信息......
2024-11-04 17:42:04.526372	[INFO]	barcode_service.py	响应时间:527ms	湖南省	长沙市	这里是日志信息......
2024-11-04 17:42:04.526372	[INFO]	goods_manager.py	响应时间:876ms	湖北省	武汉市	这里是日志信息......
2024-11-04 17:42:04.526372	[WARN]	goods_manager.py	响应时间:563ms	北京市	怀柔区	这里是日志信息......
2024-11-04 17:42:04.526372	[ERROR]	orders_service.py	响应时间:715ms	重庆市	南岸区	这里是日志信息......
2024-11-04 17:42:04.526372	[INFO]	base_network.py	响应时间:852ms	重庆市	沙坪坝区	这里是日志信息......
2024-11-04 17:42:04.526372	[WARN]	goods_manager.py	响应时间:812ms	重庆市	万州区	这里是日志信息......
2024-11-04 17:42:04.526372	[INFO]	user_manager.py	响应时间:286ms	湖北省	恩施土家族苗族自治州	这里是日志信息......
2024-11-04 17:42:04.526372	[INFO]	user_manager.py	响应时间:58ms	浙江省	湖州市	这里是日志信息......
2024-11-04 17:42:04.526372	[INFO]	barcode_service.py	响应时间:824ms	山东省	菏泽市	这里是日志信息......
2024-11-04 17:42:04.526372	[ERROR]	orders_service.py	响应时间:972ms	天津市	河东区	这里是日志信息......
2024-11-04 17:42:04.526372	[INFO]	goods_manager.py	响应时间:6567ms	北京市	大兴区	这里是日志信息......
2024-11-04 17:42:04.526372	[INFO]	event.py	响应时间:755ms	江苏省	张家港市	这里是日志信息......
2024-11-04 17:42:04.526372	[INFO]	barcode_service.py	响应时间:913ms	北京市	怀柔区	这里是日志信息......
2024-11-04 17:42:04.526372	[INFO]	barcode_service.py	响应时间:717ms	上海市	杨浦区	这里是日志信息......
2024-11-04 17:42:04.526372	[INFO]	barcode_service.py	响应时间:552ms	浙江省	绍兴市	这里是日志信息......
2024-11-04 17:42:04.526372	[WARN]	event.py	响应时间:434ms	湖南省	长沙市	这里是日志信息......
2024-11-04 17:42:04.526372	[INFO]	base_network.py	响应时间:732ms	北京市	海淀区	这里是日志信息......
2024-11-04 17:42:04.526372	[INFO]	goods_manager.py	响应时间:492ms	广东省	广州市	这里是日志信息......
2024-11-04 17:42:04.526372	[INFO]	event.py	响应时间:521ms	上海市	黄浦区	这里是日志信息......
2024-11-04 17:42:04.526372	[INFO]	user_manager.py	响应时间:727ms	浙江省	嘉兴市	这里是日志信息......
2024-11-04 17:42:04.526372	[INFO]	orders_service.py	响应时间:108ms	广东省	深圳市	这里是日志信息......
2024-11-04 17:42:04.526372	[WARN]	event.py	响应时间:127ms	上海市	浦东新区	这里是日志信息......
2024-11-04 17:42:04.526372	[INFO]	orders_service.py	响应时间:701ms	湖南省	益阳市	这里是日志信息......
2024-11-04 17:42:04.526372	[INFO]	orders_service.py	响应时间:2460ms	浙江省	绍兴市	这里是日志信息......
2024-11-04 17:42:04.526372	[INFO]	event.py	响应时间:225ms	北京市	海淀区	这里是日志信息......
2024-11-04 17:42:04.526372	[INFO]	shop_manager.py	响应时间:739ms	上海市	普陀区	这里是日志信息......
2024-11-04 17:42:04.526372	[INFO]	base_network.py	响应时间:927ms	湖北省	恩施土家族苗族自治州	这里是日志信息......
2024-11-04 17:42:04.526372	[INFO]	event.py	响应时间:604ms	浙江省	绍兴市	这里是日志信息......
2024-11-04 17:42:04.526372	[INFO]	goods_manager.py	响应时间:853ms	上海市	浦东新区	这里是日志信息......
2024-11-04 17:42:04.526372	[INFO]	user_manager.py	响应时间:502ms	山东省	济南市	这里是日志信息......
2024-11-04 17:42:04.526372	[INFO]	event.py	响应时间:338ms	安徽省	池州市	这里是日志信息......
2024-11-04 17:42:04.526372	[INFO]	user_manager.py	响应时间:856ms	重庆市	万州区	这里是日志信息......
2024-11-04 17:42:04.526372	[INFO]	base_network.py	响应时间:611ms	广东省	深圳市	这里是日志信息......
2024-11-04 17:42:04.526372	[INFO]	event.py	响应时间:668ms	湖北省	武汉市	这里是日志信息......
2024-11-04 17:42:04.526372	[INFO]	event.py	响应时间:902ms	湖南省	长沙市	这里是日志信息......
2024-11-04 17:42:04.526372	[INFO]	event.py	响应时间:337ms	北京市	丰台区	这里是日志信息......
2024-11-04 17:42:04.526372	[WARN]	goods_manager.py	响应时间:97ms	山东省	济南市	这里是日志信息......
2024-11-04 17:42:04.526372	[INFO]	goods_manager.py	响应时间:880ms	江苏省	无锡市	这里是日志信息......
2024-11-04 17:42:04.526372	[INFO]	event.py	响应时间:894ms	浙江省	嘉兴市	这里是日志信息......
2024-11-04 17:42:04.526372	[INFO]	barcode_service.py	响应时间:113ms	天津市	河东区	这里是日志信息......
2024-11-04 17:42:04.526372	[INFO]	barcode_service.py	响应时间:190ms	重庆市	涪陵区	这里是日志信息......
2024-11-04 17:42:04.526372	[INFO]	event.py	响应时间:473ms	安徽省	合肥市	这里是日志信息......
2024-11-04 17:42:04.526372	[INFO]	event.py	响应时间:975ms	山东省	济南市	这里是日志信息......
2024-11-04 17:42:04.526372	[ERROR]	user_manager.py	响应时间:178ms	北京市	大兴区	这里是日志信息......
2024-11-04 17:42:04.526372	[INFO]	orders_service.py	响应时间:53ms	浙江省	舟山市	这里是日志信息......
2024-11-04 17:42:04.526372	[INFO]	barcode_service.py	响应时间:232ms	江苏省	苏州市	这里是日志信息......
2024-11-04 17:42:04.526372	[INFO]	event.py	响应时间:596ms	江苏省	宿迁市	这里是日志信息......
2024-11-04 17:42:04.526372	[INFO]	event.py	响应时间:114ms	湖北省	十堰市	这里是日志信息......
2024-11-04 17:42:04.526372	[INFO]	goods_manager.py	响应时间:352ms	广东省	广州市	这里是日志信息......
2024-11-04 17:42:04.526372	[WARN]	goods_manager.py	响应时间:531ms	上海市	普陀区	这里是日志信息......
2024-11-04 17:42:04.526372	[INFO]	orders_service.py	响应时间:527ms	上海市	杨浦区	这里是日志信息......
2024-11-04 17:42:04.526372	[INFO]	event.py	响应时间:863ms	湖北省	武汉市	这里是日志信息......
2024-11-04 17:42:04.526372	[ERROR]	orders_service.py	响应时间:8047ms	安徽省	合肥市	这里是日志信息......
2024-11-04 17:42:04.526372	[INFO]	event.py	响应时间:379ms	湖南省	长沙市	这里是日志信息......
2024-11-04 17:42:04.526372	[INFO]	orders_service.py	响应时间:433ms	天津市	宝坻区	这里是日志信息......
2024-11-04 17:42:04.526372	[INFO]	base_network.py	响应时间:239ms	江苏省	苏州市	这里是日志信息......
2024-11-04 17:42:04.526372	[INFO]	orders_service.py	响应时间:940ms	浙江省	丽水市	这里是日志信息......
2024-11-04 17:42:04.526372	[INFO]	event.py	响应时间:502ms	上海市	普陀区	这里是日志信息......
2024-11-04 17:42:04.526372	[ERROR]	barcode_service.py	响应时间:501ms	浙江省	湖州市	这里是日志信息......
2024-11-04 17:42:04.526372	[INFO]	event.py	响应时间:917ms	山东省	济南市	这里是日志信息......
2024-11-04 17:42:04.526372	[INFO]	goods_manager.py	响应时间:445ms	浙江省	绍兴市	这里是日志信息......
2024-11-04 17:42:04.526372	[INFO]	barcode_service.py	响应时间:607ms	湖南省	张家界市	这里是日志信息......
2024-11-04 17:42:04.526372	[INFO]	event.py	响应时间:268ms	上海市	普陀区	这里是日志信息......
2024-11-04 17:42:04.526372	[INFO]	base_network.py	响应时间:500ms	山东省	菏泽市	这里是日志信息......
2024-11-04 17:42:04.526372	[ERROR]	goods_manager.py	响应时间:425ms	北京市	昌平区	这里是日志信息......
2024-11-04 17:42:04.526372	[INFO]	event.py	响应时间:85ms	上海市	杨浦区	这里是日志信息......
2024-11-04 17:42:04.526372	[WARN]	base_network.py	响应时间:703ms	江苏省	苏州市	这里是日志信息......
2024-11-04 17:42:04.526372	[INFO]	goods_manager.py	响应时间:52ms	北京市	昌平区	这里是日志信息......
2024-11-04 17:42:04.526372	[INFO]	goods_manager.py	响应时间:53ms	重庆市	九龙坡区	这里是日志信息......
2024-11-04 17:42:04.527411	[INFO]	event.py	响应时间:636ms	湖南省	株洲市	这里是日志信息......
2024-11-04 17:42:04.527411	[INFO]	user_manager.py	响应时间:152ms	广东省	深圳市	这里是日志信息......
2024-11-04 17:42:04.527411	[INFO]	goods_manager.py	响应时间:693ms	广东省	广州市	这里是日志信息......
2024-11-04 17:42:04.527411	[INFO]	orders_service.py	响应时间:651ms	重庆市	万州区	这里是日志信息......
2024-11-04 17:42:04.527411	[INFO]	event.py	响应时间:157ms	山东省	青岛市	这里是日志信息......
2024-11-04 17:42:04.527411	[INFO]	event.py	响应时间:7ms	天津市	河东区	这里是日志信息......
2024-11-04 17:42:04.527411	[INFO]	goods_manager.py	响应时间:279ms	天津市	和平区	这里是日志信息......
2024-11-04 17:42:04.527411	[WARN]	shop_manager.py	响应时间:958ms	安徽省	阜阳市	这里是日志信息......
2024-11-04 17:42:04.527411	[INFO]	orders_service.py	响应时间:215ms	上海市	杨浦区	这里是日志信息......
2024-11-04 17:42:04.527411	[ERROR]	base_network.py	响应时间:636ms	天津市	宝坻区	这里是日志信息......
2024-11-04 17:42:04.527411	[INFO]	user_manager.py	响应时间:217ms	山东省	菏泽市	这里是日志信息......
2024-11-04 17:42:04.527411	[INFO]	event.py	响应时间:176ms	重庆市	万州区	这里是日志信息......
2024-11-04 17:42:04.527411	[INFO]	orders_service.py	响应时间:624ms	安徽省	合肥市	这里是日志信息......
2024-11-04 17:42:04.527411	[INFO]	event.py	响应时间:760ms	江苏省	无锡市	这里是日志信息......
2024-11-04 17:42:04.527411	[INFO]	goods_manager.py	响应时间:691ms	北京市	怀柔区	这里是日志信息......
2024-11-04 17:42:04.527411	[INFO]	event.py	响应时间:342ms	湖北省	恩施土家族苗族自治州	这里是日志信息......
2024-11-04 17:42:04.527411	[INFO]	orders_service.py	响应时间:359ms	北京市	海淀区	这里是日志信息......
2024-11-04 17:42:04.527411	[WARN]	event.py	响应时间:502ms	山东省	济南市	这里是日志信息......
2024-11-04 17:42:04.527411	[INFO]	event.py	响应时间:205ms	江苏省	张家港市	这里是日志信息......
2024-11-04 17:42:04.527411	[INFO]	goods_manager.py	响应时间:874ms	山东省	青岛市	这里是日志信息......
2024-11-04 17:42:04.527411	[INFO]	event.py	响应时间:545ms	江苏省	南京市	这里是日志信息......
2024-11-04 17:42:04.527411	[INFO]	user_manager.py	响应时间:437ms	山东省	济南市	这里是日志信息......
2024-11-04 17:42:04.527411	[INFO]	barcode_service.py	响应时间:278ms	广东省	深圳市	这里是日志信息......
2024-11-04 17:42:04.527411	[ERROR]	event.py	响应时间:358ms	湖南省	长沙市	这里是日志信息......
2024-11-04 17:42:04.527411	[INFO]	event.py	响应时间:785ms	北京市	丰台区	这里是日志信息......
2024-11-04 17:42:04.527411	[INFO]	base_network.py	响应时间:94ms	湖北省	武汉市	这里是日志信息......
2024-11-04 17:42:04.527411	[INFO]	shop_manager.py	响应时间:311ms	北京市	怀柔区	这里是日志信息......
2024-11-04 17:42:04.527411	[INFO]	barcode_service.py	响应时间:428ms	北京市	朝阳区	这里是日志信息......
2024-11-04 17:42:04.527411	[INFO]	goods_manager.py	响应时间:780ms	江苏省	南京市	这里是日志信息......
2024-11-04 17:42:04.527411	[INFO]	user_manager.py	响应时间:70ms	湖南省	长沙市	这里是日志信息......
2024-11-04 17:42:04.527411	[INFO]	barcode_service.py	响应时间:714ms	江苏省	南京市	这里是日志信息......
2024-11-04 17:42:04.527411	[INFO]	event.py	响应时间:437ms	浙江省	绍兴市	这里是日志信息......
2024-11-04 17:42:04.527411	[INFO]	user_manager.py	响应时间:60ms	北京市	怀柔区	这里是日志信息......
2024-11-04 17:42:04.527411	[INFO]	user_manager.py	响应时间:255ms	江苏省	南京市	这里是日志信息......
2024-11-04 17:42:04.527411	[INFO]	event.py	响应时间:971ms	山东省	济南市	这里是日志信息......
2024-11-04 17:42:04.527411	[WARN]	orders_service.py	响应时间:229ms	重庆市	九龙坡区	这里是日志信息......
2024-11-04 17:42:04.527411	[INFO]	goods_manager.py	响应时间:585ms	重庆市	万州区	这里是日志信息......
2024-11-04 17:42:04.527411	[INFO]	event.py	响应时间:232ms	湖南省	张家界市	这里是日志信息......
2024-11-04 17:42:04.527411	[INFO]	barcode_service.py	响应时间:877ms	江苏省	苏州市	这里是日志信息......
2024-11-04 17:42:04.527411	[INFO]	orders_service.py	响应时间:353ms	上海市	浦东新区	这里是日志信息......
2024-11-04 17:42:04.527411	[INFO]	event.py	响应时间:719ms	广东省	广州市	这里是日志信息......
2024-11-04 17:42:04.527411	[INFO]	orders_service.py	响应时间:199ms	江苏省	宿迁市	这里是日志信息......
2024-11-04 17:42:04.527411	[WARN]	event.py	响应时间:277ms	天津市	武清区	这里是日志信息......
2024-11-04 17:42:04.527411	[INFO]	orders_service.py	响应时间:35ms	北京市	丰台区	这里是日志信息......
2024-11-04 17:42:04.527411	[INFO]	orders_service.py	响应时间:746ms	湖南省	益阳市	这里是日志信息......
2024-11-04 17:42:04.527411	[INFO]	orders_service.py	响应时间:907ms	安徽省	合肥市	这里是日志信息......
2024-11-04 17:42:04.527411	[INFO]	user_manager.py	响应时间:754ms	北京市	朝阳区	这里是日志信息......
2024-11-04 17:42:04.527411	[INFO]	event.py	响应时间:407ms	江苏省	苏州市	这里是日志信息......
2024-11-04 17:42:04.527411	[INFO]	goods_manager.py	响应时间:155ms	湖北省	武汉市	这里是日志信息......
2024-11-04 17:42:04.527411	[INFO]	shop_manager.py	响应时间:484ms	安徽省	阜阳市	这里是日志信息......
2024-11-04 17:42:04.527411	[INFO]	goods_manager.py	响应时间:292ms	天津市	和平区	这里是日志信息......
2024-11-04 17:42:04.527411	[INFO]	goods_manager.py	响应时间:501ms	湖北省	武汉市	这里是日志信息......
2024-11-04 17:42:04.527411	[INFO]	event.py	响应时间:274ms	江苏省	张家港市	这里是日志信息......
2024-11-04 17:42:04.527411	[INFO]	barcode_service.py	响应时间:873ms	北京市	大兴区	这里是日志信息......
2024-11-04 17:42:04.527411	[ERROR]	goods_manager.py	响应时间:744ms	重庆市	沙坪坝区	这里是日志信息......
2024-11-04 17:42:04.527411	[INFO]	user_manager.py	响应时间:646ms	山东省	济南市	这里是日志信息......
2024-11-04 17:42:04.527411	[INFO]	event.py	响应时间:833ms	山东省	青岛市	这里是日志信息......
2024-11-04 17:42:04.527411	[WARN]	barcode_service.py	响应时间:413ms	安徽省	六安市	这里是日志信息......
2024-11-04 17:42:04.527411	[INFO]	orders_service.py	响应时间:458ms	重庆市	沙坪坝区	这里是日志信息......
2024-11-04 17:42:04.527411	[WARN]	user_manager.py	响应时间:70ms	安徽省	六安市	这里是日志信息......
2024-11-04 17:42:04.527411	[INFO]	shop_manager.py	响应时间:63ms	重庆市	南岸区	这里是日志信息......
2024-11-04 17:42:04.527411	[INFO]	barcode_service.py	响应时间:714ms	北京市	海淀区	这里是日志信息......
2024-11-04 17:42:04.527411	[INFO]	barcode_service.py	响应时间:378ms	安徽省	六安市	这里是日志信息......
2024-11-04 17:42:04.527411	[INFO]	event.py	响应时间:211ms	湖北省	武汉市	这里是日志信息......
2024-11-04 17:42:04.527411	[INFO]	goods_manager.py	响应时间:409ms	天津市	河西区	这里是日志信息......
2024-11-04 17:42:04.527411	[INFO]	goods_manager.py	响应时间:252ms	上海市	杨浦区	这里是日志信息......
2024-11-04 17:42:04.527411	[INFO]	goods_manager.py	响应时间:25ms	重庆市	渝中区	这里是日志信息......
2024-11-04 17:42:04.527411	[INFO]	barcode_service.py	响应时间:123ms	上海市	浦东新区	这里是日志信息......
2024-11-04 17:42:04.527411	[INFO]	user_manager.py	响应时间:354ms	湖南省	长沙市	这里是日志信息......
2024-11-04 17:42:04.527411	[INFO]	goods_manager.py	响应时间:303ms	湖北省	武汉市	这里是日志信息......
2024-11-04 17:42:04.527411	[INFO]	base_network.py	响应时间:560ms	广东省	深圳市	这里是日志信息......
2024-11-04 17:42:04.527411	[INFO]	goods_manager.py	响应时间:920ms	上海市	静安区	这里是日志信息......
2024-11-04 17:42:04.527411	[INFO]	orders_service.py	响应时间:758ms	上海市	普陀区	这里是日志信息......
2024-11-04 17:42:04.527411	[INFO]	shop_manager.py	响应时间:261ms	北京市	海淀区	这里是日志信息......
2024-11-04 17:42:04.527411	[WARN]	orders_service.py	响应时间:632ms	广东省	深圳市	这里是日志信息......
2024-11-04 17:42:04.527411	[INFO]	orders_service.py	响应时间:944ms	广东省	广州市	这里是日志信息......
2024-11-04 17:42:04.527411	[INFO]	orders_service.py	响应时间:680ms	安徽省	池州市	这里是日志信息......
2024-11-04 17:42:04.527411	[INFO]	event.py	响应时间:186ms	安徽省	芜湖市	这里是日志信息......
2024-11-04 17:42:04.527411	[INFO]	goods_manager.py	响应时间:206ms	上海市	浦东新区	这里是日志信息......
2024-11-04 17:42:04.527411	[INFO]	event.py	响应时间:858ms	湖北省	恩施土家族苗族自治州	这里是日志信息......
2024-11-04 17:42:04.527411	[INFO]	orders_service.py	响应时间:476ms	北京市	海淀区	这里是日志信息......
2024-11-04 17:42:04.527411	[WARN]	shop_manager.py	响应时间:962ms	北京市	大兴区	这里是日志信息......
2024-11-04 17:42:04.527411	[INFO]	event.py	响应时间:692ms	广东省	广州市	这里是日志信息......
2024-11-04 17:42:04.527411	[WARN]	goods_manager.py	响应时间:965ms	安徽省	铜陵市	这里是日志信息......
2024-11-04 17:42:04.527411	[INFO]	orders_service.py	响应时间:412ms	安徽省	合肥市	这里是日志信息......
2024-11-04 17:42:04.527411	[INFO]	user_manager.py	响应时间:606ms	北京市	昌平区	这里是日志信息......
2024-11-04 17:42:04.527411	[WARN]	event.py	响应时间:2490ms	湖北省	武汉市	这里是日志信息......
