2024-11-04 17:42:02.502271	[INFO]	barcode_service.py	响应时间:29ms	浙江省	嘉兴市	这里是日志信息......
2024-11-04 17:42:02.502271	[INFO]	event.py	响应时间:642ms	山东省	青岛市	这里是日志信息......
2024-11-04 17:42:02.502271	[WARN]	barcode_service.py	响应时间:247ms	湖南省	长沙市	这里是日志信息......
2024-11-04 17:42:02.502271	[INFO]	orders_service.py	响应时间:811ms	广东省	深圳市	这里是日志信息......
2024-11-04 17:42:02.502271	[INFO]	event.py	响应时间:294ms	江苏省	无锡市	这里是日志信息......
2024-11-04 17:42:02.502271	[INFO]	goods_manager.py	响应时间:5ms	北京市	丰台区	这里是日志信息......
2024-11-04 17:42:02.502271	[INFO]	event.py	响应时间:900ms	湖南省	常德市	这里是日志信息......
2024-11-04 17:42:02.502271	[INFO]	event.py	响应时间:170ms	山东省	菏泽市	这里是日志信息......
2024-11-04 17:42:02.502271	[INFO]	orders_service.py	响应时间:328ms	安徽省	合肥市	这里是日志信息......
2024-11-04 17:42:02.502271	[INFO]	user_manager.py	响应时间:609ms	安徽省	铜陵市	这里是日志信息......
2024-11-04 17:42:02.502271	[ERROR]	user_manager.py	响应时间:181ms	湖南省	株洲市	这里是日志信息......
2024-11-04 17:42:02.502271	[INFO]	event.py	响应时间:246ms	江苏省	南京市	这里是日志信息......
2024-11-04 17:42:02.502271	[INFO]	goods_manager.py	响应时间:420ms	山东省	济南市	这里是日志信息......
2024-11-04 17:42:02.502271	[INFO]	event.py	响应时间:312ms	山东省	青岛市	这里是日志信息......
2024-11-04 17:42:02.502271	[INFO]	event.py	响应时间:102ms	广东省	广州市	这里是日志信息......
2024-11-04 17:42:02.502271	[WARN]	user_manager.py	响应时间:487ms	江苏省	南京市	这里是日志信息......
2024-11-04 17:42:02.502271	[INFO]	shop_manager.py	响应时间:552ms	湖南省	张家界市	这里是日志信息......
2024-11-04 17:42:02.502271	[INFO]	barcode_service.py	响应时间:775ms	重庆市	沙坪坝区	这里是日志信息......
2024-11-04 17:42:02.502271	[INFO]	goods_manager.py	响应时间:272ms	北京市	海淀区	这里是日志信息......
2024-11-04 17:42:02.502271	[INFO]	user_manager.py	响应时间:611ms	山东省	青岛市	这里是日志信息......
2024-11-04 17:42:02.502271	[INFO]	event.py	响应时间:785ms	湖南省	长沙市	这里是日志信息......
2024-11-04 17:42:02.502271	[INFO]	orders_service.py	响应时间:289ms	浙江省	杭州市	这里是日志信息......
2024-11-04 17:42:02.502271	[INFO]	barcode_service.py	响应时间:985ms	天津市	河东区	这里是日志信息......
2024-11-04 17:42:02.502271	[WARN]	orders_service.py	响应时间:126ms	北京市	丰台区	这里是日志信息......
2024-11-04 17:42:02.502271	[INFO]	shop_manager.py	响应时间:981ms	浙江省	金华市	这里是日志信息......
2024-11-04 17:42:02.502271	[INFO]	barcode_service.py	响应时间:110ms	湖南省	张家界市	这里是日志信息......
2024-11-04 17:42:02.502271	[INFO]	orders_service.py	响应时间:365ms	安徽省	池州市	这里是日志信息......
2024-11-04 17:42:02.502271	[INFO]	shop_manager.py	响应时间:193ms	广东省	深圳市	这里是日志信息......
2024-11-04 17:42:02.502271	[INFO]	event.py	响应时间:194ms	山东省	青岛市	这里是日志信息......
2024-11-04 17:42:02.502271	[INFO]	event.py	响应时间:837ms	北京市	海淀区	这里是日志信息......
2024-11-04 17:42:02.502271	[INFO]	goods_manager.py	响应时间:545ms	湖北省	武汉市	这里是日志信息......
2024-11-04 17:42:02.502271	[INFO]	goods_manager.py	响应时间:442ms	山东省	青岛市	这里是日志信息......
2024-11-04 17:42:02.502271	[INFO]	event.py	响应时间:293ms	山东省	青岛市	这里是日志信息......
2024-11-04 17:42:02.502271	[INFO]	barcode_service.py	响应时间:142ms	山东省	济南市	这里是日志信息......
2024-11-04 17:42:02.502271	[WARN]	base_network.py	响应时间:876ms	安徽省	芜湖市	这里是日志信息......
2024-11-04 17:42:02.502271	[WARN]	orders_service.py	响应时间:45ms	广东省	深圳市	这里是日志信息......
2024-11-04 17:42:02.502271	[INFO]	event.py	响应时间:224ms	北京市	海淀区	这里是日志信息......
2024-11-04 17:42:02.502271	[INFO]	orders_service.py	响应时间:350ms	江苏省	苏州市	这里是日志信息......
2024-11-04 17:42:02.502271	[INFO]	event.py	响应时间:395ms	山东省	济南市	这里是日志信息......
2024-11-04 17:42:02.502271	[WARN]	orders_service.py	响应时间:950ms	天津市	宝坻区	这里是日志信息......
2024-11-04 17:42:02.502271	[INFO]	orders_service.py	响应时间:916ms	广东省	深圳市	这里是日志信息......
2024-11-04 17:42:02.502271	[INFO]	user_manager.py	响应时间:890ms	山东省	菏泽市	这里是日志信息......
2024-11-04 17:42:02.502271	[INFO]	event.py	响应时间:3241ms	湖南省	长沙市	这里是日志信息......
2024-11-04 17:42:02.502271	[INFO]	goods_manager.py	响应时间:370ms	江苏省	宿迁市	这里是日志信息......
2024-11-04 17:42:02.502271	[INFO]	event.py	响应时间:518ms	湖北省	恩施土家族苗族自治州	这里是日志信息......
2024-11-04 17:42:02.502271	[WARN]	event.py	响应时间:53ms	上海市	杨浦区	这里是日志信息......
2024-11-04 17:42:02.502271	[INFO]	event.py	响应时间:314ms	北京市	朝阳区	这里是日志信息......
2024-11-04 17:42:02.502271	[INFO]	shop_manager.py	响应时间:704ms	安徽省	铜陵市	这里是日志信息......
2024-11-04 17:42:02.502271	[INFO]	orders_service.py	响应时间:528ms	浙江省	杭州市	这里是日志信息......
2024-11-04 17:42:02.502271	[INFO]	goods_manager.py	响应时间:943ms	湖南省	株洲市	这里是日志信息......
2024-11-04 17:42:02.502271	[WARN]	base_network.py	响应时间:71ms	重庆市	万州区	这里是日志信息......
2024-11-04 17:42:02.502271	[INFO]	goods_manager.py	响应时间:909ms	浙江省	嘉兴市	这里是日志信息......
2024-11-04 17:42:02.502271	[INFO]	goods_manager.py	响应时间:650ms	浙江省	丽水市	这里是日志信息......
2024-11-04 17:42:02.502271	[INFO]	barcode_service.py	响应时间:607ms	湖北省	十堰市	这里是日志信息......
2024-11-04 17:42:02.502271	[INFO]	base_network.py	响应时间:402ms	北京市	海淀区	这里是日志信息......
2024-11-04 17:42:02.502271	[INFO]	orders_service.py	响应时间:323ms	湖北省	十堰市	这里是日志信息......
2024-11-04 17:42:02.502271	[INFO]	barcode_service.py	响应时间:338ms	浙江省	杭州市	这里是日志信息......
2024-11-04 17:42:02.502271	[INFO]	orders_service.py	响应时间:120ms	广东省	珠海市	这里是日志信息......
2024-11-04 17:42:02.502271	[ERROR]	barcode_service.py	响应时间:474ms	天津市	宝坻区	这里是日志信息......
2024-11-04 17:42:02.502271	[INFO]	orders_service.py	响应时间:186ms	浙江省	杭州市	这里是日志信息......
2024-11-04 17:42:02.502271	[WARN]	goods_manager.py	响应时间:34ms	重庆市	万州区	这里是日志信息......
2024-11-04 17:42:02.502271	[INFO]	goods_manager.py	响应时间:744ms	天津市	河东区	这里是日志信息......
2024-11-04 17:42:02.502271	[WARN]	goods_manager.py	响应时间:631ms	江苏省	常州市	这里是日志信息......
2024-11-04 17:42:02.502271	[INFO]	goods_manager.py	响应时间:427ms	北京市	海淀区	这里是日志信息......
2024-11-04 17:42:02.502271	[INFO]	base_network.py	响应时间:805ms	湖北省	十堰市	这里是日志信息......
2024-11-04 17:42:02.502271	[INFO]	user_manager.py	响应时间:34ms	湖南省	长沙市	这里是日志信息......
2024-11-04 17:42:02.502271	[INFO]	goods_manager.py	响应时间:299ms	北京市	昌平区	这里是日志信息......
2024-11-04 17:42:02.502271	[INFO]	goods_manager.py	响应时间:796ms	上海市	宝山区	这里是日志信息......
2024-11-04 17:42:02.502271	[INFO]	goods_manager.py	响应时间:346ms	安徽省	合肥市	这里是日志信息......
2024-11-04 17:42:02.502271	[INFO]	event.py	响应时间:443ms	广东省	广州市	这里是日志信息......
2024-11-04 17:42:02.503380	[INFO]	shop_manager.py	响应时间:243ms	山东省	青岛市	这里是日志信息......
2024-11-04 17:42:02.503380	[INFO]	barcode_service.py	响应时间:773ms	江苏省	苏州市	这里是日志信息......
2024-11-04 17:42:02.503380	[INFO]	orders_service.py	响应时间:5ms	上海市	杨浦区	这里是日志信息......
2024-11-04 17:42:02.503380	[WARN]	orders_service.py	响应时间:797ms	上海市	浦东新区	这里是日志信息......
2024-11-04 17:42:02.503380	[INFO]	event.py	响应时间:176ms	江苏省	无锡市	这里是日志信息......
2024-11-04 17:42:02.503380	[INFO]	user_manager.py	响应时间:560ms	山东省	济南市	这里是日志信息......
2024-11-04 17:42:02.503380	[INFO]	event.py	响应时间:1ms	上海市	徐汇区	这里是日志信息......
2024-11-04 17:42:02.503380	[INFO]	orders_service.py	响应时间:401ms	湖南省	长沙市	这里是日志信息......
2024-11-04 17:42:02.503380	[WARN]	barcode_service.py	响应时间:664ms	山东省	青岛市	这里是日志信息......
2024-11-04 17:42:02.503380	[WARN]	goods_manager.py	响应时间:106ms	浙江省	丽水市	这里是日志信息......
2024-11-04 17:42:02.503380	[WARN]	goods_manager.py	响应时间:367ms	山东省	青岛市	这里是日志信息......
2024-11-04 17:42:02.503380	[INFO]	orders_service.py	响应时间:622ms	江苏省	南京市	这里是日志信息......
2024-11-04 17:42:02.503380	[INFO]	goods_manager.py	响应时间:484ms	天津市	河东区	这里是日志信息......
2024-11-04 17:42:02.503380	[INFO]	orders_service.py	响应时间:130ms	浙江省	杭州市	这里是日志信息......
2024-11-04 17:42:02.503380	[INFO]	goods_manager.py	响应时间:608ms	湖北省	恩施土家族苗族自治州	这里是日志信息......
2024-11-04 17:42:02.503380	[WARN]	orders_service.py	响应时间:905ms	广东省	广州市	这里是日志信息......
2024-11-04 17:42:02.503380	[INFO]	event.py	响应时间:276ms	湖南省	张家界市	这里是日志信息......
2024-11-04 17:42:02.503380	[WARN]	orders_service.py	响应时间:474ms	山东省	菏泽市	这里是日志信息......
2024-11-04 17:42:02.503380	[INFO]	base_network.py	响应时间:606ms	北京市	朝阳区	这里是日志信息......
2024-11-04 17:42:02.503380	[INFO]	event.py	响应时间:886ms	湖北省	武汉市	这里是日志信息......
2024-11-04 17:42:02.503380	[WARN]	shop_manager.py	响应时间:318ms	山东省	菏泽市	这里是日志信息......
2024-11-04 17:42:02.503380	[INFO]	base_network.py	响应时间:619ms	江苏省	苏州市	这里是日志信息......
2024-11-04 17:42:02.503380	[INFO]	orders_service.py	响应时间:675ms	安徽省	六安市	这里是日志信息......
2024-11-04 17:42:02.503380	[INFO]	goods_manager.py	响应时间:952ms	天津市	和平区	这里是日志信息......
2024-11-04 17:42:02.503380	[INFO]	event.py	响应时间:835ms	上海市	杨浦区	这里是日志信息......
2024-11-04 17:42:02.503380	[INFO]	event.py	响应时间:249ms	天津市	河西区	这里是日志信息......
2024-11-04 17:42:02.503380	[ERROR]	barcode_service.py	响应时间:9938ms	重庆市	沙坪坝区	这里是日志信息......
2024-11-04 17:42:02.503380	[INFO]	user_manager.py	响应时间:319ms	广东省	广州市	这里是日志信息......
2024-11-04 17:42:02.503380	[INFO]	event.py	响应时间:577ms	重庆市	万州区	这里是日志信息......
2024-11-04 17:42:02.503380	[INFO]	event.py	响应时间:415ms	湖北省	武汉市	这里是日志信息......
2024-11-04 17:42:02.503380	[INFO]	event.py	响应时间:34ms	广东省	广州市	这里是日志信息......
2024-11-04 17:42:02.503380	[INFO]	orders_service.py	响应时间:342ms	山东省	济南市	这里是日志信息......
2024-11-04 17:42:02.503380	[INFO]	event.py	响应时间:252ms	湖北省	恩施土家族苗族自治州	这里是日志信息......
2024-11-04 17:42:02.503380	[INFO]	barcode_service.py	响应时间:1589ms	湖南省	长沙市	这里是日志信息......
2024-11-04 17:42:02.503380	[INFO]	goods_manager.py	响应时间:117ms	广东省	深圳市	这里是日志信息......
2024-11-04 17:42:02.503380	[INFO]	event.py	响应时间:231ms	湖南省	长沙市	这里是日志信息......
2024-11-04 17:42:02.503380	[WARN]	orders_service.py	响应时间:999ms	安徽省	合肥市	这里是日志信息......
2024-11-04 17:42:02.503380	[WARN]	user_manager.py	响应时间:684ms	上海市	静安区	这里是日志信息......
2024-11-04 17:42:02.503380	[INFO]	orders_service.py	响应时间:388ms	浙江省	杭州市	这里是日志信息......
2024-11-04 17:42:02.503380	[INFO]	goods_manager.py	响应时间:348ms	湖北省	武汉市	这里是日志信息......
2024-11-04 17:42:02.503380	[INFO]	event.py	响应时间:686ms	安徽省	六安市	这里是日志信息......
2024-11-04 17:42:02.503380	[INFO]	goods_manager.py	响应时间:117ms	北京市	大兴区	这里是日志信息......
2024-11-04 17:42:02.503380	[WARN]	orders_service.py	响应时间:778ms	广东省	深圳市	这里是日志信息......
2024-11-04 17:42:02.503380	[INFO]	barcode_service.py	响应时间:502ms	湖北省	十堰市	这里是日志信息......
2024-11-04 17:42:02.503380	[INFO]	goods_manager.py	响应时间:799ms	江苏省	苏州市	这里是日志信息......
2024-11-04 17:42:02.503380	[WARN]	goods_manager.py	响应时间:52ms	北京市	丰台区	这里是日志信息......
2024-11-04 17:42:02.503380	[INFO]	event.py	响应时间:618ms	浙江省	舟山市	这里是日志信息......
2024-11-04 17:42:02.503380	[INFO]	event.py	响应时间:204ms	广东省	深圳市	这里是日志信息......
2024-11-04 17:42:02.503380	[INFO]	orders_service.py	响应时间:14ms	安徽省	合肥市	这里是日志信息......
2024-11-04 17:42:02.503380	[INFO]	event.py	响应时间:458ms	安徽省	阜阳市	这里是日志信息......
2024-11-04 17:42:02.503380	[INFO]	user_manager.py	响应时间:717ms	广东省	珠海市	这里是日志信息......
2024-11-04 17:42:02.503380	[INFO]	base_network.py	响应时间:160ms	安徽省	合肥市	这里是日志信息......
2024-11-04 17:42:02.503380	[INFO]	event.py	响应时间:822ms	湖北省	十堰市	这里是日志信息......
2024-11-04 17:42:02.503380	[INFO]	event.py	响应时间:831ms	天津市	武清区	这里是日志信息......
2024-11-04 17:42:02.503380	[INFO]	user_manager.py	响应时间:898ms	湖北省	十堰市	这里是日志信息......
2024-11-04 17:42:02.503380	[INFO]	goods_manager.py	响应时间:54ms	湖南省	长沙市	这里是日志信息......
2024-11-04 17:42:02.503380	[INFO]	event.py	响应时间:254ms	湖南省	长沙市	这里是日志信息......
2024-11-04 17:42:02.503380	[INFO]	event.py	响应时间:408ms	山东省	济南市	这里是日志信息......
2024-11-04 17:42:02.503380	[INFO]	shop_manager.py	响应时间:742ms	广东省	深圳市	这里是日志信息......
2024-11-04 17:42:02.503380	[WARN]	event.py	响应时间:404ms	北京市	丰台区	这里是日志信息......
2024-11-04 17:42:02.503380	[INFO]	event.py	响应时间:953ms	浙江省	湖州市	这里是日志信息......
2024-11-04 17:42:02.503380	[INFO]	base_network.py	响应时间:544ms	山东省	济南市	这里是日志信息......
2024-11-04 17:42:02.503380	[INFO]	event.py	响应时间:5074ms	湖南省	张家界市	这里是日志信息......
2024-11-04 17:42:02.503380	[INFO]	orders_service.py	响应时间:130ms	湖南省	长沙市	这里是日志信息......
2024-11-04 17:42:02.503380	[WARN]	orders_service.py	响应时间:735ms	湖南省	长沙市	这里是日志信息......
2024-11-04 17:42:02.503380	[INFO]	user_manager.py	响应时间:388ms	天津市	河西区	这里是日志信息......
2024-11-04 17:42:02.503380	[INFO]	event.py	响应时间:834ms	上海市	浦东新区	这里是日志信息......
2024-11-04 17:42:02.503380	[INFO]	event.py	响应时间:427ms	安徽省	合肥市	这里是日志信息......
2024-11-04 17:42:02.503380	[WARN]	orders_service.py	响应时间:536ms	浙江省	绍兴市	这里是日志信息......
2024-11-04 17:42:02.503380	[INFO]	goods_manager.py	响应时间:890ms	浙江省	绍兴市	这里是日志信息......
2024-11-04 17:42:02.503380	[INFO]	user_manager.py	响应时间:673ms	湖北省	武汉市	这里是日志信息......
2024-11-04 17:42:02.503380	[INFO]	orders_service.py	响应时间:419ms	山东省	济南市	这里是日志信息......
2024-11-04 17:42:02.503380	[INFO]	event.py	响应时间:867ms	山东省	青岛市	这里是日志信息......
2024-11-04 17:42:02.503380	[INFO]	barcode_service.py	响应时间:461ms	江苏省	南京市	这里是日志信息......
2024-11-04 17:42:02.503380	[INFO]	shop_manager.py	响应时间:307ms	湖北省	十堰市	这里是日志信息......
2024-11-04 17:42:02.503380	[INFO]	user_manager.py	响应时间:314ms	湖南省	长沙市	这里是日志信息......
2024-11-04 17:42:02.503380	[INFO]	barcode_service.py	响应时间:400ms	江苏省	南京市	这里是日志信息......
2024-11-04 17:42:02.503380	[INFO]	goods_manager.py	响应时间:338ms	湖南省	长沙市	这里是日志信息......
2024-11-04 17:42:02.503380	[WARN]	event.py	响应时间:796ms	北京市	大兴区	这里是日志信息......
2024-11-04 17:42:02.503380	[INFO]	event.py	响应时间:31ms	湖北省	荆州市	这里是日志信息......
2024-11-04 17:42:02.503380	[WARN]	event.py	响应时间:990ms	江苏省	苏州市	这里是日志信息......
2024-11-04 17:42:02.503380	[WARN]	orders_service.py	响应时间:49ms	浙江省	嘉兴市	这里是日志信息......
2024-11-04 17:42:02.503380	[INFO]	user_manager.py	响应时间:821ms	浙江省	金华市	这里是日志信息......
2024-11-04 17:42:02.503380	[INFO]	barcode_service.py	响应时间:909ms	广东省	广州市	这里是日志信息......
2024-11-04 17:42:02.503380	[INFO]	event.py	响应时间:728ms	江苏省	宿迁市	这里是日志信息......
2024-11-04 17:42:02.503380	[WARN]	goods_manager.py	响应时间:944ms	江苏省	常州市	这里是日志信息......
2024-11-04 17:42:02.503380	[ERROR]	shop_manager.py	响应时间:257ms	重庆市	渝中区	这里是日志信息......
2024-11-04 17:42:02.503380	[INFO]	user_manager.py	响应时间:371ms	重庆市	万州区	这里是日志信息......
2024-11-04 17:42:02.503380	[ERROR]	barcode_service.py	响应时间:461ms	湖北省	恩施土家族苗族自治州	这里是日志信息......
2024-11-04 17:42:02.503380	[INFO]	barcode_service.py	响应时间:229ms	山东省	青岛市	这里是日志信息......
2024-11-04 17:42:02.503380	[INFO]	goods_manager.py	响应时间:387ms	广东省	深圳市	这里是日志信息......
2024-11-04 17:42:02.503380	[INFO]	event.py	响应时间:3ms	安徽省	合肥市	这里是日志信息......
2024-11-04 17:42:02.503380	[WARN]	goods_manager.py	响应时间:40ms	广东省	深圳市	这里是日志信息......
2024-11-04 17:42:02.503380	[INFO]	goods_manager.py	响应时间:415ms	江苏省	宿迁市	这里是日志信息......
2024-11-04 17:42:02.503380	[INFO]	goods_manager.py	响应时间:622ms	重庆市	九龙坡区	这里是日志信息......
2024-11-04 17:42:02.503380	[ERROR]	orders_service.py	响应时间:441ms	湖南省	株洲市	这里是日志信息......
2024-11-04 17:42:02.503380	[INFO]	goods_manager.py	响应时间:7147ms	浙江省	丽水市	这里是日志信息......
2024-11-04 17:42:02.503380	[INFO]	orders_service.py	响应时间:283ms	湖北省	十堰市	这里是日志信息......
2024-11-04 17:42:02.503380	[INFO]	base_network.py	响应时间:896ms	江苏省	常州市	这里是日志信息......
2024-11-04 17:42:02.503380	[INFO]	orders_service.py	响应时间:333ms	湖南省	益阳市	这里是日志信息......
2024-11-04 17:42:02.503380	[INFO]	orders_service.py	响应时间:296ms	广东省	广州市	这里是日志信息......
2024-11-04 17:42:02.503380	[INFO]	event.py	响应时间:82ms	上海市	黄浦区	这里是日志信息......
2024-11-04 17:42:02.503380	[INFO]	event.py	响应时间:908ms	湖北省	武汉市	这里是日志信息......
2024-11-04 17:42:02.503380	[INFO]	shop_manager.py	响应时间:919ms	上海市	浦东新区	这里是日志信息......
2024-11-04 17:42:02.503380	[INFO]	event.py	响应时间:780ms	上海市	普陀区	这里是日志信息......
2024-11-04 17:42:02.503380	[INFO]	barcode_service.py	响应时间:733ms	安徽省	池州市	这里是日志信息......
2024-11-04 17:42:02.503380	[INFO]	barcode_service.py	响应时间:4ms	湖南省	长沙市	这里是日志信息......
2024-11-04 17:42:02.503380	[INFO]	barcode_service.py	响应时间:118ms	安徽省	池州市	这里是日志信息......
2024-11-04 17:42:02.503380	[WARN]	shop_manager.py	响应时间:167ms	湖北省	荆州市	这里是日志信息......
2024-11-04 17:42:02.503380	[INFO]	event.py	响应时间:207ms	上海市	宝山区	这里是日志信息......
2024-11-04 17:42:02.503380	[INFO]	goods_manager.py	响应时间:5256ms	广东省	深圳市	这里是日志信息......
2024-11-04 17:42:02.503380	[INFO]	event.py	响应时间:306ms	广东省	深圳市	这里是日志信息......
2024-11-04 17:42:02.503380	[WARN]	shop_manager.py	响应时间:442ms	湖南省	长沙市	这里是日志信息......
2024-11-04 17:42:02.503380	[INFO]	event.py	响应时间:908ms	天津市	河西区	这里是日志信息......
2024-11-04 17:42:02.503380	[INFO]	event.py	响应时间:687ms	浙江省	绍兴市	这里是日志信息......
2024-11-04 17:42:02.503380	[INFO]	base_network.py	响应时间:406ms	重庆市	九龙坡区	这里是日志信息......
2024-11-04 17:42:02.503380	[INFO]	user_manager.py	响应时间:343ms	湖南省	益阳市	这里是日志信息......
2024-11-04 17:42:02.503380	[INFO]	orders_service.py	响应时间:908ms	湖南省	长沙市	这里是日志信息......
2024-11-04 17:42:02.503380	[INFO]	user_manager.py	响应时间:441ms	江苏省	苏州市	这里是日志信息......
2024-11-04 17:42:02.503380	[WARN]	shop_manager.py	响应时间:318ms	湖北省	武汉市	这里是日志信息......
2024-11-04 17:42:02.503380	[INFO]	event.py	响应时间:79ms	上海市	浦东新区	这里是日志信息......
2024-11-04 17:42:02.503380	[INFO]	goods_manager.py	响应时间:324ms	北京市	大兴区	这里是日志信息......
2024-11-04 17:42:02.503380	[WARN]	event.py	响应时间:269ms	重庆市	渝中区	这里是日志信息......
2024-11-04 17:42:02.503380	[INFO]	user_manager.py	响应时间:877ms	天津市	和平区	这里是日志信息......
2024-11-04 17:42:02.503380	[INFO]	event.py	响应时间:163ms	湖北省	武汉市	这里是日志信息......
2024-11-04 17:42:02.503380	[INFO]	goods_manager.py	响应时间:829ms	北京市	海淀区	这里是日志信息......
2024-11-04 17:42:02.503380	[INFO]	goods_manager.py	响应时间:290ms	广东省	珠海市	这里是日志信息......
2024-11-04 17:42:02.503380	[INFO]	shop_manager.py	响应时间:696ms	山东省	菏泽市	这里是日志信息......
2024-11-04 17:42:02.503380	[INFO]	barcode_service.py	响应时间:412ms	浙江省	绍兴市	这里是日志信息......
2024-11-04 17:42:02.503380	[INFO]	event.py	响应时间:232ms	北京市	海淀区	这里是日志信息......
2024-11-04 17:42:02.504388	[INFO]	goods_manager.py	响应时间:968ms	广东省	广州市	这里是日志信息......
2024-11-04 17:42:02.504388	[INFO]	orders_service.py	响应时间:710ms	重庆市	沙坪坝区	这里是日志信息......
2024-11-04 17:42:02.504388	[INFO]	orders_service.py	响应时间:974ms	重庆市	渝中区	这里是日志信息......
2024-11-04 17:42:02.504388	[WARN]	event.py	响应时间:526ms	北京市	丰台区	这里是日志信息......
2024-11-04 17:42:02.504388	[INFO]	orders_service.py	响应时间:985ms	上海市	黄浦区	这里是日志信息......
2024-11-04 17:42:02.504388	[INFO]	user_manager.py	响应时间:491ms	北京市	海淀区	这里是日志信息......
2024-11-04 17:42:02.504388	[INFO]	user_manager.py	响应时间:249ms	广东省	广州市	这里是日志信息......
2024-11-04 17:42:02.504388	[INFO]	event.py	响应时间:211ms	浙江省	嘉兴市	这里是日志信息......
2024-11-04 17:42:02.504388	[WARN]	orders_service.py	响应时间:626ms	广东省	深圳市	这里是日志信息......
2024-11-04 17:42:02.504388	[INFO]	goods_manager.py	响应时间:565ms	湖南省	益阳市	这里是日志信息......
2024-11-04 17:42:02.504388	[WARN]	barcode_service.py	响应时间:564ms	江苏省	南京市	这里是日志信息......
2024-11-04 17:42:02.504388	[ERROR]	event.py	响应时间:218ms	安徽省	芜湖市	这里是日志信息......
2024-11-04 17:42:02.504388	[INFO]	orders_service.py	响应时间:697ms	浙江省	嘉兴市	这里是日志信息......
2024-11-04 17:42:02.504388	[WARN]	orders_service.py	响应时间:615ms	湖南省	常德市	这里是日志信息......
2024-11-04 17:42:02.504388	[INFO]	event.py	响应时间:748ms	湖北省	武汉市	这里是日志信息......
2024-11-04 17:42:02.504388	[INFO]	goods_manager.py	响应时间:170ms	北京市	大兴区	这里是日志信息......
2024-11-04 17:42:02.504388	[INFO]	goods_manager.py	响应时间:459ms	浙江省	杭州市	这里是日志信息......
2024-11-04 17:42:02.504388	[INFO]	goods_manager.py	响应时间:403ms	上海市	宝山区	这里是日志信息......
2024-11-04 17:42:02.504388	[INFO]	goods_manager.py	响应时间:660ms	湖南省	长沙市	这里是日志信息......
2024-11-04 17:42:02.504388	[INFO]	barcode_service.py	响应时间:234ms	安徽省	阜阳市	这里是日志信息......
2024-11-04 17:42:02.504388	[INFO]	orders_service.py	响应时间:242ms	北京市	丰台区	这里是日志信息......
2024-11-04 17:42:02.504388	[WARN]	shop_manager.py	响应时间:425ms	山东省	济南市	这里是日志信息......
2024-11-04 17:42:02.504388	[INFO]	goods_manager.py	响应时间:332ms	山东省	青岛市	这里是日志信息......
2024-11-04 17:42:02.504388	[INFO]	user_manager.py	响应时间:999ms	上海市	徐汇区	这里是日志信息......
2024-11-04 17:42:02.504388	[INFO]	orders_service.py	响应时间:764ms	湖南省	张家界市	这里是日志信息......
2024-11-04 17:42:02.504388	[WARN]	goods_manager.py	响应时间:680ms	安徽省	合肥市	这里是日志信息......
2024-11-04 17:42:02.504388	[INFO]	barcode_service.py	响应时间:927ms	浙江省	杭州市	这里是日志信息......
2024-11-04 17:42:02.504388	[INFO]	barcode_service.py	响应时间:578ms	湖北省	恩施土家族苗族自治州	这里是日志信息......
2024-11-04 17:42:02.504388	[INFO]	barcode_service.py	响应时间:808ms	天津市	河西区	这里是日志信息......
2024-11-04 17:42:02.504388	[INFO]	goods_manager.py	响应时间:556ms	湖南省	长沙市	这里是日志信息......
2024-11-04 17:42:02.504388	[INFO]	shop_manager.py	响应时间:966ms	重庆市	万州区	这里是日志信息......
2024-11-04 17:42:02.504388	[INFO]	orders_service.py	响应时间:884ms	重庆市	九龙坡区	这里是日志信息......
2024-11-04 17:42:02.504388	[INFO]	barcode_service.py	响应时间:553ms	山东省	济南市	这里是日志信息......
2024-11-04 17:42:02.504388	[INFO]	barcode_service.py	响应时间:281ms	重庆市	九龙坡区	这里是日志信息......
2024-11-04 17:42:02.504388	[INFO]	goods_manager.py	响应时间:654ms	浙江省	金华市	这里是日志信息......
2024-11-04 17:42:02.504388	[INFO]	user_manager.py	响应时间:561ms	天津市	河西区	这里是日志信息......
2024-11-04 17:42:02.504388	[INFO]	goods_manager.py	响应时间:540ms	浙江省	绍兴市	这里是日志信息......
2024-11-04 17:42:02.504388	[INFO]	orders_service.py	响应时间:685ms	安徽省	合肥市	这里是日志信息......
2024-11-04 17:42:02.504388	[INFO]	orders_service.py	响应时间:624ms	广东省	珠海市	这里是日志信息......
2024-11-04 17:42:02.504388	[INFO]	orders_service.py	响应时间:670ms	浙江省	杭州市	这里是日志信息......
2024-11-04 17:42:02.504388	[INFO]	base_network.py	响应时间:14ms	湖南省	长沙市	这里是日志信息......
2024-11-04 17:42:02.504388	[WARN]	orders_service.py	响应时间:174ms	江苏省	无锡市	这里是日志信息......
2024-11-04 17:42:02.504388	[INFO]	user_manager.py	响应时间:402ms	山东省	济南市	这里是日志信息......
2024-11-04 17:42:02.504388	[INFO]	event.py	响应时间:82ms	上海市	静安区	这里是日志信息......
2024-11-04 17:42:02.504388	[INFO]	event.py	响应时间:610ms	北京市	海淀区	这里是日志信息......
2024-11-04 17:42:02.504388	[INFO]	orders_service.py	响应时间:547ms	湖南省	长沙市	这里是日志信息......
2024-11-04 17:42:02.504388	[INFO]	goods_manager.py	响应时间:690ms	浙江省	杭州市	这里是日志信息......
2024-11-04 17:42:02.504388	[INFO]	event.py	响应时间:129ms	天津市	武清区	这里是日志信息......
2024-11-04 17:42:02.504388	[INFO]	user_manager.py	响应时间:739ms	浙江省	舟山市	这里是日志信息......
2024-11-04 17:42:02.504388	[INFO]	user_manager.py	响应时间:921ms	重庆市	万州区	这里是日志信息......
2024-11-04 17:42:02.504388	[INFO]	shop_manager.py	响应时间:588ms	湖南省	长沙市	这里是日志信息......
2024-11-04 17:42:02.504388	[WARN]	goods_manager.py	响应时间:878ms	重庆市	九龙坡区	这里是日志信息......
2024-11-04 17:42:02.504388	[INFO]	orders_service.py	响应时间:468ms	天津市	河东区	这里是日志信息......
2024-11-04 17:42:02.504388	[WARN]	event.py	响应时间:24ms	湖北省	恩施土家族苗族自治州	这里是日志信息......
2024-11-04 17:42:02.504388	[INFO]	event.py	响应时间:903ms	山东省	青岛市	这里是日志信息......
2024-11-04 17:42:02.504388	[INFO]	goods_manager.py	响应时间:734ms	浙江省	杭州市	这里是日志信息......
2024-11-04 17:42:02.504388	[INFO]	user_manager.py	响应时间:8ms	山东省	菏泽市	这里是日志信息......
2024-11-04 17:42:02.504388	[ERROR]	base_network.py	响应时间:550ms	湖北省	恩施土家族苗族自治州	这里是日志信息......
2024-11-04 17:42:02.504388	[INFO]	orders_service.py	响应时间:461ms	湖北省	武汉市	这里是日志信息......
2024-11-04 17:42:02.504388	[INFO]	orders_service.py	响应时间:907ms	上海市	普陀区	这里是日志信息......
2024-11-04 17:42:02.504388	[INFO]	user_manager.py	响应时间:623ms	湖北省	十堰市	这里是日志信息......
2024-11-04 17:42:02.504388	[INFO]	goods_manager.py	响应时间:850ms	江苏省	无锡市	这里是日志信息......
2024-11-04 17:42:02.504388	[INFO]	event.py	响应时间:316ms	湖北省	恩施土家族苗族自治州	这里是日志信息......
2024-11-04 17:42:02.504388	[INFO]	base_network.py	响应时间:663ms	上海市	普陀区	这里是日志信息......
2024-11-04 17:42:02.504388	[INFO]	event.py	响应时间:563ms	上海市	浦东新区	这里是日志信息......
2024-11-04 17:42:02.504388	[INFO]	event.py	响应时间:857ms	湖南省	常德市	这里是日志信息......
2024-11-04 17:42:02.504388	[WARN]	orders_service.py	响应时间:805ms	浙江省	金华市	这里是日志信息......
2024-11-04 17:42:02.504388	[INFO]	base_network.py	响应时间:260ms	山东省	菏泽市	这里是日志信息......
2024-11-04 17:42:02.504388	[INFO]	barcode_service.py	响应时间:161ms	天津市	宝坻区	这里是日志信息......
2024-11-04 17:42:02.504388	[INFO]	barcode_service.py	响应时间:764ms	湖南省	长沙市	这里是日志信息......
2024-11-04 17:42:02.504388	[INFO]	orders_service.py	响应时间:820ms	安徽省	六安市	这里是日志信息......
2024-11-04 17:42:02.504388	[ERROR]	base_network.py	响应时间:149ms	北京市	昌平区	这里是日志信息......
2024-11-04 17:42:02.504388	[INFO]	orders_service.py	响应时间:386ms	湖南省	长沙市	这里是日志信息......
2024-11-04 17:42:02.504388	[INFO]	orders_service.py	响应时间:898ms	上海市	杨浦区	这里是日志信息......
2024-11-04 17:42:02.504388	[WARN]	goods_manager.py	响应时间:240ms	山东省	济南市	这里是日志信息......
2024-11-04 17:42:02.504388	[INFO]	event.py	响应时间:728ms	上海市	浦东新区	这里是日志信息......
2024-11-04 17:42:02.504388	[INFO]	barcode_service.py	响应时间:680ms	湖南省	长沙市	这里是日志信息......
2024-11-04 17:42:02.504388	[INFO]	barcode_service.py	响应时间:701ms	山东省	青岛市	这里是日志信息......
2024-11-04 17:42:02.504388	[INFO]	shop_manager.py	响应时间:4073ms	北京市	丰台区	这里是日志信息......
2024-11-04 17:42:02.504388	[INFO]	goods_manager.py	响应时间:8672ms	上海市	黄浦区	这里是日志信息......
2024-11-04 17:42:02.504388	[INFO]	barcode_service.py	响应时间:509ms	湖南省	长沙市	这里是日志信息......
2024-11-04 17:42:02.504388	[WARN]	shop_manager.py	响应时间:199ms	湖北省	武汉市	这里是日志信息......
2024-11-04 17:42:02.504388	[INFO]	goods_manager.py	响应时间:131ms	重庆市	万州区	这里是日志信息......
2024-11-04 17:42:02.504388	[ERROR]	orders_service.py	响应时间:922ms	江苏省	苏州市	这里是日志信息......
2024-11-04 17:42:02.504388	[INFO]	orders_service.py	响应时间:27ms	湖南省	常德市	这里是日志信息......
2024-11-04 17:42:02.504388	[INFO]	goods_manager.py	响应时间:750ms	江苏省	南京市	这里是日志信息......
2024-11-04 17:42:02.504388	[INFO]	event.py	响应时间:397ms	湖南省	长沙市	这里是日志信息......
2024-11-04 17:42:02.504388	[INFO]	orders_service.py	响应时间:418ms	安徽省	合肥市	这里是日志信息......
2024-11-04 17:42:02.504388	[INFO]	event.py	响应时间:210ms	安徽省	合肥市	这里是日志信息......
2024-11-04 17:42:02.504388	[WARN]	event.py	响应时间:152ms	江苏省	苏州市	这里是日志信息......
2024-11-04 17:42:02.504388	[INFO]	goods_manager.py	响应时间:443ms	山东省	青岛市	这里是日志信息......
2024-11-04 17:42:02.504388	[INFO]	base_network.py	响应时间:719ms	安徽省	合肥市	这里是日志信息......
2024-11-04 17:42:02.504388	[INFO]	base_network.py	响应时间:660ms	北京市	海淀区	这里是日志信息......
2024-11-04 17:42:02.504388	[INFO]	barcode_service.py	响应时间:865ms	天津市	河东区	这里是日志信息......
2024-11-04 17:42:02.504388	[INFO]	base_network.py	响应时间:292ms	安徽省	合肥市	这里是日志信息......
2024-11-04 17:42:02.504388	[INFO]	orders_service.py	响应时间:626ms	北京市	海淀区	这里是日志信息......
2024-11-04 17:42:02.504388	[WARN]	event.py	响应时间:504ms	安徽省	铜陵市	这里是日志信息......
2024-11-04 17:42:02.504388	[INFO]	goods_manager.py	响应时间:681ms	湖北省	荆州市	这里是日志信息......
2024-11-04 17:42:02.504388	[INFO]	user_manager.py	响应时间:531ms	重庆市	九龙坡区	这里是日志信息......
2024-11-04 17:42:02.504388	[INFO]	orders_service.py	响应时间:638ms	浙江省	杭州市	这里是日志信息......
2024-11-04 17:42:02.504388	[INFO]	event.py	响应时间:489ms	重庆市	南岸区	这里是日志信息......
2024-11-04 17:42:02.504388	[INFO]	user_manager.py	响应时间:824ms	湖北省	武汉市	这里是日志信息......
2024-11-04 17:42:02.504388	[INFO]	barcode_service.py	响应时间:930ms	江苏省	宿迁市	这里是日志信息......
2024-11-04 17:42:02.505315	[INFO]	user_manager.py	响应时间:711ms	湖南省	长沙市	这里是日志信息......
2024-11-04 17:42:02.505315	[INFO]	goods_manager.py	响应时间:272ms	上海市	静安区	这里是日志信息......
2024-11-04 17:42:02.505315	[WARN]	event.py	响应时间:580ms	湖南省	常德市	这里是日志信息......
2024-11-04 17:42:02.505315	[INFO]	goods_manager.py	响应时间:201ms	北京市	朝阳区	这里是日志信息......
2024-11-04 17:42:02.505315	[INFO]	orders_service.py	响应时间:81ms	湖南省	长沙市	这里是日志信息......
2024-11-04 17:42:02.505315	[INFO]	goods_manager.py	响应时间:164ms	上海市	杨浦区	这里是日志信息......
2024-11-04 17:42:02.505315	[WARN]	base_network.py	响应时间:297ms	安徽省	阜阳市	这里是日志信息......
2024-11-04 17:42:02.505315	[INFO]	orders_service.py	响应时间:335ms	湖南省	张家界市	这里是日志信息......
2024-11-04 17:42:02.505315	[WARN]	base_network.py	响应时间:323ms	江苏省	南京市	这里是日志信息......
2024-11-04 17:42:02.505315	[INFO]	goods_manager.py	响应时间:561ms	安徽省	阜阳市	这里是日志信息......
2024-11-04 17:42:02.505315	[INFO]	orders_service.py	响应时间:204ms	天津市	河东区	这里是日志信息......
2024-11-04 17:42:02.505315	[WARN]	user_manager.py	响应时间:833ms	湖南省	长沙市	这里是日志信息......
2024-11-04 17:42:02.505315	[INFO]	event.py	响应时间:654ms	江苏省	南京市	这里是日志信息......
2024-11-04 17:42:02.505315	[INFO]	goods_manager.py	响应时间:999ms	安徽省	六安市	这里是日志信息......
2024-11-04 17:42:02.505315	[INFO]	goods_manager.py	响应时间:377ms	广东省	深圳市	这里是日志信息......
2024-11-04 17:42:02.505315	[INFO]	event.py	响应时间:755ms	北京市	朝阳区	这里是日志信息......
2024-11-04 17:42:02.505315	[INFO]	barcode_service.py	响应时间:346ms	山东省	青岛市	这里是日志信息......
2024-11-04 17:42:02.505315	[WARN]	event.py	响应时间:897ms	浙江省	杭州市	这里是日志信息......
2024-11-04 17:42:02.505315	[INFO]	goods_manager.py	响应时间:916ms	重庆市	万州区	这里是日志信息......
2024-11-04 17:42:02.505315	[INFO]	orders_service.py	响应时间:168ms	湖北省	恩施土家族苗族自治州	这里是日志信息......
2024-11-04 17:42:02.505315	[INFO]	event.py	响应时间:565ms	湖南省	长沙市	这里是日志信息......
2024-11-04 17:42:02.505315	[INFO]	event.py	响应时间:948ms	广东省	珠海市	这里是日志信息......
2024-11-04 17:42:02.505315	[INFO]	goods_manager.py	响应时间:180ms	广东省	深圳市	这里是日志信息......
2024-11-04 17:42:02.505315	[INFO]	barcode_service.py	响应时间:347ms	上海市	浦东新区	这里是日志信息......
2024-11-04 17:42:02.505315	[INFO]	shop_manager.py	响应时间:853ms	江苏省	张家港市	这里是日志信息......
2024-11-04 17:42:02.505315	[INFO]	event.py	响应时间:249ms	重庆市	南岸区	这里是日志信息......
2024-11-04 17:42:02.505315	[INFO]	base_network.py	响应时间:475ms	天津市	武清区	这里是日志信息......
2024-11-04 17:42:02.505315	[INFO]	event.py	响应时间:997ms	湖南省	长沙市	这里是日志信息......
2024-11-04 17:42:02.505315	[INFO]	goods_manager.py	响应时间:239ms	天津市	和平区	这里是日志信息......
2024-11-04 17:42:02.505315	[WARN]	user_manager.py	响应时间:924ms	广东省	广州市	这里是日志信息......
2024-11-04 17:42:02.505315	[INFO]	goods_manager.py	响应时间:711ms	上海市	宝山区	这里是日志信息......
2024-11-04 17:42:02.505315	[INFO]	barcode_service.py	响应时间:523ms	重庆市	涪陵区	这里是日志信息......
2024-11-04 17:42:02.505315	[WARN]	user_manager.py	响应时间:573ms	湖北省	荆州市	这里是日志信息......
2024-11-04 17:42:02.505315	[INFO]	orders_service.py	响应时间:82ms	上海市	杨浦区	这里是日志信息......
2024-11-04 17:42:02.505315	[INFO]	base_network.py	响应时间:511ms	广东省	珠海市	这里是日志信息......
2024-11-04 17:42:02.505315	[INFO]	event.py	响应时间:869ms	江苏省	苏州市	这里是日志信息......
2024-11-04 17:42:02.505315	[INFO]	event.py	响应时间:300ms	湖北省	恩施土家族苗族自治州	这里是日志信息......
2024-11-04 17:42:02.505315	[WARN]	goods_manager.py	响应时间:601ms	天津市	宝坻区	这里是日志信息......
2024-11-04 17:42:02.505315	[INFO]	user_manager.py	响应时间:561ms	广东省	深圳市	这里是日志信息......
2024-11-04 17:42:02.505315	[INFO]	orders_service.py	响应时间:596ms	重庆市	万州区	这里是日志信息......
2024-11-04 17:42:02.505315	[INFO]	event.py	响应时间:5536ms	重庆市	沙坪坝区	这里是日志信息......
2024-11-04 17:42:02.505315	[INFO]	goods_manager.py	响应时间:864ms	广东省	珠海市	这里是日志信息......
2024-11-04 17:42:02.505315	[INFO]	base_network.py	响应时间:144ms	湖北省	荆州市	这里是日志信息......
2024-11-04 17:42:02.505315	[WARN]	orders_service.py	响应时间:377ms	上海市	宝山区	这里是日志信息......
2024-11-04 17:42:02.505315	[INFO]	orders_service.py	响应时间:434ms	广东省	珠海市	这里是日志信息......
2024-11-04 17:42:02.505315	[INFO]	event.py	响应时间:523ms	安徽省	阜阳市	这里是日志信息......
2024-11-04 17:42:02.505315	[INFO]	event.py	响应时间:901ms	山东省	青岛市	这里是日志信息......
2024-11-04 17:42:02.505315	[INFO]	orders_service.py	响应时间:985ms	广东省	深圳市	这里是日志信息......
2024-11-04 17:42:02.505315	[INFO]	orders_service.py	响应时间:177ms	重庆市	万州区	这里是日志信息......
2024-11-04 17:42:02.505315	[INFO]	orders_service.py	响应时间:943ms	湖南省	长沙市	这里是日志信息......
2024-11-04 17:42:02.505315	[INFO]	shop_manager.py	响应时间:514ms	北京市	昌平区	这里是日志信息......
2024-11-04 17:42:02.505315	[INFO]	event.py	响应时间:394ms	湖北省	荆州市	这里是日志信息......
2024-11-04 17:42:02.505315	[INFO]	base_network.py	响应时间:4256ms	天津市	河东区	这里是日志信息......
2024-11-04 17:42:02.505315	[INFO]	orders_service.py	响应时间:640ms	北京市	昌平区	这里是日志信息......
2024-11-04 17:42:02.505315	[INFO]	goods_manager.py	响应时间:106ms	上海市	静安区	这里是日志信息......
2024-11-04 17:42:02.505315	[WARN]	goods_manager.py	响应时间:554ms	上海市	浦东新区	这里是日志信息......
2024-11-04 17:42:02.505315	[INFO]	orders_service.py	响应时间:332ms	湖南省	长沙市	这里是日志信息......
2024-11-04 17:42:02.505315	[INFO]	event.py	响应时间:244ms	浙江省	杭州市	这里是日志信息......
2024-11-04 17:42:02.505315	[ERROR]	base_network.py	响应时间:821ms	广东省	广州市	这里是日志信息......
2024-11-04 17:42:02.505315	[INFO]	orders_service.py	响应时间:827ms	广东省	广州市	这里是日志信息......
2024-11-04 17:42:02.505315	[WARN]	event.py	响应时间:184ms	湖北省	恩施土家族苗族自治州	这里是日志信息......
2024-11-04 17:42:02.505315	[INFO]	goods_manager.py	响应时间:94ms	重庆市	万州区	这里是日志信息......
2024-11-04 17:42:02.505315	[INFO]	orders_service.py	响应时间:774ms	安徽省	合肥市	这里是日志信息......
2024-11-04 17:42:02.505315	[ERROR]	goods_manager.py	响应时间:380ms	安徽省	合肥市	这里是日志信息......
2024-11-04 17:42:02.505315	[INFO]	barcode_service.py	响应时间:30ms	上海市	黄浦区	这里是日志信息......
2024-11-04 17:42:02.505315	[INFO]	barcode_service.py	响应时间:838ms	江苏省	南京市	这里是日志信息......
2024-11-04 17:42:02.505315	[INFO]	event.py	响应时间:200ms	湖南省	益阳市	这里是日志信息......
2024-11-04 17:42:02.505315	[INFO]	orders_service.py	响应时间:664ms	上海市	浦东新区	这里是日志信息......
2024-11-04 17:42:02.505315	[INFO]	event.py	响应时间:804ms	重庆市	万州区	这里是日志信息......
2024-11-04 17:42:02.505315	[INFO]	orders_service.py	响应时间:591ms	江苏省	苏州市	这里是日志信息......
2024-11-04 17:42:02.505315	[INFO]	event.py	响应时间:43ms	江苏省	南京市	这里是日志信息......
2024-11-04 17:42:02.505315	[INFO]	goods_manager.py	响应时间:489ms	湖南省	益阳市	这里是日志信息......
2024-11-04 17:42:02.505315	[INFO]	goods_manager.py	响应时间:234ms	北京市	大兴区	这里是日志信息......
2024-11-04 17:42:02.505315	[INFO]	event.py	响应时间:171ms	湖北省	武汉市	这里是日志信息......
2024-11-04 17:42:02.505315	[INFO]	base_network.py	响应时间:846ms	浙江省	嘉兴市	这里是日志信息......
2024-11-04 17:42:02.505315	[WARN]	goods_manager.py	响应时间:70ms	湖南省	益阳市	这里是日志信息......
2024-11-04 17:42:02.505315	[INFO]	goods_manager.py	响应时间:505ms	湖南省	株洲市	这里是日志信息......
2024-11-04 17:42:02.505315	[WARN]	user_manager.py	响应时间:389ms	安徽省	阜阳市	这里是日志信息......
2024-11-04 17:42:02.505315	[INFO]	event.py	响应时间:53ms	浙江省	杭州市	这里是日志信息......
2024-11-04 17:42:02.505315	[INFO]	base_network.py	响应时间:275ms	江苏省	常州市	这里是日志信息......
2024-11-04 17:42:02.505315	[INFO]	orders_service.py	响应时间:363ms	广东省	深圳市	这里是日志信息......
2024-11-04 17:42:02.505315	[WARN]	barcode_service.py	响应时间:688ms	广东省	广州市	这里是日志信息......
2024-11-04 17:42:02.505315	[INFO]	orders_service.py	响应时间:677ms	上海市	杨浦区	这里是日志信息......
2024-11-04 17:42:02.505315	[INFO]	goods_manager.py	响应时间:446ms	北京市	朝阳区	这里是日志信息......
2024-11-04 17:42:02.505315	[WARN]	goods_manager.py	响应时间:184ms	湖北省	十堰市	这里是日志信息......
2024-11-04 17:42:02.505315	[ERROR]	goods_manager.py	响应时间:283ms	北京市	丰台区	这里是日志信息......
2024-11-04 17:42:02.505315	[INFO]	event.py	响应时间:611ms	天津市	宝坻区	这里是日志信息......
2024-11-04 17:42:02.505315	[INFO]	goods_manager.py	响应时间:705ms	北京市	海淀区	这里是日志信息......
2024-11-04 17:42:02.505315	[INFO]	user_manager.py	响应时间:167ms	北京市	海淀区	这里是日志信息......
2024-11-04 17:42:02.505315	[INFO]	event.py	响应时间:809ms	上海市	黄浦区	这里是日志信息......
2024-11-04 17:42:02.505315	[INFO]	shop_manager.py	响应时间:196ms	重庆市	涪陵区	这里是日志信息......
2024-11-04 17:42:02.505315	[INFO]	event.py	响应时间:39ms	湖北省	武汉市	这里是日志信息......
2024-11-04 17:42:02.505315	[WARN]	event.py	响应时间:743ms	北京市	丰台区	这里是日志信息......
2024-11-04 17:42:02.505315	[INFO]	orders_service.py	响应时间:531ms	浙江省	嘉兴市	这里是日志信息......
2024-11-04 17:42:02.505315	[INFO]	goods_manager.py	响应时间:88ms	北京市	朝阳区	这里是日志信息......
2024-11-04 17:42:02.505315	[WARN]	event.py	响应时间:282ms	广东省	深圳市	这里是日志信息......
2024-11-04 17:42:02.505315	[ERROR]	orders_service.py	响应时间:8365ms	山东省	青岛市	这里是日志信息......
2024-11-04 17:42:02.505315	[INFO]	orders_service.py	响应时间:148ms	安徽省	六安市	这里是日志信息......
2024-11-04 17:42:02.505315	[INFO]	orders_service.py	响应时间:981ms	浙江省	嘉兴市	这里是日志信息......
2024-11-04 17:42:02.505315	[INFO]	user_manager.py	响应时间:794ms	安徽省	芜湖市	这里是日志信息......
2024-11-04 17:42:02.505315	[INFO]	goods_manager.py	响应时间:765ms	北京市	丰台区	这里是日志信息......
2024-11-04 17:42:02.505315	[INFO]	event.py	响应时间:435ms	安徽省	六安市	这里是日志信息......
2024-11-04 17:42:02.505315	[INFO]	goods_manager.py	响应时间:335ms	湖南省	长沙市	这里是日志信息......
2024-11-04 17:42:02.505315	[INFO]	shop_manager.py	响应时间:510ms	安徽省	合肥市	这里是日志信息......
2024-11-04 17:42:02.505315	[INFO]	orders_service.py	响应时间:617ms	北京市	昌平区	这里是日志信息......
2024-11-04 17:42:02.505315	[INFO]	goods_manager.py	响应时间:633ms	广东省	广州市	这里是日志信息......
2024-11-04 17:42:02.505315	[INFO]	goods_manager.py	响应时间:798ms	江苏省	南京市	这里是日志信息......
2024-11-04 17:42:02.505315	[INFO]	event.py	响应时间:685ms	天津市	武清区	这里是日志信息......
2024-11-04 17:42:02.505315	[WARN]	user_manager.py	响应时间:881ms	广东省	珠海市	这里是日志信息......
2024-11-04 17:42:02.505315	[INFO]	user_manager.py	响应时间:873ms	安徽省	合肥市	这里是日志信息......
2024-11-04 17:42:02.505315	[INFO]	goods_manager.py	响应时间:971ms	安徽省	芜湖市	这里是日志信息......
2024-11-04 17:42:02.505315	[INFO]	orders_service.py	响应时间:876ms	湖北省	武汉市	这里是日志信息......
2024-11-04 17:42:02.505315	[INFO]	event.py	响应时间:63ms	上海市	杨浦区	这里是日志信息......
2024-11-04 17:42:02.505315	[INFO]	event.py	响应时间:669ms	湖北省	恩施土家族苗族自治州	这里是日志信息......
2024-11-04 17:42:02.505315	[INFO]	orders_service.py	响应时间:860ms	湖南省	长沙市	这里是日志信息......
2024-11-04 17:42:02.505315	[INFO]	base_network.py	响应时间:843ms	湖北省	恩施土家族苗族自治州	这里是日志信息......
2024-11-04 17:42:02.505315	[WARN]	goods_manager.py	响应时间:8ms	湖南省	株洲市	这里是日志信息......
2024-11-04 17:42:02.505315	[WARN]	barcode_service.py	响应时间:344ms	北京市	大兴区	这里是日志信息......
2024-11-04 17:42:02.505315	[INFO]	goods_manager.py	响应时间:83ms	山东省	济南市	这里是日志信息......
2024-11-04 17:42:02.505315	[INFO]	orders_service.py	响应时间:583ms	上海市	黄浦区	这里是日志信息......
2024-11-04 17:42:02.505315	[WARN]	user_manager.py	响应时间:23ms	湖南省	长沙市	这里是日志信息......
2024-11-04 17:42:02.505315	[INFO]	event.py	响应时间:432ms	湖南省	株洲市	这里是日志信息......
2024-11-04 17:42:02.505315	[INFO]	barcode_service.py	响应时间:120ms	重庆市	渝中区	这里是日志信息......
2024-11-04 17:42:02.505315	[INFO]	event.py	响应时间:588ms	重庆市	南岸区	这里是日志信息......
2024-11-04 17:42:02.505315	[INFO]	orders_service.py	响应时间:785ms	山东省	济南市	这里是日志信息......
2024-11-04 17:42:02.505315	[INFO]	event.py	响应时间:474ms	上海市	静安区	这里是日志信息......
2024-11-04 17:42:02.505315	[INFO]	orders_service.py	响应时间:112ms	湖南省	张家界市	这里是日志信息......
2024-11-04 17:42:02.505315	[INFO]	event.py	响应时间:596ms	重庆市	九龙坡区	这里是日志信息......
2024-11-04 17:42:02.505315	[INFO]	user_manager.py	响应时间:3498ms	重庆市	南岸区	这里是日志信息......
2024-11-04 17:42:02.505315	[INFO]	goods_manager.py	响应时间:20ms	重庆市	涪陵区	这里是日志信息......
2024-11-04 17:42:02.505315	[INFO]	user_manager.py	响应时间:711ms	重庆市	万州区	这里是日志信息......
2024-11-04 17:42:02.505315	[INFO]	event.py	响应时间:106ms	北京市	昌平区	这里是日志信息......
2024-11-04 17:42:02.505315	[INFO]	event.py	响应时间:941ms	安徽省	阜阳市	这里是日志信息......
2024-11-04 17:42:02.505315	[WARN]	orders_service.py	响应时间:141ms	重庆市	南岸区	这里是日志信息......
2024-11-04 17:42:02.505315	[INFO]	barcode_service.py	响应时间:978ms	北京市	怀柔区	这里是日志信息......
2024-11-04 17:42:02.505315	[INFO]	barcode_service.py	响应时间:948ms	湖南省	长沙市	这里是日志信息......
2024-11-04 17:42:02.506305	[INFO]	user_manager.py	响应时间:915ms	重庆市	九龙坡区	这里是日志信息......
2024-11-04 17:42:02.506305	[INFO]	event.py	响应时间:11ms	山东省	青岛市	这里是日志信息......
2024-11-04 17:42:02.506305	[INFO]	orders_service.py	响应时间:382ms	湖南省	益阳市	这里是日志信息......
2024-11-04 17:42:02.506305	[INFO]	event.py	响应时间:739ms	广东省	深圳市	这里是日志信息......
2024-11-04 17:42:02.506305	[INFO]	orders_service.py	响应时间:278ms	湖北省	恩施土家族苗族自治州	这里是日志信息......
2024-11-04 17:42:02.506305	[INFO]	user_manager.py	响应时间:62ms	北京市	大兴区	这里是日志信息......
2024-11-04 17:42:02.506305	[WARN]	goods_manager.py	响应时间:715ms	北京市	海淀区	这里是日志信息......
2024-11-04 17:42:02.506305	[INFO]	orders_service.py	响应时间:607ms	天津市	河西区	这里是日志信息......
2024-11-04 17:42:02.506305	[WARN]	barcode_service.py	响应时间:944ms	湖北省	荆州市	这里是日志信息......
2024-11-04 17:42:02.506305	[INFO]	base_network.py	响应时间:412ms	山东省	菏泽市	这里是日志信息......
2024-11-04 17:42:02.506305	[INFO]	user_manager.py	响应时间:836ms	天津市	和平区	这里是日志信息......
2024-11-04 17:42:02.506305	[INFO]	goods_manager.py	响应时间:456ms	重庆市	涪陵区	这里是日志信息......
2024-11-04 17:42:02.506305	[INFO]	goods_manager.py	响应时间:56ms	上海市	徐汇区	这里是日志信息......
2024-11-04 17:42:02.506305	[INFO]	event.py	响应时间:874ms	湖北省	武汉市	这里是日志信息......
2024-11-04 17:42:02.506305	[WARN]	user_manager.py	响应时间:251ms	北京市	海淀区	这里是日志信息......
2024-11-04 17:42:02.506305	[WARN]	barcode_service.py	响应时间:207ms	湖北省	恩施土家族苗族自治州	这里是日志信息......
2024-11-04 17:42:02.506305	[ERROR]	orders_service.py	响应时间:573ms	浙江省	湖州市	这里是日志信息......
2024-11-04 17:42:02.506305	[INFO]	goods_manager.py	响应时间:655ms	湖南省	长沙市	这里是日志信息......
2024-11-04 17:42:02.506305	[INFO]	barcode_service.py	响应时间:914ms	安徽省	合肥市	这里是日志信息......
2024-11-04 17:42:02.506305	[INFO]	goods_manager.py	响应时间:782ms	山东省	青岛市	这里是日志信息......
2024-11-04 17:42:02.506305	[INFO]	user_manager.py	响应时间:733ms	江苏省	苏州市	这里是日志信息......
2024-11-04 17:42:02.506305	[INFO]	goods_manager.py	响应时间:113ms	江苏省	南京市	这里是日志信息......
2024-11-04 17:42:02.506305	[ERROR]	goods_manager.py	响应时间:8986ms	安徽省	合肥市	这里是日志信息......
2024-11-04 17:42:02.506305	[INFO]	event.py	响应时间:117ms	北京市	海淀区	这里是日志信息......
2024-11-04 17:42:02.506305	[INFO]	orders_service.py	响应时间:132ms	湖北省	武汉市	这里是日志信息......
2024-11-04 17:42:02.506305	[INFO]	orders_service.py	响应时间:0ms	浙江省	舟山市	这里是日志信息......
2024-11-04 17:42:02.506305	[INFO]	goods_manager.py	响应时间:48ms	广东省	珠海市	这里是日志信息......
2024-11-04 17:42:02.506305	[INFO]	event.py	响应时间:963ms	重庆市	南岸区	这里是日志信息......
2024-11-04 17:42:02.506305	[INFO]	goods_manager.py	响应时间:669ms	山东省	青岛市	这里是日志信息......
2024-11-04 17:42:02.506305	[ERROR]	shop_manager.py	响应时间:544ms	安徽省	合肥市	这里是日志信息......
2024-11-04 17:42:02.506305	[INFO]	orders_service.py	响应时间:851ms	江苏省	南京市	这里是日志信息......
2024-11-04 17:42:02.506305	[INFO]	event.py	响应时间:235ms	安徽省	六安市	这里是日志信息......
2024-11-04 17:42:02.506305	[INFO]	goods_manager.py	响应时间:799ms	湖北省	武汉市	这里是日志信息......
2024-11-04 17:42:02.506305	[INFO]	base_network.py	响应时间:843ms	北京市	丰台区	这里是日志信息......
2024-11-04 17:42:02.506305	[INFO]	orders_service.py	响应时间:335ms	上海市	黄浦区	这里是日志信息......
2024-11-04 17:42:02.506305	[INFO]	event.py	响应时间:215ms	上海市	浦东新区	这里是日志信息......
2024-11-04 17:42:02.506305	[INFO]	user_manager.py	响应时间:590ms	重庆市	沙坪坝区	这里是日志信息......
2024-11-04 17:42:02.506305	[INFO]	event.py	响应时间:876ms	广东省	深圳市	这里是日志信息......
2024-11-04 17:42:02.506305	[INFO]	event.py	响应时间:831ms	安徽省	芜湖市	这里是日志信息......
2024-11-04 17:42:02.506305	[INFO]	orders_service.py	响应时间:716ms	北京市	怀柔区	这里是日志信息......
2024-11-04 17:42:02.506305	[WARN]	orders_service.py	响应时间:400ms	浙江省	丽水市	这里是日志信息......
2024-11-04 17:42:02.506305	[INFO]	event.py	响应时间:419ms	北京市	朝阳区	这里是日志信息......
2024-11-04 17:42:02.506305	[INFO]	event.py	响应时间:987ms	湖南省	长沙市	这里是日志信息......
2024-11-04 17:42:02.506305	[WARN]	orders_service.py	响应时间:670ms	北京市	海淀区	这里是日志信息......
2024-11-04 17:42:02.506305	[INFO]	base_network.py	响应时间:784ms	湖北省	武汉市	这里是日志信息......
2024-11-04 17:42:02.506305	[INFO]	orders_service.py	响应时间:598ms	广东省	广州市	这里是日志信息......
2024-11-04 17:42:02.506305	[INFO]	user_manager.py	响应时间:894ms	湖北省	荆州市	这里是日志信息......
2024-11-04 17:42:02.506305	[INFO]	barcode_service.py	响应时间:112ms	山东省	济南市	这里是日志信息......
2024-11-04 17:42:02.506305	[INFO]	barcode_service.py	响应时间:695ms	广东省	深圳市	这里是日志信息......
2024-11-04 17:42:02.506305	[INFO]	orders_service.py	响应时间:875ms	安徽省	芜湖市	这里是日志信息......
2024-11-04 17:42:02.506305	[INFO]	orders_service.py	响应时间:272ms	安徽省	阜阳市	这里是日志信息......
2024-11-04 17:42:02.506305	[INFO]	base_network.py	响应时间:11ms	湖北省	武汉市	这里是日志信息......
2024-11-04 17:42:02.506305	[INFO]	event.py	响应时间:2080ms	北京市	昌平区	这里是日志信息......
2024-11-04 17:42:02.506305	[INFO]	orders_service.py	响应时间:553ms	湖南省	常德市	这里是日志信息......
2024-11-04 17:42:02.506305	[INFO]	base_network.py	响应时间:43ms	湖北省	恩施土家族苗族自治州	这里是日志信息......
2024-11-04 17:42:02.506305	[ERROR]	barcode_service.py	响应时间:877ms	浙江省	嘉兴市	这里是日志信息......
2024-11-04 17:42:02.506305	[INFO]	goods_manager.py	响应时间:421ms	江苏省	南京市	这里是日志信息......
2024-11-04 17:42:02.506305	[INFO]	goods_manager.py	响应时间:459ms	江苏省	常州市	这里是日志信息......
2024-11-04 17:42:02.506305	[WARN]	event.py	响应时间:652ms	北京市	昌平区	这里是日志信息......
2024-11-04 17:42:02.506305	[INFO]	goods_manager.py	响应时间:117ms	湖南省	长沙市	这里是日志信息......
2024-11-04 17:42:02.506305	[INFO]	orders_service.py	响应时间:964ms	天津市	武清区	这里是日志信息......
2024-11-04 17:42:02.506305	[INFO]	base_network.py	响应时间:4ms	重庆市	涪陵区	这里是日志信息......
2024-11-04 17:42:02.506305	[INFO]	goods_manager.py	响应时间:654ms	重庆市	南岸区	这里是日志信息......
2024-11-04 17:42:02.506305	[INFO]	event.py	响应时间:820ms	安徽省	阜阳市	这里是日志信息......
2024-11-04 17:42:02.506305	[INFO]	goods_manager.py	响应时间:405ms	浙江省	嘉兴市	这里是日志信息......
2024-11-04 17:42:02.506305	[INFO]	goods_manager.py	响应时间:409ms	安徽省	六安市	这里是日志信息......
2024-11-04 17:42:02.506305	[INFO]	goods_manager.py	响应时间:891ms	浙江省	湖州市	这里是日志信息......
2024-11-04 17:42:02.506305	[ERROR]	event.py	响应时间:431ms	天津市	宝坻区	这里是日志信息......
2024-11-04 17:42:02.506305	[INFO]	orders_service.py	响应时间:227ms	浙江省	舟山市	这里是日志信息......
2024-11-04 17:42:02.506305	[INFO]	base_network.py	响应时间:731ms	天津市	武清区	这里是日志信息......
2024-11-04 17:42:02.506305	[WARN]	user_manager.py	响应时间:501ms	山东省	济南市	这里是日志信息......
2024-11-04 17:42:02.506305	[INFO]	goods_manager.py	响应时间:47ms	湖南省	长沙市	这里是日志信息......
2024-11-04 17:42:02.506305	[WARN]	orders_service.py	响应时间:102ms	广东省	广州市	这里是日志信息......
2024-11-04 17:42:02.506305	[INFO]	event.py	响应时间:597ms	天津市	宝坻区	这里是日志信息......
2024-11-04 17:42:02.506305	[INFO]	goods_manager.py	响应时间:763ms	北京市	朝阳区	这里是日志信息......
2024-11-04 17:42:02.506305	[INFO]	user_manager.py	响应时间:842ms	湖北省	武汉市	这里是日志信息......
2024-11-04 17:42:02.506305	[INFO]	event.py	响应时间:22ms	江苏省	苏州市	这里是日志信息......
2024-11-04 17:42:02.506305	[INFO]	user_manager.py	响应时间:315ms	湖北省	荆州市	这里是日志信息......
2024-11-04 17:42:02.506305	[WARN]	event.py	响应时间:446ms	安徽省	池州市	这里是日志信息......
2024-11-04 17:42:02.506305	[WARN]	orders_service.py	响应时间:530ms	广东省	广州市	这里是日志信息......
2024-11-04 17:42:02.506305	[INFO]	goods_manager.py	响应时间:997ms	广东省	深圳市	这里是日志信息......
2024-11-04 17:42:02.506305	[INFO]	orders_service.py	响应时间:832ms	广东省	深圳市	这里是日志信息......
2024-11-04 17:42:02.506305	[WARN]	orders_service.py	响应时间:610ms	山东省	济南市	这里是日志信息......
2024-11-04 17:42:02.506305	[WARN]	base_network.py	响应时间:544ms	安徽省	合肥市	这里是日志信息......
2024-11-04 17:42:02.506305	[INFO]	event.py	响应时间:750ms	浙江省	嘉兴市	这里是日志信息......
2024-11-04 17:42:02.506305	[INFO]	shop_manager.py	响应时间:98ms	上海市	浦东新区	这里是日志信息......
2024-11-04 17:42:02.506305	[INFO]	orders_service.py	响应时间:614ms	上海市	普陀区	这里是日志信息......
2024-11-04 17:42:02.506305	[INFO]	shop_manager.py	响应时间:522ms	湖南省	长沙市	这里是日志信息......
2024-11-04 17:42:02.506305	[WARN]	orders_service.py	响应时间:605ms	广东省	珠海市	这里是日志信息......
2024-11-04 17:42:02.506305	[INFO]	barcode_service.py	响应时间:178ms	山东省	青岛市	这里是日志信息......
2024-11-04 17:42:02.506305	[INFO]	event.py	响应时间:919ms	山东省	济南市	这里是日志信息......
2024-11-04 17:42:02.506305	[INFO]	event.py	响应时间:506ms	江苏省	张家港市	这里是日志信息......
2024-11-04 17:42:02.506305	[INFO]	goods_manager.py	响应时间:740ms	浙江省	丽水市	这里是日志信息......
2024-11-04 17:42:02.506305	[WARN]	barcode_service.py	响应时间:72ms	北京市	海淀区	这里是日志信息......
2024-11-04 17:42:02.506305	[INFO]	barcode_service.py	响应时间:750ms	广东省	珠海市	这里是日志信息......
2024-11-04 17:42:02.506305	[INFO]	base_network.py	响应时间:94ms	湖南省	长沙市	这里是日志信息......
2024-11-04 17:42:02.506305	[ERROR]	goods_manager.py	响应时间:475ms	上海市	浦东新区	这里是日志信息......
2024-11-04 17:42:02.506305	[INFO]	orders_service.py	响应时间:629ms	重庆市	万州区	这里是日志信息......
2024-11-04 17:42:02.506305	[INFO]	event.py	响应时间:6054ms	广东省	广州市	这里是日志信息......
2024-11-04 17:42:02.506305	[INFO]	shop_manager.py	响应时间:512ms	天津市	和平区	这里是日志信息......
2024-11-04 17:42:02.506305	[INFO]	user_manager.py	响应时间:187ms	江苏省	南京市	这里是日志信息......
2024-11-04 17:42:02.506305	[INFO]	orders_service.py	响应时间:887ms	湖北省	武汉市	这里是日志信息......
2024-11-04 17:42:02.506305	[INFO]	goods_manager.py	响应时间:252ms	上海市	浦东新区	这里是日志信息......
2024-11-04 17:42:02.506305	[INFO]	goods_manager.py	响应时间:964ms	江苏省	常州市	这里是日志信息......
2024-11-04 17:42:02.506305	[INFO]	user_manager.py	响应时间:615ms	天津市	河东区	这里是日志信息......
2024-11-04 17:42:02.506305	[WARN]	user_manager.py	响应时间:303ms	重庆市	万州区	这里是日志信息......
2024-11-04 17:42:02.506305	[INFO]	orders_service.py	响应时间:675ms	重庆市	万州区	这里是日志信息......
2024-11-04 17:42:02.506305	[INFO]	event.py	响应时间:130ms	重庆市	南岸区	这里是日志信息......
2024-11-04 17:42:02.506305	[INFO]	event.py	响应时间:629ms	浙江省	金华市	这里是日志信息......
2024-11-04 17:42:02.506305	[INFO]	orders_service.py	响应时间:658ms	山东省	济南市	这里是日志信息......
2024-11-04 17:42:02.506305	[WARN]	event.py	响应时间:330ms	上海市	黄浦区	这里是日志信息......
2024-11-04 17:42:02.506305	[ERROR]	user_manager.py	响应时间:241ms	安徽省	阜阳市	这里是日志信息......
2024-11-04 17:42:02.506305	[INFO]	goods_manager.py	响应时间:935ms	天津市	和平区	这里是日志信息......
2024-11-04 17:42:02.506305	[INFO]	event.py	响应时间:1ms	安徽省	池州市	这里是日志信息......
2024-11-04 17:42:02.506305	[INFO]	goods_manager.py	响应时间:248ms	浙江省	舟山市	这里是日志信息......
2024-11-04 17:42:02.506305	[INFO]	user_manager.py	响应时间:378ms	浙江省	绍兴市	这里是日志信息......
2024-11-04 17:42:02.506305	[INFO]	user_manager.py	响应时间:409ms	湖南省	长沙市	这里是日志信息......
2024-11-04 17:42:02.506305	[INFO]	event.py	响应时间:143ms	山东省	济南市	这里是日志信息......
2024-11-04 17:42:02.506305	[INFO]	event.py	响应时间:663ms	广东省	广州市	这里是日志信息......
2024-11-04 17:42:02.506305	[INFO]	barcode_service.py	响应时间:306ms	重庆市	沙坪坝区	这里是日志信息......
2024-11-04 17:42:02.506305	[WARN]	orders_service.py	响应时间:621ms	安徽省	合肥市	这里是日志信息......
2024-11-04 17:42:02.506305	[INFO]	barcode_service.py	响应时间:431ms	湖北省	十堰市	这里是日志信息......
2024-11-04 17:42:02.506305	[INFO]	orders_service.py	响应时间:152ms	北京市	丰台区	这里是日志信息......
2024-11-04 17:42:02.506305	[INFO]	barcode_service.py	响应时间:985ms	天津市	武清区	这里是日志信息......
2024-11-04 17:42:02.506305	[INFO]	goods_manager.py	响应时间:134ms	天津市	武清区	这里是日志信息......
2024-11-04 17:42:02.506305	[INFO]	goods_manager.py	响应时间:365ms	安徽省	合肥市	这里是日志信息......
2024-11-04 17:42:02.506305	[INFO]	shop_manager.py	响应时间:864ms	浙江省	金华市	这里是日志信息......
2024-11-04 17:42:02.506305	[INFO]	shop_manager.py	响应时间:789ms	浙江省	丽水市	这里是日志信息......
2024-11-04 17:42:02.506305	[INFO]	event.py	响应时间:521ms	重庆市	涪陵区	这里是日志信息......
2024-11-04 17:42:02.506305	[WARN]	shop_manager.py	响应时间:300ms	重庆市	九龙坡区	这里是日志信息......
2024-11-04 17:42:02.506305	[INFO]	goods_manager.py	响应时间:453ms	江苏省	南京市	这里是日志信息......
2024-11-04 17:42:02.506305	[INFO]	event.py	响应时间:347ms	江苏省	南京市	这里是日志信息......
2024-11-04 17:42:02.506305	[INFO]	orders_service.py	响应时间:201ms	湖北省	武汉市	这里是日志信息......
2024-11-04 17:42:02.506305	[INFO]	barcode_service.py	响应时间:390ms	江苏省	宿迁市	这里是日志信息......
2024-11-04 17:42:02.506305	[INFO]	goods_manager.py	响应时间:943ms	湖南省	长沙市	这里是日志信息......
2024-11-04 17:42:02.506305	[INFO]	orders_service.py	响应时间:383ms	广东省	深圳市	这里是日志信息......
2024-11-04 17:42:02.506305	[INFO]	barcode_service.py	响应时间:324ms	山东省	青岛市	这里是日志信息......
2024-11-04 17:42:02.506305	[INFO]	event.py	响应时间:484ms	北京市	海淀区	这里是日志信息......
2024-11-04 17:42:02.506305	[INFO]	goods_manager.py	响应时间:421ms	江苏省	宿迁市	这里是日志信息......
2024-11-04 17:42:02.506305	[INFO]	orders_service.py	响应时间:121ms	山东省	济南市	这里是日志信息......
2024-11-04 17:42:02.506305	[INFO]	orders_service.py	响应时间:235ms	山东省	青岛市	这里是日志信息......
2024-11-04 17:42:02.507302	[INFO]	orders_service.py	响应时间:130ms	重庆市	南岸区	这里是日志信息......
2024-11-04 17:42:02.507302	[INFO]	goods_manager.py	响应时间:297ms	湖北省	恩施土家族苗族自治州	这里是日志信息......
2024-11-04 17:42:02.507302	[INFO]	orders_service.py	响应时间:100ms	湖南省	长沙市	这里是日志信息......
2024-11-04 17:42:02.507302	[INFO]	goods_manager.py	响应时间:895ms	湖南省	长沙市	这里是日志信息......
2024-11-04 17:42:02.507302	[WARN]	event.py	响应时间:197ms	山东省	青岛市	这里是日志信息......
2024-11-04 17:42:02.507302	[INFO]	orders_service.py	响应时间:593ms	浙江省	绍兴市	这里是日志信息......
2024-11-04 17:42:02.507302	[ERROR]	orders_service.py	响应时间:558ms	湖北省	荆州市	这里是日志信息......
2024-11-04 17:42:02.507302	[INFO]	base_network.py	响应时间:86ms	江苏省	南京市	这里是日志信息......
2024-11-04 17:42:02.507302	[INFO]	goods_manager.py	响应时间:784ms	北京市	昌平区	这里是日志信息......
2024-11-04 17:42:02.507302	[INFO]	event.py	响应时间:91ms	安徽省	阜阳市	这里是日志信息......
2024-11-04 17:42:02.507302	[WARN]	event.py	响应时间:898ms	湖北省	武汉市	这里是日志信息......
2024-11-04 17:42:02.507302	[INFO]	orders_service.py	响应时间:201ms	山东省	济南市	这里是日志信息......
2024-11-04 17:42:02.507302	[INFO]	event.py	响应时间:636ms	广东省	深圳市	这里是日志信息......
2024-11-04 17:42:02.507302	[INFO]	event.py	响应时间:507ms	湖南省	长沙市	这里是日志信息......
2024-11-04 17:42:02.507302	[INFO]	goods_manager.py	响应时间:68ms	上海市	杨浦区	这里是日志信息......
2024-11-04 17:42:02.507302	[WARN]	barcode_service.py	响应时间:236ms	山东省	青岛市	这里是日志信息......
2024-11-04 17:42:02.507302	[INFO]	goods_manager.py	响应时间:154ms	天津市	河东区	这里是日志信息......
2024-11-04 17:42:02.507302	[INFO]	goods_manager.py	响应时间:681ms	山东省	青岛市	这里是日志信息......
2024-11-04 17:42:02.507302	[INFO]	barcode_service.py	响应时间:263ms	山东省	青岛市	这里是日志信息......
2024-11-04 17:42:02.507302	[WARN]	orders_service.py	响应时间:662ms	安徽省	芜湖市	这里是日志信息......
2024-11-04 17:42:02.507302	[INFO]	goods_manager.py	响应时间:96ms	上海市	黄浦区	这里是日志信息......
2024-11-04 17:42:02.507302	[INFO]	event.py	响应时间:5690ms	上海市	浦东新区	这里是日志信息......
2024-11-04 17:42:02.507302	[INFO]	event.py	响应时间:468ms	湖北省	十堰市	这里是日志信息......
2024-11-04 17:42:02.507302	[INFO]	orders_service.py	响应时间:862ms	湖北省	武汉市	这里是日志信息......
2024-11-04 17:42:02.507302	[INFO]	orders_service.py	响应时间:711ms	浙江省	嘉兴市	这里是日志信息......
2024-11-04 17:42:02.507302	[ERROR]	user_manager.py	响应时间:809ms	广东省	深圳市	这里是日志信息......
2024-11-04 17:42:02.507302	[INFO]	event.py	响应时间:225ms	广东省	广州市	这里是日志信息......
2024-11-04 17:42:02.507302	[INFO]	user_manager.py	响应时间:963ms	广东省	广州市	这里是日志信息......
2024-11-04 17:42:02.507302	[INFO]	event.py	响应时间:644ms	湖北省	武汉市	这里是日志信息......
2024-11-04 17:42:02.507302	[WARN]	event.py	响应时间:326ms	广东省	深圳市	这里是日志信息......
2024-11-04 17:42:02.507302	[INFO]	shop_manager.py	响应时间:97ms	广东省	深圳市	这里是日志信息......
2024-11-04 17:42:02.507302	[INFO]	orders_service.py	响应时间:971ms	广东省	广州市	这里是日志信息......
2024-11-04 17:42:02.507302	[INFO]	base_network.py	响应时间:921ms	天津市	宝坻区	这里是日志信息......
2024-11-04 17:42:02.507302	[INFO]	goods_manager.py	响应时间:514ms	天津市	武清区	这里是日志信息......
2024-11-04 17:42:02.507302	[INFO]	user_manager.py	响应时间:18ms	江苏省	无锡市	这里是日志信息......
2024-11-04 17:42:02.507302	[INFO]	shop_manager.py	响应时间:729ms	湖南省	长沙市	这里是日志信息......
2024-11-04 17:42:02.507302	[INFO]	event.py	响应时间:751ms	湖北省	十堰市	这里是日志信息......
2024-11-04 17:42:02.507302	[INFO]	user_manager.py	响应时间:56ms	湖北省	恩施土家族苗族自治州	这里是日志信息......
2024-11-04 17:42:02.507302	[INFO]	user_manager.py	响应时间:946ms	浙江省	绍兴市	这里是日志信息......
2024-11-04 17:42:02.507302	[INFO]	goods_manager.py	响应时间:578ms	天津市	河东区	这里是日志信息......
2024-11-04 17:42:02.507302	[INFO]	event.py	响应时间:72ms	湖北省	十堰市	这里是日志信息......
2024-11-04 17:42:02.507302	[INFO]	orders_service.py	响应时间:370ms	湖北省	荆州市	这里是日志信息......
2024-11-04 17:42:02.507302	[INFO]	goods_manager.py	响应时间:2503ms	湖南省	长沙市	这里是日志信息......
2024-11-04 17:42:02.507302	[INFO]	goods_manager.py	响应时间:795ms	广东省	广州市	这里是日志信息......
2024-11-04 17:42:02.507302	[INFO]	barcode_service.py	响应时间:958ms	江苏省	苏州市	这里是日志信息......
2024-11-04 17:42:02.507302	[INFO]	goods_manager.py	响应时间:487ms	江苏省	无锡市	这里是日志信息......
2024-11-04 17:42:02.507302	[INFO]	user_manager.py	响应时间:857ms	山东省	济南市	这里是日志信息......
2024-11-04 17:42:02.507302	[INFO]	orders_service.py	响应时间:599ms	重庆市	万州区	这里是日志信息......
2024-11-04 17:42:02.507302	[INFO]	orders_service.py	响应时间:558ms	山东省	青岛市	这里是日志信息......
2024-11-04 17:42:02.507302	[INFO]	user_manager.py	响应时间:55ms	山东省	青岛市	这里是日志信息......
2024-11-04 17:42:02.507302	[INFO]	goods_manager.py	响应时间:431ms	安徽省	六安市	这里是日志信息......
2024-11-04 17:42:02.507302	[WARN]	barcode_service.py	响应时间:224ms	湖南省	长沙市	这里是日志信息......
2024-11-04 17:42:02.507302	[INFO]	shop_manager.py	响应时间:974ms	重庆市	九龙坡区	这里是日志信息......
2024-11-04 17:42:02.507302	[INFO]	orders_service.py	响应时间:314ms	上海市	徐汇区	这里是日志信息......
2024-11-04 17:42:02.507302	[INFO]	shop_manager.py	响应时间:55ms	江苏省	苏州市	这里是日志信息......
2024-11-04 17:42:02.507302	[INFO]	barcode_service.py	响应时间:239ms	安徽省	合肥市	这里是日志信息......
2024-11-04 17:42:02.507302	[INFO]	goods_manager.py	响应时间:973ms	浙江省	金华市	这里是日志信息......
2024-11-04 17:42:02.507302	[INFO]	orders_service.py	响应时间:453ms	湖北省	恩施土家族苗族自治州	这里是日志信息......
2024-11-04 17:42:02.507302	[INFO]	goods_manager.py	响应时间:15ms	北京市	大兴区	这里是日志信息......
2024-11-04 17:42:02.507302	[INFO]	goods_manager.py	响应时间:452ms	北京市	丰台区	这里是日志信息......
2024-11-04 17:42:02.507302	[INFO]	event.py	响应时间:544ms	湖北省	武汉市	这里是日志信息......
2024-11-04 17:42:02.507302	[ERROR]	event.py	响应时间:217ms	浙江省	杭州市	这里是日志信息......
2024-11-04 17:42:02.507302	[INFO]	base_network.py	响应时间:408ms	北京市	大兴区	这里是日志信息......
2024-11-04 17:42:02.507302	[INFO]	goods_manager.py	响应时间:561ms	广东省	广州市	这里是日志信息......
2024-11-04 17:42:02.507302	[INFO]	orders_service.py	响应时间:210ms	山东省	菏泽市	这里是日志信息......
2024-11-04 17:42:02.507302	[INFO]	goods_manager.py	响应时间:418ms	浙江省	湖州市	这里是日志信息......
2024-11-04 17:42:02.507302	[WARN]	goods_manager.py	响应时间:133ms	湖北省	恩施土家族苗族自治州	这里是日志信息......
2024-11-04 17:42:02.507302	[INFO]	barcode_service.py	响应时间:555ms	天津市	河西区	这里是日志信息......
2024-11-04 17:42:02.507302	[INFO]	user_manager.py	响应时间:883ms	重庆市	万州区	这里是日志信息......
2024-11-04 17:42:02.507302	[INFO]	event.py	响应时间:450ms	浙江省	杭州市	这里是日志信息......
2024-11-04 17:42:02.507302	[INFO]	shop_manager.py	响应时间:944ms	湖南省	长沙市	这里是日志信息......
2024-11-04 17:42:02.507302	[WARN]	event.py	响应时间:560ms	北京市	丰台区	这里是日志信息......
2024-11-04 17:42:02.507302	[INFO]	shop_manager.py	响应时间:468ms	广东省	广州市	这里是日志信息......
2024-11-04 17:42:02.507302	[INFO]	orders_service.py	响应时间:450ms	湖南省	长沙市	这里是日志信息......
2024-11-04 17:42:02.507302	[INFO]	goods_manager.py	响应时间:463ms	广东省	深圳市	这里是日志信息......
2024-11-04 17:42:02.507302	[INFO]	barcode_service.py	响应时间:898ms	山东省	济南市	这里是日志信息......
2024-11-04 17:42:02.507302	[INFO]	barcode_service.py	响应时间:173ms	湖北省	武汉市	这里是日志信息......
2024-11-04 17:42:02.507302	[INFO]	goods_manager.py	响应时间:6ms	湖南省	益阳市	这里是日志信息......
2024-11-04 17:42:02.507302	[INFO]	orders_service.py	响应时间:6072ms	江苏省	张家港市	这里是日志信息......
2024-11-04 17:42:02.507302	[INFO]	event.py	响应时间:356ms	上海市	徐汇区	这里是日志信息......
2024-11-04 17:42:02.507302	[INFO]	goods_manager.py	响应时间:752ms	江苏省	南京市	这里是日志信息......
2024-11-04 17:42:02.507302	[ERROR]	base_network.py	响应时间:4312ms	安徽省	合肥市	这里是日志信息......
2024-11-04 17:42:02.507302	[INFO]	orders_service.py	响应时间:408ms	北京市	昌平区	这里是日志信息......
2024-11-04 17:42:02.507302	[INFO]	event.py	响应时间:729ms	江苏省	苏州市	这里是日志信息......
2024-11-04 17:42:02.507302	[INFO]	barcode_service.py	响应时间:83ms	北京市	丰台区	这里是日志信息......
2024-11-04 17:42:02.507302	[INFO]	goods_manager.py	响应时间:514ms	浙江省	舟山市	这里是日志信息......
2024-11-04 17:42:02.507302	[INFO]	orders_service.py	响应时间:145ms	上海市	普陀区	这里是日志信息......
2024-11-04 17:42:02.507302	[INFO]	orders_service.py	响应时间:134ms	上海市	黄浦区	这里是日志信息......
2024-11-04 17:42:02.507302	[INFO]	shop_manager.py	响应时间:369ms	江苏省	苏州市	这里是日志信息......
2024-11-04 17:42:02.507302	[INFO]	user_manager.py	响应时间:688ms	上海市	徐汇区	这里是日志信息......
2024-11-04 17:42:02.507302	[INFO]	event.py	响应时间:768ms	浙江省	杭州市	这里是日志信息......
2024-11-04 17:42:02.507302	[WARN]	barcode_service.py	响应时间:601ms	湖南省	长沙市	这里是日志信息......
2024-11-04 17:42:02.507302	[INFO]	event.py	响应时间:106ms	湖南省	常德市	这里是日志信息......
2024-11-04 17:42:02.507302	[INFO]	barcode_service.py	响应时间:799ms	上海市	宝山区	这里是日志信息......
2024-11-04 17:42:02.507302	[INFO]	barcode_service.py	响应时间:241ms	广东省	广州市	这里是日志信息......
2024-11-04 17:42:02.507302	[INFO]	orders_service.py	响应时间:216ms	江苏省	苏州市	这里是日志信息......
2024-11-04 17:42:02.507302	[INFO]	goods_manager.py	响应时间:709ms	湖北省	武汉市	这里是日志信息......
2024-11-04 17:42:02.507302	[INFO]	goods_manager.py	响应时间:137ms	山东省	青岛市	这里是日志信息......
2024-11-04 17:42:02.507302	[INFO]	shop_manager.py	响应时间:238ms	山东省	济南市	这里是日志信息......
2024-11-04 17:42:02.507302	[INFO]	event.py	响应时间:912ms	广东省	深圳市	这里是日志信息......
2024-11-04 17:42:02.507302	[INFO]	event.py	响应时间:146ms	上海市	宝山区	这里是日志信息......
2024-11-04 17:42:02.507302	[INFO]	event.py	响应时间:492ms	安徽省	池州市	这里是日志信息......
2024-11-04 17:42:02.507302	[INFO]	goods_manager.py	响应时间:660ms	安徽省	阜阳市	这里是日志信息......
2024-11-04 17:42:02.507302	[INFO]	base_network.py	响应时间:279ms	广东省	广州市	这里是日志信息......
2024-11-04 17:42:02.507302	[INFO]	event.py	响应时间:506ms	北京市	海淀区	这里是日志信息......
2024-11-04 17:42:02.507302	[INFO]	event.py	响应时间:158ms	重庆市	南岸区	这里是日志信息......
2024-11-04 17:42:02.507302	[WARN]	event.py	响应时间:341ms	湖北省	武汉市	这里是日志信息......
2024-11-04 17:42:02.507302	[INFO]	base_network.py	响应时间:110ms	天津市	和平区	这里是日志信息......
2024-11-04 17:42:02.507302	[WARN]	barcode_service.py	响应时间:982ms	北京市	丰台区	这里是日志信息......
2024-11-04 17:42:02.507302	[INFO]	base_network.py	响应时间:64ms	山东省	济南市	这里是日志信息......
2024-11-04 17:42:02.507302	[INFO]	shop_manager.py	响应时间:317ms	浙江省	丽水市	这里是日志信息......
2024-11-04 17:42:02.507302	[INFO]	base_network.py	响应时间:761ms	上海市	浦东新区	这里是日志信息......
2024-11-04 17:42:02.507302	[INFO]	goods_manager.py	响应时间:885ms	浙江省	嘉兴市	这里是日志信息......
2024-11-04 17:42:02.507302	[INFO]	goods_manager.py	响应时间:223ms	上海市	徐汇区	这里是日志信息......
2024-11-04 17:42:02.507302	[INFO]	barcode_service.py	响应时间:643ms	湖南省	长沙市	这里是日志信息......
2024-11-04 17:42:02.507302	[INFO]	base_network.py	响应时间:130ms	湖南省	株洲市	这里是日志信息......
2024-11-04 17:42:02.507302	[INFO]	event.py	响应时间:630ms	北京市	朝阳区	这里是日志信息......
2024-11-04 17:42:02.507302	[INFO]	shop_manager.py	响应时间:778ms	山东省	菏泽市	这里是日志信息......
2024-11-04 17:42:02.507302	[INFO]	event.py	响应时间:99ms	重庆市	涪陵区	这里是日志信息......
2024-11-04 17:42:02.507302	[INFO]	goods_manager.py	响应时间:607ms	上海市	黄浦区	这里是日志信息......
2024-11-04 17:42:02.507302	[INFO]	goods_manager.py	响应时间:332ms	安徽省	芜湖市	这里是日志信息......
2024-11-04 17:42:02.507302	[INFO]	event.py	响应时间:696ms	重庆市	万州区	这里是日志信息......
2024-11-04 17:42:02.507302	[INFO]	event.py	响应时间:507ms	山东省	青岛市	这里是日志信息......
2024-11-04 17:42:02.507302	[INFO]	event.py	响应时间:477ms	湖南省	长沙市	这里是日志信息......
2024-11-04 17:42:02.507302	[INFO]	shop_manager.py	响应时间:506ms	浙江省	嘉兴市	这里是日志信息......
2024-11-04 17:42:02.507302	[INFO]	user_manager.py	响应时间:904ms	湖南省	长沙市	这里是日志信息......
2024-11-04 17:42:02.507302	[INFO]	event.py	响应时间:441ms	重庆市	九龙坡区	这里是日志信息......
2024-11-04 17:42:02.507302	[INFO]	goods_manager.py	响应时间:779ms	湖北省	十堰市	这里是日志信息......
2024-11-04 17:42:02.507302	[INFO]	shop_manager.py	响应时间:16ms	重庆市	万州区	这里是日志信息......
2024-11-04 17:42:02.507302	[INFO]	event.py	响应时间:453ms	湖南省	长沙市	这里是日志信息......
2024-11-04 17:42:02.507302	[ERROR]	orders_service.py	响应时间:360ms	湖南省	长沙市	这里是日志信息......
2024-11-04 17:42:02.507302	[INFO]	orders_service.py	响应时间:46ms	湖南省	益阳市	这里是日志信息......
2024-11-04 17:42:02.507302	[INFO]	event.py	响应时间:824ms	浙江省	杭州市	这里是日志信息......
2024-11-04 17:42:02.507302	[INFO]	user_manager.py	响应时间:395ms	湖北省	荆州市	这里是日志信息......
2024-11-04 17:42:02.507302	[INFO]	orders_service.py	响应时间:319ms	山东省	青岛市	这里是日志信息......
2024-11-04 17:42:02.507302	[ERROR]	goods_manager.py	响应时间:364ms	重庆市	九龙坡区	这里是日志信息......
2024-11-04 17:42:02.508305	[INFO]	orders_service.py	响应时间:507ms	安徽省	铜陵市	这里是日志信息......
2024-11-04 17:42:02.508305	[WARN]	goods_manager.py	响应时间:562ms	湖北省	恩施土家族苗族自治州	这里是日志信息......
2024-11-04 17:42:02.508305	[INFO]	orders_service.py	响应时间:671ms	湖南省	长沙市	这里是日志信息......
2024-11-04 17:42:02.508305	[INFO]	event.py	响应时间:629ms	安徽省	阜阳市	这里是日志信息......
2024-11-04 17:42:02.508305	[INFO]	shop_manager.py	响应时间:590ms	江苏省	南京市	这里是日志信息......
2024-11-04 17:42:02.508305	[INFO]	orders_service.py	响应时间:525ms	天津市	宝坻区	这里是日志信息......
2024-11-04 17:42:02.508305	[INFO]	orders_service.py	响应时间:211ms	北京市	丰台区	这里是日志信息......
2024-11-04 17:42:02.508305	[INFO]	orders_service.py	响应时间:345ms	浙江省	杭州市	这里是日志信息......
2024-11-04 17:42:02.508305	[INFO]	goods_manager.py	响应时间:362ms	北京市	怀柔区	这里是日志信息......
2024-11-04 17:42:02.508305	[INFO]	goods_manager.py	响应时间:240ms	北京市	朝阳区	这里是日志信息......
2024-11-04 17:42:02.508305	[INFO]	goods_manager.py	响应时间:305ms	上海市	静安区	这里是日志信息......
2024-11-04 17:42:02.508305	[INFO]	event.py	响应时间:874ms	广东省	广州市	这里是日志信息......
2024-11-04 17:42:02.508305	[INFO]	event.py	响应时间:503ms	上海市	宝山区	这里是日志信息......
2024-11-04 17:42:02.508305	[INFO]	barcode_service.py	响应时间:474ms	广东省	广州市	这里是日志信息......
2024-11-04 17:42:02.508305	[INFO]	base_network.py	响应时间:4316ms	北京市	丰台区	这里是日志信息......
2024-11-04 17:42:02.508305	[INFO]	event.py	响应时间:746ms	江苏省	常州市	这里是日志信息......
2024-11-04 17:42:02.508305	[INFO]	orders_service.py	响应时间:6821ms	湖南省	长沙市	这里是日志信息......
2024-11-04 17:42:02.508305	[INFO]	barcode_service.py	响应时间:187ms	北京市	大兴区	这里是日志信息......
2024-11-04 17:42:02.508305	[INFO]	orders_service.py	响应时间:481ms	山东省	济南市	这里是日志信息......
2024-11-04 17:42:02.508305	[INFO]	orders_service.py	响应时间:581ms	山东省	济南市	这里是日志信息......
2024-11-04 17:42:02.508305	[INFO]	barcode_service.py	响应时间:4594ms	山东省	青岛市	这里是日志信息......
2024-11-04 17:42:02.508305	[INFO]	barcode_service.py	响应时间:210ms	天津市	河西区	这里是日志信息......
2024-11-04 17:42:02.508305	[INFO]	goods_manager.py	响应时间:3207ms	湖南省	常德市	这里是日志信息......
2024-11-04 17:42:02.508305	[INFO]	shop_manager.py	响应时间:552ms	北京市	海淀区	这里是日志信息......
2024-11-04 17:42:02.508305	[INFO]	orders_service.py	响应时间:124ms	湖南省	常德市	这里是日志信息......
2024-11-04 17:42:02.508305	[INFO]	goods_manager.py	响应时间:711ms	湖南省	益阳市	这里是日志信息......
2024-11-04 17:42:02.508305	[INFO]	goods_manager.py	响应时间:536ms	湖北省	武汉市	这里是日志信息......
2024-11-04 17:42:02.508305	[INFO]	barcode_service.py	响应时间:408ms	北京市	怀柔区	这里是日志信息......
2024-11-04 17:42:02.508305	[INFO]	orders_service.py	响应时间:756ms	重庆市	沙坪坝区	这里是日志信息......
2024-11-04 17:42:02.508305	[INFO]	user_manager.py	响应时间:242ms	湖北省	荆州市	这里是日志信息......
2024-11-04 17:42:02.508305	[INFO]	barcode_service.py	响应时间:513ms	湖北省	荆州市	这里是日志信息......
2024-11-04 17:42:02.508305	[INFO]	base_network.py	响应时间:45ms	重庆市	南岸区	这里是日志信息......
2024-11-04 17:42:02.508305	[INFO]	event.py	响应时间:378ms	湖北省	武汉市	这里是日志信息......
2024-11-04 17:42:02.508305	[INFO]	event.py	响应时间:24ms	北京市	海淀区	这里是日志信息......
2024-11-04 17:42:02.508305	[INFO]	orders_service.py	响应时间:132ms	安徽省	铜陵市	这里是日志信息......
2024-11-04 17:42:02.508305	[WARN]	event.py	响应时间:847ms	安徽省	阜阳市	这里是日志信息......
2024-11-04 17:42:02.508305	[INFO]	orders_service.py	响应时间:927ms	天津市	和平区	这里是日志信息......
2024-11-04 17:42:02.508305	[INFO]	orders_service.py	响应时间:587ms	重庆市	九龙坡区	这里是日志信息......
2024-11-04 17:42:02.508305	[INFO]	orders_service.py	响应时间:320ms	广东省	深圳市	这里是日志信息......
2024-11-04 17:42:02.508305	[INFO]	orders_service.py	响应时间:1010ms	北京市	海淀区	这里是日志信息......
2024-11-04 17:42:02.508305	[INFO]	event.py	响应时间:618ms	天津市	武清区	这里是日志信息......
2024-11-04 17:42:02.508305	[INFO]	barcode_service.py	响应时间:329ms	江苏省	苏州市	这里是日志信息......
2024-11-04 17:42:02.508305	[INFO]	orders_service.py	响应时间:680ms	北京市	怀柔区	这里是日志信息......
2024-11-04 17:42:02.508305	[INFO]	event.py	响应时间:352ms	天津市	宝坻区	这里是日志信息......
2024-11-04 17:42:02.508305	[INFO]	goods_manager.py	响应时间:720ms	山东省	济南市	这里是日志信息......
2024-11-04 17:42:02.508305	[INFO]	event.py	响应时间:401ms	北京市	海淀区	这里是日志信息......
2024-11-04 17:42:02.508305	[INFO]	user_manager.py	响应时间:287ms	北京市	海淀区	这里是日志信息......
2024-11-04 17:42:02.508305	[INFO]	user_manager.py	响应时间:376ms	安徽省	池州市	这里是日志信息......
2024-11-04 17:42:02.508305	[INFO]	user_manager.py	响应时间:539ms	北京市	昌平区	这里是日志信息......
2024-11-04 17:42:02.508305	[INFO]	event.py	响应时间:948ms	广东省	深圳市	这里是日志信息......
2024-11-04 17:42:02.508305	[INFO]	goods_manager.py	响应时间:593ms	天津市	和平区	这里是日志信息......
2024-11-04 17:42:02.508305	[INFO]	orders_service.py	响应时间:865ms	湖北省	十堰市	这里是日志信息......
2024-11-04 17:42:02.508305	[WARN]	shop_manager.py	响应时间:938ms	湖南省	长沙市	这里是日志信息......
2024-11-04 17:42:02.508305	[WARN]	barcode_service.py	响应时间:195ms	广东省	广州市	这里是日志信息......
2024-11-04 17:42:02.508305	[INFO]	barcode_service.py	响应时间:332ms	浙江省	杭州市	这里是日志信息......
2024-11-04 17:42:02.508305	[INFO]	event.py	响应时间:198ms	安徽省	阜阳市	这里是日志信息......
2024-11-04 17:42:02.508305	[INFO]	event.py	响应时间:722ms	山东省	菏泽市	这里是日志信息......
2024-11-04 17:42:02.508305	[INFO]	goods_manager.py	响应时间:56ms	安徽省	芜湖市	这里是日志信息......
2024-11-04 17:42:02.508305	[INFO]	event.py	响应时间:168ms	上海市	徐汇区	这里是日志信息......
2024-11-04 17:42:02.508305	[INFO]	barcode_service.py	响应时间:769ms	重庆市	沙坪坝区	这里是日志信息......
2024-11-04 17:42:02.508305	[INFO]	user_manager.py	响应时间:911ms	浙江省	杭州市	这里是日志信息......
2024-11-04 17:42:02.508305	[WARN]	event.py	响应时间:101ms	天津市	河东区	这里是日志信息......
2024-11-04 17:42:02.508305	[WARN]	event.py	响应时间:682ms	重庆市	南岸区	这里是日志信息......
2024-11-04 17:42:02.508305	[INFO]	user_manager.py	响应时间:84ms	湖南省	长沙市	这里是日志信息......
2024-11-04 17:42:02.508305	[INFO]	orders_service.py	响应时间:460ms	湖南省	长沙市	这里是日志信息......
2024-11-04 17:42:02.508305	[INFO]	event.py	响应时间:369ms	上海市	宝山区	这里是日志信息......
2024-11-04 17:42:02.508305	[INFO]	base_network.py	响应时间:690ms	北京市	怀柔区	这里是日志信息......
2024-11-04 17:42:02.508305	[WARN]	user_manager.py	响应时间:34ms	山东省	青岛市	这里是日志信息......
2024-11-04 17:42:02.508305	[INFO]	event.py	响应时间:423ms	上海市	浦东新区	这里是日志信息......
2024-11-04 17:42:02.508305	[INFO]	goods_manager.py	响应时间:918ms	江苏省	张家港市	这里是日志信息......
2024-11-04 17:42:02.508305	[INFO]	goods_manager.py	响应时间:315ms	山东省	青岛市	这里是日志信息......
2024-11-04 17:42:02.508305	[INFO]	shop_manager.py	响应时间:965ms	北京市	丰台区	这里是日志信息......
2024-11-04 17:42:02.508305	[INFO]	user_manager.py	响应时间:998ms	安徽省	芜湖市	这里是日志信息......
2024-11-04 17:42:02.508305	[INFO]	orders_service.py	响应时间:2175ms	天津市	河西区	这里是日志信息......
2024-11-04 17:42:02.508305	[INFO]	event.py	响应时间:468ms	江苏省	苏州市	这里是日志信息......
2024-11-04 17:42:02.508305	[INFO]	orders_service.py	响应时间:462ms	北京市	怀柔区	这里是日志信息......
2024-11-04 17:42:02.508305	[INFO]	event.py	响应时间:536ms	浙江省	金华市	这里是日志信息......
2024-11-04 17:42:02.508305	[INFO]	barcode_service.py	响应时间:513ms	湖南省	益阳市	这里是日志信息......
2024-11-04 17:42:02.508305	[INFO]	base_network.py	响应时间:58ms	湖北省	武汉市	这里是日志信息......
2024-11-04 17:42:02.508305	[WARN]	goods_manager.py	响应时间:558ms	浙江省	金华市	这里是日志信息......
2024-11-04 17:42:02.508305	[INFO]	event.py	响应时间:447ms	江苏省	南京市	这里是日志信息......
2024-11-04 17:42:02.508305	[INFO]	shop_manager.py	响应时间:391ms	北京市	大兴区	这里是日志信息......
2024-11-04 17:42:02.508305	[ERROR]	user_manager.py	响应时间:728ms	广东省	珠海市	这里是日志信息......
2024-11-04 17:42:02.508305	[INFO]	base_network.py	响应时间:562ms	上海市	宝山区	这里是日志信息......
2024-11-04 17:42:02.508305	[INFO]	barcode_service.py	响应时间:812ms	重庆市	万州区	这里是日志信息......
2024-11-04 17:42:02.508305	[INFO]	orders_service.py	响应时间:228ms	山东省	青岛市	这里是日志信息......
2024-11-04 17:42:02.508305	[INFO]	goods_manager.py	响应时间:655ms	浙江省	舟山市	这里是日志信息......
2024-11-04 17:42:02.508305	[ERROR]	shop_manager.py	响应时间:329ms	安徽省	合肥市	这里是日志信息......
2024-11-04 17:42:02.508305	[INFO]	user_manager.py	响应时间:497ms	北京市	大兴区	这里是日志信息......
2024-11-04 17:42:02.508305	[WARN]	event.py	响应时间:457ms	天津市	河东区	这里是日志信息......
2024-11-04 17:42:02.508305	[INFO]	goods_manager.py	响应时间:32ms	广东省	珠海市	这里是日志信息......
2024-11-04 17:42:02.508305	[ERROR]	orders_service.py	响应时间:448ms	北京市	海淀区	这里是日志信息......
2024-11-04 17:42:02.508305	[INFO]	event.py	响应时间:853ms	天津市	武清区	这里是日志信息......
2024-11-04 17:42:02.508305	[INFO]	goods_manager.py	响应时间:119ms	上海市	杨浦区	这里是日志信息......
2024-11-04 17:42:02.508305	[INFO]	barcode_service.py	响应时间:914ms	天津市	河东区	这里是日志信息......
2024-11-04 17:42:02.508305	[INFO]	shop_manager.py	响应时间:723ms	江苏省	苏州市	这里是日志信息......
2024-11-04 17:42:02.508305	[INFO]	orders_service.py	响应时间:233ms	上海市	普陀区	这里是日志信息......
2024-11-04 17:42:02.508305	[INFO]	shop_manager.py	响应时间:510ms	重庆市	九龙坡区	这里是日志信息......
2024-11-04 17:42:02.508305	[WARN]	user_manager.py	响应时间:569ms	安徽省	阜阳市	这里是日志信息......
2024-11-04 17:42:02.508305	[INFO]	orders_service.py	响应时间:24ms	广东省	深圳市	这里是日志信息......
2024-11-04 17:42:02.508305	[INFO]	orders_service.py	响应时间:950ms	山东省	青岛市	这里是日志信息......
2024-11-04 17:42:02.508305	[WARN]	event.py	响应时间:247ms	湖南省	长沙市	这里是日志信息......
2024-11-04 17:42:02.508305	[INFO]	event.py	响应时间:533ms	重庆市	南岸区	这里是日志信息......
2024-11-04 17:42:02.508305	[INFO]	orders_service.py	响应时间:931ms	江苏省	苏州市	这里是日志信息......
2024-11-04 17:42:02.508305	[WARN]	goods_manager.py	响应时间:7415ms	安徽省	阜阳市	这里是日志信息......
2024-11-04 17:42:02.508305	[INFO]	event.py	响应时间:581ms	湖南省	长沙市	这里是日志信息......
2024-11-04 17:42:02.508305	[INFO]	event.py	响应时间:664ms	北京市	昌平区	这里是日志信息......
2024-11-04 17:42:02.508305	[INFO]	goods_manager.py	响应时间:226ms	浙江省	嘉兴市	这里是日志信息......
2024-11-04 17:42:02.508305	[WARN]	orders_service.py	响应时间:612ms	上海市	宝山区	这里是日志信息......
2024-11-04 17:42:02.508305	[INFO]	orders_service.py	响应时间:823ms	山东省	济南市	这里是日志信息......
2024-11-04 17:42:02.508305	[INFO]	goods_manager.py	响应时间:6ms	浙江省	舟山市	这里是日志信息......
2024-11-04 17:42:02.508305	[INFO]	barcode_service.py	响应时间:750ms	湖北省	荆州市	这里是日志信息......
2024-11-04 17:42:02.508305	[INFO]	base_network.py	响应时间:696ms	山东省	济南市	这里是日志信息......
2024-11-04 17:42:02.508305	[INFO]	user_manager.py	响应时间:511ms	山东省	青岛市	这里是日志信息......
2024-11-04 17:42:02.508305	[WARN]	goods_manager.py	响应时间:159ms	湖南省	长沙市	这里是日志信息......
2024-11-04 17:42:02.508305	[INFO]	barcode_service.py	响应时间:322ms	山东省	菏泽市	这里是日志信息......
2024-11-04 17:42:02.508305	[INFO]	event.py	响应时间:879ms	上海市	浦东新区	这里是日志信息......
2024-11-04 17:42:02.508305	[INFO]	goods_manager.py	响应时间:7335ms	北京市	昌平区	这里是日志信息......
2024-11-04 17:42:02.508305	[INFO]	event.py	响应时间:659ms	广东省	广州市	这里是日志信息......
2024-11-04 17:42:02.508305	[INFO]	event.py	响应时间:379ms	广东省	深圳市	这里是日志信息......
2024-11-04 17:42:02.508305	[INFO]	orders_service.py	响应时间:101ms	山东省	济南市	这里是日志信息......
2024-11-04 17:42:02.508305	[INFO]	orders_service.py	响应时间:338ms	安徽省	芜湖市	这里是日志信息......
2024-11-04 17:42:02.508305	[INFO]	barcode_service.py	响应时间:574ms	安徽省	铜陵市	这里是日志信息......
2024-11-04 17:42:02.508305	[INFO]	event.py	响应时间:589ms	湖北省	十堰市	这里是日志信息......
2024-11-04 17:42:02.508305	[INFO]	shop_manager.py	响应时间:297ms	上海市	黄浦区	这里是日志信息......
2024-11-04 17:42:02.508305	[INFO]	event.py	响应时间:300ms	湖南省	长沙市	这里是日志信息......
2024-11-04 17:42:02.508305	[INFO]	shop_manager.py	响应时间:852ms	北京市	朝阳区	这里是日志信息......
2024-11-04 17:42:02.508305	[WARN]	orders_service.py	响应时间:681ms	安徽省	铜陵市	这里是日志信息......
2024-11-04 17:42:02.508305	[INFO]	event.py	响应时间:557ms	湖北省	荆州市	这里是日志信息......
2024-11-04 17:42:02.508305	[ERROR]	user_manager.py	响应时间:637ms	湖北省	十堰市	这里是日志信息......
2024-11-04 17:42:02.508305	[INFO]	goods_manager.py	响应时间:706ms	广东省	广州市	这里是日志信息......
2024-11-04 17:42:02.508305	[INFO]	base_network.py	响应时间:529ms	江苏省	宿迁市	这里是日志信息......
2024-11-04 17:42:02.508305	[WARN]	shop_manager.py	响应时间:0ms	广东省	广州市	这里是日志信息......
2024-11-04 17:42:02.508305	[INFO]	barcode_service.py	响应时间:255ms	重庆市	九龙坡区	这里是日志信息......
2024-11-04 17:42:02.508305	[WARN]	event.py	响应时间:68ms	重庆市	沙坪坝区	这里是日志信息......
2024-11-04 17:42:02.508305	[INFO]	user_manager.py	响应时间:841ms	上海市	浦东新区	这里是日志信息......
2024-11-04 17:42:02.508305	[INFO]	event.py	响应时间:9502ms	安徽省	合肥市	这里是日志信息......
2024-11-04 17:42:02.508305	[INFO]	shop_manager.py	响应时间:657ms	安徽省	六安市	这里是日志信息......
2024-11-04 17:42:02.508305	[INFO]	orders_service.py	响应时间:81ms	山东省	济南市	这里是日志信息......
2024-11-04 17:42:02.508305	[INFO]	base_network.py	响应时间:943ms	上海市	杨浦区	这里是日志信息......
2024-11-04 17:42:02.508305	[INFO]	event.py	响应时间:831ms	广东省	珠海市	这里是日志信息......
2024-11-04 17:42:02.508305	[ERROR]	event.py	响应时间:337ms	山东省	青岛市	这里是日志信息......
2024-11-04 17:42:02.508305	[INFO]	user_manager.py	响应时间:803ms	湖北省	十堰市	这里是日志信息......
2024-11-04 17:42:02.508305	[INFO]	orders_service.py	响应时间:532ms	江苏省	宿迁市	这里是日志信息......
2024-11-04 17:42:02.508305	[INFO]	user_manager.py	响应时间:943ms	广东省	广州市	这里是日志信息......
2024-11-04 17:42:02.508305	[INFO]	base_network.py	响应时间:95ms	天津市	武清区	这里是日志信息......
2024-11-04 17:42:02.508305	[INFO]	orders_service.py	响应时间:475ms	浙江省	金华市	这里是日志信息......
2024-11-04 17:42:02.508305	[WARN]	event.py	响应时间:390ms	上海市	浦东新区	这里是日志信息......
2024-11-04 17:42:02.508305	[INFO]	event.py	响应时间:821ms	天津市	宝坻区	这里是日志信息......
2024-11-04 17:42:02.508305	[ERROR]	orders_service.py	响应时间:5966ms	山东省	济南市	这里是日志信息......
2024-11-04 17:42:02.508305	[ERROR]	goods_manager.py	响应时间:2765ms	山东省	青岛市	这里是日志信息......
2024-11-04 17:42:02.508305	[INFO]	base_network.py	响应时间:297ms	北京市	丰台区	这里是日志信息......
2024-11-04 17:42:02.509384	[INFO]	goods_manager.py	响应时间:102ms	上海市	普陀区	这里是日志信息......
2024-11-04 17:42:02.509384	[WARN]	event.py	响应时间:429ms	北京市	丰台区	这里是日志信息......
2024-11-04 17:42:02.509384	[INFO]	orders_service.py	响应时间:160ms	安徽省	合肥市	这里是日志信息......
2024-11-04 17:42:02.509384	[INFO]	base_network.py	响应时间:720ms	湖北省	荆州市	这里是日志信息......
2024-11-04 17:42:02.509384	[INFO]	event.py	响应时间:800ms	上海市	浦东新区	这里是日志信息......
2024-11-04 17:42:02.509384	[INFO]	barcode_service.py	响应时间:249ms	浙江省	绍兴市	这里是日志信息......
2024-11-04 17:42:02.509384	[INFO]	shop_manager.py	响应时间:168ms	北京市	昌平区	这里是日志信息......
2024-11-04 17:42:02.509384	[INFO]	event.py	响应时间:814ms	江苏省	宿迁市	这里是日志信息......
2024-11-04 17:42:02.509384	[INFO]	event.py	响应时间:545ms	安徽省	铜陵市	这里是日志信息......
2024-11-04 17:42:02.509384	[ERROR]	barcode_service.py	响应时间:8542ms	浙江省	绍兴市	这里是日志信息......
2024-11-04 17:42:02.509384	[INFO]	shop_manager.py	响应时间:419ms	天津市	武清区	这里是日志信息......
2024-11-04 17:42:02.509384	[INFO]	event.py	响应时间:624ms	安徽省	铜陵市	这里是日志信息......
2024-11-04 17:42:02.509384	[ERROR]	event.py	响应时间:339ms	上海市	杨浦区	这里是日志信息......
2024-11-04 17:42:02.509384	[INFO]	event.py	响应时间:222ms	湖北省	武汉市	这里是日志信息......
2024-11-04 17:42:02.509384	[INFO]	barcode_service.py	响应时间:25ms	天津市	河西区	这里是日志信息......
2024-11-04 17:42:02.509384	[INFO]	user_manager.py	响应时间:8ms	江苏省	南京市	这里是日志信息......
2024-11-04 17:42:02.509384	[INFO]	event.py	响应时间:717ms	天津市	河西区	这里是日志信息......
2024-11-04 17:42:02.509384	[INFO]	goods_manager.py	响应时间:642ms	重庆市	渝中区	这里是日志信息......
2024-11-04 17:42:02.509384	[WARN]	goods_manager.py	响应时间:18ms	浙江省	舟山市	这里是日志信息......
2024-11-04 17:42:02.509384	[INFO]	orders_service.py	响应时间:654ms	湖北省	荆州市	这里是日志信息......
2024-11-04 17:42:02.509384	[INFO]	orders_service.py	响应时间:128ms	山东省	青岛市	这里是日志信息......
2024-11-04 17:42:02.509384	[INFO]	goods_manager.py	响应时间:279ms	上海市	徐汇区	这里是日志信息......
2024-11-04 17:42:02.509384	[INFO]	orders_service.py	响应时间:53ms	湖南省	株洲市	这里是日志信息......
2024-11-04 17:42:02.509384	[INFO]	user_manager.py	响应时间:2ms	上海市	杨浦区	这里是日志信息......
2024-11-04 17:42:02.509384	[INFO]	event.py	响应时间:277ms	天津市	河西区	这里是日志信息......
2024-11-04 17:42:02.509384	[ERROR]	event.py	响应时间:734ms	广东省	珠海市	这里是日志信息......
2024-11-04 17:42:02.509384	[INFO]	orders_service.py	响应时间:84ms	广东省	珠海市	这里是日志信息......
2024-11-04 17:42:02.509384	[INFO]	goods_manager.py	响应时间:896ms	北京市	丰台区	这里是日志信息......
2024-11-04 17:42:02.509384	[INFO]	event.py	响应时间:438ms	上海市	浦东新区	这里是日志信息......
2024-11-04 17:42:02.509384	[INFO]	base_network.py	响应时间:347ms	江苏省	南京市	这里是日志信息......
2024-11-04 17:42:02.509384	[INFO]	barcode_service.py	响应时间:437ms	山东省	济南市	这里是日志信息......
2024-11-04 17:42:02.509384	[INFO]	orders_service.py	响应时间:5695ms	湖南省	张家界市	这里是日志信息......
2024-11-04 17:42:02.509384	[INFO]	barcode_service.py	响应时间:738ms	广东省	广州市	这里是日志信息......
2024-11-04 17:42:02.509384	[INFO]	goods_manager.py	响应时间:233ms	天津市	宝坻区	这里是日志信息......
2024-11-04 17:42:02.509384	[INFO]	event.py	响应时间:206ms	浙江省	舟山市	这里是日志信息......
2024-11-04 17:42:02.509384	[INFO]	goods_manager.py	响应时间:721ms	北京市	海淀区	这里是日志信息......
2024-11-04 17:42:02.509384	[INFO]	barcode_service.py	响应时间:906ms	重庆市	万州区	这里是日志信息......
2024-11-04 17:42:02.509384	[INFO]	goods_manager.py	响应时间:748ms	湖南省	长沙市	这里是日志信息......
2024-11-04 17:42:02.509384	[ERROR]	goods_manager.py	响应时间:96ms	山东省	济南市	这里是日志信息......
2024-11-04 17:42:02.509384	[INFO]	goods_manager.py	响应时间:704ms	广东省	深圳市	这里是日志信息......
2024-11-04 17:42:02.509384	[INFO]	orders_service.py	响应时间:319ms	山东省	济南市	这里是日志信息......
2024-11-04 17:42:02.509384	[WARN]	event.py	响应时间:857ms	重庆市	涪陵区	这里是日志信息......
2024-11-04 17:42:02.509384	[INFO]	user_manager.py	响应时间:594ms	浙江省	舟山市	这里是日志信息......
2024-11-04 17:42:02.509384	[INFO]	user_manager.py	响应时间:192ms	上海市	普陀区	这里是日志信息......
2024-11-04 17:42:02.509384	[INFO]	event.py	响应时间:549ms	湖北省	武汉市	这里是日志信息......
2024-11-04 17:42:02.509384	[WARN]	goods_manager.py	响应时间:895ms	天津市	河东区	这里是日志信息......
2024-11-04 17:42:02.509384	[INFO]	orders_service.py	响应时间:599ms	北京市	海淀区	这里是日志信息......
2024-11-04 17:42:02.509384	[WARN]	orders_service.py	响应时间:262ms	安徽省	芜湖市	这里是日志信息......
2024-11-04 17:42:02.509384	[INFO]	base_network.py	响应时间:431ms	重庆市	九龙坡区	这里是日志信息......
2024-11-04 17:42:02.509384	[ERROR]	goods_manager.py	响应时间:332ms	山东省	青岛市	这里是日志信息......
2024-11-04 17:42:02.509384	[INFO]	event.py	响应时间:115ms	安徽省	合肥市	这里是日志信息......
2024-11-04 17:42:02.509384	[INFO]	orders_service.py	响应时间:491ms	浙江省	绍兴市	这里是日志信息......
2024-11-04 17:42:02.509384	[INFO]	goods_manager.py	响应时间:205ms	上海市	徐汇区	这里是日志信息......
2024-11-04 17:42:02.509384	[INFO]	shop_manager.py	响应时间:910ms	安徽省	阜阳市	这里是日志信息......
2024-11-04 17:42:02.509384	[INFO]	user_manager.py	响应时间:967ms	湖北省	十堰市	这里是日志信息......
2024-11-04 17:42:02.509384	[INFO]	barcode_service.py	响应时间:936ms	江苏省	常州市	这里是日志信息......
2024-11-04 17:42:02.509384	[INFO]	goods_manager.py	响应时间:132ms	湖北省	荆州市	这里是日志信息......
2024-11-04 17:42:02.509384	[INFO]	event.py	响应时间:331ms	广东省	深圳市	这里是日志信息......
2024-11-04 17:42:02.509384	[INFO]	event.py	响应时间:511ms	湖北省	十堰市	这里是日志信息......
2024-11-04 17:42:02.509384	[INFO]	orders_service.py	响应时间:66ms	上海市	黄浦区	这里是日志信息......
2024-11-04 17:42:02.509384	[INFO]	orders_service.py	响应时间:835ms	湖北省	十堰市	这里是日志信息......
2024-11-04 17:42:02.509384	[INFO]	base_network.py	响应时间:247ms	上海市	杨浦区	这里是日志信息......
2024-11-04 17:42:02.509384	[INFO]	orders_service.py	响应时间:816ms	上海市	徐汇区	这里是日志信息......
2024-11-04 17:42:02.509384	[INFO]	event.py	响应时间:646ms	浙江省	舟山市	这里是日志信息......
2024-11-04 17:42:02.509384	[INFO]	goods_manager.py	响应时间:205ms	北京市	海淀区	这里是日志信息......
2024-11-04 17:42:02.509384	[INFO]	goods_manager.py	响应时间:938ms	山东省	青岛市	这里是日志信息......
2024-11-04 17:42:02.509384	[INFO]	barcode_service.py	响应时间:132ms	浙江省	嘉兴市	这里是日志信息......
2024-11-04 17:42:02.509384	[INFO]	event.py	响应时间:306ms	山东省	济南市	这里是日志信息......
2024-11-04 17:42:02.509384	[INFO]	user_manager.py	响应时间:186ms	湖南省	长沙市	这里是日志信息......
2024-11-04 17:42:02.509384	[INFO]	event.py	响应时间:405ms	浙江省	舟山市	这里是日志信息......
2024-11-04 17:42:02.509384	[INFO]	barcode_service.py	响应时间:566ms	天津市	武清区	这里是日志信息......
2024-11-04 17:42:02.509384	[INFO]	goods_manager.py	响应时间:287ms	重庆市	渝中区	这里是日志信息......
2024-11-04 17:42:02.509384	[INFO]	goods_manager.py	响应时间:381ms	天津市	河西区	这里是日志信息......
2024-11-04 17:42:02.509384	[INFO]	user_manager.py	响应时间:345ms	山东省	青岛市	这里是日志信息......
2024-11-04 17:42:02.509384	[WARN]	goods_manager.py	响应时间:683ms	山东省	青岛市	这里是日志信息......
2024-11-04 17:42:02.509384	[INFO]	orders_service.py	响应时间:775ms	江苏省	南京市	这里是日志信息......
2024-11-04 17:42:02.509384	[ERROR]	goods_manager.py	响应时间:895ms	重庆市	涪陵区	这里是日志信息......
2024-11-04 17:42:02.509384	[INFO]	orders_service.py	响应时间:690ms	安徽省	六安市	这里是日志信息......
2024-11-04 17:42:02.509384	[INFO]	goods_manager.py	响应时间:384ms	山东省	济南市	这里是日志信息......
2024-11-04 17:42:02.509384	[INFO]	orders_service.py	响应时间:627ms	天津市	宝坻区	这里是日志信息......
2024-11-04 17:42:02.509384	[ERROR]	goods_manager.py	响应时间:173ms	广东省	广州市	这里是日志信息......
2024-11-04 17:42:02.509384	[INFO]	base_network.py	响应时间:627ms	北京市	海淀区	这里是日志信息......
2024-11-04 17:42:02.509384	[WARN]	goods_manager.py	响应时间:395ms	湖北省	武汉市	这里是日志信息......
2024-11-04 17:42:02.509384	[INFO]	orders_service.py	响应时间:758ms	广东省	广州市	这里是日志信息......
2024-11-04 17:42:02.509384	[INFO]	shop_manager.py	响应时间:34ms	湖北省	荆州市	这里是日志信息......
2024-11-04 17:42:02.509384	[INFO]	goods_manager.py	响应时间:471ms	广东省	广州市	这里是日志信息......
2024-11-04 17:42:02.509384	[WARN]	orders_service.py	响应时间:6075ms	重庆市	九龙坡区	这里是日志信息......
2024-11-04 17:42:02.509384	[INFO]	orders_service.py	响应时间:195ms	安徽省	六安市	这里是日志信息......
2024-11-04 17:42:02.509384	[WARN]	orders_service.py	响应时间:281ms	北京市	丰台区	这里是日志信息......
2024-11-04 17:42:02.509384	[INFO]	event.py	响应时间:712ms	湖南省	长沙市	这里是日志信息......
2024-11-04 17:42:02.509384	[INFO]	orders_service.py	响应时间:640ms	天津市	和平区	这里是日志信息......
2024-11-04 17:42:02.509384	[INFO]	orders_service.py	响应时间:78ms	浙江省	杭州市	这里是日志信息......
2024-11-04 17:42:02.509384	[INFO]	barcode_service.py	响应时间:232ms	重庆市	万州区	这里是日志信息......
2024-11-04 17:42:02.509384	[WARN]	orders_service.py	响应时间:551ms	安徽省	合肥市	这里是日志信息......
2024-11-04 17:42:02.509384	[INFO]	orders_service.py	响应时间:281ms	山东省	青岛市	这里是日志信息......
2024-11-04 17:42:02.509384	[INFO]	orders_service.py	响应时间:609ms	江苏省	张家港市	这里是日志信息......
2024-11-04 17:42:02.509384	[INFO]	event.py	响应时间:518ms	浙江省	舟山市	这里是日志信息......
2024-11-04 17:42:02.509384	[INFO]	event.py	响应时间:362ms	广东省	深圳市	这里是日志信息......
2024-11-04 17:42:02.509384	[INFO]	goods_manager.py	响应时间:267ms	上海市	浦东新区	这里是日志信息......
2024-11-04 17:42:02.509384	[WARN]	event.py	响应时间:242ms	浙江省	丽水市	这里是日志信息......
2024-11-04 17:42:02.509384	[INFO]	base_network.py	响应时间:61ms	北京市	朝阳区	这里是日志信息......
2024-11-04 17:42:02.509384	[INFO]	event.py	响应时间:829ms	广东省	深圳市	这里是日志信息......
2024-11-04 17:42:02.509384	[INFO]	shop_manager.py	响应时间:275ms	天津市	河西区	这里是日志信息......
2024-11-04 17:42:02.509384	[INFO]	base_network.py	响应时间:415ms	重庆市	沙坪坝区	这里是日志信息......
2024-11-04 17:42:02.509384	[INFO]	goods_manager.py	响应时间:600ms	湖北省	武汉市	这里是日志信息......
2024-11-04 17:42:02.509384	[INFO]	barcode_service.py	响应时间:701ms	湖北省	武汉市	这里是日志信息......
2024-11-04 17:42:02.509384	[INFO]	shop_manager.py	响应时间:857ms	浙江省	丽水市	这里是日志信息......
2024-11-04 17:42:02.509384	[ERROR]	shop_manager.py	响应时间:9079ms	重庆市	渝中区	这里是日志信息......
2024-11-04 17:42:02.509384	[WARN]	orders_service.py	响应时间:435ms	广东省	深圳市	这里是日志信息......
2024-11-04 17:42:02.509384	[INFO]	orders_service.py	响应时间:886ms	浙江省	嘉兴市	这里是日志信息......
2024-11-04 17:42:02.509384	[INFO]	user_manager.py	响应时间:448ms	江苏省	南京市	这里是日志信息......
2024-11-04 17:42:02.509384	[INFO]	orders_service.py	响应时间:281ms	湖南省	益阳市	这里是日志信息......
2024-11-04 17:42:02.509384	[INFO]	event.py	响应时间:211ms	湖北省	荆州市	这里是日志信息......
2024-11-04 17:42:02.509384	[WARN]	orders_service.py	响应时间:307ms	湖南省	长沙市	这里是日志信息......
2024-11-04 17:42:02.509384	[WARN]	base_network.py	响应时间:478ms	湖南省	长沙市	这里是日志信息......
2024-11-04 17:42:02.509384	[WARN]	barcode_service.py	响应时间:584ms	山东省	青岛市	这里是日志信息......
2024-11-04 17:42:02.509384	[INFO]	event.py	响应时间:89ms	湖北省	武汉市	这里是日志信息......
2024-11-04 17:42:02.509384	[INFO]	event.py	响应时间:666ms	重庆市	九龙坡区	这里是日志信息......
2024-11-04 17:42:02.509384	[INFO]	goods_manager.py	响应时间:562ms	山东省	青岛市	这里是日志信息......
2024-11-04 17:42:02.509384	[INFO]	shop_manager.py	响应时间:305ms	上海市	浦东新区	这里是日志信息......
2024-11-04 17:42:02.509384	[INFO]	barcode_service.py	响应时间:655ms	江苏省	苏州市	这里是日志信息......
2024-11-04 17:42:02.509384	[INFO]	goods_manager.py	响应时间:180ms	天津市	河东区	这里是日志信息......
2024-11-04 17:42:02.509384	[INFO]	shop_manager.py	响应时间:994ms	江苏省	宿迁市	这里是日志信息......
2024-11-04 17:42:02.509384	[INFO]	orders_service.py	响应时间:106ms	上海市	宝山区	这里是日志信息......
2024-11-04 17:42:02.509384	[INFO]	goods_manager.py	响应时间:767ms	湖南省	长沙市	这里是日志信息......
2024-11-04 17:42:02.509384	[INFO]	event.py	响应时间:606ms	北京市	朝阳区	这里是日志信息......
2024-11-04 17:42:02.509384	[INFO]	goods_manager.py	响应时间:312ms	湖北省	荆州市	这里是日志信息......
2024-11-04 17:42:02.509384	[WARN]	orders_service.py	响应时间:470ms	上海市	普陀区	这里是日志信息......
2024-11-04 17:42:02.509384	[INFO]	event.py	响应时间:108ms	重庆市	渝中区	这里是日志信息......
2024-11-04 17:42:02.509384	[INFO]	barcode_service.py	响应时间:598ms	上海市	普陀区	这里是日志信息......
2024-11-04 17:42:02.510317	[INFO]	user_manager.py	响应时间:778ms	北京市	昌平区	这里是日志信息......
2024-11-04 17:42:02.510317	[INFO]	event.py	响应时间:347ms	湖南省	长沙市	这里是日志信息......
2024-11-04 17:42:02.510317	[INFO]	barcode_service.py	响应时间:355ms	重庆市	涪陵区	这里是日志信息......
2024-11-04 17:42:02.510317	[INFO]	orders_service.py	响应时间:607ms	浙江省	湖州市	这里是日志信息......
2024-11-04 17:42:02.510317	[INFO]	base_network.py	响应时间:770ms	湖北省	荆州市	这里是日志信息......
2024-11-04 17:42:02.510317	[WARN]	orders_service.py	响应时间:280ms	北京市	丰台区	这里是日志信息......
2024-11-04 17:42:02.510317	[INFO]	user_manager.py	响应时间:43ms	湖北省	武汉市	这里是日志信息......
2024-11-04 17:42:02.510317	[INFO]	orders_service.py	响应时间:953ms	湖北省	武汉市	这里是日志信息......
2024-11-04 17:42:02.510317	[INFO]	event.py	响应时间:573ms	江苏省	常州市	这里是日志信息......
2024-11-04 17:42:02.510317	[INFO]	event.py	响应时间:584ms	浙江省	湖州市	这里是日志信息......
2024-11-04 17:42:02.510317	[INFO]	goods_manager.py	响应时间:482ms	湖北省	荆州市	这里是日志信息......
2024-11-04 17:42:02.510317	[INFO]	goods_manager.py	响应时间:771ms	山东省	青岛市	这里是日志信息......
2024-11-04 17:42:02.510317	[INFO]	orders_service.py	响应时间:50ms	广东省	珠海市	这里是日志信息......
2024-11-04 17:42:02.510317	[INFO]	user_manager.py	响应时间:108ms	上海市	静安区	这里是日志信息......
2024-11-04 17:42:02.510317	[INFO]	event.py	响应时间:497ms	天津市	武清区	这里是日志信息......
2024-11-04 17:42:02.510317	[INFO]	orders_service.py	响应时间:583ms	广东省	珠海市	这里是日志信息......
2024-11-04 17:42:02.510317	[INFO]	orders_service.py	响应时间:621ms	重庆市	九龙坡区	这里是日志信息......
2024-11-04 17:42:02.510317	[INFO]	orders_service.py	响应时间:495ms	广东省	广州市	这里是日志信息......
2024-11-04 17:42:02.510317	[INFO]	barcode_service.py	响应时间:137ms	安徽省	合肥市	这里是日志信息......
2024-11-04 17:42:02.510317	[INFO]	shop_manager.py	响应时间:960ms	重庆市	渝中区	这里是日志信息......
2024-11-04 17:42:02.510317	[INFO]	event.py	响应时间:808ms	北京市	朝阳区	这里是日志信息......
2024-11-04 17:42:02.510317	[WARN]	base_network.py	响应时间:953ms	浙江省	舟山市	这里是日志信息......
2024-11-04 17:42:02.510317	[INFO]	base_network.py	响应时间:61ms	北京市	大兴区	这里是日志信息......
2024-11-04 17:42:02.510317	[INFO]	orders_service.py	响应时间:979ms	安徽省	合肥市	这里是日志信息......
2024-11-04 17:42:02.510317	[WARN]	base_network.py	响应时间:598ms	北京市	怀柔区	这里是日志信息......
2024-11-04 17:42:02.510317	[WARN]	base_network.py	响应时间:972ms	湖南省	益阳市	这里是日志信息......
